================================================================================
CFR-RL DEBUG LOG
Started: 2025-12-05 00:40:46
Log file: C:\Users\saifk\CS370\Code\round2\cloudsimsdn\training_mixed\episodes\ep_0000\episode.log
================================================================================

Format: [WallClock] [SimTime] [Level] [Component] Message

[00:40:46.946] [t=    0.00] [INFO ] [TrainingRunner ] === EPISODE START ===
[00:40:46.952] [t=    0.00] [INFO ] [TrainingRunner ] Workload: training_mixed\episodes\ep_0000\workload.csv
[00:40:46.952] [t=    0.00] [INFO ] [TrainingRunner ] Critical flows: training_mixed\episodes\ep_0000\critical_flows.txt
[00:40:46.952] [t=    0.00] [INFO ] [TrainingRunner ] Output dir: training_mixed\episodes\ep_0000/
[00:40:46.952] [t=    0.00] [INFO ] [TrainingRunner ] Loaded 8 critical flows: [1, 115, 20, 52, 85, 118, 125, 110]
[00:40:46.952] [t=    0.00] [INFO ] [LatencyCollector] Initialized
[00:40:46.957] [t=    0.00] [INFO ] [LatencyCollector] Reset for new simulation
[00:40:46.959] [t=    0.00] [INFO ] [LinkStatsCollector] Reset for new episode
[00:40:46.959] [t=    0.00] [INFO ] [LatencyCollector] CSV export initialized: training_mixed\episodes\ep_0000/latency_results.csv
[00:40:46.961] [t=    0.00] [INFO ] [LatencyCollector] Critical flows updated: 8 flows
[00:40:47.054] [t=    0.00] [INFO ] [TrainingRunner ] Physical topology loaded: 12 hosts
[00:40:47.056] [t=    0.00] [INFO ] [LinkPolicy     ] Created with K=8
[00:40:47.056] [t=    0.00] [INFO ] [LinkPolicy     ] Verbose logging: false
[00:40:47.057] [t=    0.00] [INFO ] [LinkPolicy     ] Updated critical flows: 8 total (added: [1, 115, 20, 52, 85, 118, 125, 110], removed: [])
[00:40:47.057] [t=    0.00] [INFO ] [TrainingRunner ] Critical flows set on policy
[00:40:47.066] [t=    0.00] [INFO ] [TrainingRunner ] Virtual topology deployed
[00:40:47.066] [t=    0.00] [INFO ] [TrainingRunner ] Submitting workload: training_mixed\episodes\ep_0000\workload.csv
[00:40:47.066] [t=    0.00] [INFO ] [TrainingRunner ] Starting simulation...
[00:40:47.172] [t=    5.00] [WARN ] [LinkStatsCollector] Auto-registering unknown link: Switch: Washington->Switch: Indianapolis
[00:40:47.176] [t=    5.00] [WARN ] [LinkStatsCollector] Auto-registering unknown link: Switch: Indianapolis->Switch: Washington
[00:40:47.176] [t=    5.00] [WARN ] [LinkStatsCollector] Auto-registering unknown link: Switch: Sunnyvale->Switch: Seattle
[00:40:47.176] [t=    5.00] [WARN ] [LinkStatsCollector] Auto-registering unknown link: Switch: Seattle->Switch: Sunnyvale
[00:40:47.176] [t=    5.00] [WARN ] [LinkStatsCollector] Auto-registering unknown link: host_Jacksonville->Switch: Jacksonville
[00:40:47.176] [t=    5.00] [WARN ] [LinkStatsCollector] Auto-registering unknown link: Switch: Jacksonville->host_Jacksonville
[00:40:47.176] [t=    5.00] [WARN ] [LinkStatsCollector] Auto-registering unknown link: Switch: NewYork->Switch: Chicago
[00:40:47.176] [t=    5.00] [WARN ] [LinkStatsCollector] Auto-registering unknown link: Switch: Chicago->Switch: NewYork
[00:40:47.176] [t=    5.00] [WARN ] [LinkStatsCollector] Auto-registering unknown link: Switch: LosAngeles->Switch: Sunnyvale
[00:40:47.176] [t=    5.00] [WARN ] [LinkStatsCollector] Auto-registering unknown link: Switch: Sunnyvale->Switch: LosAngeles
[00:40:47.176] [t=    5.00] [WARN ] [LinkStatsCollector] Auto-registering unknown link: Switch: NewYork->Switch: Washington
[00:40:47.176] [t=    5.00] [WARN ] [LinkStatsCollector] Auto-registering unknown link: Switch: Washington->Switch: NewYork
[00:40:47.176] [t=    5.00] [WARN ] [LinkStatsCollector] Auto-registering unknown link: Switch: Atlanta->Switch: Houston
[00:40:47.176] [t=    5.00] [WARN ] [LinkStatsCollector] Auto-registering unknown link: Switch: Houston->Switch: Atlanta
[00:40:47.178] [t=    5.00] [WARN ] [LinkStatsCollector] Auto-registering unknown link: Switch: Denver->Switch: Seattle
[00:40:47.178] [t=    5.00] [WARN ] [LinkStatsCollector] Auto-registering unknown link: Switch: Seattle->Switch: Denver
[00:40:47.178] [t=    5.00] [WARN ] [LinkStatsCollector] Auto-registering unknown link: Switch: Jacksonville->Switch: Houston
[00:40:47.178] [t=    5.00] [WARN ] [LinkStatsCollector] Auto-registering unknown link: Switch: Houston->Switch: Jacksonville
[00:40:47.178] [t=    5.00] [WARN ] [LinkStatsCollector] Auto-registering unknown link: Switch: Jacksonville->Switch: Atlanta
[00:40:47.178] [t=    5.00] [WARN ] [LinkStatsCollector] Auto-registering unknown link: Switch: Atlanta->Switch: Jacksonville
[00:40:47.178] [t=    5.00] [WARN ] [LinkStatsCollector] Auto-registering unknown link: host_Seattle->Switch: Seattle
[00:40:47.178] [t=    5.00] [WARN ] [LinkStatsCollector] Auto-registering unknown link: Switch: Seattle->host_Seattle
[00:40:47.178] [t=    5.00] [WARN ] [LinkStatsCollector] Auto-registering unknown link: host_NewYork->Switch: NewYork
[00:40:47.178] [t=    5.00] [WARN ] [LinkStatsCollector] Auto-registering unknown link: Switch: NewYork->host_NewYork
[00:40:47.178] [t=    5.00] [WARN ] [LinkStatsCollector] Auto-registering unknown link: host_Washington->Switch: Washington
[00:40:47.178] [t=    5.00] [WARN ] [LinkStatsCollector] Auto-registering unknown link: Switch: Washington->host_Washington
[00:40:47.178] [t=    5.00] [WARN ] [LinkStatsCollector] Auto-registering unknown link: host_LosAngeles->Switch: LosAngeles
[00:40:47.178] [t=    5.00] [WARN ] [LinkStatsCollector] Auto-registering unknown link: Switch: LosAngeles->host_LosAngeles
[00:40:47.178] [t=    5.00] [WARN ] [LinkStatsCollector] Auto-registering unknown link: Switch: Houston->Switch: KansasCity
[00:40:47.178] [t=    5.00] [WARN ] [LinkStatsCollector] Auto-registering unknown link: Switch: KansasCity->Switch: Houston
[00:40:47.178] [t=    5.00] [WARN ] [LinkStatsCollector] Auto-registering unknown link: Switch: Houston->Switch: LosAngeles
[00:40:47.178] [t=    5.00] [WARN ] [LinkStatsCollector] Auto-registering unknown link: Switch: LosAngeles->Switch: Houston
[00:40:47.178] [t=    5.00] [WARN ] [LinkStatsCollector] Auto-registering unknown link: Switch: Washington->Switch: Atlanta
[00:40:47.178] [t=    5.00] [WARN ] [LinkStatsCollector] Auto-registering unknown link: Switch: Atlanta->Switch: Washington
[00:40:47.180] [t=    5.00] [WARN ] [LinkStatsCollector] Auto-registering unknown link: Switch: Denver->Switch: Sunnyvale
[00:40:47.180] [t=    5.00] [WARN ] [LinkStatsCollector] Auto-registering unknown link: Switch: Sunnyvale->Switch: Denver
[00:40:47.180] [t=    5.00] [WARN ] [LinkStatsCollector] Auto-registering unknown link: host_Indianapolis->Switch: Indianapolis
[00:40:47.180] [t=    5.00] [WARN ] [LinkStatsCollector] Auto-registering unknown link: Switch: Indianapolis->host_Indianapolis
[00:40:47.180] [t=    5.00] [WARN ] [LinkStatsCollector] Auto-registering unknown link: Switch: KansasCity->Switch: Denver
[00:40:47.180] [t=    5.00] [WARN ] [LinkStatsCollector] Auto-registering unknown link: Switch: Denver->Switch: KansasCity
[00:40:47.180] [t=    5.00] [WARN ] [LinkStatsCollector] Auto-registering unknown link: Switch: Chicago->Switch: KansasCity
[00:40:47.180] [t=    5.00] [WARN ] [LinkStatsCollector] Auto-registering unknown link: Switch: KansasCity->Switch: Chicago
[00:40:47.180] [t=    5.00] [WARN ] [LinkStatsCollector] Auto-registering unknown link: host_Denver->Switch: Denver
[00:40:47.180] [t=    5.00] [WARN ] [LinkStatsCollector] Auto-registering unknown link: Switch: Denver->host_Denver
[00:40:47.180] [t=    5.00] [WARN ] [LinkStatsCollector] Auto-registering unknown link: host_Atlanta->Switch: Atlanta
[00:40:47.180] [t=    5.00] [WARN ] [LinkStatsCollector] Auto-registering unknown link: Switch: Atlanta->host_Atlanta
[00:40:47.180] [t=    5.00] [WARN ] [LinkStatsCollector] Auto-registering unknown link: host_Sunnyvale->Switch: Sunnyvale
[00:40:47.180] [t=    5.00] [WARN ] [LinkStatsCollector] Auto-registering unknown link: Switch: Sunnyvale->host_Sunnyvale
[00:40:47.180] [t=    5.00] [WARN ] [LinkStatsCollector] Auto-registering unknown link: Switch: Atlanta->Switch: Indianapolis
[00:40:47.180] [t=    5.00] [WARN ] [LinkStatsCollector] Auto-registering unknown link: Switch: Indianapolis->Switch: Atlanta
[00:40:47.180] [t=    5.00] [WARN ] [LinkStatsCollector] Auto-registering unknown link: Switch: Indianapolis->Switch: KansasCity
[00:40:47.182] [t=    5.00] [WARN ] [LinkStatsCollector] Auto-registering unknown link: Switch: KansasCity->Switch: Indianapolis
[00:40:47.182] [t=    5.00] [WARN ] [LinkStatsCollector] Auto-registering unknown link: Switch: Indianapolis->Switch: Chicago
[00:40:47.182] [t=    5.00] [WARN ] [LinkStatsCollector] Auto-registering unknown link: Switch: Chicago->Switch: Indianapolis
[00:40:47.182] [t=    5.00] [WARN ] [LinkStatsCollector] Auto-registering unknown link: host_KansasCity->Switch: KansasCity
[00:40:47.182] [t=    5.00] [WARN ] [LinkStatsCollector] Auto-registering unknown link: Switch: KansasCity->host_KansasCity
[00:40:47.182] [t=    5.00] [WARN ] [LinkStatsCollector] Auto-registering unknown link: host_Chicago->Switch: Chicago
[00:40:47.182] [t=    5.00] [WARN ] [LinkStatsCollector] Auto-registering unknown link: Switch: Chicago->host_Chicago
[00:40:47.182] [t=    5.00] [WARN ] [LinkStatsCollector] Auto-registering unknown link: host_Houston->Switch: Houston
[00:40:47.182] [t=    5.00] [WARN ] [LinkStatsCollector] Auto-registering unknown link: Switch: Houston->host_Houston
[00:40:47.215] [t=   10.80] [WARN ] [LatencyCollector] Packet FAILED: flow=87, src=7->dst=11, waited=10.3000s
[00:40:47.215] [t=   11.50] [WARN ] [LatencyCollector] Packet FAILED: flow=30, src=2->dst=9, waited=10.1000s
[00:40:47.217] [t=   12.10] [WARN ] [LatencyCollector] Packet FAILED: flow=103, src=9->dst=4, waited=10.1000s
[00:40:47.217] [t=   12.50] [WARN ] [LatencyCollector] Packet FAILED: flow=16, src=1->dst=6, waited=10.1000s
[00:40:47.217] [t=   14.47] [WARN ] [LatencyCollector] Packet FAILED: flow=62, src=5->dst=8, waited=10.3679s
[00:40:47.219] [t=   15.00] [WARN ] [LatencyCollector] Packet FAILED: flow=64, src=5->dst=10, waited=10.2000s
[00:40:47.222] [t=   16.18] [WARN ] [LatencyCollector] Packet FAILED: flow=67, src=6->dst=1, waited=10.1820s
[00:40:47.226] [t=   18.60] [WARN ] [LatencyCollector] Packet FAILED: flow=72, src=6->dst=7, waited=10.2043s
[00:40:47.226] [t=   18.70] [DEBUG] [LatencyCollector] High queuing: flow=52, queue=0.1000s, serve=1.1043s, path=5 hops
[00:40:47.230] [t=   20.81] [WARN ] [LatencyCollector] Packet FAILED: flow=68, src=6->dst=2, waited=10.8066s
[00:40:47.230] [t=   20.81] [WARN ] [LatencyCollector] Packet FAILED: flow=55, src=5->dst=0, waited=10.0066s
[00:40:47.230] [t=   21.36] [WARN ] [LatencyCollector] Packet FAILED: flow=35, src=3->dst=2, waited=10.4564s
[00:40:47.230] [t=   21.36] [WARN ] [LatencyCollector] Packet FAILED: flow=100, src=9->dst=1, waited=10.3826s
[00:40:47.230] [t=   21.58] [WARN ] [LatencyCollector] Packet FAILED: flow=102, src=9->dst=3, waited=10.0828s
[00:40:47.230] [t=   23.54] [WARN ] [LatencyCollector] Packet FAILED: flow=12, src=1->dst=2, waited=11.8415s
[00:40:47.232] [t=   23.54] [WARN ] [LatencyCollector] Packet FAILED: flow=22, src=2->dst=0, waited=10.9415s
[00:40:47.232] [t=   23.54] [WARN ] [LatencyCollector] Packet FAILED: flow=51, src=4->dst=8, waited=11.2415s
[00:40:47.232] [t=   23.54] [WARN ] [LatencyCollector] Packet FAILED: flow=99, src=9->dst=0, waited=10.4570s
[00:40:47.232] [t=   23.54] [WARN ] [LatencyCollector] Packet FAILED: flow=59, src=5->dst=4, waited=10.7415s
[00:40:47.235] [t=   26.68] [WARN ] [LatencyCollector] Packet FAILED: flow=93, src=8->dst=5, waited=10.7293s
[00:40:47.237] [t=   30.00] [WARN ] [LatencyCollector] Packet FAILED: flow=34, src=3->dst=1, waited=12.4000s
[00:40:47.237] [t=   30.00] [WARN ] [LatencyCollector] Packet FAILED: flow=20, src=1->dst=10, waited=11.2000s
[00:40:47.240] [t=    0.00] [INFO ] [TrainingRunner ] Simulation complete: 67.40 sim seconds, 294 ms wall clock
[00:40:47.240] [t=    0.00] [INFO ] [TrainingRunner ] Exporting results...
[00:40:47.244] [t=    0.00] [INFO ] [LatencyCollector] Exported episode summary to training_mixed\episodes\ep_0000/episode_summary.json
[00:40:47.248] [t=    0.00] [INFO ] [LatencyCollector] Exported flow summary to training_mixed\episodes\ep_0000/flow_summary.csv
[00:40:47.250] [t=    0.00] [INFO ] [LinkStatsCollector] Exported 60 link stats to training_mixed\episodes\ep_0000/link_stats.csv
[00:40:47.252] [t=    0.00] [INFO ] [SECTION        ] ======================================================================
[00:40:47.252] [t=    0.00] [INFO ] [SECTION        ]   LATENCY STATISTICS SUMMARY
[00:40:47.252] [t=    0.00] [INFO ] [SECTION        ] ======================================================================
[00:40:47.252] [t=    0.00] [INFO ] [LatencyCollector] === Global Statistics ===
[00:40:47.252] [t=    0.00] [INFO ] [LatencyCollector]   Total packets: 29
[00:40:47.252] [t=    0.00] [INFO ] [LatencyCollector]   Failed packets: 21
[00:40:47.252] [t=    0.00] [INFO ] [LatencyCollector]   Avg queuing delay: 0.014347 s
[00:40:47.252] [t=    0.00] [INFO ] [LatencyCollector]   Max queuing delay: 0.100000 s
[00:40:47.252] [t=    0.00] [INFO ] [LatencyCollector] === Critical vs Background ===
[00:40:47.252] [t=    0.00] [INFO ] [LatencyCollector]   Critical flows: 4 packets, avg queuing = 0.025000 s
[00:40:47.252] [t=    0.00] [INFO ] [LatencyCollector]   Background flows: 25 packets, avg queuing = 0.012642 s
[00:40:47.252] [t=    0.00] [INFO ] [LinkStatsCollector] ========== Link Statistics Summary ==========
[00:40:47.252] [t=    0.00] [INFO ] [LinkStatsCollector] Total links tracked: 60
[00:40:47.252] [t=    0.00] [INFO ] [LinkStatsCollector] Episode duration: 62.40s
[00:40:47.252] [t=    0.00] [INFO ] [LinkStatsCollector] Bottleneck link: Switch: Houston->Switch: Atlanta (max_util=9.32%)
[00:40:47.254] [t=    0.00] [INFO ] [LinkStatsCollector] Links that exceeded 90.0% utilization: 0
[00:40:47.254] [t=    0.00] [INFO ] [LinkStatsCollector] Total congestion events: 0
[00:40:47.254] [t=    0.00] [INFO ] [LinkStatsCollector] Top 5 most utilized links:
[00:40:47.257] [t=    0.00] [INFO ] [LinkStatsCollector]   Switch: Houston->Switch: Atlanta: avg=3.18%, max=9.32%, events=0
[00:40:47.257] [t=    0.00] [INFO ] [LinkStatsCollector]   Switch: Denver->Switch: KansasCity: avg=2.95%, max=8.51%, events=0
[00:40:47.257] [t=    0.00] [INFO ] [LinkStatsCollector]   Switch: Indianapolis->Switch: KansasCity: avg=1.54%, max=8.17%, events=0
[00:40:47.259] [t=    0.00] [INFO ] [LinkStatsCollector]   Switch: Washington->host_Washington: avg=2.54%, max=7.13%, events=0
[00:40:47.259] [t=    0.00] [INFO ] [LinkStatsCollector]   host_LosAngeles->Switch: LosAngeles: avg=1.79%, max=7.11%, events=0
[00:40:47.259] [t=    0.00] [INFO ] [TrainingRunner ] === EPISODE COMPLETE ===
[00:40:47.259] [t=    0.00] [INFO ] [TrainingRunner ] Output files:
[00:40:47.259] [t=    0.00] [INFO ] [TrainingRunner ]   training_mixed\episodes\ep_0000/episode_summary.json
[00:40:47.259] [t=    0.00] [INFO ] [TrainingRunner ]   training_mixed\episodes\ep_0000/flow_summary.csv
[00:40:47.259] [t=    0.00] [INFO ] [TrainingRunner ]   training_mixed\episodes\ep_0000/link_stats.csv
[00:40:47.259] [t=    0.00] [INFO ] [TrainingRunner ]   training_mixed\episodes\ep_0000/latency_results.csv

================================================================================
LOG ENDED: 2025-12-05 00:40:47
================================================================================
