================================================================================
CFR-RL DEBUG LOG
Started: 2025-12-07 00:13:23
Log file: C:\Users\saifk\CS370\Code\round2\cloudsimsdn\training_run1\episodes\ep_0002\episode.log
================================================================================

Format: [WallClock] [SimTime] [Level] [Component] Message

[00:13:23.692] [t=    0.00] [INFO ] [TrainingRunner ] === EPISODE START (Fat-Tree k=4) ===
[00:13:23.705] [t=    0.00] [INFO ] [TrainingRunner ] Workload: training_run1\episodes\ep_0002\workload.csv
[00:13:23.707] [t=    0.00] [INFO ] [TrainingRunner ] Critical flows: training_run1\episodes\ep_0002\critical_flows.txt
[00:13:23.708] [t=    0.00] [INFO ] [TrainingRunner ] Output dir: training_run1\episodes\ep_0002/
[00:13:23.709] [t=    0.00] [INFO ] [TrainingRunner ] Loaded 12 critical flows: [33, 113, 162, 216, 232, 58, 92, 60, 109, 61, 46, 207]
[00:13:23.710] [t=    0.00] [INFO ] [LatencyCollector] Initialized
[00:13:23.710] [t=    0.00] [INFO ] [LatencyCollector] Reset for new simulation
[00:13:23.710] [t=    0.00] [INFO ] [LinkStatsCollector] Reset for new episode
[00:13:23.710] [t=    0.00] [INFO ] [LatencyCollector] CSV export initialized: training_run1\episodes\ep_0002/latency_results.csv
[00:13:23.710] [t=    0.00] [INFO ] [LatencyCollector] Critical flows updated: 12 flows
[00:13:23.733] [t=    0.00] [INFO ] [TrainingRunner ] Loading Fat-Tree topology: dataset-fattree/fattree-physical.json
[00:13:23.770] [t=    0.00] [INFO ] [TrainingRunner ] Physical topology loaded: 16 hosts
[00:13:23.770] [t=    0.00] [INFO ] [LinkPolicy     ] Created with K=12
[00:13:23.773] [t=    0.00] [INFO ] [LinkPolicy     ] Verbose logging: false
[00:13:23.773] [t=    0.00] [INFO ] [LinkPolicy     ] Updated critical flows: 12 total (added: [33, 162, 232, 109, 46, 207, 113, 216, 58, 92, 60, 61], removed: [])
[00:13:23.773] [t=    0.00] [INFO ] [TrainingRunner ] Critical flows set on policy
[00:13:23.775] [t=    0.00] [INFO ] [TrainingRunner ] Virtual topology deployed
[00:13:23.775] [t=    0.00] [INFO ] [TrainingRunner ] Submitting workload: training_run1\episodes\ep_0002\workload.csv
[00:13:23.775] [t=    0.00] [INFO ] [TrainingRunner ] Starting simulation...
[00:13:23.904] [t=    5.00] [WARN ] [LinkStatsCollector] Auto-registering unknown link: Switch: e_1_0->Switch: a_1_0
[00:13:23.905] [t=    5.00] [WARN ] [LinkStatsCollector] Auto-registering unknown link: Switch: a_1_0->Switch: e_1_0
[00:13:23.906] [t=    5.00] [WARN ] [LinkStatsCollector] Auto-registering unknown link: Switch: a_2_0->Switch: c_0_1
[00:13:23.906] [t=    5.00] [WARN ] [LinkStatsCollector] Auto-registering unknown link: Switch: c_0_1->Switch: a_2_0
[00:13:23.907] [t=    5.00] [WARN ] [LinkStatsCollector] Auto-registering unknown link: Switch: e_0_1->Switch: a_0_0
[00:13:23.907] [t=    5.00] [WARN ] [LinkStatsCollector] Auto-registering unknown link: Switch: a_0_0->Switch: e_0_1
[00:13:23.908] [t=    5.00] [WARN ] [LinkStatsCollector] Auto-registering unknown link: h_1_1_1->Switch: e_1_1
[00:13:23.908] [t=    5.00] [WARN ] [LinkStatsCollector] Auto-registering unknown link: Switch: e_1_1->h_1_1_1
[00:13:23.908] [t=    5.00] [WARN ] [LinkStatsCollector] Auto-registering unknown link: Switch: a_2_1->Switch: c_1_1
[00:13:23.909] [t=    5.00] [WARN ] [LinkStatsCollector] Auto-registering unknown link: Switch: c_1_1->Switch: a_2_1
[00:13:23.909] [t=    5.00] [WARN ] [LinkStatsCollector] Auto-registering unknown link: Switch: a_1_0->Switch: c_0_0
[00:13:23.909] [t=    5.00] [WARN ] [LinkStatsCollector] Auto-registering unknown link: Switch: c_0_0->Switch: a_1_0
[00:13:23.909] [t=    5.00] [WARN ] [LinkStatsCollector] Auto-registering unknown link: Switch: a_1_0->Switch: c_0_1
[00:13:23.909] [t=    5.00] [WARN ] [LinkStatsCollector] Auto-registering unknown link: Switch: c_0_1->Switch: a_1_0
[00:13:23.909] [t=    5.00] [WARN ] [LinkStatsCollector] Auto-registering unknown link: Switch: a_3_1->Switch: c_1_0
[00:13:23.909] [t=    5.00] [WARN ] [LinkStatsCollector] Auto-registering unknown link: Switch: c_1_0->Switch: a_3_1
[00:13:23.909] [t=    5.00] [WARN ] [LinkStatsCollector] Auto-registering unknown link: Switch: e_2_0->Switch: a_2_0
[00:13:23.909] [t=    5.00] [WARN ] [LinkStatsCollector] Auto-registering unknown link: Switch: a_2_0->Switch: e_2_0
[00:13:23.909] [t=    5.00] [WARN ] [LinkStatsCollector] Auto-registering unknown link: Switch: a_0_0->Switch: c_0_1
[00:13:23.909] [t=    5.00] [WARN ] [LinkStatsCollector] Auto-registering unknown link: Switch: c_0_1->Switch: a_0_0
[00:13:23.909] [t=    5.00] [WARN ] [LinkStatsCollector] Auto-registering unknown link: Switch: a_1_1->Switch: c_1_0
[00:13:23.909] [t=    5.00] [WARN ] [LinkStatsCollector] Auto-registering unknown link: Switch: c_1_0->Switch: a_1_1
[00:13:23.909] [t=    5.00] [WARN ] [LinkStatsCollector] Auto-registering unknown link: Switch: a_3_1->Switch: c_1_1
[00:13:23.911] [t=    5.00] [WARN ] [LinkStatsCollector] Auto-registering unknown link: Switch: c_1_1->Switch: a_3_1
[00:13:23.911] [t=    5.00] [WARN ] [LinkStatsCollector] Auto-registering unknown link: Switch: e_3_0->Switch: a_3_1
[00:13:23.911] [t=    5.00] [WARN ] [LinkStatsCollector] Auto-registering unknown link: Switch: a_3_1->Switch: e_3_0
[00:13:23.911] [t=    5.00] [WARN ] [LinkStatsCollector] Auto-registering unknown link: h_2_1_1->Switch: e_2_1
[00:13:23.911] [t=    5.00] [WARN ] [LinkStatsCollector] Auto-registering unknown link: Switch: e_2_1->h_2_1_1
[00:13:23.911] [t=    5.00] [WARN ] [LinkStatsCollector] Auto-registering unknown link: Switch: e_0_1->Switch: a_0_1
[00:13:23.911] [t=    5.00] [WARN ] [LinkStatsCollector] Auto-registering unknown link: Switch: a_0_1->Switch: e_0_1
[00:13:23.911] [t=    5.00] [WARN ] [LinkStatsCollector] Auto-registering unknown link: h_3_1_0->Switch: e_3_1
[00:13:23.911] [t=    5.00] [WARN ] [LinkStatsCollector] Auto-registering unknown link: Switch: e_3_1->h_3_1_0
[00:13:23.911] [t=    5.00] [WARN ] [LinkStatsCollector] Auto-registering unknown link: Switch: e_0_0->Switch: a_0_1
[00:13:23.911] [t=    5.00] [WARN ] [LinkStatsCollector] Auto-registering unknown link: Switch: a_0_1->Switch: e_0_0
[00:13:23.911] [t=    5.00] [WARN ] [LinkStatsCollector] Auto-registering unknown link: Switch: a_2_1->Switch: c_1_0
[00:13:23.911] [t=    5.00] [WARN ] [LinkStatsCollector] Auto-registering unknown link: Switch: c_1_0->Switch: a_2_1
[00:13:23.911] [t=    5.00] [WARN ] [LinkStatsCollector] Auto-registering unknown link: Switch: e_3_1->Switch: a_3_0
[00:13:23.913] [t=    5.00] [WARN ] [LinkStatsCollector] Auto-registering unknown link: Switch: a_3_0->Switch: e_3_1
[00:13:23.913] [t=    5.00] [WARN ] [LinkStatsCollector] Auto-registering unknown link: h_1_0_1->Switch: e_1_0
[00:13:23.913] [t=    5.00] [WARN ] [LinkStatsCollector] Auto-registering unknown link: Switch: e_1_0->h_1_0_1
[00:13:23.913] [t=    5.00] [WARN ] [LinkStatsCollector] Auto-registering unknown link: Switch: a_0_0->Switch: c_0_0
[00:13:23.913] [t=    5.00] [WARN ] [LinkStatsCollector] Auto-registering unknown link: Switch: c_0_0->Switch: a_0_0
[00:13:23.913] [t=    5.00] [WARN ] [LinkStatsCollector] Auto-registering unknown link: h_2_0_0->Switch: e_2_0
[00:13:23.913] [t=    5.00] [WARN ] [LinkStatsCollector] Auto-registering unknown link: Switch: e_2_0->h_2_0_0
[00:13:23.913] [t=    5.00] [WARN ] [LinkStatsCollector] Auto-registering unknown link: Switch: a_1_1->Switch: c_1_1
[00:13:23.913] [t=    5.00] [WARN ] [LinkStatsCollector] Auto-registering unknown link: Switch: c_1_1->Switch: a_1_1
[00:13:23.913] [t=    5.00] [WARN ] [LinkStatsCollector] Auto-registering unknown link: h_0_0_1->Switch: e_0_0
[00:13:23.913] [t=    5.00] [WARN ] [LinkStatsCollector] Auto-registering unknown link: Switch: e_0_0->h_0_0_1
[00:13:23.913] [t=    5.00] [WARN ] [LinkStatsCollector] Auto-registering unknown link: Switch: e_3_0->Switch: a_3_0
[00:13:23.913] [t=    5.00] [WARN ] [LinkStatsCollector] Auto-registering unknown link: Switch: a_3_0->Switch: e_3_0
[00:13:23.913] [t=    5.00] [WARN ] [LinkStatsCollector] Auto-registering unknown link: Switch: e_3_1->Switch: a_3_1
[00:13:23.913] [t=    5.00] [WARN ] [LinkStatsCollector] Auto-registering unknown link: Switch: a_3_1->Switch: e_3_1
[00:13:23.913] [t=    5.00] [WARN ] [LinkStatsCollector] Auto-registering unknown link: Switch: a_0_1->Switch: c_1_1
[00:13:23.915] [t=    5.00] [WARN ] [LinkStatsCollector] Auto-registering unknown link: Switch: c_1_1->Switch: a_0_1
[00:13:23.915] [t=    5.00] [WARN ] [LinkStatsCollector] Auto-registering unknown link: Switch: e_2_1->Switch: a_2_1
[00:13:23.915] [t=    5.00] [WARN ] [LinkStatsCollector] Auto-registering unknown link: Switch: a_2_1->Switch: e_2_1
[00:13:23.915] [t=    5.00] [WARN ] [LinkStatsCollector] Auto-registering unknown link: Switch: a_3_0->Switch: c_0_0
[00:13:23.915] [t=    5.00] [WARN ] [LinkStatsCollector] Auto-registering unknown link: Switch: c_0_0->Switch: a_3_0
[00:13:23.915] [t=    5.00] [WARN ] [LinkStatsCollector] Auto-registering unknown link: Switch: e_2_0->Switch: a_2_1
[00:13:23.915] [t=    5.00] [WARN ] [LinkStatsCollector] Auto-registering unknown link: Switch: a_2_1->Switch: e_2_0
[00:13:23.915] [t=    5.00] [WARN ] [LinkStatsCollector] Auto-registering unknown link: Switch: e_1_1->Switch: a_1_1
[00:13:23.915] [t=    5.00] [WARN ] [LinkStatsCollector] Auto-registering unknown link: Switch: a_1_1->Switch: e_1_1
[00:13:23.915] [t=    5.00] [WARN ] [LinkStatsCollector] Auto-registering unknown link: Switch: e_1_1->Switch: a_1_0
[00:13:23.915] [t=    5.00] [WARN ] [LinkStatsCollector] Auto-registering unknown link: Switch: a_1_0->Switch: e_1_1
[00:13:23.915] [t=    5.00] [WARN ] [LinkStatsCollector] Auto-registering unknown link: h_3_0_1->Switch: e_3_0
[00:13:23.915] [t=    5.00] [WARN ] [LinkStatsCollector] Auto-registering unknown link: Switch: e_3_0->h_3_0_1
[00:13:23.915] [t=    5.00] [WARN ] [LinkStatsCollector] Auto-registering unknown link: h_1_1_0->Switch: e_1_1
[00:13:23.915] [t=    5.00] [WARN ] [LinkStatsCollector] Auto-registering unknown link: Switch: e_1_1->h_1_1_0
[00:13:23.915] [t=    5.00] [WARN ] [LinkStatsCollector] Auto-registering unknown link: Switch: a_3_0->Switch: c_0_1
[00:13:23.915] [t=    5.00] [WARN ] [LinkStatsCollector] Auto-registering unknown link: Switch: c_0_1->Switch: a_3_0
[00:13:23.915] [t=    5.00] [WARN ] [LinkStatsCollector] Auto-registering unknown link: h_0_0_0->Switch: e_0_0
[00:13:23.917] [t=    5.00] [WARN ] [LinkStatsCollector] Auto-registering unknown link: Switch: e_0_0->h_0_0_0
[00:13:23.917] [t=    5.00] [WARN ] [LinkStatsCollector] Auto-registering unknown link: h_1_0_0->Switch: e_1_0
[00:13:23.917] [t=    5.00] [WARN ] [LinkStatsCollector] Auto-registering unknown link: Switch: e_1_0->h_1_0_0
[00:13:23.917] [t=    5.00] [WARN ] [LinkStatsCollector] Auto-registering unknown link: h_0_1_0->Switch: e_0_1
[00:13:23.917] [t=    5.00] [WARN ] [LinkStatsCollector] Auto-registering unknown link: Switch: e_0_1->h_0_1_0
[00:13:23.917] [t=    5.00] [WARN ] [LinkStatsCollector] Auto-registering unknown link: Switch: e_1_0->Switch: a_1_1
[00:13:23.917] [t=    5.00] [WARN ] [LinkStatsCollector] Auto-registering unknown link: Switch: a_1_1->Switch: e_1_0
[00:13:23.917] [t=    5.00] [WARN ] [LinkStatsCollector] Auto-registering unknown link: Switch: e_2_1->Switch: a_2_0
[00:13:23.917] [t=    5.00] [WARN ] [LinkStatsCollector] Auto-registering unknown link: Switch: a_2_0->Switch: e_2_1
[00:13:23.917] [t=    5.00] [WARN ] [LinkStatsCollector] Auto-registering unknown link: Switch: e_0_0->Switch: a_0_0
[00:13:23.917] [t=    5.00] [WARN ] [LinkStatsCollector] Auto-registering unknown link: Switch: a_0_0->Switch: e_0_0
[00:13:23.917] [t=    5.00] [WARN ] [LinkStatsCollector] Auto-registering unknown link: h_3_0_0->Switch: e_3_0
[00:13:23.917] [t=    5.00] [WARN ] [LinkStatsCollector] Auto-registering unknown link: Switch: e_3_0->h_3_0_0
[00:13:23.917] [t=    5.00] [WARN ] [LinkStatsCollector] Auto-registering unknown link: h_0_1_1->Switch: e_0_1
[00:13:23.917] [t=    5.00] [WARN ] [LinkStatsCollector] Auto-registering unknown link: Switch: e_0_1->h_0_1_1
[00:13:23.917] [t=    5.00] [WARN ] [LinkStatsCollector] Auto-registering unknown link: h_2_0_1->Switch: e_2_0
[00:13:23.917] [t=    5.00] [WARN ] [LinkStatsCollector] Auto-registering unknown link: Switch: e_2_0->h_2_0_1
[00:13:23.917] [t=    5.00] [WARN ] [LinkStatsCollector] Auto-registering unknown link: h_3_1_1->Switch: e_3_1
[00:13:23.917] [t=    5.00] [WARN ] [LinkStatsCollector] Auto-registering unknown link: Switch: e_3_1->h_3_1_1
[00:13:23.917] [t=    5.00] [WARN ] [LinkStatsCollector] Auto-registering unknown link: Switch: a_0_1->Switch: c_1_0
[00:13:23.917] [t=    5.00] [WARN ] [LinkStatsCollector] Auto-registering unknown link: Switch: c_1_0->Switch: a_0_1
[00:13:23.919] [t=    5.00] [WARN ] [LinkStatsCollector] Auto-registering unknown link: Switch: a_2_0->Switch: c_0_0
[00:13:23.919] [t=    5.00] [WARN ] [LinkStatsCollector] Auto-registering unknown link: Switch: c_0_0->Switch: a_2_0
[00:13:23.919] [t=    5.00] [WARN ] [LinkStatsCollector] Auto-registering unknown link: h_2_1_0->Switch: e_2_1
[00:13:23.919] [t=    5.00] [WARN ] [LinkStatsCollector] Auto-registering unknown link: Switch: e_2_1->h_2_1_0
[00:13:23.953] [t=    0.00] [INFO ] [TrainingRunner ] Simulation complete: 25.00 sim seconds, 261 ms wall clock
[00:13:23.953] [t=    0.00] [INFO ] [TrainingRunner ] Exporting results...
[00:13:23.956] [t=    0.00] [INFO ] [LatencyCollector] Exported episode summary to training_run1\episodes\ep_0002/episode_summary.json
[00:13:23.963] [t=    0.00] [INFO ] [LatencyCollector] Exported flow summary to training_run1\episodes\ep_0002/flow_summary.csv
[00:13:23.967] [t=    0.00] [INFO ] [LinkStatsCollector] Exported 96 link stats to training_run1\episodes\ep_0002/link_stats.csv
[00:13:23.967] [t=    0.00] [INFO ] [SECTION        ] ======================================================================
[00:13:23.967] [t=    0.00] [INFO ] [SECTION        ]   LATENCY STATISTICS SUMMARY
[00:13:23.967] [t=    0.00] [INFO ] [SECTION        ] ======================================================================
[00:13:23.967] [t=    0.00] [INFO ] [LatencyCollector] === Global Statistics ===
[00:13:23.967] [t=    0.00] [INFO ] [LatencyCollector]   Total packets: 60
[00:13:23.967] [t=    0.00] [INFO ] [LatencyCollector]   Failed packets: 0
[00:13:23.967] [t=    0.00] [INFO ] [LatencyCollector]   Avg queuing delay: 0.026171 s
[00:13:23.967] [t=    0.00] [INFO ] [LatencyCollector]   Max queuing delay: 0.095594 s
[00:13:23.967] [t=    0.00] [INFO ] [LatencyCollector] === Critical vs Background ===
[00:13:23.967] [t=    0.00] [INFO ] [LatencyCollector]   Critical flows: 4 packets, avg queuing = 0.008220 s
[00:13:23.967] [t=    0.00] [INFO ] [LatencyCollector]   Background flows: 56 packets, avg queuing = 0.027453 s
[00:13:23.967] [t=    0.00] [INFO ] [LinkStatsCollector] ========== Link Statistics Summary ==========
[00:13:23.967] [t=    0.00] [INFO ] [LinkStatsCollector] Total links tracked: 96
[00:13:23.967] [t=    0.00] [INFO ] [LinkStatsCollector] Episode duration: 20.00s
[00:13:23.967] [t=    0.00] [INFO ] [LinkStatsCollector] Bottleneck link: Switch: e_1_1->h_1_1_1 (max_util=0.02%)
[00:13:23.967] [t=    0.00] [INFO ] [LinkStatsCollector] Links that exceeded 90.0% utilization: 0
[00:13:23.967] [t=    0.00] [INFO ] [LinkStatsCollector] Total congestion events: 0
[00:13:23.967] [t=    0.00] [INFO ] [LinkStatsCollector] Top 5 most utilized links:
[00:13:23.971] [t=    0.00] [INFO ] [LinkStatsCollector]   Switch: e_1_1->h_1_1_1: avg=0.01%, max=0.02%, events=0
[00:13:23.971] [t=    0.00] [INFO ] [LinkStatsCollector]   Switch: a_1_1->Switch: e_1_1: avg=0.01%, max=0.02%, events=0
[00:13:23.971] [t=    0.00] [INFO ] [LinkStatsCollector]   Switch: e_2_0->h_2_0_1: avg=0.00%, max=0.01%, events=0
[00:13:23.971] [t=    0.00] [INFO ] [LinkStatsCollector]   Switch: e_2_1->Switch: a_2_0: avg=0.00%, max=0.01%, events=0
[00:13:23.971] [t=    0.00] [INFO ] [LinkStatsCollector]   h_2_1_0->Switch: e_2_1: avg=0.00%, max=0.01%, events=0
[00:13:23.971] [t=    0.00] [INFO ] [TrainingRunner ] === EPISODE COMPLETE ===
[00:13:23.971] [t=    0.00] [INFO ] [TrainingRunner ] Output files:
[00:13:23.971] [t=    0.00] [INFO ] [TrainingRunner ]   training_run1\episodes\ep_0002/episode_summary.json
[00:13:23.971] [t=    0.00] [INFO ] [TrainingRunner ]   training_run1\episodes\ep_0002/flow_summary.csv
[00:13:23.971] [t=    0.00] [INFO ] [TrainingRunner ]   training_run1\episodes\ep_0002/link_stats.csv
[00:13:23.971] [t=    0.00] [INFO ] [TrainingRunner ]   training_run1\episodes\ep_0002/latency_results.csv

================================================================================
LOG ENDED: 2025-12-07 00:13:23
================================================================================
