================================================================================
CFR-RL DEBUG LOG
Started: 2025-12-04 16:42:29
Log file: C:\Users\saifk\CS370\Code\round2\cloudsimsdn\training_outputs\episodes\ep_0100\episode.log
================================================================================

Format: [WallClock] [SimTime] [Level] [Component] Message

[16:42:29.268] [t=    0.00] [INFO ] [TrainingRunner ] === EPISODE START ===
[16:42:29.286] [t=    0.00] [INFO ] [TrainingRunner ] Workload: training_outputs\episodes\ep_0100\workload.csv
[16:42:29.286] [t=    0.00] [INFO ] [TrainingRunner ] Critical flows: training_outputs\episodes\ep_0100\critical_flows.txt
[16:42:29.286] [t=    0.00] [INFO ] [TrainingRunner ] Output dir: training_outputs\episodes\ep_0100/
[16:42:29.290] [t=    0.00] [INFO ] [TrainingRunner ] Loaded 8 critical flows: [50, 52, 37, 102, 71, 88, 105, 126]
[16:42:29.295] [t=    0.00] [INFO ] [LatencyCollector] Initialized
[16:42:29.295] [t=    0.00] [INFO ] [LatencyCollector] Reset for new simulation
[16:42:29.298] [t=    0.00] [INFO ] [LinkStatsCollector] Reset for new episode
[16:42:29.302] [t=    0.00] [INFO ] [LatencyCollector] CSV export initialized: training_outputs\episodes\ep_0100/latency_results.csv
[16:42:29.302] [t=    0.00] [INFO ] [LatencyCollector] Critical flows updated: 8 flows
[16:42:29.559] [t=    0.00] [INFO ] [TrainingRunner ] Physical topology loaded: 12 hosts
[16:42:29.563] [t=    0.00] [INFO ] [LinkPolicy     ] Created with K=8
[16:42:29.563] [t=    0.00] [INFO ] [LinkPolicy     ] Verbose logging: false
[16:42:29.565] [t=    0.00] [INFO ] [LinkPolicy     ] Updated critical flows: 8 total (added: [50, 52, 37, 102, 71, 88, 105, 126], removed: [])
[16:42:29.565] [t=    0.00] [INFO ] [TrainingRunner ] Critical flows set on policy
[16:42:29.589] [t=    0.00] [INFO ] [TrainingRunner ] Virtual topology deployed
[16:42:29.589] [t=    0.00] [INFO ] [TrainingRunner ] Submitting workload: training_outputs\episodes\ep_0100\workload.csv
[16:42:29.589] [t=    0.00] [INFO ] [TrainingRunner ] Starting simulation...
[16:42:29.895] [t=    5.00] [WARN ] [LinkStatsCollector] Auto-registering unknown link: host_NewYork->Switch: NewYork
[16:42:29.897] [t=    5.00] [WARN ] [LinkStatsCollector] Auto-registering unknown link: Switch: NewYork->host_NewYork
[16:42:29.901] [t=    5.00] [WARN ] [LinkStatsCollector] Auto-registering unknown link: Switch: Indianapolis->Switch: Chicago
[16:42:29.901] [t=    5.00] [WARN ] [LinkStatsCollector] Auto-registering unknown link: Switch: Chicago->Switch: Indianapolis
[16:42:29.901] [t=    5.00] [WARN ] [LinkStatsCollector] Auto-registering unknown link: Switch: Jacksonville->Switch: Houston
[16:42:29.903] [t=    5.00] [WARN ] [LinkStatsCollector] Auto-registering unknown link: Switch: Houston->Switch: Jacksonville
[16:42:29.903] [t=    5.00] [WARN ] [LinkStatsCollector] Auto-registering unknown link: Switch: NewYork->Switch: Washington
[16:42:29.903] [t=    5.00] [WARN ] [LinkStatsCollector] Auto-registering unknown link: Switch: Washington->Switch: NewYork
[16:42:29.903] [t=    5.00] [WARN ] [LinkStatsCollector] Auto-registering unknown link: host_Sunnyvale->Switch: Sunnyvale
[16:42:29.903] [t=    5.00] [WARN ] [LinkStatsCollector] Auto-registering unknown link: Switch: Sunnyvale->host_Sunnyvale
[16:42:29.906] [t=    5.00] [WARN ] [LinkStatsCollector] Auto-registering unknown link: Switch: Denver->Switch: Seattle
[16:42:29.906] [t=    5.00] [WARN ] [LinkStatsCollector] Auto-registering unknown link: Switch: Seattle->Switch: Denver
[16:42:29.906] [t=    5.00] [WARN ] [LinkStatsCollector] Auto-registering unknown link: host_Denver->Switch: Denver
[16:42:29.908] [t=    5.00] [WARN ] [LinkStatsCollector] Auto-registering unknown link: Switch: Denver->host_Denver
[16:42:29.908] [t=    5.00] [WARN ] [LinkStatsCollector] Auto-registering unknown link: host_Indianapolis->Switch: Indianapolis
[16:42:29.908] [t=    5.00] [WARN ] [LinkStatsCollector] Auto-registering unknown link: Switch: Indianapolis->host_Indianapolis
[16:42:29.908] [t=    5.00] [WARN ] [LinkStatsCollector] Auto-registering unknown link: Switch: LosAngeles->Switch: Sunnyvale
[16:42:29.910] [t=    5.00] [WARN ] [LinkStatsCollector] Auto-registering unknown link: Switch: Sunnyvale->Switch: LosAngeles
[16:42:29.910] [t=    5.00] [WARN ] [LinkStatsCollector] Auto-registering unknown link: Switch: Denver->Switch: Sunnyvale
[16:42:29.910] [t=    5.00] [WARN ] [LinkStatsCollector] Auto-registering unknown link: Switch: Sunnyvale->Switch: Denver
[16:42:29.910] [t=    5.00] [WARN ] [LinkStatsCollector] Auto-registering unknown link: Switch: Jacksonville->Switch: Atlanta
[16:42:29.912] [t=    5.00] [WARN ] [LinkStatsCollector] Auto-registering unknown link: Switch: Atlanta->Switch: Jacksonville
[16:42:29.912] [t=    5.00] [WARN ] [LinkStatsCollector] Auto-registering unknown link: host_Houston->Switch: Houston
[16:42:29.912] [t=    5.00] [WARN ] [LinkStatsCollector] Auto-registering unknown link: Switch: Houston->host_Houston
[16:42:29.914] [t=    5.00] [WARN ] [LinkStatsCollector] Auto-registering unknown link: host_Atlanta->Switch: Atlanta
[16:42:29.914] [t=    5.00] [WARN ] [LinkStatsCollector] Auto-registering unknown link: Switch: Atlanta->host_Atlanta
[16:42:29.914] [t=    5.00] [WARN ] [LinkStatsCollector] Auto-registering unknown link: Switch: Sunnyvale->Switch: Seattle
[16:42:29.914] [t=    5.00] [WARN ] [LinkStatsCollector] Auto-registering unknown link: Switch: Seattle->Switch: Sunnyvale
[16:42:29.916] [t=    5.00] [WARN ] [LinkStatsCollector] Auto-registering unknown link: Switch: Indianapolis->Switch: KansasCity
[16:42:29.916] [t=    5.00] [WARN ] [LinkStatsCollector] Auto-registering unknown link: Switch: KansasCity->Switch: Indianapolis
[16:42:29.916] [t=    5.00] [WARN ] [LinkStatsCollector] Auto-registering unknown link: Switch: Houston->Switch: KansasCity
[16:42:29.918] [t=    5.00] [WARN ] [LinkStatsCollector] Auto-registering unknown link: Switch: KansasCity->Switch: Houston
[16:42:29.918] [t=    5.00] [WARN ] [LinkStatsCollector] Auto-registering unknown link: host_Jacksonville->Switch: Jacksonville
[16:42:29.918] [t=    5.00] [WARN ] [LinkStatsCollector] Auto-registering unknown link: Switch: Jacksonville->host_Jacksonville
[16:42:29.918] [t=    5.00] [WARN ] [LinkStatsCollector] Auto-registering unknown link: Switch: Atlanta->Switch: Houston
[16:42:29.918] [t=    5.00] [WARN ] [LinkStatsCollector] Auto-registering unknown link: Switch: Houston->Switch: Atlanta
[16:42:29.920] [t=    5.00] [WARN ] [LinkStatsCollector] Auto-registering unknown link: Switch: Houston->Switch: LosAngeles
[16:42:29.920] [t=    5.00] [WARN ] [LinkStatsCollector] Auto-registering unknown link: Switch: LosAngeles->Switch: Houston
[16:42:29.920] [t=    5.00] [WARN ] [LinkStatsCollector] Auto-registering unknown link: host_KansasCity->Switch: KansasCity
[16:42:29.920] [t=    5.00] [WARN ] [LinkStatsCollector] Auto-registering unknown link: Switch: KansasCity->host_KansasCity
[16:42:29.920] [t=    5.00] [WARN ] [LinkStatsCollector] Auto-registering unknown link: Switch: NewYork->Switch: Chicago
[16:42:29.920] [t=    5.00] [WARN ] [LinkStatsCollector] Auto-registering unknown link: Switch: Chicago->Switch: NewYork
[16:42:29.920] [t=    5.00] [WARN ] [LinkStatsCollector] Auto-registering unknown link: Switch: Washington->Switch: Indianapolis
[16:42:29.920] [t=    5.00] [WARN ] [LinkStatsCollector] Auto-registering unknown link: Switch: Indianapolis->Switch: Washington
[16:42:29.920] [t=    5.00] [WARN ] [LinkStatsCollector] Auto-registering unknown link: Switch: Chicago->Switch: KansasCity
[16:42:29.922] [t=    5.00] [WARN ] [LinkStatsCollector] Auto-registering unknown link: Switch: KansasCity->Switch: Chicago
[16:42:29.922] [t=    5.00] [WARN ] [LinkStatsCollector] Auto-registering unknown link: host_LosAngeles->Switch: LosAngeles
[16:42:29.922] [t=    5.00] [WARN ] [LinkStatsCollector] Auto-registering unknown link: Switch: LosAngeles->host_LosAngeles
[16:42:29.922] [t=    5.00] [WARN ] [LinkStatsCollector] Auto-registering unknown link: Switch: KansasCity->Switch: Denver
[16:42:29.922] [t=    5.00] [WARN ] [LinkStatsCollector] Auto-registering unknown link: Switch: Denver->Switch: KansasCity
[16:42:29.924] [t=    5.00] [WARN ] [LinkStatsCollector] Auto-registering unknown link: Switch: Washington->Switch: Atlanta
[16:42:29.927] [t=    5.00] [WARN ] [LinkStatsCollector] Auto-registering unknown link: Switch: Atlanta->Switch: Washington
[16:42:29.927] [t=    5.00] [WARN ] [LinkStatsCollector] Auto-registering unknown link: host_Seattle->Switch: Seattle
[16:42:29.927] [t=    5.00] [WARN ] [LinkStatsCollector] Auto-registering unknown link: Switch: Seattle->host_Seattle
[16:42:29.927] [t=    5.00] [WARN ] [LinkStatsCollector] Auto-registering unknown link: host_Chicago->Switch: Chicago
[16:42:29.927] [t=    5.00] [WARN ] [LinkStatsCollector] Auto-registering unknown link: Switch: Chicago->host_Chicago
[16:42:29.927] [t=    5.00] [WARN ] [LinkStatsCollector] Auto-registering unknown link: Switch: Atlanta->Switch: Indianapolis
[16:42:29.927] [t=    5.00] [WARN ] [LinkStatsCollector] Auto-registering unknown link: Switch: Indianapolis->Switch: Atlanta
[16:42:29.927] [t=    5.00] [WARN ] [LinkStatsCollector] Auto-registering unknown link: host_Washington->Switch: Washington
[16:42:29.927] [t=    5.00] [WARN ] [LinkStatsCollector] Auto-registering unknown link: Switch: Washington->host_Washington
[16:42:29.978] [t=    8.63] [DEBUG] [LatencyCollector] High queuing: flow=112, queue=1.7821s, serve=3.3725s, path=10 hops
[16:42:29.997] [t=   11.16] [WARN ] [LatencyCollector] Packet FAILED: flow=87, src=7->dst=11, waited=10.1623s
[16:42:30.002] [t=   12.39] [WARN ] [LatencyCollector] Packet FAILED: flow=99, src=9->dst=0, waited=10.0945s
[16:42:30.006] [t=   13.30] [WARN ] [LatencyCollector] Packet FAILED: flow=87, src=7->dst=11, waited=10.0000s
[16:42:30.008] [t=   13.30] [WARN ] [LatencyCollector] Packet FAILED: flow=51, src=4->dst=8, waited=10.0000s
[16:42:30.010] [t=   13.57] [WARN ] [LatencyCollector] Packet FAILED: flow=82, src=7->dst=5, waited=10.0014s
[16:42:30.012] [t=   14.20] [WARN ] [LatencyCollector] Packet FAILED: flow=19, src=1->dst=9, waited=10.2000s
[16:42:30.017] [t=   14.33] [DEBUG] [LatencyCollector] High queuing: flow=123, queue=0.1000s, serve=1.9313s, path=4 hops
[16:42:30.028] [t=   15.05] [DEBUG] [LatencyCollector] High queuing: flow=99, queue=3.6945s, serve=6.3483s, path=7 hops
[16:42:30.030] [t=   15.26] [DEBUG] [LatencyCollector] High queuing: flow=82, queue=6.8678s, serve=8.5633s, path=5 hops
[16:42:30.037] [t=   16.05] [DEBUG] [LatencyCollector] High queuing: flow=19, queue=1.3389s, serve=3.1459s, path=6 hops
[16:42:30.040] [t=   17.02] [WARN ] [LatencyCollector] Packet FAILED: flow=82, src=7->dst=5, waited=10.0213s
[16:42:30.042] [t=   17.60] [WARN ] [LatencyCollector] Packet FAILED: flow=0, src=0->dst=1, waited=10.5000s
[16:42:30.042] [t=   17.60] [WARN ] [LatencyCollector] Packet FAILED: flow=75, src=6->dst=10, waited=10.5000s
[16:42:30.044] [t=   17.60] [WARN ] [LatencyCollector] Packet FAILED: flow=82, src=7->dst=5, waited=10.5606s
[16:42:30.046] [t=   18.70] [WARN ] [LatencyCollector] Packet FAILED: flow=75, src=6->dst=10, waited=10.0702s
[16:42:30.057] [t=   20.00] [WARN ] [LatencyCollector] Packet FAILED: flow=11, src=1->dst=0, waited=10.5000s
[16:42:30.061] [t=   20.70] [WARN ] [LatencyCollector] Packet FAILED: flow=43, src=3->dst=11, waited=10.4000s
[16:42:30.061] [t=   20.70] [WARN ] [LatencyCollector] Packet FAILED: flow=127, src=11->dst=6, waited=10.2000s
[16:42:30.063] [t=   21.00] [WARN ] [LatencyCollector] Packet FAILED: flow=67, src=6->dst=1, waited=10.3000s
[16:42:30.063] [t=   21.00] [WARN ] [LatencyCollector] Packet FAILED: flow=43, src=3->dst=11, waited=10.3000s
[16:42:30.067] [t=   21.60] [WARN ] [LatencyCollector] Packet FAILED: flow=16, src=1->dst=6, waited=10.0000s
[16:42:30.069] [t=   22.05] [WARN ] [LatencyCollector] Packet FAILED: flow=82, src=7->dst=5, waited=10.2477s
[16:42:30.072] [t=   22.05] [DEBUG] [LatencyCollector] High queuing: flow=43, queue=2.3000s, serve=3.3477s, path=6 hops
[16:42:30.072] [t=   22.21] [WARN ] [LatencyCollector] Packet FAILED: flow=67, src=6->dst=1, waited=10.0132s
[16:42:30.076] [t=   22.50] [WARN ] [LatencyCollector] Packet FAILED: flow=82, src=7->dst=5, waited=10.1055s
[16:42:30.078] [t=   23.10] [WARN ] [LatencyCollector] Packet FAILED: flow=129, src=11->dst=8, waited=10.2000s
[16:42:30.078] [t=   23.10] [WARN ] [LatencyCollector] Packet FAILED: flow=16, src=1->dst=6, waited=10.0000s
[16:42:30.083] [t=   23.30] [WARN ] [LatencyCollector] Packet FAILED: flow=107, src=9->dst=8, waited=10.0000s
[16:42:30.086] [t=   23.60] [WARN ] [LatencyCollector] Packet FAILED: flow=16, src=1->dst=6, waited=10.1016s
[16:42:30.088] [t=   24.09] [WARN ] [LatencyCollector] Packet FAILED: flow=14, src=1->dst=4, waited=10.0935s
[16:42:30.088] [t=   24.19] [DEBUG] [LatencyCollector] High queuing: flow=14, queue=9.8115s, serve=9.8677s, path=4 hops
[16:42:30.090] [t=   24.19] [DEBUG] [LatencyCollector] High queuing: flow=67, queue=1.0132s, serve=2.8935s, path=5 hops
[16:42:30.092] [t=   24.51] [WARN ] [LatencyCollector] Packet FAILED: flow=14, src=1->dst=4, waited=10.0720s
[16:42:30.092] [t=   24.51] [WARN ] [LatencyCollector] Packet FAILED: flow=127, src=11->dst=6, waited=10.1820s
[16:42:30.098] [t=   24.61] [DEBUG] [LatencyCollector] High queuing: flow=58, queue=0.1000s, serve=1.4078s, path=4 hops
[16:42:30.115] [t=   25.50] [WARN ] [LatencyCollector] Packet FAILED: flow=92, src=8->dst=4, waited=10.4000s
[16:42:30.115] [t=   25.50] [WARN ] [LatencyCollector] Packet FAILED: flow=99, src=9->dst=0, waited=10.4517s
[16:42:30.124] [t=   25.67] [DEBUG] [LatencyCollector] High queuing: flow=16, queue=5.6016s, serve=7.6734s, path=5 hops
[16:42:30.134] [t=   27.90] [WARN ] [LatencyCollector] Packet FAILED: flow=87, src=7->dst=11, waited=10.3000s
[16:42:30.134] [t=   28.30] [WARN ] [LatencyCollector] Packet FAILED: flow=82, src=7->dst=5, waited=10.2000s
[16:42:30.155] [t=   31.29] [WARN ] [LatencyCollector] Packet FAILED: flow=77, src=7->dst=0, waited=10.0874s
[16:42:30.157] [t=   31.41] [WARN ] [LatencyCollector] Packet FAILED: flow=40, src=3->dst=8, waited=10.0055s
[16:42:30.159] [t=   31.41] [WARN ] [LatencyCollector] Packet FAILED: flow=111, src=10->dst=1, waited=10.1055s
[16:42:30.159] [t=   31.41] [WARN ] [LatencyCollector] Packet FAILED: flow=99, src=9->dst=0, waited=10.0055s
[16:42:30.161] [t=   31.70] [WARN ] [LatencyCollector] Packet FAILED: flow=70, src=6->dst=4, waited=10.1000s
[16:42:30.175] [t=   31.70] [WARN ] [LatencyCollector] Packet FAILED: flow=82, src=7->dst=5, waited=10.0049s
[16:42:30.178] [t=   31.80] [WARN ] [LatencyCollector] Packet FAILED: flow=99, src=9->dst=0, waited=10.0000s
[16:42:30.178] [t=   32.36] [WARN ] [LatencyCollector] Packet FAILED: flow=16, src=1->dst=6, waited=10.3131s
[16:42:30.180] [t=   32.36] [WARN ] [LatencyCollector] Packet FAILED: flow=112, src=10->dst=2, waited=10.0608s
[16:42:30.180] [t=   32.70] [WARN ] [LatencyCollector] Packet FAILED: flow=70, src=6->dst=4, waited=10.1371s
[16:42:30.180] [t=   32.70] [WARN ] [LatencyCollector] Packet FAILED: flow=45, src=4->dst=1, waited=10.1000s
[16:42:30.180] [t=   32.70] [WARN ] [LatencyCollector] Packet FAILED: flow=54, src=4->dst=11, waited=10.2000s
[16:42:30.184] [t=   33.57] [DEBUG] [LatencyCollector] High queuing: flow=46, queue=5.0780s, serve=7.8984s, path=6 hops
[16:42:30.184] [t=   33.73] [WARN ] [LatencyCollector] Packet FAILED: flow=16, src=1->dst=6, waited=10.1270s
[16:42:30.188] [t=   34.27] [WARN ] [LatencyCollector] Packet FAILED: flow=16, src=1->dst=6, waited=10.0807s
[16:42:30.188] [t=   34.27] [WARN ] [LatencyCollector] Packet FAILED: flow=16, src=1->dst=6, waited=10.0741s
[16:42:30.192] [t=   34.81] [WARN ] [LatencyCollector] Packet FAILED: flow=51, src=4->dst=8, waited=10.1139s
[16:42:30.192] [t=   34.81] [WARN ] [LatencyCollector] Packet FAILED: flow=99, src=9->dst=0, waited=10.1139s
[16:42:30.203] [t=   35.90] [WARN ] [LatencyCollector] Packet FAILED: flow=105, src=9->dst=6, waited=10.4000s
[16:42:30.205] [t=   35.90] [WARN ] [LatencyCollector] Packet FAILED: flow=40, src=3->dst=8, waited=10.2000s
[16:42:30.208] [t=   36.50] [WARN ] [LatencyCollector] Packet FAILED: flow=16, src=1->dst=6, waited=10.4000s
[16:42:30.208] [t=   36.50] [WARN ] [LatencyCollector] Packet FAILED: flow=40, src=3->dst=8, waited=10.0995s
[16:42:30.208] [t=   36.50] [WARN ] [LatencyCollector] Packet FAILED: flow=127, src=11->dst=6, waited=10.4000s
[16:42:30.211] [t=   37.10] [WARN ] [LatencyCollector] Packet FAILED: flow=75, src=6->dst=10, waited=10.1000s
[16:42:30.211] [t=   37.10] [WARN ] [LatencyCollector] Packet FAILED: flow=87, src=7->dst=11, waited=10.2000s
[16:42:30.211] [t=   37.10] [WARN ] [LatencyCollector] Packet FAILED: flow=112, src=10->dst=2, waited=10.2000s
[16:42:30.212] [t=   37.30] [DEBUG] [LatencyCollector] High queuing: flow=92, queue=2.4931s, serve=5.5000s, path=4 hops
[16:42:30.218] [t=   39.23] [WARN ] [LatencyCollector] Packet FAILED: flow=16, src=1->dst=6, waited=10.0266s
[16:42:30.218] [t=   39.23] [WARN ] [LatencyCollector] Packet FAILED: flow=111, src=10->dst=1, waited=10.9266s
[16:42:30.219] [t=   39.23] [WARN ] [LatencyCollector] Packet FAILED: flow=8, src=0->dst=9, waited=10.2883s
[16:42:30.219] [t=   39.23] [WARN ] [LatencyCollector] Packet FAILED: flow=8, src=0->dst=9, waited=10.2266s
[16:42:30.226] [t=   41.00] [WARN ] [LatencyCollector] Packet FAILED: flow=105, src=9->dst=6, waited=10.3486s
[16:42:30.228] [t=   41.00] [WARN ] [LatencyCollector] Packet FAILED: flow=99, src=9->dst=0, waited=10.7000s
[16:42:30.228] [t=   41.07] [WARN ] [LatencyCollector] Packet FAILED: flow=0, src=0->dst=1, waited=10.0664s
[16:42:30.230] [t=   41.10] [WARN ] [LatencyCollector] Packet FAILED: flow=65, src=5->dst=11, waited=10.0139s
[16:42:30.231] [t=   41.30] [WARN ] [LatencyCollector] Packet FAILED: flow=38, src=3->dst=6, waited=10.2000s
[16:42:30.238] [t=   42.18] [DEBUG] [LatencyCollector] High queuing: flow=99, queue=6.7738s, serve=7.9093s, path=7 hops
[16:42:30.242] [t=   43.24] [DEBUG] [LatencyCollector] High queuing: flow=47, queue=1.1630s, serve=3.3371s, path=3 hops
[16:42:30.242] [t=   43.24] [WARN ] [LatencyCollector] Packet FAILED: flow=112, src=10->dst=2, waited=10.4406s
[16:42:30.244] [t=   43.48] [DEBUG] [LatencyCollector] High queuing: flow=38, queue=3.1000s, serve=5.2796s, path=4 hops
[16:42:30.244] [t=   43.70] [WARN ] [LatencyCollector] Packet FAILED: flow=105, src=9->dst=6, waited=10.2000s
[16:42:30.246] [t=   43.70] [WARN ] [LatencyCollector] Packet FAILED: flow=16, src=1->dst=6, waited=10.1283s
[16:42:30.260] [t=   46.20] [WARN ] [LatencyCollector] Packet FAILED: flow=70, src=6->dst=4, waited=10.1553s
[16:42:30.266] [t=   47.20] [WARN ] [LatencyCollector] Packet FAILED: flow=107, src=9->dst=8, waited=10.5000s
[16:42:30.267] [t=   47.60] [WARN ] [LatencyCollector] Packet FAILED: flow=128, src=11->dst=7, waited=10.0716s
[16:42:30.267] [t=   47.60] [WARN ] [LatencyCollector] Packet FAILED: flow=4, src=0->dst=5, waited=10.4000s
[16:42:30.269] [t=   49.90] [WARN ] [LatencyCollector] Packet FAILED: flow=70, src=6->dst=4, waited=10.1000s
[16:42:30.269] [t=   49.90] [WARN ] [LatencyCollector] Packet FAILED: flow=24, src=2->dst=3, waited=10.3000s
[16:42:30.271] [t=   49.90] [WARN ] [LatencyCollector] Packet FAILED: flow=4, src=0->dst=5, waited=10.6000s
[16:42:30.283] [t=   51.08] [WARN ] [LatencyCollector] Packet FAILED: flow=56, src=5->dst=1, waited=10.0827s
[16:42:30.283] [t=   51.18] [WARN ] [LatencyCollector] Packet FAILED: flow=107, src=9->dst=8, waited=10.0827s
[16:42:30.283] [t=   51.18] [DEBUG] [LatencyCollector] High queuing: flow=128, queue=6.2000s, serve=9.6827s, path=6 hops
[16:42:30.288] [t=   53.20] [WARN ] [LatencyCollector] Packet FAILED: flow=70, src=6->dst=4, waited=11.1166s
[16:42:30.288] [t=   53.20] [WARN ] [LatencyCollector] Packet FAILED: flow=65, src=5->dst=11, waited=10.8000s
[16:42:30.288] [t=   53.20] [WARN ] [LatencyCollector] Packet FAILED: flow=82, src=7->dst=5, waited=11.1000s
[16:42:30.290] [t=   53.20] [WARN ] [LatencyCollector] Packet FAILED: flow=129, src=11->dst=8, waited=10.4000s
[16:42:30.290] [t=   53.50] [WARN ] [LatencyCollector] Packet FAILED: flow=107, src=9->dst=8, waited=10.2595s
[16:42:30.292] [t=   53.90] [WARN ] [LatencyCollector] Packet FAILED: flow=107, src=9->dst=8, waited=10.2000s
[16:42:30.292] [t=   54.10] [WARN ] [LatencyCollector] Packet FAILED: flow=55, src=5->dst=0, waited=10.1000s
[16:42:30.292] [t=   54.20] [WARN ] [LatencyCollector] Packet FAILED: flow=51, src=4->dst=8, waited=10.1000s
[16:42:30.294] [t=   54.20] [WARN ] [LatencyCollector] Packet FAILED: flow=67, src=6->dst=1, waited=10.1000s
[16:42:30.294] [t=   54.30] [WARN ] [LatencyCollector] Packet FAILED: flow=8, src=0->dst=9, waited=10.1000s
[16:42:30.294] [t=   54.50] [WARN ] [LatencyCollector] Packet FAILED: flow=82, src=7->dst=5, waited=10.2000s
[16:42:30.303] [t=   55.70] [WARN ] [LatencyCollector] Packet FAILED: flow=55, src=5->dst=0, waited=10.7000s
[16:42:30.310] [t=   56.57] [WARN ] [LatencyCollector] Packet FAILED: flow=51, src=4->dst=8, waited=10.5684s
[16:42:30.310] [t=   56.57] [WARN ] [LatencyCollector] Packet FAILED: flow=24, src=2->dst=3, waited=10.2684s
[16:42:30.310] [t=   56.57] [DEBUG] [SDNDatacenter  ] Pkt #100: flow=123, serve=8.9685s, prop=0.0000s, tx=8.9684s, queue=0.0000s, path=4
[16:42:30.313] [t=   57.30] [WARN ] [LatencyCollector] Packet FAILED: flow=82, src=7->dst=5, waited=10.6000s
[16:42:30.313] [t=   57.30] [WARN ] [LatencyCollector] Packet FAILED: flow=16, src=1->dst=6, waited=10.6567s
[16:42:30.313] [t=   57.30] [WARN ] [LatencyCollector] Packet FAILED: flow=16, src=1->dst=6, waited=10.1000s
[16:42:30.313] [t=   57.87] [WARN ] [LatencyCollector] Packet FAILED: flow=0, src=0->dst=1, waited=10.1720s
[16:42:30.313] [t=   57.87] [WARN ] [LatencyCollector] Packet FAILED: flow=82, src=7->dst=5, waited=10.1720s
[16:42:30.315] [t=   57.87] [WARN ] [LatencyCollector] Packet FAILED: flow=14, src=1->dst=4, waited=10.1093s
[16:42:30.317] [t=   57.87] [DEBUG] [LatencyCollector] High queuing: flow=24, queue=7.3684s, serve=8.6720s, path=4 hops
[16:42:30.320] [t=   57.97] [DEBUG] [LatencyCollector] High queuing: flow=107, queue=5.0581s, serve=9.0720s, path=3 hops
[16:42:30.322] [t=   59.00] [WARN ] [LatencyCollector] Packet FAILED: flow=117, src=10->dst=7, waited=10.1000s
[16:42:30.322] [t=   59.00] [WARN ] [LatencyCollector] Packet FAILED: flow=14, src=1->dst=4, waited=10.6000s
[16:42:30.323] [t=   59.95] [WARN ] [LatencyCollector] Packet FAILED: flow=99, src=9->dst=0, waited=10.0456s
[16:42:30.329] [t=   60.40] [WARN ] [LatencyCollector] Packet FAILED: flow=82, src=7->dst=5, waited=10.2000s
[16:42:30.331] [t=   60.63] [WARN ] [LatencyCollector] Packet FAILED: flow=55, src=5->dst=0, waited=10.0338s
[16:42:30.334] [t=   61.50] [WARN ] [LatencyCollector] Packet FAILED: flow=70, src=6->dst=4, waited=10.3173s
[16:42:30.334] [t=   62.10] [WARN ] [LatencyCollector] Packet FAILED: flow=16, src=1->dst=6, waited=10.0778s
[16:42:30.336] [t=   63.02] [DEBUG] [LatencyCollector] High queuing: flow=70, queue=5.6658s, serve=7.1869s, path=3 hops
[16:42:30.338] [t=   63.74] [WARN ] [LatencyCollector] Packet FAILED: flow=105, src=9->dst=6, waited=10.2410s
[16:42:30.338] [t=   63.74] [WARN ] [LatencyCollector] Packet FAILED: flow=82, src=7->dst=5, waited=10.0410s
[16:42:30.338] [t=   63.74] [DEBUG] [LatencyCollector] High queuing: flow=16, queue=6.4000s, serve=8.0410s, path=5 hops
[16:42:30.340] [t=   64.08] [WARN ] [LatencyCollector] Packet FAILED: flow=56, src=5->dst=1, waited=10.0823s
[16:42:30.340] [t=   64.08] [WARN ] [LatencyCollector] Packet FAILED: flow=99, src=9->dst=0, waited=10.1823s
[16:42:30.340] [t=   64.34] [WARN ] [LatencyCollector] Packet FAILED: flow=14, src=1->dst=4, waited=10.1423s
[16:42:30.342] [t=   64.34] [WARN ] [LatencyCollector] Packet FAILED: flow=115, src=10->dst=5, waited=10.0423s
[16:42:30.342] [t=   64.34] [WARN ] [LatencyCollector] Packet FAILED: flow=56, src=5->dst=1, waited=10.2423s
[16:42:30.351] [t=   65.00] [WARN ] [LatencyCollector] Packet FAILED: flow=80, src=7->dst=3, waited=10.5000s
[16:42:30.351] [t=   65.00] [WARN ] [LatencyCollector] Packet FAILED: flow=58, src=5->dst=3, waited=10.1000s
[16:42:30.351] [t=   65.25] [WARN ] [LatencyCollector] Packet FAILED: flow=56, src=5->dst=1, waited=10.2535s
[16:42:30.355] [t=   66.13] [DEBUG] [LatencyCollector] High queuing: flow=80, queue=3.2000s, serve=4.3345s, path=5 hops
[16:42:30.357] [t=   67.40] [WARN ] [LatencyCollector] Packet FAILED: flow=46, src=4->dst=2, waited=10.1000s
[16:42:30.359] [t=   67.60] [WARN ] [LatencyCollector] Packet FAILED: flow=38, src=3->dst=6, waited=10.1000s
[16:42:30.359] [t=   67.70] [WARN ] [LatencyCollector] Packet FAILED: flow=14, src=1->dst=4, waited=10.1000s
[16:42:30.361] [t=   68.11] [WARN ] [LatencyCollector] Packet FAILED: flow=6, src=0->dst=7, waited=10.0064s
[16:42:30.361] [t=   68.82] [WARN ] [LatencyCollector] Packet FAILED: flow=82, src=7->dst=5, waited=10.6219s
[16:42:30.363] [t=   69.10] [WARN ] [LatencyCollector] Packet FAILED: flow=58, src=5->dst=3, waited=10.1000s
[16:42:30.367] [t=   69.50] [WARN ] [LatencyCollector] Packet FAILED: flow=47, src=4->dst=3, waited=10.1000s
[16:42:30.374] [t=   70.10] [WARN ] [LatencyCollector] Packet FAILED: flow=46, src=4->dst=2, waited=10.1000s
[16:42:30.376] [t=   70.82] [WARN ] [LatencyCollector] Packet FAILED: flow=107, src=9->dst=8, waited=10.1882s
[16:42:30.376] [t=   70.82] [WARN ] [LatencyCollector] Packet FAILED: flow=14, src=1->dst=4, waited=10.1219s
[16:42:30.379] [t=   72.64] [WARN ] [LatencyCollector] Packet FAILED: flow=0, src=0->dst=1, waited=10.1390s
[16:42:30.381] [t=   72.64] [WARN ] [LatencyCollector] Packet FAILED: flow=75, src=6->dst=10, waited=10.5390s
[16:42:30.389] [t=   73.80] [WARN ] [LatencyCollector] Packet FAILED: flow=11, src=1->dst=0, waited=10.0590s
[16:42:30.394] [t=   74.55] [DEBUG] [LatencyCollector] High queuing: flow=75, queue=2.6390s, serve=4.5505s, path=3 hops
[16:42:30.402] [t=   76.50] [WARN ] [LatencyCollector] Packet FAILED: flow=82, src=7->dst=5, waited=10.4000s
[16:42:30.404] [t=   76.50] [WARN ] [LatencyCollector] Packet FAILED: flow=43, src=3->dst=11, waited=10.9000s
[16:42:30.404] [t=   76.50] [WARN ] [LatencyCollector] Packet FAILED: flow=99, src=9->dst=0, waited=10.1000s
[16:42:30.404] [t=   76.50] [WARN ] [LatencyCollector] Packet FAILED: flow=8, src=0->dst=9, waited=10.6000s
[16:42:30.404] [t=   76.55] [DEBUG] [LatencyCollector] High queuing: flow=58, queue=2.6000s, serve=10.0534s, path=4 hops
[16:42:30.406] [t=   76.88] [WARN ] [LatencyCollector] Packet FAILED: flow=115, src=10->dst=5, waited=10.0828s
[16:42:30.408] [t=   76.98] [WARN ] [LatencyCollector] Packet FAILED: flow=56, src=5->dst=1, waited=10.0828s
[16:42:30.409] [t=   77.40] [WARN ] [LatencyCollector] Packet FAILED: flow=56, src=5->dst=1, waited=10.2000s
[16:42:30.410] [t=   78.10] [WARN ] [LatencyCollector] Packet FAILED: flow=0, src=0->dst=1, waited=10.1000s
[16:42:30.410] [t=   78.10] [WARN ] [LatencyCollector] Packet FAILED: flow=82, src=7->dst=5, waited=10.4000s
[16:42:30.410] [t=   78.10] [WARN ] [LatencyCollector] Packet FAILED: flow=16, src=1->dst=6, waited=10.2528s
[16:42:30.412] [t=   78.65] [DEBUG] [LatencyCollector] High queuing: flow=40, queue=5.0828s, serve=6.6538s, path=5 hops
[16:42:30.414] [t=   78.75] [DEBUG] [LatencyCollector] High queuing: flow=75, queue=1.3504s, serve=5.5549s, path=3 hops
[16:42:30.416] [t=   79.30] [WARN ] [LatencyCollector] Packet FAILED: flow=8, src=0->dst=9, waited=10.1000s
[16:42:30.416] [t=   79.82] [WARN ] [LatencyCollector] Packet FAILED: flow=16, src=1->dst=6, waited=10.3249s
[16:42:30.416] [t=   79.82] [WARN ] [LatencyCollector] Packet FAILED: flow=55, src=5->dst=0, waited=10.3249s
[16:42:30.431] [t=   80.46] [WARN ] [LatencyCollector] Packet FAILED: flow=111, src=10->dst=1, waited=10.0641s
[16:42:30.433] [t=   80.46] [WARN ] [LatencyCollector] Packet FAILED: flow=127, src=11->dst=6, waited=10.0641s
[16:42:30.437] [t=   83.20] [WARN ] [LatencyCollector] Packet FAILED: flow=87, src=7->dst=11, waited=10.0994s
[16:42:30.440] [t=   83.20] [WARN ] [LatencyCollector] Packet FAILED: flow=80, src=7->dst=3, waited=11.4994s
[16:42:30.442] [t=   83.20] [WARN ] [LatencyCollector] Packet FAILED: flow=56, src=5->dst=1, waited=11.6994s
[16:42:30.449] [t=   83.20] [WARN ] [LatencyCollector] Packet FAILED: flow=56, src=5->dst=1, waited=11.3555s
[16:42:30.449] [t=   83.20] [WARN ] [LatencyCollector] Packet FAILED: flow=56, src=5->dst=1, waited=10.5605s
[16:42:30.451] [t=   83.20] [WARN ] [LatencyCollector] Packet FAILED: flow=55, src=5->dst=0, waited=10.4994s
[16:42:30.451] [t=   83.20] [WARN ] [LatencyCollector] Packet FAILED: flow=111, src=10->dst=1, waited=11.6994s
[16:42:30.451] [t=   83.20] [WARN ] [LatencyCollector] Packet FAILED: flow=46, src=4->dst=2, waited=11.2994s
[16:42:30.451] [t=   83.20] [WARN ] [LatencyCollector] Packet FAILED: flow=127, src=11->dst=6, waited=11.4995s
[16:42:30.453] [t=   83.30] [DEBUG] [LatencyCollector] High queuing: flow=33, queue=3.4259s, serve=3.4745s, path=3 hops
[16:42:30.453] [t=   83.30] [WARN ] [LatencyCollector] Packet FAILED: flow=65, src=5->dst=11, waited=10.0994s
[16:42:30.455] [t=   83.79] [DEBUG] [LatencyCollector] High queuing: flow=40, queue=0.1538s, serve=5.2891s, path=5 hops
[16:42:30.456] [t=   84.24] [WARN ] [LatencyCollector] Packet FAILED: flow=16, src=1->dst=6, waited=10.4404s
[16:42:30.458] [t=   84.24] [WARN ] [LatencyCollector] Packet FAILED: flow=16, src=1->dst=6, waited=10.0404s
[16:42:30.466] [t=   85.00] [WARN ] [LatencyCollector] Packet FAILED: flow=16, src=1->dst=6, waited=10.6900s
[16:42:30.468] [t=   85.00] [WARN ] [LatencyCollector] Packet FAILED: flow=79, src=7->dst=2, waited=10.6900s
[16:42:30.468] [t=   87.83] [WARN ] [LatencyCollector] Packet FAILED: flow=70, src=6->dst=4, waited=10.4346s
[16:42:30.468] [t=   87.83] [WARN ] [LatencyCollector] Packet FAILED: flow=92, src=8->dst=4, waited=11.2812s
[16:42:30.470] [t=   87.83] [WARN ] [LatencyCollector] Packet FAILED: flow=80, src=7->dst=3, waited=11.2346s
[16:42:30.471] [t=   87.83] [DEBUG] [LatencyCollector] High queuing: flow=82, queue=2.2640s, serve=9.6346s, path=5 hops
[16:42:30.471] [t=   87.83] [WARN ] [LatencyCollector] Packet FAILED: flow=111, src=10->dst=1, waited=12.3686s
[16:42:30.472] [t=   87.83] [WARN ] [LatencyCollector] Packet FAILED: flow=111, src=10->dst=1, waited=11.3346s
[16:42:30.472] [t=   87.83] [WARN ] [LatencyCollector] Packet FAILED: flow=112, src=10->dst=2, waited=12.8346s
[16:42:30.479] [t=   90.00] [WARN ] [LatencyCollector] Packet FAILED: flow=82, src=7->dst=5, waited=10.1000s
[16:42:30.479] [t=   90.00] [WARN ] [LatencyCollector] Packet FAILED: flow=79, src=7->dst=2, waited=11.2452s
[16:42:30.481] [t=   90.00] [WARN ] [LatencyCollector] Packet FAILED: flow=127, src=11->dst=6, waited=11.8000s
[16:42:30.482] [t=   92.58] [WARN ] [LatencyCollector] Packet FAILED: flow=38, src=3->dst=6, waited=12.4813s
[16:42:30.482] [t=   92.58] [WARN ] [LatencyCollector] Packet FAILED: flow=80, src=7->dst=3, waited=12.1173s
[16:42:30.482] [t=   92.58] [WARN ] [LatencyCollector] Packet FAILED: flow=46, src=4->dst=2, waited=12.2813s
[16:42:30.484] [t=   92.58] [WARN ] [LatencyCollector] Packet FAILED: flow=8, src=0->dst=9, waited=12.0813s
[16:42:30.493] [t=    0.00] [INFO ] [TrainingRunner ] Simulation complete: 100.00 sim seconds, 1230 ms wall clock
[16:42:30.493] [t=    0.00] [INFO ] [TrainingRunner ] Exporting results...
[16:42:30.501] [t=    0.00] [INFO ] [LatencyCollector] Exported episode summary to training_outputs\episodes\ep_0100/episode_summary.json
[16:42:30.508] [t=    0.00] [INFO ] [LatencyCollector] Exported flow summary to training_outputs\episodes\ep_0100/flow_summary.csv
[16:42:30.521] [t=    0.00] [INFO ] [LinkStatsCollector] Exported 60 link stats to training_outputs\episodes\ep_0100/link_stats.csv
[16:42:30.523] [t=    0.00] [INFO ] [SECTION        ] ======================================================================
[16:42:30.523] [t=    0.00] [INFO ] [SECTION        ]   LATENCY STATISTICS SUMMARY
[16:42:30.523] [t=    0.00] [INFO ] [SECTION        ] ======================================================================
[16:42:30.523] [t=    0.00] [INFO ] [LatencyCollector] === Global Statistics ===
[16:42:30.523] [t=    0.00] [INFO ] [LatencyCollector]   Total packets: 142
[16:42:30.525] [t=    0.00] [INFO ] [LatencyCollector]   Failed packets: 169
[16:42:30.525] [t=    0.00] [INFO ] [LatencyCollector]   Avg queuing delay: 0.732573 s
[16:42:30.525] [t=    0.00] [INFO ] [LatencyCollector]   Max queuing delay: 9.811456 s
[16:42:30.525] [t=    0.00] [INFO ] [LatencyCollector] === Critical vs Background ===
[16:42:30.526] [t=    0.00] [INFO ] [LatencyCollector]   Background flows: 142 packets, avg queuing = 0.732573 s
[16:42:30.526] [t=    0.00] [INFO ] [LinkStatsCollector] ========== Link Statistics Summary ==========
[16:42:30.526] [t=    0.00] [INFO ] [LinkStatsCollector] Total links tracked: 60
[16:42:30.526] [t=    0.00] [INFO ] [LinkStatsCollector] Episode duration: 95.00s
[16:42:30.529] [t=    0.00] [INFO ] [LinkStatsCollector] Bottleneck link: Switch: KansasCity->Switch: Denver (max_util=5.31%)
[16:42:30.529] [t=    0.00] [INFO ] [LinkStatsCollector] Links that exceeded 90.0% utilization: 0
[16:42:30.529] [t=    0.00] [INFO ] [LinkStatsCollector] Total congestion events: 0
[16:42:30.529] [t=    0.00] [INFO ] [LinkStatsCollector] Top 5 most utilized links:
[16:42:30.536] [t=    0.00] [INFO ] [LinkStatsCollector]   Switch: KansasCity->Switch: Denver: avg=1.44%, max=5.31%, events=0
[16:42:30.539] [t=    0.00] [INFO ] [LinkStatsCollector]   host_NewYork->Switch: NewYork: avg=1.76%, max=4.95%, events=0
[16:42:30.539] [t=    0.00] [INFO ] [LinkStatsCollector]   host_Seattle->Switch: Seattle: avg=1.01%, max=4.95%, events=0
[16:42:30.539] [t=    0.00] [INFO ] [LinkStatsCollector]   Switch: KansasCity->Switch: Chicago: avg=0.88%, max=4.93%, events=0
[16:42:30.539] [t=    0.00] [INFO ] [LinkStatsCollector]   Switch: Denver->Switch: KansasCity: avg=2.27%, max=4.93%, events=0
[16:42:30.539] [t=    0.00] [INFO ] [TrainingRunner ] === EPISODE COMPLETE ===
[16:42:30.539] [t=    0.00] [INFO ] [TrainingRunner ] Output files:
[16:42:30.539] [t=    0.00] [INFO ] [TrainingRunner ]   training_outputs\episodes\ep_0100/episode_summary.json
[16:42:30.539] [t=    0.00] [INFO ] [TrainingRunner ]   training_outputs\episodes\ep_0100/flow_summary.csv
[16:42:30.539] [t=    0.00] [INFO ] [TrainingRunner ]   training_outputs\episodes\ep_0100/link_stats.csv
[16:42:30.539] [t=    0.00] [INFO ] [TrainingRunner ]   training_outputs\episodes\ep_0100/latency_results.csv

================================================================================
LOG ENDED: 2025-12-04 16:42:30
================================================================================
