================================================================================
CFR-RL DEBUG LOG
Started: 2025-12-04 17:03:40
Log file: C:\Users\saifk\CS370\Code\round2\cloudsimsdn\training_outputs\episodes\ep_0255\episode.log
================================================================================

Format: [WallClock] [SimTime] [Level] [Component] Message

[17:03:40.360] [t=    0.00] [INFO ] [TrainingRunner ] === EPISODE START ===
[17:03:41.000] [t=    0.00] [INFO ] [TrainingRunner ] Workload: training_outputs\episodes\ep_0255\workload.csv
[17:03:41.002] [t=    0.00] [INFO ] [TrainingRunner ] Critical flows: training_outputs\episodes\ep_0255\critical_flows.txt
[17:03:41.003] [t=    0.00] [INFO ] [TrainingRunner ] Output dir: training_outputs\episodes\ep_0255/
[17:03:41.016] [t=    0.00] [INFO ] [TrainingRunner ] Loaded 8 critical flows: [82, 52, 71, 122, 124, 93, 13, 47]
[17:03:41.020] [t=    0.00] [INFO ] [LatencyCollector] Initialized
[17:03:41.021] [t=    0.00] [INFO ] [LatencyCollector] Reset for new simulation
[17:03:41.029] [t=    0.00] [INFO ] [LinkStatsCollector] Reset for new episode
[17:03:41.031] [t=    0.00] [INFO ] [LatencyCollector] CSV export initialized: training_outputs\episodes\ep_0255/latency_results.csv
[17:03:41.032] [t=    0.00] [INFO ] [LatencyCollector] Critical flows updated: 8 flows
[17:03:43.078] [t=    0.00] [INFO ] [TrainingRunner ] Physical topology loaded: 12 hosts
[17:03:43.082] [t=    0.00] [INFO ] [LinkPolicy     ] Created with K=8
[17:03:43.088] [t=    0.00] [INFO ] [LinkPolicy     ] Verbose logging: false
[17:03:43.088] [t=    0.00] [INFO ] [LinkPolicy     ] Updated critical flows: 8 total (added: [82, 52, 71, 122, 124, 93, 13, 47], removed: [])
[17:03:43.088] [t=    0.00] [INFO ] [TrainingRunner ] Critical flows set on policy
[17:03:43.113] [t=    0.00] [INFO ] [TrainingRunner ] Virtual topology deployed
[17:03:43.114] [t=    0.00] [INFO ] [TrainingRunner ] Submitting workload: training_outputs\episodes\ep_0255\workload.csv
[17:03:43.114] [t=    0.00] [INFO ] [TrainingRunner ] Starting simulation...
[17:03:44.894] [t=    5.00] [WARN ] [LinkStatsCollector] Auto-registering unknown link: host_Sunnyvale->Switch: Sunnyvale
[17:03:44.916] [t=    5.00] [WARN ] [LinkStatsCollector] Auto-registering unknown link: Switch: Sunnyvale->host_Sunnyvale
[17:03:44.917] [t=    5.00] [WARN ] [LinkStatsCollector] Auto-registering unknown link: host_KansasCity->Switch: KansasCity
[17:03:44.918] [t=    5.00] [WARN ] [LinkStatsCollector] Auto-registering unknown link: Switch: KansasCity->host_KansasCity
[17:03:44.919] [t=    5.00] [WARN ] [LinkStatsCollector] Auto-registering unknown link: Switch: LosAngeles->Switch: Sunnyvale
[17:03:44.919] [t=    5.00] [WARN ] [LinkStatsCollector] Auto-registering unknown link: Switch: Sunnyvale->Switch: LosAngeles
[17:03:44.920] [t=    5.00] [WARN ] [LinkStatsCollector] Auto-registering unknown link: Switch: Houston->Switch: LosAngeles
[17:03:44.921] [t=    5.00] [WARN ] [LinkStatsCollector] Auto-registering unknown link: Switch: LosAngeles->Switch: Houston
[17:03:44.921] [t=    5.00] [WARN ] [LinkStatsCollector] Auto-registering unknown link: Switch: Indianapolis->Switch: Chicago
[17:03:44.922] [t=    5.00] [WARN ] [LinkStatsCollector] Auto-registering unknown link: Switch: Chicago->Switch: Indianapolis
[17:03:44.922] [t=    5.00] [WARN ] [LinkStatsCollector] Auto-registering unknown link: host_Seattle->Switch: Seattle
[17:03:44.928] [t=    5.00] [WARN ] [LinkStatsCollector] Auto-registering unknown link: Switch: Seattle->host_Seattle
[17:03:44.928] [t=    5.00] [WARN ] [LinkStatsCollector] Auto-registering unknown link: Switch: Indianapolis->Switch: KansasCity
[17:03:44.929] [t=    5.00] [WARN ] [LinkStatsCollector] Auto-registering unknown link: Switch: KansasCity->Switch: Indianapolis
[17:03:44.929] [t=    5.00] [WARN ] [LinkStatsCollector] Auto-registering unknown link: host_Denver->Switch: Denver
[17:03:44.929] [t=    5.00] [WARN ] [LinkStatsCollector] Auto-registering unknown link: Switch: Denver->host_Denver
[17:03:44.930] [t=    5.00] [WARN ] [LinkStatsCollector] Auto-registering unknown link: host_Indianapolis->Switch: Indianapolis
[17:03:44.930] [t=    5.00] [WARN ] [LinkStatsCollector] Auto-registering unknown link: Switch: Indianapolis->host_Indianapolis
[17:03:44.940] [t=    5.00] [WARN ] [LinkStatsCollector] Auto-registering unknown link: host_Atlanta->Switch: Atlanta
[17:03:44.941] [t=    5.00] [WARN ] [LinkStatsCollector] Auto-registering unknown link: Switch: Atlanta->host_Atlanta
[17:03:44.942] [t=    5.00] [WARN ] [LinkStatsCollector] Auto-registering unknown link: Switch: Jacksonville->Switch: Atlanta
[17:03:44.942] [t=    5.00] [WARN ] [LinkStatsCollector] Auto-registering unknown link: Switch: Atlanta->Switch: Jacksonville
[17:03:44.942] [t=    5.00] [WARN ] [LinkStatsCollector] Auto-registering unknown link: host_Washington->Switch: Washington
[17:03:44.942] [t=    5.00] [WARN ] [LinkStatsCollector] Auto-registering unknown link: Switch: Washington->host_Washington
[17:03:44.943] [t=    5.00] [WARN ] [LinkStatsCollector] Auto-registering unknown link: host_NewYork->Switch: NewYork
[17:03:44.943] [t=    5.00] [WARN ] [LinkStatsCollector] Auto-registering unknown link: Switch: NewYork->host_NewYork
[17:03:44.944] [t=    5.00] [WARN ] [LinkStatsCollector] Auto-registering unknown link: host_Chicago->Switch: Chicago
[17:03:44.944] [t=    5.00] [WARN ] [LinkStatsCollector] Auto-registering unknown link: Switch: Chicago->host_Chicago
[17:03:44.944] [t=    5.00] [WARN ] [LinkStatsCollector] Auto-registering unknown link: Switch: Atlanta->Switch: Houston
[17:03:44.945] [t=    5.00] [WARN ] [LinkStatsCollector] Auto-registering unknown link: Switch: Houston->Switch: Atlanta
[17:03:44.945] [t=    5.00] [WARN ] [LinkStatsCollector] Auto-registering unknown link: Switch: Denver->Switch: Sunnyvale
[17:03:44.946] [t=    5.00] [WARN ] [LinkStatsCollector] Auto-registering unknown link: Switch: Sunnyvale->Switch: Denver
[17:03:44.946] [t=    5.00] [WARN ] [LinkStatsCollector] Auto-registering unknown link: Switch: Denver->Switch: Seattle
[17:03:44.947] [t=    5.00] [WARN ] [LinkStatsCollector] Auto-registering unknown link: Switch: Seattle->Switch: Denver
[17:03:44.947] [t=    5.00] [WARN ] [LinkStatsCollector] Auto-registering unknown link: Switch: Washington->Switch: Indianapolis
[17:03:44.947] [t=    5.00] [WARN ] [LinkStatsCollector] Auto-registering unknown link: Switch: Indianapolis->Switch: Washington
[17:03:44.947] [t=    5.00] [WARN ] [LinkStatsCollector] Auto-registering unknown link: Switch: NewYork->Switch: Washington
[17:03:44.948] [t=    5.00] [WARN ] [LinkStatsCollector] Auto-registering unknown link: Switch: Washington->Switch: NewYork
[17:03:44.949] [t=    5.00] [WARN ] [LinkStatsCollector] Auto-registering unknown link: Switch: NewYork->Switch: Chicago
[17:03:44.949] [t=    5.00] [WARN ] [LinkStatsCollector] Auto-registering unknown link: Switch: Chicago->Switch: NewYork
[17:03:44.949] [t=    5.00] [WARN ] [LinkStatsCollector] Auto-registering unknown link: Switch: Sunnyvale->Switch: Seattle
[17:03:44.949] [t=    5.00] [WARN ] [LinkStatsCollector] Auto-registering unknown link: Switch: Seattle->Switch: Sunnyvale
[17:03:44.950] [t=    5.00] [WARN ] [LinkStatsCollector] Auto-registering unknown link: Switch: Jacksonville->Switch: Houston
[17:03:44.950] [t=    5.00] [WARN ] [LinkStatsCollector] Auto-registering unknown link: Switch: Houston->Switch: Jacksonville
[17:03:44.951] [t=    5.00] [WARN ] [LinkStatsCollector] Auto-registering unknown link: host_LosAngeles->Switch: LosAngeles
[17:03:44.951] [t=    5.00] [WARN ] [LinkStatsCollector] Auto-registering unknown link: Switch: LosAngeles->host_LosAngeles
[17:03:44.951] [t=    5.00] [WARN ] [LinkStatsCollector] Auto-registering unknown link: Switch: Chicago->Switch: KansasCity
[17:03:44.952] [t=    5.00] [WARN ] [LinkStatsCollector] Auto-registering unknown link: Switch: KansasCity->Switch: Chicago
[17:03:44.952] [t=    5.00] [WARN ] [LinkStatsCollector] Auto-registering unknown link: Switch: KansasCity->Switch: Denver
[17:03:44.953] [t=    5.00] [WARN ] [LinkStatsCollector] Auto-registering unknown link: Switch: Denver->Switch: KansasCity
[17:03:44.953] [t=    5.00] [WARN ] [LinkStatsCollector] Auto-registering unknown link: host_Jacksonville->Switch: Jacksonville
[17:03:44.953] [t=    5.00] [WARN ] [LinkStatsCollector] Auto-registering unknown link: Switch: Jacksonville->host_Jacksonville
[17:03:44.954] [t=    5.00] [WARN ] [LinkStatsCollector] Auto-registering unknown link: host_Houston->Switch: Houston
[17:03:44.954] [t=    5.00] [WARN ] [LinkStatsCollector] Auto-registering unknown link: Switch: Houston->host_Houston
[17:03:44.955] [t=    5.00] [WARN ] [LinkStatsCollector] Auto-registering unknown link: Switch: Washington->Switch: Atlanta
[17:03:44.955] [t=    5.00] [WARN ] [LinkStatsCollector] Auto-registering unknown link: Switch: Atlanta->Switch: Washington
[17:03:44.955] [t=    5.00] [WARN ] [LinkStatsCollector] Auto-registering unknown link: Switch: Atlanta->Switch: Indianapolis
[17:03:44.955] [t=    5.00] [WARN ] [LinkStatsCollector] Auto-registering unknown link: Switch: Indianapolis->Switch: Atlanta
[17:03:44.955] [t=    5.00] [WARN ] [LinkStatsCollector] Auto-registering unknown link: Switch: Houston->Switch: KansasCity
[17:03:44.956] [t=    5.00] [WARN ] [LinkStatsCollector] Auto-registering unknown link: Switch: KansasCity->Switch: Houston
[17:03:45.043] [t=    7.80] [DEBUG] [LatencyCollector] High queuing: flow=98, queue=0.4668s, serve=0.5000s, path=3 hops
[17:03:45.068] [t=   11.10] [WARN ] [LatencyCollector] Packet FAILED: flow=69, src=6->dst=3, waited=10.1000s
[17:03:45.069] [t=   11.10] [WARN ] [LatencyCollector] Packet FAILED: flow=61, src=5->dst=7, waited=10.8000s
[17:03:45.070] [t=   11.10] [WARN ] [LatencyCollector] Packet FAILED: flow=61, src=5->dst=7, waited=10.7000s
[17:03:45.071] [t=   11.30] [WARN ] [LatencyCollector] Packet FAILED: flow=69, src=6->dst=3, waited=10.2000s
[17:03:45.073] [t=   11.40] [WARN ] [LatencyCollector] Packet FAILED: flow=87, src=7->dst=11, waited=10.0000s
[17:03:45.073] [t=   11.40] [WARN ] [LatencyCollector] Packet FAILED: flow=61, src=5->dst=7, waited=10.0144s
[17:03:45.088] [t=   12.07] [WARN ] [LatencyCollector] Packet FAILED: flow=79, src=7->dst=2, waited=10.1950s
[17:03:45.092] [t=   12.52] [DEBUG] [LatencyCollector] High queuing: flow=49, queue=4.1028s, serve=4.4183s, path=3 hops
[17:03:45.093] [t=   12.52] [WARN ] [LatencyCollector] Packet FAILED: flow=64, src=5->dst=10, waited=10.0183s
[17:03:45.122] [t=   13.56] [WARN ] [LatencyCollector] Packet FAILED: flow=16, src=1->dst=6, waited=10.2603s
[17:03:45.123] [t=   13.80] [WARN ] [LatencyCollector] Packet FAILED: flow=22, src=2->dst=0, waited=10.2000s
[17:03:45.126] [t=   14.27] [DEBUG] [LatencyCollector] High queuing: flow=87, queue=4.8286s, serve=7.6697s, path=4 hops
[17:03:45.129] [t=   14.82] [DEBUG] [LatencyCollector] High queuing: flow=79, queue=7.2709s, serve=10.0236s, path=7 hops
[17:03:45.141] [t=   15.20] [WARN ] [LatencyCollector] Packet FAILED: flow=80, src=7->dst=3, waited=10.2000s
[17:03:45.142] [t=   15.20] [WARN ] [LatencyCollector] Packet FAILED: flow=35, src=3->dst=2, waited=10.2000s
[17:03:45.144] [t=   15.37] [DEBUG] [LatencyCollector] High queuing: flow=87, queue=6.7697s, serve=7.8686s, path=4 hops
[17:03:45.145] [t=   15.50] [WARN ] [LatencyCollector] Packet FAILED: flow=61, src=5->dst=7, waited=10.0014s
[17:03:45.147] [t=   16.30] [WARN ] [LatencyCollector] Packet FAILED: flow=125, src=11->dst=4, waited=10.0684s
[17:03:45.151] [t=   16.51] [WARN ] [LatencyCollector] Packet FAILED: flow=58, src=5->dst=3, waited=10.0107s
[17:03:45.152] [t=   16.80] [WARN ] [LatencyCollector] Packet FAILED: flow=1, src=0->dst=2, waited=10.1000s
[17:03:45.153] [t=   16.80] [WARN ] [LatencyCollector] Packet FAILED: flow=35, src=3->dst=2, waited=10.1000s
[17:03:45.153] [t=   16.80] [WARN ] [LatencyCollector] Packet FAILED: flow=99, src=9->dst=0, waited=10.1000s
[17:03:45.154] [t=   16.80] [WARN ] [LatencyCollector] Packet FAILED: flow=19, src=1->dst=9, waited=10.1000s
[17:03:45.155] [t=   17.40] [WARN ] [LatencyCollector] Packet FAILED: flow=58, src=5->dst=3, waited=10.1557s
[17:03:45.155] [t=   17.62] [WARN ] [LatencyCollector] Packet FAILED: flow=34, src=3->dst=1, waited=10.0244s
[17:03:45.158] [t=   18.36] [WARN ] [LatencyCollector] Packet FAILED: flow=99, src=9->dst=0, waited=10.5592s
[17:03:45.159] [t=   18.73] [DEBUG] [LatencyCollector] High queuing: flow=22, queue=1.0000s, serve=5.9350s, path=4 hops
[17:03:45.162] [t=   19.14] [DEBUG] [LatencyCollector] High queuing: flow=19, queue=7.2588s, serve=9.6017s, path=6 hops
[17:03:45.163] [t=   19.27] [DEBUG] [LatencyCollector] High queuing: flow=27, queue=6.2244s, serve=7.8656s, path=6 hops
[17:03:45.179] [t=   19.69] [DEBUG] [LatencyCollector] High queuing: flow=87, queue=3.5868s, serve=7.9050s, path=4 hops
[17:03:45.180] [t=   19.69] [WARN ] [LatencyCollector] Packet FAILED: flow=60, src=5->dst=6, waited=10.1456s
[17:03:45.193] [t=   20.67] [WARN ] [LatencyCollector] Packet FAILED: flow=61, src=5->dst=7, waited=10.5750s
[17:03:45.194] [t=   20.67] [WARN ] [LatencyCollector] Packet FAILED: flow=105, src=9->dst=6, waited=10.5750s
[17:03:45.197] [t=   21.10] [WARN ] [LatencyCollector] Packet FAILED: flow=56, src=5->dst=1, waited=10.0000s
[17:03:45.202] [t=   22.70] [WARN ] [LatencyCollector] Packet FAILED: flow=70, src=6->dst=4, waited=11.1000s
[17:03:45.203] [t=   22.76] [DEBUG] [LatencyCollector] High queuing: flow=61, queue=5.3750s, serve=7.4592s, path=4 hops
[17:03:45.204] [t=   23.60] [WARN ] [LatencyCollector] Packet FAILED: flow=16, src=1->dst=6, waited=10.0000s
[17:03:45.204] [t=   23.60] [WARN ] [LatencyCollector] Packet FAILED: flow=67, src=6->dst=1, waited=10.7000s
[17:03:45.205] [t=   23.60] [WARN ] [LatencyCollector] Packet FAILED: flow=124, src=11->dst=3, waited=10.7000s
[17:03:45.205] [t=   24.10] [WARN ] [LatencyCollector] Packet FAILED: flow=75, src=6->dst=10, waited=10.3000s
[17:03:45.207] [t=   24.10] [WARN ] [LatencyCollector] Packet FAILED: flow=124, src=11->dst=3, waited=10.1000s
[17:03:45.257] [t=   25.30] [WARN ] [LatencyCollector] Packet FAILED: flow=85, src=7->dst=9, waited=10.1000s
[17:03:45.266] [t=   25.40] [WARN ] [LatencyCollector] Packet FAILED: flow=124, src=11->dst=3, waited=10.1000s
[17:03:45.271] [t=   25.56] [DEBUG] [LatencyCollector] High queuing: flow=85, queue=8.8000s, serve=9.0620s, path=3 hops
[17:03:45.273] [t=   25.56] [WARN ] [LatencyCollector] Packet FAILED: flow=22, src=2->dst=0, waited=10.0620s
[17:03:45.278] [t=   26.74] [WARN ] [LatencyCollector] Packet FAILED: flow=70, src=6->dst=4, waited=10.4388s
[17:03:45.279] [t=   26.74] [DEBUG] [LatencyCollector] High queuing: flow=22, queue=8.1620s, serve=9.3388s, path=4 hops
[17:03:45.282] [t=   26.74] [WARN ] [LatencyCollector] Packet FAILED: flow=91, src=8->dst=3, waited=10.0388s
[17:03:45.284] [t=   26.86] [WARN ] [LatencyCollector] Packet FAILED: flow=85, src=7->dst=9, waited=10.0600s
[17:03:45.284] [t=   26.86] [DEBUG] [LatencyCollector] High queuing: flow=67, queue=4.4000s, serve=7.6600s, path=5 hops
[17:03:45.287] [t=   27.60] [WARN ] [LatencyCollector] Packet FAILED: flow=79, src=7->dst=2, waited=10.2000s
[17:03:45.287] [t=   27.70] [WARN ] [LatencyCollector] Packet FAILED: flow=86, src=7->dst=10, waited=10.0756s
[17:03:45.288] [t=   27.80] [WARN ] [LatencyCollector] Packet FAILED: flow=86, src=7->dst=10, waited=10.1000s
[17:03:45.292] [t=   29.40] [WARN ] [LatencyCollector] Packet FAILED: flow=32, src=2->dst=11, waited=10.2571s
[17:03:45.293] [t=   29.40] [WARN ] [LatencyCollector] Packet FAILED: flow=19, src=1->dst=9, waited=10.6000s
[17:03:45.294] [t=   29.40] [DEBUG] [LatencyCollector] High queuing: flow=99, queue=2.3014s, serve=6.7046s, path=6 hops
[17:03:45.297] [t=   29.83] [DEBUG] [LatencyCollector] High queuing: flow=85, queue=5.3600s, serve=8.3292s, path=3 hops
[17:03:45.297] [t=   29.83] [WARN ] [LatencyCollector] Packet FAILED: flow=79, src=7->dst=2, waited=10.1424s
[17:03:45.305] [t=   30.90] [WARN ] [LatencyCollector] Packet FAILED: flow=22, src=2->dst=0, waited=10.2250s
[17:03:45.306] [t=   31.20] [WARN ] [LatencyCollector] Packet FAILED: flow=34, src=3->dst=1, waited=10.1000s
[17:03:45.307] [t=   31.41] [WARN ] [LatencyCollector] Packet FAILED: flow=0, src=0->dst=1, waited=10.1122s
[17:03:45.308] [t=   31.41] [DEBUG] [LatencyCollector] High queuing: flow=86, queue=1.0000s, serve=4.6122s, path=4 hops
[17:03:45.308] [t=   31.41] [WARN ] [LatencyCollector] Packet FAILED: flow=58, src=5->dst=3, waited=10.0122s
[17:03:45.309] [t=   31.61] [DEBUG] [LatencyCollector] High queuing: flow=22, queue=7.3592s, serve=8.0122s, path=4 hops
[17:03:45.329] [t=   32.04] [DEBUG] [LatencyCollector] High queuing: flow=99, queue=4.1412s, serve=6.7371s, path=6 hops
[17:03:45.333] [t=   33.00] [WARN ] [LatencyCollector] Packet FAILED: flow=1, src=0->dst=2, waited=10.3000s
[17:03:45.333] [t=   33.00] [WARN ] [LatencyCollector] Packet FAILED: flow=21, src=1->dst=11, waited=10.2000s
[17:03:45.343] [t=   33.60] [DEBUG] [LatencyCollector] High queuing: flow=22, queue=6.6539s, serve=8.5957s, path=4 hops
[17:03:45.344] [t=   33.81] [DEBUG] [LatencyCollector] High queuing: flow=22, queue=5.8956s, serve=6.1092s, path=4 hops
[17:03:45.347] [t=   34.03] [DEBUG] [LatencyCollector] High queuing: flow=22, queue=2.9714s, serve=3.1348s, path=4 hops
[17:03:45.364] [t=   35.15] [WARN ] [LatencyCollector] Packet FAILED: flow=19, src=1->dst=9, waited=10.0504s
[17:03:45.366] [t=   36.10] [WARN ] [LatencyCollector] Packet FAILED: flow=16, src=1->dst=6, waited=10.7000s
[17:03:45.373] [t=   36.67] [DEBUG] [LatencyCollector] High queuing: flow=98, queue=5.0579s, serve=5.2545s, path=3 hops
[17:03:45.380] [t=   36.77] [DEBUG] [LatencyCollector] High queuing: flow=98, queue=2.9746s, serve=3.0667s, path=3 hops
[17:03:45.384] [t=   37.90] [WARN ] [LatencyCollector] Packet FAILED: flow=34, src=3->dst=1, waited=10.3000s
[17:03:45.385] [t=   38.80] [WARN ] [LatencyCollector] Packet FAILED: flow=65, src=5->dst=11, waited=10.2443s
[17:03:45.385] [t=   38.80] [WARN ] [LatencyCollector] Packet FAILED: flow=45, src=4->dst=1, waited=10.2443s
[17:03:45.388] [t=   39.70] [WARN ] [LatencyCollector] Packet FAILED: flow=70, src=6->dst=4, waited=10.0877s
[17:03:45.420] [t=   41.04] [WARN ] [LatencyCollector] Packet FAILED: flow=1, src=0->dst=2, waited=10.6393s
[17:03:45.427] [t=   41.04] [WARN ] [LatencyCollector] Packet FAILED: flow=91, src=8->dst=3, waited=10.5393s
[17:03:45.428] [t=   41.04] [WARN ] [LatencyCollector] Packet FAILED: flow=79, src=7->dst=2, waited=11.0393s
[17:03:45.429] [t=   41.70] [WARN ] [LatencyCollector] Packet FAILED: flow=67, src=6->dst=1, waited=10.4000s
[17:03:45.431] [t=   41.70] [WARN ] [LatencyCollector] Packet FAILED: flow=56, src=5->dst=1, waited=10.5000s
[17:03:45.434] [t=   42.07] [WARN ] [LatencyCollector] Packet FAILED: flow=56, src=5->dst=1, waited=10.0676s
[17:03:45.435] [t=   42.17] [DEBUG] [LatencyCollector] High queuing: flow=14, queue=0.4025s, serve=0.4676s, path=4 hops
[17:03:45.436] [t=   42.27] [DEBUG] [LatencyCollector] High queuing: flow=22, queue=2.1774s, serve=3.3676s, path=4 hops
[17:03:45.436] [t=   42.87] [WARN ] [LatencyCollector] Packet FAILED: flow=61, src=5->dst=7, waited=10.2674s
[17:03:45.436] [t=   42.87] [WARN ] [LatencyCollector] Packet FAILED: flow=56, src=5->dst=1, waited=10.5674s
[17:03:45.437] [t=   42.87] [WARN ] [LatencyCollector] Packet FAILED: flow=99, src=9->dst=0, waited=10.2748s
[17:03:45.438] [t=   43.60] [WARN ] [LatencyCollector] Packet FAILED: flow=49, src=4->dst=6, waited=10.5272s
[17:03:45.438] [t=   43.60] [WARN ] [LatencyCollector] Packet FAILED: flow=87, src=7->dst=11, waited=10.3000s
[17:03:45.439] [t=   43.60] [WARN ] [LatencyCollector] Packet FAILED: flow=87, src=7->dst=11, waited=10.1000s
[17:03:45.439] [t=   43.60] [WARN ] [LatencyCollector] Packet FAILED: flow=61, src=5->dst=7, waited=10.5273s
[17:03:45.442] [t=   44.50] [WARN ] [LatencyCollector] Packet FAILED: flow=125, src=11->dst=4, waited=10.1000s
[17:03:45.445] [t=   44.71] [DEBUG] [LatencyCollector] High queuing: flow=49, queue=6.9000s, serve=8.0091s, path=3 hops
[17:03:45.452] [t=   45.00] [WARN ] [LatencyCollector] Packet FAILED: flow=79, src=7->dst=2, waited=10.1000s
[17:03:45.453] [t=   45.10] [WARN ] [LatencyCollector] Packet FAILED: flow=77, src=7->dst=0, waited=10.1000s
[17:03:45.485] [t=   45.46] [DEBUG] [SDNDatacenter  ] Pkt #100: flow=18, serve=0.4645s, prop=0.0000s, tx=0.4645s, queue=0.0000s, path=6
[17:03:45.488] [t=   46.17] [WARN ] [LatencyCollector] Packet FAILED: flow=61, src=5->dst=7, waited=10.0750s
[17:03:45.489] [t=   46.17] [WARN ] [LatencyCollector] Packet FAILED: flow=77, src=7->dst=0, waited=10.0750s
[17:03:45.490] [t=   46.31] [WARN ] [LatencyCollector] Packet FAILED: flow=86, src=7->dst=10, waited=10.1085s
[17:03:45.491] [t=   46.31] [DEBUG] [LatencyCollector] High queuing: flow=77, queue=0.7104s, serve=0.8440s, path=5 hops
[17:03:45.491] [t=   46.31] [WARN ] [LatencyCollector] Packet FAILED: flow=32, src=2->dst=11, waited=10.1085s
[17:03:45.492] [t=   46.40] [WARN ] [LatencyCollector] Packet FAILED: flow=65, src=5->dst=11, waited=10.0300s
[17:03:45.495] [t=   47.85] [DEBUG] [LatencyCollector] High queuing: flow=32, queue=1.5085s, serve=2.9515s, path=5 hops
[17:03:45.495] [t=   48.02] [WARN ] [LatencyCollector] Packet FAILED: flow=49, src=4->dst=6, waited=10.1158s
[17:03:45.499] [t=   48.35] [DEBUG] [LatencyCollector] High queuing: flow=13, queue=2.1655s, serve=2.2486s, path=3 hops
[17:03:45.500] [t=   48.60] [WARN ] [LatencyCollector] Packet FAILED: flow=105, src=9->dst=6, waited=10.1197s
[17:03:45.501] [t=   48.60] [WARN ] [LatencyCollector] Packet FAILED: flow=64, src=5->dst=10, waited=10.2000s
[17:03:45.502] [t=   48.99] [DEBUG] [LatencyCollector] High queuing: flow=13, queue=0.5595s, serve=1.1335s, path=3 hops
[17:03:45.506] [t=   49.50] [WARN ] [LatencyCollector] Packet FAILED: flow=75, src=6->dst=10, waited=10.2000s
[17:03:45.512] [t=   49.80] [WARN ] [LatencyCollector] Packet FAILED: flow=85, src=7->dst=9, waited=10.1000s
[17:03:45.513] [t=   49.97] [DEBUG] [LatencyCollector] High queuing: flow=85, queue=3.6250s, serve=3.7973s, path=3 hops
[17:03:45.515] [t=   49.97] [WARN ] [LatencyCollector] Packet FAILED: flow=61, src=5->dst=7, waited=10.1723s
[17:03:45.529] [t=   50.07] [WARN ] [LatencyCollector] Packet FAILED: flow=35, src=3->dst=2, waited=10.0723s
[17:03:45.531] [t=   50.17] [DEBUG] [LatencyCollector] High queuing: flow=85, queue=1.8886s, serve=2.0723s, path=3 hops
[17:03:45.532] [t=   50.99] [DEBUG] [LatencyCollector] High queuing: flow=85, queue=0.1710s, serve=0.8896s, path=3 hops
[17:03:45.532] [t=   50.99] [DEBUG] [LatencyCollector] High queuing: flow=105, queue=0.9194s, serve=3.2896s, path=5 hops
[17:03:45.533] [t=   51.28] [DEBUG] [LatencyCollector] High queuing: flow=61, queue=6.2723s, serve=7.5791s, path=4 hops
[17:03:45.533] [t=   51.48] [DEBUG] [LatencyCollector] High queuing: flow=102, queue=6.8134s, serve=6.8791s, path=6 hops
[17:03:45.534] [t=   52.10] [WARN ] [LatencyCollector] Packet FAILED: flow=98, src=8->dst=11, waited=10.1324s
[17:03:45.534] [t=   52.20] [DEBUG] [LatencyCollector] High queuing: flow=98, queue=8.1721s, serve=8.2291s, path=3 hops
[17:03:45.537] [t=   52.87] [DEBUG] [LatencyCollector] High queuing: flow=98, queue=8.0000s, serve=8.6673s, path=3 hops
[17:03:45.537] [t=   52.99] [DEBUG] [LatencyCollector] High queuing: flow=98, queue=8.1673s, serve=8.2857s, path=3 hops
[17:03:45.567] [t=   53.49] [DEBUG] [LatencyCollector] High queuing: flow=105, queue=2.0074s, serve=4.5020s, path=5 hops
[17:03:45.601] [t=   54.80] [WARN ] [LatencyCollector] Packet FAILED: flow=1, src=0->dst=2, waited=10.3000s
[17:03:45.616] [t=   56.53] [WARN ] [LatencyCollector] Packet FAILED: flow=98, src=8->dst=11, waited=10.1303s
[17:03:45.618] [t=   56.53] [WARN ] [LatencyCollector] Packet FAILED: flow=61, src=5->dst=7, waited=10.3303s
[17:03:45.618] [t=   56.53] [WARN ] [LatencyCollector] Packet FAILED: flow=61, src=5->dst=7, waited=10.0303s
[17:03:45.619] [t=   56.91] [DEBUG] [LatencyCollector] High queuing: flow=22, queue=3.0579s, serve=8.3063s, path=4 hops
[17:03:45.620] [t=   57.50] [WARN ] [LatencyCollector] Packet FAILED: flow=61, src=5->dst=7, waited=10.1000s
[17:03:45.622] [t=   57.96] [DEBUG] [LatencyCollector] High queuing: flow=22, queue=6.8339s, serve=7.8872s, path=4 hops
[17:03:45.624] [t=   58.23] [DEBUG] [LatencyCollector] High queuing: flow=22, queue=5.4595s, serve=5.7278s, path=4 hops
[17:03:45.625] [t=   58.84] [WARN ] [LatencyCollector] Packet FAILED: flow=124, src=11->dst=3, waited=10.0427s
[17:03:45.626] [t=   58.97] [WARN ] [LatencyCollector] Packet FAILED: flow=34, src=3->dst=1, waited=10.0889s
[17:03:45.626] [t=   58.97] [DEBUG] [LatencyCollector] High queuing: flow=22, queue=3.9278s, serve=4.6739s, path=4 hops
[17:03:45.627] [t=   59.07] [DEBUG] [LatencyCollector] High queuing: flow=22, queue=1.3881s, serve=1.4739s, path=4 hops
[17:03:45.628] [t=   59.36] [DEBUG] [LatencyCollector] High queuing: flow=22, queue=1.1739s, serve=1.4584s, path=4 hops
[17:03:45.629] [t=   59.60] [WARN ] [LatencyCollector] Packet FAILED: flow=69, src=6->dst=3, waited=10.1000s
[17:03:45.634] [t=   60.00] [WARN ] [LatencyCollector] Packet FAILED: flow=32, src=2->dst=11, waited=10.2000s
[17:03:45.635] [t=   60.20] [WARN ] [LatencyCollector] Packet FAILED: flow=98, src=8->dst=11, waited=10.2000s
[17:03:45.635] [t=   60.30] [WARN ] [LatencyCollector] Packet FAILED: flow=67, src=6->dst=1, waited=10.1000s
[17:03:45.637] [t=   60.63] [DEBUG] [LatencyCollector] High queuing: flow=98, queue=9.3104s, serve=9.7391s, path=3 hops
[17:03:45.638] [t=   60.78] [DEBUG] [LatencyCollector] High queuing: flow=98, queue=1.0287s, serve=1.1810s, path=3 hops
[17:03:45.638] [t=   60.78] [WARN ] [LatencyCollector] Packet FAILED: flow=35, src=3->dst=2, waited=10.0810s
[17:03:45.639] [t=   60.88] [DEBUG] [LatencyCollector] High queuing: flow=98, queue=1.1006s, serve=1.1810s, path=3 hops
[17:03:45.658] [t=   62.30] [WARN ] [LatencyCollector] Packet FAILED: flow=61, src=5->dst=7, waited=10.2000s
[17:03:45.659] [t=   62.30] [WARN ] [LatencyCollector] Packet FAILED: flow=99, src=9->dst=0, waited=10.1000s
[17:03:45.660] [t=   62.80] [WARN ] [LatencyCollector] Packet FAILED: flow=126, src=11->dst=5, waited=10.2512s
[17:03:45.661] [t=   62.80] [WARN ] [LatencyCollector] Packet FAILED: flow=67, src=6->dst=1, waited=10.2512s
[17:03:45.665] [t=   63.40] [WARN ] [LatencyCollector] Packet FAILED: flow=80, src=7->dst=3, waited=10.2000s
[17:03:45.674] [t=   64.40] [WARN ] [LatencyCollector] Packet FAILED: flow=61, src=5->dst=7, waited=10.2000s
[17:03:45.682] [t=   65.00] [WARN ] [LatencyCollector] Packet FAILED: flow=61, src=5->dst=7, waited=10.2000s
[17:03:45.683] [t=   65.00] [WARN ] [LatencyCollector] Packet FAILED: flow=67, src=6->dst=1, waited=10.1000s
[17:03:45.686] [t=   65.88] [DEBUG] [LatencyCollector] High queuing: flow=22, queue=0.1415s, serve=0.4768s, path=4 hops
[17:03:45.687] [t=   66.50] [WARN ] [LatencyCollector] Packet FAILED: flow=0, src=0->dst=1, waited=10.3976s
[17:03:45.687] [t=   66.50] [WARN ] [LatencyCollector] Packet FAILED: flow=16, src=1->dst=6, waited=10.5976s
[17:03:45.689] [t=   66.70] [WARN ] [LatencyCollector] Packet FAILED: flow=61, src=5->dst=7, waited=10.1697s
[17:03:45.689] [t=   66.70] [WARN ] [LatencyCollector] Packet FAILED: flow=99, src=9->dst=0, waited=10.1697s
[17:03:45.691] [t=   66.89] [DEBUG] [LatencyCollector] High queuing: flow=67, queue=7.0405s, serve=8.8294s, path=5 hops
[17:03:45.694] [t=   67.70] [WARN ] [LatencyCollector] Packet FAILED: flow=69, src=6->dst=3, waited=10.2000s
[17:03:45.695] [t=   67.90] [WARN ] [LatencyCollector] Packet FAILED: flow=16, src=1->dst=6, waited=10.1000s
[17:03:45.696] [t=   68.40] [WARN ] [LatencyCollector] Packet FAILED: flow=70, src=6->dst=4, waited=10.4000s
[17:03:45.696] [t=   68.40] [WARN ] [LatencyCollector] Packet FAILED: flow=61, src=5->dst=7, waited=10.3405s
[17:03:45.697] [t=   69.18] [WARN ] [LatencyCollector] Packet FAILED: flow=80, src=7->dst=3, waited=10.0783s
[17:03:45.698] [t=   69.40] [DEBUG] [LatencyCollector] High queuing: flow=16, queue=4.2000s, serve=5.7007s, path=5 hops
[17:03:45.698] [t=   69.40] [WARN ] [LatencyCollector] Packet FAILED: flow=35, src=3->dst=2, waited=10.0007s
[17:03:45.723] [t=   70.09] [DEBUG] [LatencyCollector] High queuing: flow=61, queue=8.1000s, serve=9.7903s, path=4 hops
[17:03:45.724] [t=   70.37] [DEBUG] [LatencyCollector] High queuing: flow=80, queue=7.3782s, serve=8.5745s, path=5 hops
[17:03:45.725] [t=   71.20] [WARN ] [LatencyCollector] Packet FAILED: flow=32, src=2->dst=11, waited=10.5000s
[17:03:45.725] [t=   71.60] [WARN ] [LatencyCollector] Packet FAILED: flow=85, src=7->dst=9, waited=10.1000s
[17:03:45.725] [t=   71.60] [WARN ] [LatencyCollector] Packet FAILED: flow=58, src=5->dst=3, waited=10.1000s
[17:03:45.726] [t=   71.79] [DEBUG] [LatencyCollector] High queuing: flow=85, queue=8.8000s, serve=8.9924s, path=3 hops
[17:03:45.726] [t=   71.79] [WARN ] [LatencyCollector] Packet FAILED: flow=126, src=11->dst=5, waited=10.1924s
[17:03:45.727] [t=   71.79] [WARN ] [LatencyCollector] Packet FAILED: flow=35, src=3->dst=2, waited=10.1924s
[17:03:45.727] [t=   71.90] [WARN ] [LatencyCollector] Packet FAILED: flow=99, src=9->dst=0, waited=10.1000s
[17:03:45.728] [t=   72.10] [WARN ] [LatencyCollector] Packet FAILED: flow=61, src=5->dst=7, waited=10.1000s
[17:03:45.729] [t=   72.82] [WARN ] [LatencyCollector] Packet FAILED: flow=61, src=5->dst=7, waited=10.0109s
[17:03:45.731] [t=   73.60] [WARN ] [LatencyCollector] Packet FAILED: flow=35, src=3->dst=2, waited=10.1968s
[17:03:45.731] [t=   73.70] [DEBUG] [LatencyCollector] High queuing: flow=58, queue=6.8932s, serve=8.8968s, path=4 hops
[17:03:45.734] [t=   74.30] [WARN ] [LatencyCollector] Packet FAILED: flow=126, src=11->dst=5, waited=10.2338s
[17:03:45.741] [t=   75.00] [WARN ] [LatencyCollector] Packet FAILED: flow=85, src=7->dst=9, waited=10.2101s
[17:03:45.741] [t=   75.00] [WARN ] [LatencyCollector] Packet FAILED: flow=61, src=5->dst=7, waited=10.5000s
[17:03:45.741] [t=   75.00] [WARN ] [LatencyCollector] Packet FAILED: flow=105, src=9->dst=6, waited=10.4000s
[17:03:45.742] [t=   75.00] [WARN ] [LatencyCollector] Packet FAILED: flow=99, src=9->dst=0, waited=10.6000s
[17:03:45.742] [t=   75.00] [WARN ] [LatencyCollector] Packet FAILED: flow=19, src=1->dst=9, waited=10.2000s
[17:03:45.744] [t=   75.15] [DEBUG] [LatencyCollector] High queuing: flow=85, queue=6.6328s, serve=6.7513s, path=3 hops
[17:03:45.745] [t=   75.37] [WARN ] [LatencyCollector] Packet FAILED: flow=80, src=7->dst=3, waited=10.0682s
[17:03:45.747] [t=   76.53] [WARN ] [LatencyCollector] Packet FAILED: flow=87, src=7->dst=11, waited=10.0372s
[17:03:45.747] [t=   76.53] [WARN ] [LatencyCollector] Packet FAILED: flow=67, src=6->dst=1, waited=10.0349s
[17:03:45.748] [t=   76.63] [DEBUG] [LatencyCollector] High queuing: flow=61, queue=3.8691s, serve=5.4348s, path=4 hops
[17:03:45.748] [t=   77.50] [WARN ] [LatencyCollector] Packet FAILED: flow=80, src=7->dst=3, waited=10.8000s
[17:03:45.749] [t=   79.00] [WARN ] [LatencyCollector] Packet FAILED: flow=69, src=6->dst=3, waited=10.2000s
[17:03:45.750] [t=   79.00] [WARN ] [LatencyCollector] Packet FAILED: flow=105, src=9->dst=6, waited=10.5000s
[17:03:45.750] [t=   79.00] [WARN ] [LatencyCollector] Packet FAILED: flow=32, src=2->dst=11, waited=11.0000s
[17:03:45.750] [t=   79.00] [WARN ] [LatencyCollector] Packet FAILED: flow=19, src=1->dst=9, waited=10.6000s
[17:03:45.751] [t=   79.33] [DEBUG] [LatencyCollector] High queuing: flow=87, queue=4.7348s, serve=7.5335s, path=4 hops
[17:03:45.767] [t=   80.50] [WARN ] [LatencyCollector] Packet FAILED: flow=32, src=2->dst=11, waited=10.4000s
[17:03:45.770] [t=   82.04] [WARN ] [LatencyCollector] Packet FAILED: flow=1, src=0->dst=2, waited=10.2432s
[17:03:45.770] [t=   82.04] [WARN ] [LatencyCollector] Packet FAILED: flow=80, src=7->dst=3, waited=10.1432s
[17:03:45.771] [t=   82.26] [WARN ] [LatencyCollector] Packet FAILED: flow=98, src=8->dst=11, waited=10.0650s
[17:03:45.771] [t=   82.26] [DEBUG] [LatencyCollector] High queuing: flow=22, queue=2.5432s, serve=2.7650s, path=4 hops
[17:03:45.771] [t=   82.26] [WARN ] [LatencyCollector] Packet FAILED: flow=61, src=5->dst=7, waited=10.1650s
[17:03:45.773] [t=   82.86] [WARN ] [LatencyCollector] Packet FAILED: flow=38, src=3->dst=6, waited=10.5635s
[17:03:45.773] [t=   82.86] [WARN ] [LatencyCollector] Packet FAILED: flow=1, src=0->dst=2, waited=10.1467s
[17:03:45.773] [t=   82.86] [WARN ] [LatencyCollector] Packet FAILED: flow=80, src=7->dst=3, waited=10.2635s
[17:03:45.775] [t=   82.86] [DEBUG] [LatencyCollector] High queuing: flow=105, queue=3.2000s, serve=7.0635s, path=5 hops
[17:03:45.776] [t=   82.86] [WARN ] [LatencyCollector] Packet FAILED: flow=99, src=9->dst=0, waited=10.5635s
[17:03:45.777] [t=   84.24] [WARN ] [LatencyCollector] Packet FAILED: flow=61, src=5->dst=7, waited=10.4410s
[17:03:45.777] [t=   84.24] [WARN ] [LatencyCollector] Packet FAILED: flow=99, src=9->dst=0, waited=10.3699s
[17:03:45.785] [t=   85.00] [WARN ] [LatencyCollector] Packet FAILED: flow=61, src=5->dst=7, waited=10.7000s
[17:03:45.786] [t=   86.22] [WARN ] [LatencyCollector] Packet FAILED: flow=33, src=3->dst=0, waited=10.1755s
[17:03:45.787] [t=   86.22] [DEBUG] [LatencyCollector] High queuing: flow=87, queue=0.3335s, serve=7.2159s, path=4 hops
[17:03:45.787] [t=   86.22] [WARN ] [LatencyCollector] Packet FAILED: flow=86, src=7->dst=10, waited=10.1159s
[17:03:45.788] [t=   86.22] [WARN ] [LatencyCollector] Packet FAILED: flow=38, src=3->dst=6, waited=10.2159s
[17:03:45.789] [t=   86.22] [WARN ] [LatencyCollector] Packet FAILED: flow=77, src=7->dst=0, waited=10.0159s
[17:03:45.789] [t=   88.91] [WARN ] [LatencyCollector] Packet FAILED: flow=61, src=5->dst=7, waited=11.4072s
[17:03:45.790] [t=   88.91] [DEBUG] [LatencyCollector] High queuing: flow=105, queue=4.9635s, serve=11.0073s, path=5 hops
[17:03:45.797] [t=   90.00] [WARN ] [LatencyCollector] Packet FAILED: flow=75, src=6->dst=10, waited=10.3000s
[17:03:45.799] [t=   90.00] [WARN ] [LatencyCollector] Packet FAILED: flow=60, src=5->dst=6, waited=10.1000s
[17:03:45.799] [t=   91.01] [WARN ] [LatencyCollector] Packet FAILED: flow=61, src=5->dst=7, waited=10.5072s
[17:03:45.800] [t=   91.01] [WARN ] [LatencyCollector] Packet FAILED: flow=61, src=5->dst=7, waited=10.1826s
[17:03:45.812] [t=    0.00] [INFO ] [TrainingRunner ] Simulation complete: 95.00 sim seconds, 5917 ms wall clock
[17:03:45.813] [t=    0.00] [INFO ] [TrainingRunner ] Exporting results...
[17:03:45.826] [t=    0.00] [INFO ] [LatencyCollector] Exported episode summary to training_outputs\episodes\ep_0255/episode_summary.json
[17:03:45.835] [t=    0.00] [INFO ] [LatencyCollector] Exported flow summary to training_outputs\episodes\ep_0255/flow_summary.csv
[17:03:45.843] [t=    0.00] [INFO ] [LinkStatsCollector] Exported 60 link stats to training_outputs\episodes\ep_0255/link_stats.csv
[17:03:45.844] [t=    0.00] [INFO ] [SECTION        ] ======================================================================
[17:03:45.845] [t=    0.00] [INFO ] [SECTION        ]   LATENCY STATISTICS SUMMARY
[17:03:45.845] [t=    0.00] [INFO ] [SECTION        ] ======================================================================
[17:03:45.845] [t=    0.00] [INFO ] [LatencyCollector] === Global Statistics ===
[17:03:45.845] [t=    0.00] [INFO ] [LatencyCollector]   Total packets: 198
[17:03:45.845] [t=    0.00] [INFO ] [LatencyCollector]   Failed packets: 159
[17:03:45.845] [t=    0.00] [INFO ] [LatencyCollector]   Avg queuing delay: 1.396863 s
[17:03:45.845] [t=    0.00] [INFO ] [LatencyCollector]   Max queuing delay: 9.310367 s
[17:03:45.845] [t=    0.00] [INFO ] [LatencyCollector] === Critical vs Background ===
[17:03:45.846] [t=    0.00] [INFO ] [LatencyCollector]   Critical flows: 12 packets, avg queuing = 0.251602 s
[17:03:45.846] [t=    0.00] [INFO ] [LatencyCollector]   Background flows: 186 packets, avg queuing = 1.470751 s
[17:03:45.846] [t=    0.00] [INFO ] [LinkStatsCollector] ========== Link Statistics Summary ==========
[17:03:45.846] [t=    0.00] [INFO ] [LinkStatsCollector] Total links tracked: 60
[17:03:45.846] [t=    0.00] [INFO ] [LinkStatsCollector] Episode duration: 90.00s
[17:03:45.846] [t=    0.00] [INFO ] [LinkStatsCollector] Bottleneck link: Switch: Houston->Switch: Atlanta (max_util=9.49%)
[17:03:45.847] [t=    0.00] [INFO ] [LinkStatsCollector] Links that exceeded 90.0% utilization: 0
[17:03:45.847] [t=    0.00] [INFO ] [LinkStatsCollector] Total congestion events: 0
[17:03:45.847] [t=    0.00] [INFO ] [LinkStatsCollector] Top 5 most utilized links:
[17:03:45.856] [t=    0.00] [INFO ] [LinkStatsCollector]   Switch: Houston->Switch: Atlanta: avg=1.75%, max=9.49%, events=0
[17:03:45.856] [t=    0.00] [INFO ] [LinkStatsCollector]   Switch: Denver->Switch: KansasCity: avg=2.48%, max=9.31%, events=0
[17:03:45.856] [t=    0.00] [INFO ] [LinkStatsCollector]   Switch: Sunnyvale->Switch: Denver: avg=2.21%, max=8.82%, events=0
[17:03:45.856] [t=    0.00] [INFO ] [LinkStatsCollector]   host_Sunnyvale->Switch: Sunnyvale: avg=1.52%, max=8.39%, events=0
[17:03:45.856] [t=    0.00] [INFO ] [LinkStatsCollector]   Switch: KansasCity->Switch: Houston: avg=0.76%, max=8.07%, events=0
[17:03:45.857] [t=    0.00] [INFO ] [TrainingRunner ] === EPISODE COMPLETE ===
[17:03:45.857] [t=    0.00] [INFO ] [TrainingRunner ] Output files:
[17:03:45.857] [t=    0.00] [INFO ] [TrainingRunner ]   training_outputs\episodes\ep_0255/episode_summary.json
[17:03:45.857] [t=    0.00] [INFO ] [TrainingRunner ]   training_outputs\episodes\ep_0255/flow_summary.csv
[17:03:45.857] [t=    0.00] [INFO ] [TrainingRunner ]   training_outputs\episodes\ep_0255/link_stats.csv
[17:03:45.857] [t=    0.00] [INFO ] [TrainingRunner ]   training_outputs\episodes\ep_0255/latency_results.csv

================================================================================
LOG ENDED: 2025-12-04 17:03:45
================================================================================
