================================================================================
CFR-RL DEBUG LOG
Started: 2025-12-07 00:41:51
Log file: C:\Users\saifk\CS370\Code\round2\cloudsimsdn\training_run2_fattree_0038_1272025_moretraffic\episodes\ep_0050\episode.log
================================================================================

Format: [WallClock] [SimTime] [Level] [Component] Message

[00:41:51.613] [t=    0.00] [INFO ] [TrainingRunner ] === EPISODE START (Fat-Tree k=4) ===
[00:41:51.613] [t=    0.00] [INFO ] [TrainingRunner ] Workload: training_run2_fattree_0038_1272025_moretraffic\episodes\ep_0050\workload.csv
[00:41:51.613] [t=    0.00] [INFO ] [TrainingRunner ] Critical flows: training_run2_fattree_0038_1272025_moretraffic\episodes\ep_0050\critical_flows.txt
[00:41:51.628] [t=    0.00] [INFO ] [TrainingRunner ] Output dir: training_run2_fattree_0038_1272025_moretraffic\episodes\ep_0050/
[00:41:51.630] [t=    0.00] [INFO ] [TrainingRunner ] Loaded 12 critical flows: [113, 162, 35, 133, 102, 135, 168, 153, 91, 11, 236, 95]
[00:41:51.630] [t=    0.00] [INFO ] [LatencyCollector] Initialized
[00:41:51.630] [t=    0.00] [INFO ] [LatencyCollector] Reset for new simulation
[00:41:51.630] [t=    0.00] [INFO ] [LinkStatsCollector] Reset for new episode
[00:41:51.630] [t=    0.00] [INFO ] [LatencyCollector] CSV export initialized: training_run2_fattree_0038_1272025_moretraffic\episodes\ep_0050/latency_results.csv
[00:41:51.630] [t=    0.00] [INFO ] [LatencyCollector] Critical flows updated: 12 flows
[00:41:51.662] [t=    0.00] [INFO ] [TrainingRunner ] Loading Fat-Tree topology: dataset-fattree/fattree-physical.json
[00:41:51.710] [t=    0.00] [INFO ] [TrainingRunner ] Physical topology loaded: 16 hosts
[00:41:51.714] [t=    0.00] [INFO ] [LinkPolicy     ] Created with K=12
[00:41:51.714] [t=    0.00] [INFO ] [LinkPolicy     ] Verbose logging: false
[00:41:51.714] [t=    0.00] [INFO ] [LinkPolicy     ] Updated critical flows: 12 total (added: [162, 35, 133, 102, 135, 168, 11, 236, 113, 153, 91, 95], removed: [])
[00:41:51.714] [t=    0.00] [INFO ] [TrainingRunner ] Critical flows set on policy
[00:41:51.722] [t=    0.00] [INFO ] [TrainingRunner ] Virtual topology deployed
[00:41:51.722] [t=    0.00] [INFO ] [TrainingRunner ] Submitting workload: training_run2_fattree_0038_1272025_moretraffic\episodes\ep_0050\workload.csv
[00:41:51.722] [t=    0.00] [INFO ] [TrainingRunner ] Starting simulation...
[00:41:51.887] [t=    5.00] [WARN ] [LinkStatsCollector] Auto-registering unknown link: Switch: e_1_1->Switch: a_1_0
[00:41:51.888] [t=    5.00] [WARN ] [LinkStatsCollector] Auto-registering unknown link: Switch: a_1_0->Switch: e_1_1
[00:41:51.889] [t=    5.00] [WARN ] [LinkStatsCollector] Auto-registering unknown link: h_0_0_1->Switch: e_0_0
[00:41:51.889] [t=    5.00] [WARN ] [LinkStatsCollector] Auto-registering unknown link: Switch: e_0_0->h_0_0_1
[00:41:51.889] [t=    5.00] [WARN ] [LinkStatsCollector] Auto-registering unknown link: h_0_1_0->Switch: e_0_1
[00:41:51.889] [t=    5.00] [WARN ] [LinkStatsCollector] Auto-registering unknown link: Switch: e_0_1->h_0_1_0
[00:41:51.889] [t=    5.00] [WARN ] [LinkStatsCollector] Auto-registering unknown link: h_3_1_0->Switch: e_3_1
[00:41:51.889] [t=    5.00] [WARN ] [LinkStatsCollector] Auto-registering unknown link: Switch: e_3_1->h_3_1_0
[00:41:51.889] [t=    5.00] [WARN ] [LinkStatsCollector] Auto-registering unknown link: Switch: e_3_0->Switch: a_3_1
[00:41:51.889] [t=    5.00] [WARN ] [LinkStatsCollector] Auto-registering unknown link: Switch: a_3_1->Switch: e_3_0
[00:41:51.890] [t=    5.00] [WARN ] [LinkStatsCollector] Auto-registering unknown link: Switch: a_2_0->Switch: c_0_1
[00:41:51.890] [t=    5.00] [WARN ] [LinkStatsCollector] Auto-registering unknown link: Switch: c_0_1->Switch: a_2_0
[00:41:51.890] [t=    5.00] [WARN ] [LinkStatsCollector] Auto-registering unknown link: Switch: e_3_1->Switch: a_3_0
[00:41:51.890] [t=    5.00] [WARN ] [LinkStatsCollector] Auto-registering unknown link: Switch: a_3_0->Switch: e_3_1
[00:41:51.890] [t=    5.00] [WARN ] [LinkStatsCollector] Auto-registering unknown link: Switch: a_2_0->Switch: c_0_0
[00:41:51.890] [t=    5.00] [WARN ] [LinkStatsCollector] Auto-registering unknown link: Switch: c_0_0->Switch: a_2_0
[00:41:51.890] [t=    5.00] [WARN ] [LinkStatsCollector] Auto-registering unknown link: Switch: a_1_1->Switch: c_1_1
[00:41:51.890] [t=    5.00] [WARN ] [LinkStatsCollector] Auto-registering unknown link: Switch: c_1_1->Switch: a_1_1
[00:41:51.891] [t=    5.00] [WARN ] [LinkStatsCollector] Auto-registering unknown link: Switch: a_3_0->Switch: c_0_0
[00:41:51.891] [t=    5.00] [WARN ] [LinkStatsCollector] Auto-registering unknown link: Switch: c_0_0->Switch: a_3_0
[00:41:51.891] [t=    5.00] [WARN ] [LinkStatsCollector] Auto-registering unknown link: Switch: e_3_0->Switch: a_3_0
[00:41:51.891] [t=    5.00] [WARN ] [LinkStatsCollector] Auto-registering unknown link: Switch: a_3_0->Switch: e_3_0
[00:41:51.891] [t=    5.00] [WARN ] [LinkStatsCollector] Auto-registering unknown link: h_2_1_1->Switch: e_2_1
[00:41:51.891] [t=    5.00] [WARN ] [LinkStatsCollector] Auto-registering unknown link: Switch: e_2_1->h_2_1_1
[00:41:51.891] [t=    5.00] [WARN ] [LinkStatsCollector] Auto-registering unknown link: Switch: a_1_0->Switch: c_0_0
[00:41:51.891] [t=    5.00] [WARN ] [LinkStatsCollector] Auto-registering unknown link: Switch: c_0_0->Switch: a_1_0
[00:41:51.892] [t=    5.00] [WARN ] [LinkStatsCollector] Auto-registering unknown link: Switch: a_0_0->Switch: c_0_0
[00:41:51.892] [t=    5.00] [WARN ] [LinkStatsCollector] Auto-registering unknown link: Switch: c_0_0->Switch: a_0_0
[00:41:51.892] [t=    5.00] [WARN ] [LinkStatsCollector] Auto-registering unknown link: Switch: e_1_0->Switch: a_1_0
[00:41:51.892] [t=    5.00] [WARN ] [LinkStatsCollector] Auto-registering unknown link: Switch: a_1_0->Switch: e_1_0
[00:41:51.892] [t=    5.00] [WARN ] [LinkStatsCollector] Auto-registering unknown link: h_1_1_1->Switch: e_1_1
[00:41:51.892] [t=    5.00] [WARN ] [LinkStatsCollector] Auto-registering unknown link: Switch: e_1_1->h_1_1_1
[00:41:51.892] [t=    5.00] [WARN ] [LinkStatsCollector] Auto-registering unknown link: Switch: e_0_0->Switch: a_0_0
[00:41:51.892] [t=    5.00] [WARN ] [LinkStatsCollector] Auto-registering unknown link: Switch: a_0_0->Switch: e_0_0
[00:41:51.892] [t=    5.00] [WARN ] [LinkStatsCollector] Auto-registering unknown link: Switch: a_3_0->Switch: c_0_1
[00:41:51.892] [t=    5.00] [WARN ] [LinkStatsCollector] Auto-registering unknown link: Switch: c_0_1->Switch: a_3_0
[00:41:51.893] [t=    5.00] [WARN ] [LinkStatsCollector] Auto-registering unknown link: h_3_1_1->Switch: e_3_1
[00:41:51.893] [t=    5.00] [WARN ] [LinkStatsCollector] Auto-registering unknown link: Switch: e_3_1->h_3_1_1
[00:41:51.893] [t=    5.00] [WARN ] [LinkStatsCollector] Auto-registering unknown link: Switch: e_2_0->Switch: a_2_1
[00:41:51.893] [t=    5.00] [WARN ] [LinkStatsCollector] Auto-registering unknown link: Switch: a_2_1->Switch: e_2_0
[00:41:51.894] [t=    5.00] [WARN ] [LinkStatsCollector] Auto-registering unknown link: h_3_0_0->Switch: e_3_0
[00:41:51.895] [t=    5.00] [WARN ] [LinkStatsCollector] Auto-registering unknown link: Switch: e_3_0->h_3_0_0
[00:41:51.895] [t=    5.00] [WARN ] [LinkStatsCollector] Auto-registering unknown link: Switch: e_2_0->Switch: a_2_0
[00:41:51.895] [t=    5.00] [WARN ] [LinkStatsCollector] Auto-registering unknown link: Switch: a_2_0->Switch: e_2_0
[00:41:51.895] [t=    5.00] [WARN ] [LinkStatsCollector] Auto-registering unknown link: Switch: a_3_1->Switch: c_1_0
[00:41:51.896] [t=    5.00] [WARN ] [LinkStatsCollector] Auto-registering unknown link: Switch: c_1_0->Switch: a_3_1
[00:41:51.896] [t=    5.00] [WARN ] [LinkStatsCollector] Auto-registering unknown link: Switch: e_3_1->Switch: a_3_1
[00:41:51.896] [t=    5.00] [WARN ] [LinkStatsCollector] Auto-registering unknown link: Switch: a_3_1->Switch: e_3_1
[00:41:51.896] [t=    5.00] [WARN ] [LinkStatsCollector] Auto-registering unknown link: Switch: a_2_1->Switch: c_1_0
[00:41:51.896] [t=    5.00] [WARN ] [LinkStatsCollector] Auto-registering unknown link: Switch: c_1_0->Switch: a_2_1
[00:41:51.896] [t=    5.00] [WARN ] [LinkStatsCollector] Auto-registering unknown link: Switch: a_0_0->Switch: c_0_1
[00:41:51.896] [t=    5.00] [WARN ] [LinkStatsCollector] Auto-registering unknown link: Switch: c_0_1->Switch: a_0_0
[00:41:51.896] [t=    5.00] [WARN ] [LinkStatsCollector] Auto-registering unknown link: h_1_0_1->Switch: e_1_0
[00:41:51.896] [t=    5.00] [WARN ] [LinkStatsCollector] Auto-registering unknown link: Switch: e_1_0->h_1_0_1
[00:41:51.896] [t=    5.00] [WARN ] [LinkStatsCollector] Auto-registering unknown link: Switch: a_2_1->Switch: c_1_1
[00:41:51.896] [t=    5.00] [WARN ] [LinkStatsCollector] Auto-registering unknown link: Switch: c_1_1->Switch: a_2_1
[00:41:51.896] [t=    5.00] [WARN ] [LinkStatsCollector] Auto-registering unknown link: Switch: e_0_1->Switch: a_0_1
[00:41:51.896] [t=    5.00] [WARN ] [LinkStatsCollector] Auto-registering unknown link: Switch: a_0_1->Switch: e_0_1
[00:41:51.898] [t=    5.00] [WARN ] [LinkStatsCollector] Auto-registering unknown link: h_2_0_1->Switch: e_2_0
[00:41:51.898] [t=    5.00] [WARN ] [LinkStatsCollector] Auto-registering unknown link: Switch: e_2_0->h_2_0_1
[00:41:51.898] [t=    5.00] [WARN ] [LinkStatsCollector] Auto-registering unknown link: Switch: a_1_1->Switch: c_1_0
[00:41:51.898] [t=    5.00] [WARN ] [LinkStatsCollector] Auto-registering unknown link: Switch: c_1_0->Switch: a_1_1
[00:41:51.902] [t=    5.00] [WARN ] [LinkStatsCollector] Auto-registering unknown link: h_1_1_0->Switch: e_1_1
[00:41:51.902] [t=    5.00] [WARN ] [LinkStatsCollector] Auto-registering unknown link: Switch: e_1_1->h_1_1_0
[00:41:51.902] [t=    5.00] [WARN ] [LinkStatsCollector] Auto-registering unknown link: h_2_1_0->Switch: e_2_1
[00:41:51.902] [t=    5.00] [WARN ] [LinkStatsCollector] Auto-registering unknown link: Switch: e_2_1->h_2_1_0
[00:41:51.902] [t=    5.00] [WARN ] [LinkStatsCollector] Auto-registering unknown link: h_2_0_0->Switch: e_2_0
[00:41:51.902] [t=    5.00] [WARN ] [LinkStatsCollector] Auto-registering unknown link: Switch: e_2_0->h_2_0_0
[00:41:51.902] [t=    5.00] [WARN ] [LinkStatsCollector] Auto-registering unknown link: Switch: e_2_1->Switch: a_2_0
[00:41:51.902] [t=    5.00] [WARN ] [LinkStatsCollector] Auto-registering unknown link: Switch: a_2_0->Switch: e_2_1
[00:41:51.902] [t=    5.00] [WARN ] [LinkStatsCollector] Auto-registering unknown link: Switch: e_0_0->Switch: a_0_1
[00:41:51.902] [t=    5.00] [WARN ] [LinkStatsCollector] Auto-registering unknown link: Switch: a_0_1->Switch: e_0_0
[00:41:51.903] [t=    5.00] [WARN ] [LinkStatsCollector] Auto-registering unknown link: Switch: e_0_1->Switch: a_0_0
[00:41:51.903] [t=    5.00] [WARN ] [LinkStatsCollector] Auto-registering unknown link: Switch: a_0_0->Switch: e_0_1
[00:41:51.903] [t=    5.00] [WARN ] [LinkStatsCollector] Auto-registering unknown link: Switch: e_1_1->Switch: a_1_1
[00:41:51.903] [t=    5.00] [WARN ] [LinkStatsCollector] Auto-registering unknown link: Switch: a_1_1->Switch: e_1_1
[00:41:51.903] [t=    5.00] [WARN ] [LinkStatsCollector] Auto-registering unknown link: Switch: e_2_1->Switch: a_2_1
[00:41:51.903] [t=    5.00] [WARN ] [LinkStatsCollector] Auto-registering unknown link: Switch: a_2_1->Switch: e_2_1
[00:41:51.903] [t=    5.00] [WARN ] [LinkStatsCollector] Auto-registering unknown link: Switch: a_3_1->Switch: c_1_1
[00:41:51.903] [t=    5.00] [WARN ] [LinkStatsCollector] Auto-registering unknown link: Switch: c_1_1->Switch: a_3_1
[00:41:51.903] [t=    5.00] [WARN ] [LinkStatsCollector] Auto-registering unknown link: Switch: a_0_1->Switch: c_1_0
[00:41:51.903] [t=    5.00] [WARN ] [LinkStatsCollector] Auto-registering unknown link: Switch: c_1_0->Switch: a_0_1
[00:41:51.903] [t=    5.00] [WARN ] [LinkStatsCollector] Auto-registering unknown link: h_0_1_1->Switch: e_0_1
[00:41:51.903] [t=    5.00] [WARN ] [LinkStatsCollector] Auto-registering unknown link: Switch: e_0_1->h_0_1_1
[00:41:51.903] [t=    5.00] [WARN ] [LinkStatsCollector] Auto-registering unknown link: h_0_0_0->Switch: e_0_0
[00:41:51.903] [t=    5.00] [WARN ] [LinkStatsCollector] Auto-registering unknown link: Switch: e_0_0->h_0_0_0
[00:41:51.905] [t=    5.00] [WARN ] [LinkStatsCollector] Auto-registering unknown link: Switch: a_0_1->Switch: c_1_1
[00:41:51.905] [t=    5.00] [WARN ] [LinkStatsCollector] Auto-registering unknown link: Switch: c_1_1->Switch: a_0_1
[00:41:51.905] [t=    5.00] [WARN ] [LinkStatsCollector] Auto-registering unknown link: Switch: e_1_0->Switch: a_1_1
[00:41:51.905] [t=    5.00] [WARN ] [LinkStatsCollector] Auto-registering unknown link: Switch: a_1_1->Switch: e_1_0
[00:41:51.905] [t=    5.00] [WARN ] [LinkStatsCollector] Auto-registering unknown link: Switch: a_1_0->Switch: c_0_1
[00:41:51.905] [t=    5.00] [WARN ] [LinkStatsCollector] Auto-registering unknown link: Switch: c_0_1->Switch: a_1_0
[00:41:51.905] [t=    5.00] [WARN ] [LinkStatsCollector] Auto-registering unknown link: h_1_0_0->Switch: e_1_0
[00:41:51.905] [t=    5.00] [WARN ] [LinkStatsCollector] Auto-registering unknown link: Switch: e_1_0->h_1_0_0
[00:41:51.905] [t=    5.00] [WARN ] [LinkStatsCollector] Auto-registering unknown link: h_3_0_1->Switch: e_3_0
[00:41:51.905] [t=    5.00] [WARN ] [LinkStatsCollector] Auto-registering unknown link: Switch: e_3_0->h_3_0_1
[00:41:51.941] [t=    0.00] [INFO ] [TrainingRunner ] Simulation complete: 30.00 sim seconds, 328 ms wall clock
[00:41:51.943] [t=    0.00] [INFO ] [TrainingRunner ] Exporting results...
[00:41:51.946] [t=    0.00] [INFO ] [LatencyCollector] Exported episode summary to training_run2_fattree_0038_1272025_moretraffic\episodes\ep_0050/episode_summary.json
[00:41:51.953] [t=    0.00] [INFO ] [LatencyCollector] Exported flow summary to training_run2_fattree_0038_1272025_moretraffic\episodes\ep_0050/flow_summary.csv
[00:41:51.959] [t=    0.00] [INFO ] [LinkStatsCollector] Exported 96 link stats to training_run2_fattree_0038_1272025_moretraffic\episodes\ep_0050/link_stats.csv
[00:41:51.959] [t=    0.00] [INFO ] [SECTION        ] ======================================================================
[00:41:51.959] [t=    0.00] [INFO ] [SECTION        ]   LATENCY STATISTICS SUMMARY
[00:41:51.959] [t=    0.00] [INFO ] [SECTION        ] ======================================================================
[00:41:51.959] [t=    0.00] [INFO ] [LatencyCollector] === Global Statistics ===
[00:41:51.960] [t=    0.00] [INFO ] [LatencyCollector]   Total packets: 60
[00:41:51.960] [t=    0.00] [INFO ] [LatencyCollector]   Failed packets: 0
[00:41:51.961] [t=    0.00] [INFO ] [LatencyCollector]   Avg queuing delay: 0.014478 s
[00:41:51.961] [t=    0.00] [INFO ] [LatencyCollector]   Max queuing delay: 0.093500 s
[00:41:51.961] [t=    0.00] [INFO ] [LatencyCollector] === Critical vs Background ===
[00:41:51.961] [t=    0.00] [INFO ] [LatencyCollector]   Critical flows: 2 packets, avg queuing = 0.021585 s
[00:41:51.961] [t=    0.00] [INFO ] [LatencyCollector]   Background flows: 58 packets, avg queuing = 0.014233 s
[00:41:51.961] [t=    0.00] [INFO ] [LinkStatsCollector] ========== Link Statistics Summary ==========
[00:41:51.963] [t=    0.00] [INFO ] [LinkStatsCollector] Total links tracked: 96
[00:41:51.963] [t=    0.00] [INFO ] [LinkStatsCollector] Episode duration: 25.00s
[00:41:51.963] [t=    0.00] [INFO ] [LinkStatsCollector] Bottleneck link: Switch: e_3_0->h_3_0_1 (max_util=0.10%)
[00:41:51.963] [t=    0.00] [INFO ] [LinkStatsCollector] Links that exceeded 90.0% utilization: 0
[00:41:51.963] [t=    0.00] [INFO ] [LinkStatsCollector] Total congestion events: 0
[00:41:51.963] [t=    0.00] [INFO ] [LinkStatsCollector] Top 5 most utilized links:
[00:41:51.966] [t=    0.00] [INFO ] [LinkStatsCollector]   Switch: e_3_0->h_3_0_1: avg=0.02%, max=0.10%, events=0
[00:41:51.966] [t=    0.00] [INFO ] [LinkStatsCollector]   Switch: e_2_1->h_2_1_1: avg=0.01%, max=0.07%, events=0
[00:41:51.966] [t=    0.00] [INFO ] [LinkStatsCollector]   Switch: c_1_1->Switch: a_2_1: avg=0.01%, max=0.06%, events=0
[00:41:51.967] [t=    0.00] [INFO ] [LinkStatsCollector]   Switch: a_3_0->Switch: e_3_0: avg=0.01%, max=0.06%, events=0
[00:41:51.967] [t=    0.00] [INFO ] [LinkStatsCollector]   Switch: a_2_1->Switch: e_2_1: avg=0.01%, max=0.06%, events=0
[00:41:51.967] [t=    0.00] [INFO ] [TrainingRunner ] === EPISODE COMPLETE ===
[00:41:51.967] [t=    0.00] [INFO ] [TrainingRunner ] Output files:
[00:41:51.967] [t=    0.00] [INFO ] [TrainingRunner ]   training_run2_fattree_0038_1272025_moretraffic\episodes\ep_0050/episode_summary.json
[00:41:51.967] [t=    0.00] [INFO ] [TrainingRunner ]   training_run2_fattree_0038_1272025_moretraffic\episodes\ep_0050/flow_summary.csv
[00:41:51.967] [t=    0.00] [INFO ] [TrainingRunner ]   training_run2_fattree_0038_1272025_moretraffic\episodes\ep_0050/link_stats.csv
[00:41:51.967] [t=    0.00] [INFO ] [TrainingRunner ]   training_run2_fattree_0038_1272025_moretraffic\episodes\ep_0050/latency_results.csv

================================================================================
LOG ENDED: 2025-12-07 00:41:51
================================================================================
