================================================================================
CFR-RL DEBUG LOG
Started: 2025-12-08 11:50:31
Log file: C:\Users\saifk\CS370\Code\round2\cloudsimsdn\training_run10_0207_1282025_updatedvirtyualtopohigherbandwidth\episodes\ep_0000\episode.log
================================================================================

Format: [WallClock] [SimTime] [Level] [Component] Message

[11:50:31.903] [t=    0.00] [INFO ] [TrainingRunner ] === EPISODE START (Fat-Tree k=4) ===
[11:50:31.915] [t=    0.00] [INFO ] [TrainingRunner ] Workload: training_run10_0207_1282025_updatedvirtyualtopohigherbandwidth\episodes\ep_0000\workload.csv
[11:50:31.915] [t=    0.00] [INFO ] [TrainingRunner ] Critical flows: training_run10_0207_1282025_updatedvirtyualtopohigherbandwidth\episodes\ep_0000\critical_flows.txt
[11:50:31.915] [t=    0.00] [INFO ] [TrainingRunner ] Output dir: training_run10_0207_1282025_updatedvirtyualtopohigherbandwidth\episodes\ep_0000/
[11:50:31.919] [t=    0.00] [INFO ] [TrainingRunner ] Loaded 12 critical flows: [128, 51, 67, 35, 84, 212, 36, 70, 54, 183, 55, 201]
[11:50:31.921] [t=    0.00] [INFO ] [LatencyCollector] Initialized
[11:50:31.924] [t=    0.00] [INFO ] [LatencyCollector] Reset for new simulation
[11:50:31.924] [t=    0.00] [INFO ] [LinkStatsCollector] Reset for new episode
[11:50:31.924] [t=    0.00] [INFO ] [LatencyCollector] CSV export initialized: training_run10_0207_1282025_updatedvirtyualtopohigherbandwidth\episodes\ep_0000/latency_results.csv
[11:50:31.924] [t=    0.00] [INFO ] [LatencyCollector] Critical flows updated: 12 flows
[11:50:31.953] [t=    0.00] [INFO ] [TrainingRunner ] Loading Fat-Tree topology: dataset-fattree/fattree-physical.json
[11:50:31.976] [t=    0.00] [INFO ] [TopoParser     ] Switch c_0_0 (core) bandwidth: 2000000 bps
[11:50:32.004] [t=    0.00] [INFO ] [TopoParser     ] Switch c_0_1 (core) bandwidth: 2000000 bps
[11:50:32.004] [t=    0.00] [INFO ] [TopoParser     ] Switch c_1_0 (core) bandwidth: 2000000 bps
[11:50:32.004] [t=    0.00] [INFO ] [TopoParser     ] Switch c_1_1 (core) bandwidth: 2000000 bps
[11:50:32.004] [t=    0.00] [INFO ] [TopoParser     ] Switch e_0_0 (edge) bandwidth: 2000000 bps
[11:50:32.004] [t=    0.00] [INFO ] [TopoParser     ] Switch a_0_0 (aggregate) bandwidth: 2000000 bps
[11:50:32.004] [t=    0.00] [INFO ] [TopoParser     ] Host h_0_0_0 bandwidth: 2000000 bps
[11:50:32.014] [t=    0.00] [INFO ] [TopoParser     ] Host h_0_0_1 bandwidth: 2000000 bps
[11:50:32.014] [t=    0.00] [INFO ] [TopoParser     ] Switch e_0_1 (edge) bandwidth: 2000000 bps
[11:50:32.016] [t=    0.00] [INFO ] [TopoParser     ] Switch a_0_1 (aggregate) bandwidth: 2000000 bps
[11:50:32.016] [t=    0.00] [INFO ] [TopoParser     ] Host h_0_1_0 bandwidth: 2000000 bps
[11:50:32.016] [t=    0.00] [INFO ] [TopoParser     ] Host h_0_1_1 bandwidth: 2000000 bps
[11:50:32.016] [t=    0.00] [INFO ] [TopoParser     ] Switch e_1_0 (edge) bandwidth: 2000000 bps
[11:50:32.016] [t=    0.00] [INFO ] [TopoParser     ] Switch a_1_0 (aggregate) bandwidth: 2000000 bps
[11:50:32.018] [t=    0.00] [INFO ] [TopoParser     ] Host h_1_0_0 bandwidth: 2000000 bps
[11:50:32.020] [t=    0.00] [INFO ] [TopoParser     ] Host h_1_0_1 bandwidth: 2000000 bps
[11:50:32.022] [t=    0.00] [INFO ] [TopoParser     ] Switch e_1_1 (edge) bandwidth: 2000000 bps
[11:50:32.022] [t=    0.00] [INFO ] [TopoParser     ] Switch a_1_1 (aggregate) bandwidth: 2000000 bps
[11:50:32.022] [t=    0.00] [INFO ] [TopoParser     ] Host h_1_1_0 bandwidth: 2000000 bps
[11:50:32.022] [t=    0.00] [INFO ] [TopoParser     ] Host h_1_1_1 bandwidth: 2000000 bps
[11:50:32.022] [t=    0.00] [INFO ] [TopoParser     ] Switch e_2_0 (edge) bandwidth: 2000000 bps
[11:50:32.022] [t=    0.00] [INFO ] [TopoParser     ] Switch a_2_0 (aggregate) bandwidth: 2000000 bps
[11:50:32.024] [t=    0.00] [INFO ] [TopoParser     ] Host h_2_0_0 bandwidth: 2000000 bps
[11:50:32.024] [t=    0.00] [INFO ] [TopoParser     ] Host h_2_0_1 bandwidth: 2000000 bps
[11:50:32.024] [t=    0.00] [INFO ] [TopoParser     ] Switch e_2_1 (edge) bandwidth: 2000000 bps
[11:50:32.024] [t=    0.00] [INFO ] [TopoParser     ] Switch a_2_1 (aggregate) bandwidth: 2000000 bps
[11:50:32.024] [t=    0.00] [INFO ] [TopoParser     ] Host h_2_1_0 bandwidth: 2000000 bps
[11:50:32.024] [t=    0.00] [INFO ] [TopoParser     ] Host h_2_1_1 bandwidth: 2000000 bps
[11:50:32.024] [t=    0.00] [INFO ] [TopoParser     ] Switch e_3_0 (edge) bandwidth: 2000000 bps
[11:50:32.024] [t=    0.00] [INFO ] [TopoParser     ] Switch a_3_0 (aggregate) bandwidth: 2000000 bps
[11:50:32.024] [t=    0.00] [INFO ] [TopoParser     ] Host h_3_0_0 bandwidth: 2000000 bps
[11:50:32.024] [t=    0.00] [INFO ] [TopoParser     ] Host h_3_0_1 bandwidth: 2000000 bps
[11:50:32.024] [t=    0.00] [INFO ] [TopoParser     ] Switch e_3_1 (edge) bandwidth: 2000000 bps
[11:50:32.024] [t=    0.00] [INFO ] [TopoParser     ] Switch a_3_1 (aggregate) bandwidth: 2000000 bps
[11:50:32.024] [t=    0.00] [INFO ] [TopoParser     ] Host h_3_1_0 bandwidth: 2000000 bps
[11:50:32.024] [t=    0.00] [INFO ] [TopoParser     ] Host h_3_1_1 bandwidth: 2000000 bps
[11:50:32.024] [t=    0.00] [INFO ] [TopoParser     ] Link a_0_0->e_0_0 bw: 2000000 bps
[11:50:32.024] [t=    0.00] [INFO ] [TopoParser     ] Link a_0_0->c_0_0 bw: 2000000 bps
[11:50:32.024] [t=    0.00] [INFO ] [TopoParser     ] Link a_0_0->c_0_1 bw: 2000000 bps
[11:50:32.024] [t=    0.00] [INFO ] [TopoParser     ] Link e_0_0->h_0_0_0 bw: 2000000 bps
[11:50:32.024] [t=    0.00] [INFO ] [TopoParser     ] Link e_0_0->h_0_0_1 bw: 2000000 bps
[11:50:32.024] [t=    0.00] [INFO ] [TopoParser     ] Link a_0_1->e_0_1 bw: 2000000 bps
[11:50:32.024] [t=    0.00] [INFO ] [TopoParser     ] Link a_0_1->e_0_0 bw: 2000000 bps
[11:50:32.024] [t=    0.00] [INFO ] [TopoParser     ] Link a_0_0->e_0_1 bw: 2000000 bps
[11:50:32.024] [t=    0.00] [INFO ] [TopoParser     ] Link a_0_1->c_1_0 bw: 2000000 bps
[11:50:32.024] [t=    0.00] [INFO ] [TopoParser     ] Link a_0_1->c_1_1 bw: 2000000 bps
[11:50:32.024] [t=    0.00] [INFO ] [TopoParser     ] Link e_0_1->h_0_1_0 bw: 2000000 bps
[11:50:32.024] [t=    0.00] [INFO ] [TopoParser     ] Link e_0_1->h_0_1_1 bw: 2000000 bps
[11:50:32.024] [t=    0.00] [INFO ] [TopoParser     ] Link a_1_0->e_1_0 bw: 2000000 bps
[11:50:32.033] [t=    0.00] [INFO ] [TopoParser     ] Link a_1_0->c_0_0 bw: 2000000 bps
[11:50:32.033] [t=    0.00] [INFO ] [TopoParser     ] Link a_1_0->c_0_1 bw: 2000000 bps
[11:50:32.033] [t=    0.00] [INFO ] [TopoParser     ] Link e_1_0->h_1_0_0 bw: 2000000 bps
[11:50:32.033] [t=    0.00] [INFO ] [TopoParser     ] Link e_1_0->h_1_0_1 bw: 2000000 bps
[11:50:32.033] [t=    0.00] [INFO ] [TopoParser     ] Link a_1_1->e_1_1 bw: 2000000 bps
[11:50:32.033] [t=    0.00] [INFO ] [TopoParser     ] Link a_1_1->e_1_0 bw: 2000000 bps
[11:50:32.033] [t=    0.00] [INFO ] [TopoParser     ] Link a_1_0->e_1_1 bw: 2000000 bps
[11:50:32.033] [t=    0.00] [INFO ] [TopoParser     ] Link a_1_1->c_1_0 bw: 2000000 bps
[11:50:32.033] [t=    0.00] [INFO ] [TopoParser     ] Link a_1_1->c_1_1 bw: 2000000 bps
[11:50:32.033] [t=    0.00] [INFO ] [TopoParser     ] Link e_1_1->h_1_1_0 bw: 2000000 bps
[11:50:32.033] [t=    0.00] [INFO ] [TopoParser     ] Link e_1_1->h_1_1_1 bw: 2000000 bps
[11:50:32.035] [t=    0.00] [INFO ] [TopoParser     ] Link a_2_0->e_2_0 bw: 2000000 bps
[11:50:32.035] [t=    0.00] [INFO ] [TopoParser     ] Link a_2_0->c_0_0 bw: 2000000 bps
[11:50:32.035] [t=    0.00] [INFO ] [TopoParser     ] Link a_2_0->c_0_1 bw: 2000000 bps
[11:50:32.035] [t=    0.00] [INFO ] [TopoParser     ] Link e_2_0->h_2_0_0 bw: 2000000 bps
[11:50:32.036] [t=    0.00] [INFO ] [TopoParser     ] Link e_2_0->h_2_0_1 bw: 2000000 bps
[11:50:32.036] [t=    0.00] [INFO ] [TopoParser     ] Link a_2_1->e_2_1 bw: 2000000 bps
[11:50:32.036] [t=    0.00] [INFO ] [TopoParser     ] Link a_2_1->e_2_0 bw: 2000000 bps
[11:50:32.036] [t=    0.00] [INFO ] [TopoParser     ] Link a_2_0->e_2_1 bw: 2000000 bps
[11:50:32.037] [t=    0.00] [INFO ] [TopoParser     ] Link a_2_1->c_1_0 bw: 2000000 bps
[11:50:32.037] [t=    0.00] [INFO ] [TopoParser     ] Link a_2_1->c_1_1 bw: 2000000 bps
[11:50:32.037] [t=    0.00] [INFO ] [TopoParser     ] Link e_2_1->h_2_1_0 bw: 2000000 bps
[11:50:32.037] [t=    0.00] [INFO ] [TopoParser     ] Link e_2_1->h_2_1_1 bw: 2000000 bps
[11:50:32.037] [t=    0.00] [INFO ] [TopoParser     ] Link a_3_0->e_3_0 bw: 2000000 bps
[11:50:32.038] [t=    0.00] [INFO ] [TopoParser     ] Link a_3_0->c_0_0 bw: 2000000 bps
[11:50:32.038] [t=    0.00] [INFO ] [TopoParser     ] Link a_3_0->c_0_1 bw: 2000000 bps
[11:50:32.038] [t=    0.00] [INFO ] [TopoParser     ] Link e_3_0->h_3_0_0 bw: 2000000 bps
[11:50:32.038] [t=    0.00] [INFO ] [TopoParser     ] Link e_3_0->h_3_0_1 bw: 2000000 bps
[11:50:32.038] [t=    0.00] [INFO ] [TopoParser     ] Link a_3_1->e_3_1 bw: 2000000 bps
[11:50:32.039] [t=    0.00] [INFO ] [TopoParser     ] Link a_3_1->e_3_0 bw: 2000000 bps
[11:50:32.039] [t=    0.00] [INFO ] [TopoParser     ] Link a_3_0->e_3_1 bw: 2000000 bps
[11:50:32.039] [t=    0.00] [INFO ] [TopoParser     ] Link a_3_1->c_1_0 bw: 2000000 bps
[11:50:32.039] [t=    0.00] [INFO ] [TopoParser     ] Link a_3_1->c_1_1 bw: 2000000 bps
[11:50:32.039] [t=    0.00] [INFO ] [TopoParser     ] Link e_3_1->h_3_1_0 bw: 2000000 bps
[11:50:32.039] [t=    0.00] [INFO ] [TopoParser     ] Link e_3_1->h_3_1_1 bw: 2000000 bps
[11:50:32.040] [t=    0.00] [INFO ] [TopoParser     ] Total links created: 48
[11:50:32.059] [t=    0.00] [INFO ] [TrainingRunner ] Physical topology loaded: 16 hosts
[11:50:32.059] [t=    0.00] [INFO ] [LinkPolicy     ] Created with K=12
[11:50:32.059] [t=    0.00] [INFO ] [LinkPolicy     ] Verbose logging: false
[11:50:32.059] [t=    0.00] [INFO ] [LinkPolicy     ] Updated critical flows: 12 total (added: [128, 67, 35, 36, 70, 201, 51, 84, 212, 54, 183, 55], removed: [])
[11:50:32.059] [t=    0.00] [INFO ] [TrainingRunner ] Critical flows set on policy
[11:50:32.070] [t=    0.00] [INFO ] [TrainingRunner ] Virtual topology deployed
[11:50:32.070] [t=    0.00] [INFO ] [TrainingRunner ] Submitting workload: training_run10_0207_1282025_updatedvirtyualtopohigherbandwidth\episodes\ep_0000\workload.csv
[11:50:32.070] [t=    0.00] [INFO ] [TrainingRunner ] Starting simulation...
[11:50:32.282] [t=    0.41] [DEBUG] [LatencyCollector] High queuing: flow=222, queue=0.1655s, serve=0.2854s, path=4 hops
[11:50:32.291] [t=    0.55] [DEBUG] [SDNDatacenter  ] Pkt #100: flow=196, serve=0.0539s, prop=0.0000s, tx=0.0593s, queue=0.0000s, path=6
[11:50:32.315] [t=    0.76] [DEBUG] [LatencyCollector] High queuing: flow=237, queue=0.2887s, serve=0.3786s, path=4 hops
[11:50:32.346] [t=    1.02] [DEBUG] [SDNDatacenter  ] Pkt #200: flow=147, serve=0.0271s, prop=0.0000s, tx=0.0201s, queue=0.0070s, path=6
[11:50:32.358] [t=    1.14] [DEBUG] [LatencyCollector] High queuing: flow=239, queue=0.1714s, serve=0.2073s, path=2 hops
[11:50:32.373] [t=    1.32] [DEBUG] [LatencyCollector] High queuing: flow=239, queue=0.1408s, serve=0.3014s, path=2 hops
[11:50:32.373] [t=    1.34] [DEBUG] [LatencyCollector] High queuing: flow=231, queue=0.1814s, serve=0.2325s, path=6 hops
[11:50:32.386] [t=    1.39] [DEBUG] [LatencyCollector] High queuing: flow=226, queue=0.2170s, serve=0.3240s, path=6 hops
[11:50:32.386] [t=    1.49] [DEBUG] [LatencyCollector] High queuing: flow=198, queue=0.1543s, serve=0.2246s, path=6 hops
[11:50:32.386] [t=    1.51] [DEBUG] [LatencyCollector] High queuing: flow=196, queue=0.1775s, serve=0.2923s, path=6 hops
[11:50:32.386] [t=    1.53] [DEBUG] [SDNDatacenter  ] Pkt #300: flow=206, serve=0.2892s, prop=0.0000s, tx=0.2693s, queue=0.0199s, path=6
[11:50:32.386] [t=    1.54] [DEBUG] [LatencyCollector] High queuing: flow=35, queue=0.1096s, serve=0.2576s, path=6 hops
[11:50:32.386] [t=    1.54] [DEBUG] [LatencyCollector] High queuing: flow=201, queue=0.1100s, serve=0.2537s, path=6 hops
[11:50:32.386] [t=    1.55] [DEBUG] [LatencyCollector] High queuing: flow=196, queue=0.2557s, serve=0.2730s, path=6 hops
[11:50:32.386] [t=    1.56] [DEBUG] [LatencyCollector] High queuing: flow=205, queue=0.1697s, serve=0.2145s, path=6 hops
[11:50:32.438] [t=    2.00] [DEBUG] [SDNDatacenter  ] Pkt #400: flow=4, serve=0.0658s, prop=0.0000s, tx=0.0356s, queue=0.0302s, path=6
[11:50:32.439] [t=    2.02] [DEBUG] [LatencyCollector] High queuing: flow=0, queue=0.1091s, serve=0.1754s, path=2 hops
[11:50:32.460] [t=    2.27] [DEBUG] [LatencyCollector] High queuing: flow=3, queue=0.1184s, serve=0.1260s, path=6 hops
[11:50:32.469] [t=    2.37] [DEBUG] [LatencyCollector] High queuing: flow=222, queue=0.1134s, serve=0.1444s, path=4 hops
[11:50:32.473] [t=    2.44] [DEBUG] [SDNDatacenter  ] Pkt #500: flow=2, serve=0.0597s, prop=0.0000s, tx=0.0439s, queue=0.0158s, path=4
[11:50:32.504] [t=    2.93] [DEBUG] [SDNDatacenter  ] Pkt #600: flow=229, serve=0.0441s, prop=0.0000s, tx=0.0210s, queue=0.0231s, path=6
[11:50:32.548] [t=    3.33] [DEBUG] [LatencyCollector] High queuing: flow=145, queue=0.1159s, serve=0.1557s, path=4 hops
[11:50:32.548] [t=    3.33] [DEBUG] [LatencyCollector] High queuing: flow=205, queue=0.1050s, serve=0.1339s, path=6 hops
[11:50:32.548] [t=    3.34] [DEBUG] [LatencyCollector] High queuing: flow=204, queue=0.1713s, serve=0.1976s, path=6 hops
[11:50:32.555] [t=    3.43] [DEBUG] [LatencyCollector] High queuing: flow=231, queue=0.2736s, serve=0.3308s, path=6 hops
[11:50:32.555] [t=    3.43] [DEBUG] [SDNDatacenter  ] Pkt #700: flow=8, serve=0.1333s, prop=0.0000s, tx=0.0892s, queue=0.0442s, path=6
[11:50:32.565] [t=    3.51] [DEBUG] [LatencyCollector] High queuing: flow=231, queue=0.2447s, serve=0.3032s, path=6 hops
[11:50:32.578] [t=    3.55] [DEBUG] [LatencyCollector] High queuing: flow=231, queue=0.2172s, serve=0.2741s, path=6 hops
[11:50:32.608] [t=    3.92] [DEBUG] [SDNDatacenter  ] Pkt #800: flow=112, serve=0.0359s, prop=0.0000s, tx=0.0261s, queue=0.0098s, path=6
[11:50:32.612] [t=    3.96] [DEBUG] [LatencyCollector] High queuing: flow=199, queue=0.1755s, serve=0.2906s, path=6 hops
[11:50:32.642] [t=    4.43] [DEBUG] [SDNDatacenter  ] Pkt #900: flow=214, serve=0.0327s, prop=0.0000s, tx=0.0292s, queue=0.0035s, path=6
[11:50:32.685] [t=    4.92] [DEBUG] [SDNDatacenter  ] Pkt #1000: flow=178, serve=0.0413s, prop=0.0000s, tx=0.0410s, queue=0.0003s, path=6
[11:50:32.695] [t=    5.00] [WARN ] [LinkStatsCollector] Auto-registering unknown link: Switch: e_1_0->Switch: a_1_0
[11:50:32.697] [t=    5.00] [WARN ] [LinkStatsCollector] Auto-registering unknown link: Switch: a_1_0->Switch: e_1_0
[11:50:32.699] [t=    5.00] [WARN ] [LinkStatsCollector] Auto-registering unknown link: Switch: a_1_0->Switch: c_0_1
[11:50:32.699] [t=    5.00] [WARN ] [LinkStatsCollector] Auto-registering unknown link: Switch: c_0_1->Switch: a_1_0
[11:50:32.699] [t=    5.00] [WARN ] [LinkStatsCollector] Auto-registering unknown link: Switch: a_3_0->Switch: c_0_1
[11:50:32.699] [t=    5.00] [WARN ] [LinkStatsCollector] Auto-registering unknown link: Switch: c_0_1->Switch: a_3_0
[11:50:32.699] [t=    5.00] [WARN ] [LinkStatsCollector] Auto-registering unknown link: Switch: e_0_0->Switch: a_0_0
[11:50:32.699] [t=    5.00] [WARN ] [LinkStatsCollector] Auto-registering unknown link: Switch: a_0_0->Switch: e_0_0
[11:50:32.699] [t=    5.00] [WARN ] [LinkStatsCollector] Auto-registering unknown link: Switch: e_0_1->Switch: a_0_0
[11:50:32.699] [t=    5.00] [WARN ] [LinkStatsCollector] Auto-registering unknown link: Switch: a_0_0->Switch: e_0_1
[11:50:32.699] [t=    5.00] [WARN ] [LinkStatsCollector] Auto-registering unknown link: h_1_0_0->Switch: e_1_0
[11:50:32.700] [t=    5.00] [WARN ] [LinkStatsCollector] Auto-registering unknown link: Switch: e_1_0->h_1_0_0
[11:50:32.700] [t=    5.00] [WARN ] [LinkStatsCollector] Auto-registering unknown link: Switch: a_0_1->Switch: c_1_1
[11:50:32.700] [t=    5.00] [WARN ] [LinkStatsCollector] Auto-registering unknown link: Switch: c_1_1->Switch: a_0_1
[11:50:32.701] [t=    5.00] [WARN ] [LinkStatsCollector] Auto-registering unknown link: Switch: a_3_1->Switch: c_1_0
[11:50:32.701] [t=    5.00] [WARN ] [LinkStatsCollector] Auto-registering unknown link: Switch: c_1_0->Switch: a_3_1
[11:50:32.701] [t=    5.00] [WARN ] [LinkStatsCollector] Auto-registering unknown link: h_2_1_0->Switch: e_2_1
[11:50:32.701] [t=    5.00] [WARN ] [LinkStatsCollector] Auto-registering unknown link: Switch: e_2_1->h_2_1_0
[11:50:32.701] [t=    5.00] [WARN ] [LinkStatsCollector] Auto-registering unknown link: Switch: e_0_0->Switch: a_0_1
[11:50:32.701] [t=    5.00] [WARN ] [LinkStatsCollector] Auto-registering unknown link: Switch: a_0_1->Switch: e_0_0
[11:50:32.701] [t=    5.00] [WARN ] [LinkStatsCollector] Auto-registering unknown link: Switch: a_2_1->Switch: c_1_1
[11:50:32.701] [t=    5.00] [WARN ] [LinkStatsCollector] Auto-registering unknown link: Switch: c_1_1->Switch: a_2_1
[11:50:32.701] [t=    5.00] [WARN ] [LinkStatsCollector] Auto-registering unknown link: h_1_1_0->Switch: e_1_1
[11:50:32.701] [t=    5.00] [WARN ] [LinkStatsCollector] Auto-registering unknown link: Switch: e_1_1->h_1_1_0
[11:50:32.701] [t=    5.00] [WARN ] [LinkStatsCollector] Auto-registering unknown link: h_3_0_1->Switch: e_3_0
[11:50:32.701] [t=    5.00] [WARN ] [LinkStatsCollector] Auto-registering unknown link: Switch: e_3_0->h_3_0_1
[11:50:32.701] [t=    5.00] [WARN ] [LinkStatsCollector] Auto-registering unknown link: Switch: e_1_1->Switch: a_1_1
[11:50:32.701] [t=    5.00] [WARN ] [LinkStatsCollector] Auto-registering unknown link: Switch: a_1_1->Switch: e_1_1
[11:50:32.701] [t=    5.00] [WARN ] [LinkStatsCollector] Auto-registering unknown link: h_3_0_0->Switch: e_3_0
[11:50:32.701] [t=    5.00] [WARN ] [LinkStatsCollector] Auto-registering unknown link: Switch: e_3_0->h_3_0_0
[11:50:32.701] [t=    5.00] [WARN ] [LinkStatsCollector] Auto-registering unknown link: h_2_0_1->Switch: e_2_0
[11:50:32.701] [t=    5.00] [WARN ] [LinkStatsCollector] Auto-registering unknown link: Switch: e_2_0->h_2_0_1
[11:50:32.701] [t=    5.00] [WARN ] [LinkStatsCollector] Auto-registering unknown link: Switch: a_0_0->Switch: c_0_0
[11:50:32.701] [t=    5.00] [WARN ] [LinkStatsCollector] Auto-registering unknown link: Switch: c_0_0->Switch: a_0_0
[11:50:32.701] [t=    5.00] [WARN ] [LinkStatsCollector] Auto-registering unknown link: h_3_1_0->Switch: e_3_1
[11:50:32.701] [t=    5.00] [WARN ] [LinkStatsCollector] Auto-registering unknown link: Switch: e_3_1->h_3_1_0
[11:50:32.701] [t=    5.00] [WARN ] [LinkStatsCollector] Auto-registering unknown link: Switch: a_1_1->Switch: c_1_0
[11:50:32.701] [t=    5.00] [WARN ] [LinkStatsCollector] Auto-registering unknown link: Switch: c_1_0->Switch: a_1_1
[11:50:32.701] [t=    5.00] [WARN ] [LinkStatsCollector] Auto-registering unknown link: Switch: e_3_0->Switch: a_3_0
[11:50:32.703] [t=    5.00] [WARN ] [LinkStatsCollector] Auto-registering unknown link: Switch: a_3_0->Switch: e_3_0
[11:50:32.703] [t=    5.00] [WARN ] [LinkStatsCollector] Auto-registering unknown link: Switch: a_0_1->Switch: c_1_0
[11:50:32.703] [t=    5.00] [WARN ] [LinkStatsCollector] Auto-registering unknown link: Switch: c_1_0->Switch: a_0_1
[11:50:32.703] [t=    5.00] [WARN ] [LinkStatsCollector] Auto-registering unknown link: Switch: a_2_1->Switch: c_1_0
[11:50:32.703] [t=    5.00] [WARN ] [LinkStatsCollector] Auto-registering unknown link: Switch: c_1_0->Switch: a_2_1
[11:50:32.703] [t=    5.00] [WARN ] [LinkStatsCollector] Auto-registering unknown link: h_1_0_1->Switch: e_1_0
[11:50:32.703] [t=    5.00] [WARN ] [LinkStatsCollector] Auto-registering unknown link: Switch: e_1_0->h_1_0_1
[11:50:32.703] [t=    5.00] [WARN ] [LinkStatsCollector] Auto-registering unknown link: Switch: a_3_0->Switch: c_0_0
[11:50:32.703] [t=    5.00] [WARN ] [LinkStatsCollector] Auto-registering unknown link: Switch: c_0_0->Switch: a_3_0
[11:50:32.703] [t=    5.00] [WARN ] [LinkStatsCollector] Auto-registering unknown link: h_2_0_0->Switch: e_2_0
[11:50:32.703] [t=    5.00] [WARN ] [LinkStatsCollector] Auto-registering unknown link: Switch: e_2_0->h_2_0_0
[11:50:32.703] [t=    5.00] [WARN ] [LinkStatsCollector] Auto-registering unknown link: h_0_0_0->Switch: e_0_0
[11:50:32.703] [t=    5.00] [WARN ] [LinkStatsCollector] Auto-registering unknown link: Switch: e_0_0->h_0_0_0
[11:50:32.703] [t=    5.00] [WARN ] [LinkStatsCollector] Auto-registering unknown link: h_1_1_1->Switch: e_1_1
[11:50:32.703] [t=    5.00] [WARN ] [LinkStatsCollector] Auto-registering unknown link: Switch: e_1_1->h_1_1_1
[11:50:32.703] [t=    5.00] [WARN ] [LinkStatsCollector] Auto-registering unknown link: h_0_1_1->Switch: e_0_1
[11:50:32.703] [t=    5.00] [WARN ] [LinkStatsCollector] Auto-registering unknown link: Switch: e_0_1->h_0_1_1
[11:50:32.703] [t=    5.00] [WARN ] [LinkStatsCollector] Auto-registering unknown link: h_2_1_1->Switch: e_2_1
[11:50:32.703] [t=    5.00] [WARN ] [LinkStatsCollector] Auto-registering unknown link: Switch: e_2_1->h_2_1_1
[11:50:32.703] [t=    5.00] [WARN ] [LinkStatsCollector] Auto-registering unknown link: Switch: a_3_1->Switch: c_1_1
[11:50:32.703] [t=    5.00] [WARN ] [LinkStatsCollector] Auto-registering unknown link: Switch: c_1_1->Switch: a_3_1
[11:50:32.703] [t=    5.00] [WARN ] [LinkStatsCollector] Auto-registering unknown link: Switch: a_0_0->Switch: c_0_1
[11:50:32.703] [t=    5.00] [WARN ] [LinkStatsCollector] Auto-registering unknown link: Switch: c_0_1->Switch: a_0_0
[11:50:32.705] [t=    5.00] [WARN ] [LinkStatsCollector] Auto-registering unknown link: h_0_0_1->Switch: e_0_0
[11:50:32.705] [t=    5.00] [WARN ] [LinkStatsCollector] Auto-registering unknown link: Switch: e_0_0->h_0_0_1
[11:50:32.705] [t=    5.00] [WARN ] [LinkStatsCollector] Auto-registering unknown link: Switch: a_1_0->Switch: c_0_0
[11:50:32.705] [t=    5.00] [WARN ] [LinkStatsCollector] Auto-registering unknown link: Switch: c_0_0->Switch: a_1_0
[11:50:32.705] [t=    5.00] [WARN ] [LinkStatsCollector] Auto-registering unknown link: Switch: e_3_0->Switch: a_3_1
[11:50:32.705] [t=    5.00] [WARN ] [LinkStatsCollector] Auto-registering unknown link: Switch: a_3_1->Switch: e_3_0
[11:50:32.705] [t=    5.00] [WARN ] [LinkStatsCollector] Auto-registering unknown link: Switch: e_2_0->Switch: a_2_0
[11:50:32.705] [t=    5.00] [WARN ] [LinkStatsCollector] Auto-registering unknown link: Switch: a_2_0->Switch: e_2_0
[11:50:32.705] [t=    5.00] [WARN ] [LinkStatsCollector] Auto-registering unknown link: Switch: e_3_1->Switch: a_3_1
[11:50:32.705] [t=    5.00] [WARN ] [LinkStatsCollector] Auto-registering unknown link: Switch: a_3_1->Switch: e_3_1
[11:50:32.705] [t=    5.00] [WARN ] [LinkStatsCollector] Auto-registering unknown link: h_0_1_0->Switch: e_0_1
[11:50:32.705] [t=    5.00] [WARN ] [LinkStatsCollector] Auto-registering unknown link: Switch: e_0_1->h_0_1_0
[11:50:32.705] [t=    5.00] [WARN ] [LinkStatsCollector] Auto-registering unknown link: Switch: a_2_0->Switch: c_0_1
[11:50:32.705] [t=    5.00] [WARN ] [LinkStatsCollector] Auto-registering unknown link: Switch: c_0_1->Switch: a_2_0
[11:50:32.705] [t=    5.00] [WARN ] [LinkStatsCollector] Auto-registering unknown link: Switch: e_2_0->Switch: a_2_1
[11:50:32.705] [t=    5.00] [WARN ] [LinkStatsCollector] Auto-registering unknown link: Switch: a_2_1->Switch: e_2_0
[11:50:32.705] [t=    5.00] [WARN ] [LinkStatsCollector] Auto-registering unknown link: Switch: e_2_1->Switch: a_2_1
[11:50:32.705] [t=    5.00] [WARN ] [LinkStatsCollector] Auto-registering unknown link: Switch: a_2_1->Switch: e_2_1
[11:50:32.705] [t=    5.00] [WARN ] [LinkStatsCollector] Auto-registering unknown link: Switch: e_2_1->Switch: a_2_0
[11:50:32.705] [t=    5.00] [WARN ] [LinkStatsCollector] Auto-registering unknown link: Switch: a_2_0->Switch: e_2_1
[11:50:32.705] [t=    5.00] [WARN ] [LinkStatsCollector] Auto-registering unknown link: Switch: e_3_1->Switch: a_3_0
[11:50:32.705] [t=    5.00] [WARN ] [LinkStatsCollector] Auto-registering unknown link: Switch: a_3_0->Switch: e_3_1
[11:50:32.705] [t=    5.00] [WARN ] [LinkStatsCollector] Auto-registering unknown link: h_3_1_1->Switch: e_3_1
[11:50:32.707] [t=    5.00] [WARN ] [LinkStatsCollector] Auto-registering unknown link: Switch: e_3_1->h_3_1_1
[11:50:32.707] [t=    5.00] [WARN ] [LinkStatsCollector] Auto-registering unknown link: Switch: e_0_1->Switch: a_0_1
[11:50:32.707] [t=    5.00] [WARN ] [LinkStatsCollector] Auto-registering unknown link: Switch: a_0_1->Switch: e_0_1
[11:50:32.707] [t=    5.00] [WARN ] [LinkStatsCollector] Auto-registering unknown link: Switch: e_1_0->Switch: a_1_1
[11:50:32.707] [t=    5.00] [WARN ] [LinkStatsCollector] Auto-registering unknown link: Switch: a_1_1->Switch: e_1_0
[11:50:32.707] [t=    5.00] [WARN ] [LinkStatsCollector] Auto-registering unknown link: Switch: a_1_1->Switch: c_1_1
[11:50:32.707] [t=    5.00] [WARN ] [LinkStatsCollector] Auto-registering unknown link: Switch: c_1_1->Switch: a_1_1
[11:50:32.707] [t=    5.00] [WARN ] [LinkStatsCollector] Auto-registering unknown link: Switch: e_1_1->Switch: a_1_0
[11:50:32.707] [t=    5.00] [WARN ] [LinkStatsCollector] Auto-registering unknown link: Switch: a_1_0->Switch: e_1_1
[11:50:32.707] [t=    5.00] [WARN ] [LinkStatsCollector] Auto-registering unknown link: Switch: a_2_0->Switch: c_0_0
[11:50:32.707] [t=    5.00] [WARN ] [LinkStatsCollector] Auto-registering unknown link: Switch: c_0_0->Switch: a_2_0
[11:50:32.938] [t=    5.31] [DEBUG] [LatencyCollector] High queuing: flow=233, queue=0.1202s, serve=0.2190s, path=6 hops
[11:50:32.951] [t=    5.35] [DEBUG] [SDNDatacenter  ] Pkt #1100: flow=41, serve=0.0590s, prop=0.0000s, tx=0.0483s, queue=0.0107s, path=6
[11:50:32.957] [t=    5.48] [DEBUG] [LatencyCollector] High queuing: flow=1, queue=0.1364s, serve=0.1789s, path=4 hops
[11:50:32.973] [t=    5.69] [DEBUG] [LatencyCollector] High queuing: flow=214, queue=0.1333s, serve=0.2682s, path=6 hops
[11:50:32.973] [t=    5.77] [DEBUG] [SDNDatacenter  ] Pkt #1200: flow=163, serve=0.0277s, prop=0.0000s, tx=0.0306s, queue=0.0000s, path=6
[11:50:33.000] [t=    6.13] [DEBUG] [LatencyCollector] High queuing: flow=143, queue=0.1293s, serve=0.1731s, path=2 hops
[11:50:33.009] [t=    6.25] [DEBUG] [SDNDatacenter  ] Pkt #1300: flow=135, serve=0.0245s, prop=0.0000s, tx=0.0222s, queue=0.0022s, path=6
[11:50:33.042] [t=    6.69] [DEBUG] [SDNDatacenter  ] Pkt #1400: flow=111, serve=0.0181s, prop=0.0000s, tx=0.0149s, queue=0.0032s, path=2
[11:50:33.074] [t=    7.16] [DEBUG] [SDNDatacenter  ] Pkt #1500: flow=156, serve=0.0777s, prop=0.0000s, tx=0.0302s, queue=0.0474s, path=6
[11:50:33.074] [t=    7.19] [DEBUG] [LatencyCollector] High queuing: flow=11, queue=0.1283s, serve=0.1545s, path=6 hops
[11:50:33.076] [t=    7.21] [DEBUG] [LatencyCollector] High queuing: flow=11, queue=0.1646s, serve=0.1749s, path=6 hops
[11:50:33.078] [t=    7.31] [DEBUG] [LatencyCollector] High queuing: flow=11, queue=0.1168s, serve=0.2296s, path=6 hops
[11:50:33.088] [t=    7.55] [DEBUG] [LatencyCollector] High queuing: flow=149, queue=0.1145s, serve=0.1839s, path=6 hops
[11:50:33.103] [t=    7.70] [DEBUG] [SDNDatacenter  ] Pkt #1600: flow=222, serve=0.1302s, prop=0.0000s, tx=0.1319s, queue=0.0000s, path=4
[11:50:33.121] [t=    8.19] [DEBUG] [SDNDatacenter  ] Pkt #1700: flow=50, serve=0.1500s, prop=0.0000s, tx=0.0529s, queue=0.0971s, path=6
[11:50:33.148] [t=    8.46] [DEBUG] [LatencyCollector] High queuing: flow=11, queue=0.3419s, serve=0.4144s, path=6 hops
[11:50:33.154] [t=    8.51] [DEBUG] [LatencyCollector] High queuing: flow=6, queue=0.1869s, serve=0.2178s, path=6 hops
[11:50:33.156] [t=    8.54] [DEBUG] [LatencyCollector] High queuing: flow=71, queue=0.1097s, serve=0.2431s, path=6 hops
[11:50:33.158] [t=    8.61] [DEBUG] [LatencyCollector] High queuing: flow=41, queue=0.1799s, serve=0.3119s, path=6 hops
[11:50:33.158] [t=    8.61] [DEBUG] [LatencyCollector] High queuing: flow=146, queue=0.1077s, serve=0.2983s, path=6 hops
[11:50:33.165] [t=    8.63] [DEBUG] [LatencyCollector] High queuing: flow=71, queue=0.2002s, serve=0.2436s, path=6 hops
[11:50:33.165] [t=    8.63] [DEBUG] [SDNDatacenter  ] Pkt #1800: flow=71, serve=0.2436s, prop=0.0000s, tx=0.0434s, queue=0.2002s, path=6
[11:50:33.168] [t=    8.72] [DEBUG] [LatencyCollector] High queuing: flow=6, queue=0.1069s, serve=0.1438s, path=6 hops
[11:50:33.184] [t=    9.16] [DEBUG] [SDNDatacenter  ] Pkt #1900: flow=137, serve=0.1014s, prop=0.0000s, tx=0.0804s, queue=0.0210s, path=6
[11:50:33.184] [t=    9.18] [DEBUG] [LatencyCollector] High queuing: flow=169, queue=0.1291s, serve=0.1829s, path=6 hops
[11:50:33.184] [t=    9.33] [DEBUG] [LatencyCollector] High queuing: flow=201, queue=0.1395s, serve=0.1741s, path=6 hops
[11:50:33.200] [t=    9.61] [DEBUG] [LatencyCollector] High queuing: flow=137, queue=0.1076s, serve=0.1197s, path=6 hops
[11:50:33.200] [t=    9.71] [DEBUG] [LatencyCollector] High queuing: flow=56, queue=0.1906s, serve=0.2355s, path=6 hops
[11:50:33.200] [t=    0.00] [INFO ] [TrainingRunner ] Simulation complete: 15.00 sim seconds, 1297 ms wall clock
[11:50:33.200] [t=    0.00] [INFO ] [TrainingRunner ] Exporting results...
[11:50:33.200] [t=    0.00] [INFO ] [LatencyCollector] Exported episode summary to training_run10_0207_1282025_updatedvirtyualtopohigherbandwidth\episodes\ep_0000/episode_summary.json
[11:50:33.218] [t=    0.00] [INFO ] [LatencyCollector] Exported flow summary to training_run10_0207_1282025_updatedvirtyualtopohigherbandwidth\episodes\ep_0000/flow_summary.csv
[11:50:33.224] [t=    0.00] [INFO ] [LinkStatsCollector] Exported 96 link stats to training_run10_0207_1282025_updatedvirtyualtopohigherbandwidth\episodes\ep_0000/link_stats.csv
[11:50:33.224] [t=    0.00] [INFO ] [SECTION        ] ======================================================================
[11:50:33.224] [t=    0.00] [INFO ] [SECTION        ]   LATENCY STATISTICS SUMMARY
[11:50:33.224] [t=    0.00] [INFO ] [SECTION        ] ======================================================================
[11:50:33.224] [t=    0.00] [INFO ] [LatencyCollector] === Global Statistics ===
[11:50:33.224] [t=    0.00] [INFO ] [LatencyCollector]   Total packets: 1991
[11:50:33.224] [t=    0.00] [INFO ] [LatencyCollector]   Failed packets: 0
[11:50:33.224] [t=    0.00] [INFO ] [LatencyCollector]   Avg queuing delay: 0.015787 s
[11:50:33.224] [t=    0.00] [INFO ] [LatencyCollector]   Max queuing delay: 0.341938 s
[11:50:33.224] [t=    0.00] [INFO ] [LatencyCollector] === Critical vs Background ===
[11:50:33.224] [t=    0.00] [INFO ] [LatencyCollector]   Critical flows: 76 packets, avg queuing = 0.015048 s
[11:50:33.224] [t=    0.00] [INFO ] [LatencyCollector]   Background flows: 1915 packets, avg queuing = 0.015816 s
[11:50:33.224] [t=    0.00] [INFO ] [LinkStatsCollector] ========== Link Statistics Summary ==========
[11:50:33.224] [t=    0.00] [INFO ] [LinkStatsCollector] Total links tracked: 96
[11:50:33.224] [t=    0.00] [INFO ] [LinkStatsCollector] Episode duration: 10.00s
[11:50:33.224] [t=    0.00] [INFO ] [LinkStatsCollector] Bottleneck link: h_3_1_1->Switch: e_3_1 (max_util=70.22%)
[11:50:33.224] [t=    0.00] [INFO ] [LinkStatsCollector] Links that exceeded 90.0% utilization: 0
[11:50:33.224] [t=    0.00] [INFO ] [LinkStatsCollector] Total congestion events: 0
[11:50:33.224] [t=    0.00] [INFO ] [LinkStatsCollector] Top 5 most utilized links:
[11:50:33.224] [t=    0.00] [INFO ] [LinkStatsCollector]   h_3_1_1->Switch: e_3_1: avg=38.91%, max=70.22%, events=0
[11:50:33.224] [t=    0.00] [INFO ] [LinkStatsCollector]   h_3_0_1->Switch: e_3_0: avg=42.07%, max=70.18%, events=0
[11:50:33.224] [t=    0.00] [INFO ] [LinkStatsCollector]   Switch: e_1_1->h_1_1_0: avg=40.53%, max=62.00%, events=0
[11:50:33.224] [t=    0.00] [INFO ] [LinkStatsCollector]   Switch: a_2_0->Switch: c_0_1: avg=39.64%, max=61.48%, events=0
[11:50:33.224] [t=    0.00] [INFO ] [LinkStatsCollector]   Switch: e_1_0->h_1_0_0: avg=38.92%, max=60.47%, events=0
[11:50:33.224] [t=    0.00] [INFO ] [LinkPolicy     ] === ROUTING STATISTICS ===
[11:50:33.224] [t=    0.00] [INFO ] [LinkPolicy     ] Total selectLink() calls: 51776
[11:50:33.224] [t=    0.00] [INFO ] [LinkPolicy     ] Critical flow routings:   828
[11:50:33.224] [t=    0.00] [INFO ] [LinkPolicy     ] Background flow routings: 15607
[11:50:33.224] [t=    0.00] [INFO ] [LinkPolicy     ] Current critical flows:   [128, 67, 35, 36, 70, 201, 51, 84, 212, 54, 183, 55]
[11:50:33.224] [t=    0.00] [INFO ] [LinkPolicy     ] ==========================
[11:50:33.224] [t=    0.00] [INFO ] [TrainingRunner ] === EPISODE COMPLETE ===
[11:50:33.224] [t=    0.00] [INFO ] [TrainingRunner ] Output files:
[11:50:33.224] [t=    0.00] [INFO ] [TrainingRunner ]   training_run10_0207_1282025_updatedvirtyualtopohigherbandwidth\episodes\ep_0000/episode_summary.json
[11:50:33.224] [t=    0.00] [INFO ] [TrainingRunner ]   training_run10_0207_1282025_updatedvirtyualtopohigherbandwidth\episodes\ep_0000/flow_summary.csv
[11:50:33.224] [t=    0.00] [INFO ] [TrainingRunner ]   training_run10_0207_1282025_updatedvirtyualtopohigherbandwidth\episodes\ep_0000/link_stats.csv
[11:50:33.224] [t=    0.00] [INFO ] [TrainingRunner ]   training_run10_0207_1282025_updatedvirtyualtopohigherbandwidth\episodes\ep_0000/latency_results.csv

================================================================================
LOG ENDED: 2025-12-08 11:50:33
================================================================================
