================================================================================
CFR-RL DEBUG LOG
Started: 2025-12-04 23:51:29
Log file: C:\Users\saifk\CS370\Code\round2\cloudsimsdn\debug_outputs\exp4_light_workload\episode.log
================================================================================

Format: [WallClock] [SimTime] [Level] [Component] Message

[23:51:29.238] [t=    0.00] [INFO ] [TrainingRunner ] === EPISODE START ===
[23:51:29.244] [t=    0.00] [INFO ] [TrainingRunner ] Workload: debug_light_workload.csv
[23:51:29.244] [t=    0.00] [INFO ] [TrainingRunner ] Critical flows: debug_light_critical.txt
[23:51:29.245] [t=    0.00] [INFO ] [TrainingRunner ] Output dir: debug_outputs/exp4_light_workload/
[23:51:29.247] [t=    0.00] [INFO ] [TrainingRunner ] Loaded 8 critical flows: [1, 35, 20, 41, 90, 124, 125, 126]
[23:51:29.249] [t=    0.00] [INFO ] [LatencyCollector] Initialized
[23:51:29.251] [t=    0.00] [INFO ] [LatencyCollector] Reset for new simulation
[23:51:29.253] [t=    0.00] [INFO ] [LinkStatsCollector] Reset for new episode
[23:51:29.253] [t=    0.00] [INFO ] [LatencyCollector] CSV export initialized: debug_outputs/exp4_light_workload/latency_results.csv
[23:51:29.253] [t=    0.00] [INFO ] [LatencyCollector] Critical flows updated: 8 flows
[23:51:29.354] [t=    0.00] [INFO ] [TrainingRunner ] Physical topology loaded: 12 hosts
[23:51:29.356] [t=    0.00] [INFO ] [LinkPolicy     ] Created with K=8
[23:51:29.357] [t=    0.00] [INFO ] [LinkPolicy     ] Verbose logging: false
[23:51:29.358] [t=    0.00] [INFO ] [LinkPolicy     ] Updated critical flows: 8 total (added: [1, 35, 20, 41, 90, 124, 125, 126], removed: [])
[23:51:29.358] [t=    0.00] [INFO ] [TrainingRunner ] Critical flows set on policy
[23:51:29.366] [t=    0.00] [INFO ] [TrainingRunner ] Virtual topology deployed
[23:51:29.366] [t=    0.00] [INFO ] [TrainingRunner ] Submitting workload: debug_light_workload.csv
[23:51:29.367] [t=    0.00] [INFO ] [TrainingRunner ] Starting simulation...
[23:51:29.718] [t=    5.00] [WARN ] [LinkStatsCollector] Auto-registering unknown link: host_Sunnyvale->Switch: Sunnyvale
[23:51:29.729] [t=    5.00] [WARN ] [LinkStatsCollector] Auto-registering unknown link: Switch: Sunnyvale->host_Sunnyvale
[23:51:29.730] [t=    5.00] [WARN ] [LinkStatsCollector] Auto-registering unknown link: Switch: Atlanta->Switch: Houston
[23:51:29.730] [t=    5.00] [WARN ] [LinkStatsCollector] Auto-registering unknown link: Switch: Houston->Switch: Atlanta
[23:51:29.731] [t=    5.00] [WARN ] [LinkStatsCollector] Auto-registering unknown link: Switch: Houston->Switch: KansasCity
[23:51:29.731] [t=    5.00] [WARN ] [LinkStatsCollector] Auto-registering unknown link: Switch: KansasCity->Switch: Houston
[23:51:29.731] [t=    5.00] [WARN ] [LinkStatsCollector] Auto-registering unknown link: Switch: Sunnyvale->Switch: Seattle
[23:51:29.731] [t=    5.00] [WARN ] [LinkStatsCollector] Auto-registering unknown link: Switch: Seattle->Switch: Sunnyvale
[23:51:29.732] [t=    5.00] [WARN ] [LinkStatsCollector] Auto-registering unknown link: Switch: LosAngeles->Switch: Sunnyvale
[23:51:29.732] [t=    5.00] [WARN ] [LinkStatsCollector] Auto-registering unknown link: Switch: Sunnyvale->Switch: LosAngeles
[23:51:29.732] [t=    5.00] [WARN ] [LinkStatsCollector] Auto-registering unknown link: host_NewYork->Switch: NewYork
[23:51:29.732] [t=    5.00] [WARN ] [LinkStatsCollector] Auto-registering unknown link: Switch: NewYork->host_NewYork
[23:51:29.732] [t=    5.00] [WARN ] [LinkStatsCollector] Auto-registering unknown link: host_Denver->Switch: Denver
[23:51:29.733] [t=    5.00] [WARN ] [LinkStatsCollector] Auto-registering unknown link: Switch: Denver->host_Denver
[23:51:29.733] [t=    5.00] [WARN ] [LinkStatsCollector] Auto-registering unknown link: Switch: Atlanta->Switch: Indianapolis
[23:51:29.734] [t=    5.00] [WARN ] [LinkStatsCollector] Auto-registering unknown link: Switch: Indianapolis->Switch: Atlanta
[23:51:29.734] [t=    5.00] [WARN ] [LinkStatsCollector] Auto-registering unknown link: host_Jacksonville->Switch: Jacksonville
[23:51:29.735] [t=    5.00] [WARN ] [LinkStatsCollector] Auto-registering unknown link: Switch: Jacksonville->host_Jacksonville
[23:51:29.735] [t=    5.00] [WARN ] [LinkStatsCollector] Auto-registering unknown link: host_Houston->Switch: Houston
[23:51:29.735] [t=    5.00] [WARN ] [LinkStatsCollector] Auto-registering unknown link: Switch: Houston->host_Houston
[23:51:29.735] [t=    5.00] [WARN ] [LinkStatsCollector] Auto-registering unknown link: host_LosAngeles->Switch: LosAngeles
[23:51:29.735] [t=    5.00] [WARN ] [LinkStatsCollector] Auto-registering unknown link: Switch: LosAngeles->host_LosAngeles
[23:51:29.735] [t=    5.00] [WARN ] [LinkStatsCollector] Auto-registering unknown link: Switch: NewYork->Switch: Washington
[23:51:29.735] [t=    5.00] [WARN ] [LinkStatsCollector] Auto-registering unknown link: Switch: Washington->Switch: NewYork
[23:51:29.735] [t=    5.00] [WARN ] [LinkStatsCollector] Auto-registering unknown link: Switch: Jacksonville->Switch: Houston
[23:51:29.736] [t=    5.00] [WARN ] [LinkStatsCollector] Auto-registering unknown link: Switch: Houston->Switch: Jacksonville
[23:51:29.736] [t=    5.00] [WARN ] [LinkStatsCollector] Auto-registering unknown link: host_Indianapolis->Switch: Indianapolis
[23:51:29.736] [t=    5.00] [WARN ] [LinkStatsCollector] Auto-registering unknown link: Switch: Indianapolis->host_Indianapolis
[23:51:29.736] [t=    5.00] [WARN ] [LinkStatsCollector] Auto-registering unknown link: Switch: Indianapolis->Switch: Chicago
[23:51:29.736] [t=    5.00] [WARN ] [LinkStatsCollector] Auto-registering unknown link: Switch: Chicago->Switch: Indianapolis
[23:51:29.737] [t=    5.00] [WARN ] [LinkStatsCollector] Auto-registering unknown link: host_Atlanta->Switch: Atlanta
[23:51:29.737] [t=    5.00] [WARN ] [LinkStatsCollector] Auto-registering unknown link: Switch: Atlanta->host_Atlanta
[23:51:29.738] [t=    5.00] [WARN ] [LinkStatsCollector] Auto-registering unknown link: Switch: Jacksonville->Switch: Atlanta
[23:51:29.738] [t=    5.00] [WARN ] [LinkStatsCollector] Auto-registering unknown link: Switch: Atlanta->Switch: Jacksonville
[23:51:29.742] [t=    5.00] [WARN ] [LinkStatsCollector] Auto-registering unknown link: Switch: Washington->Switch: Indianapolis
[23:51:29.742] [t=    5.00] [WARN ] [LinkStatsCollector] Auto-registering unknown link: Switch: Indianapolis->Switch: Washington
[23:51:29.742] [t=    5.00] [WARN ] [LinkStatsCollector] Auto-registering unknown link: Switch: Denver->Switch: Seattle
[23:51:29.747] [t=    5.00] [WARN ] [LinkStatsCollector] Auto-registering unknown link: Switch: Seattle->Switch: Denver
[23:51:29.748] [t=    5.00] [WARN ] [LinkStatsCollector] Auto-registering unknown link: host_Chicago->Switch: Chicago
[23:51:29.751] [t=    5.00] [WARN ] [LinkStatsCollector] Auto-registering unknown link: Switch: Chicago->host_Chicago
[23:51:29.751] [t=    5.00] [WARN ] [LinkStatsCollector] Auto-registering unknown link: host_Washington->Switch: Washington
[23:51:29.751] [t=    5.00] [WARN ] [LinkStatsCollector] Auto-registering unknown link: Switch: Washington->host_Washington
[23:51:29.752] [t=    5.00] [WARN ] [LinkStatsCollector] Auto-registering unknown link: host_Seattle->Switch: Seattle
[23:51:29.752] [t=    5.00] [WARN ] [LinkStatsCollector] Auto-registering unknown link: Switch: Seattle->host_Seattle
[23:51:29.752] [t=    5.00] [WARN ] [LinkStatsCollector] Auto-registering unknown link: Switch: Washington->Switch: Atlanta
[23:51:29.756] [t=    5.00] [WARN ] [LinkStatsCollector] Auto-registering unknown link: Switch: Atlanta->Switch: Washington
[23:51:29.756] [t=    5.00] [WARN ] [LinkStatsCollector] Auto-registering unknown link: Switch: Chicago->Switch: KansasCity
[23:51:29.756] [t=    5.00] [WARN ] [LinkStatsCollector] Auto-registering unknown link: Switch: KansasCity->Switch: Chicago
[23:51:29.756] [t=    5.00] [WARN ] [LinkStatsCollector] Auto-registering unknown link: Switch: KansasCity->Switch: Denver
[23:51:29.756] [t=    5.00] [WARN ] [LinkStatsCollector] Auto-registering unknown link: Switch: Denver->Switch: KansasCity
[23:51:29.757] [t=    5.00] [WARN ] [LinkStatsCollector] Auto-registering unknown link: Switch: Houston->Switch: LosAngeles
[23:51:29.758] [t=    5.00] [WARN ] [LinkStatsCollector] Auto-registering unknown link: Switch: LosAngeles->Switch: Houston
[23:51:29.758] [t=    5.00] [WARN ] [LinkStatsCollector] Auto-registering unknown link: Switch: NewYork->Switch: Chicago
[23:51:29.759] [t=    5.00] [WARN ] [LinkStatsCollector] Auto-registering unknown link: Switch: Chicago->Switch: NewYork
[23:51:29.762] [t=    5.00] [WARN ] [LinkStatsCollector] Auto-registering unknown link: Switch: Indianapolis->Switch: KansasCity
[23:51:29.762] [t=    5.00] [WARN ] [LinkStatsCollector] Auto-registering unknown link: Switch: KansasCity->Switch: Indianapolis
[23:51:29.762] [t=    5.00] [WARN ] [LinkStatsCollector] Auto-registering unknown link: Switch: Denver->Switch: Sunnyvale
[23:51:29.763] [t=    5.00] [WARN ] [LinkStatsCollector] Auto-registering unknown link: Switch: Sunnyvale->Switch: Denver
[23:51:29.763] [t=    5.00] [WARN ] [LinkStatsCollector] Auto-registering unknown link: host_KansasCity->Switch: KansasCity
[23:51:29.764] [t=    5.00] [WARN ] [LinkStatsCollector] Auto-registering unknown link: Switch: KansasCity->host_KansasCity
[23:51:29.898] [t=   13.82] [WARN ] [LatencyCollector] Packet FAILED: flow=126, src=11->dst=5, waited=12.7238s
[23:51:29.899] [t=   13.82] [WARN ] [LatencyCollector] Packet FAILED: flow=1, src=0->dst=2, waited=11.9238s
[23:51:29.952] [t=   13.82] [WARN ] [LatencyCollector] Packet FAILED: flow=35, src=3->dst=2, waited=11.6238s
[23:51:29.954] [t=   13.82] [WARN ] [LatencyCollector] Packet FAILED: flow=124, src=11->dst=3, waited=10.9238s
[23:51:29.965] [t=   13.82] [WARN ] [LatencyCollector] Packet FAILED: flow=90, src=8->dst=2, waited=13.0238s
[23:51:29.966] [t=   13.82] [WARN ] [LatencyCollector] Packet FAILED: flow=125, src=11->dst=4, waited=11.6688s
[23:51:29.994] [t=   15.00] [WARN ] [LatencyCollector] Packet FAILED: flow=20, src=1->dst=10, waited=10.5000s
[23:51:29.997] [t=   19.14] [WARN ] [LatencyCollector] Packet FAILED: flow=81, src=7->dst=4, waited=12.0449s
[23:51:29.997] [t=   19.14] [WARN ] [LatencyCollector] Packet FAILED: flow=70, src=6->dst=4, waited=10.4449s
[23:51:29.998] [t=   19.14] [WARN ] [LatencyCollector] Packet FAILED: flow=11, src=1->dst=0, waited=12.6893s
[23:51:29.998] [t=   19.14] [WARN ] [LatencyCollector] Packet FAILED: flow=92, src=8->dst=4, waited=11.6449s
[23:51:30.000] [t=   19.14] [WARN ] [LatencyCollector] Packet FAILED: flow=54, src=4->dst=11, waited=12.0449s
[23:51:30.000] [t=   19.14] [WARN ] [LatencyCollector] Packet FAILED: flow=55, src=5->dst=0, waited=13.3449s
[23:51:30.000] [t=   19.14] [WARN ] [LatencyCollector] Packet FAILED: flow=123, src=11->dst=2, waited=10.3449s
[23:51:30.003] [t=   20.00] [WARN ] [LatencyCollector] Packet FAILED: flow=119, src=10->dst=9, waited=10.0472s
[23:51:30.003] [t=   20.00] [WARN ] [LatencyCollector] Packet FAILED: flow=78, src=7->dst=1, waited=10.3000s
[23:51:30.003] [t=   20.00] [WARN ] [LatencyCollector] Packet FAILED: flow=59, src=5->dst=4, waited=10.6000s
[23:51:30.014] [t=    0.00] [INFO ] [TrainingRunner ] Simulation complete: 33.89 sim seconds, 777 ms wall clock
[23:51:30.014] [t=    0.00] [INFO ] [TrainingRunner ] Exporting results...
[23:51:30.016] [t=    0.00] [INFO ] [LatencyCollector] Exported episode summary to debug_outputs/exp4_light_workload/episode_summary.json
[23:51:30.023] [t=    0.00] [INFO ] [LatencyCollector] Exported flow summary to debug_outputs/exp4_light_workload/flow_summary.csv
[23:51:30.032] [t=    0.00] [INFO ] [LinkStatsCollector] Exported 60 link stats to debug_outputs/exp4_light_workload/link_stats.csv
[23:51:30.033] [t=    0.00] [INFO ] [SECTION        ] ======================================================================
[23:51:30.033] [t=    0.00] [INFO ] [SECTION        ]   LATENCY STATISTICS SUMMARY
[23:51:30.033] [t=    0.00] [INFO ] [SECTION        ] ======================================================================
[23:51:30.033] [t=    0.00] [INFO ] [LatencyCollector] === Global Statistics ===
[23:51:30.033] [t=    0.00] [INFO ] [LatencyCollector]   Total packets: 8
[23:51:30.033] [t=    0.00] [INFO ] [LatencyCollector]   Failed packets: 17
[23:51:30.033] [t=    0.00] [INFO ] [LatencyCollector]   Avg queuing delay: 0.020150 s
[23:51:30.033] [t=    0.00] [INFO ] [LatencyCollector]   Max queuing delay: 0.100000 s
[23:51:30.033] [t=    0.00] [INFO ] [LatencyCollector] === Critical vs Background ===
[23:51:30.033] [t=    0.00] [INFO ] [LatencyCollector]   Critical flows: 1 packets, avg queuing = 0.000000 s
[23:51:30.033] [t=    0.00] [INFO ] [LatencyCollector]   Background flows: 7 packets, avg queuing = 0.023029 s
[23:51:30.033] [t=    0.00] [INFO ] [LinkStatsCollector] ========== Link Statistics Summary ==========
[23:51:30.033] [t=    0.00] [INFO ] [LinkStatsCollector] Total links tracked: 60
[23:51:30.033] [t=    0.00] [INFO ] [LinkStatsCollector] Episode duration: 28.89s
[23:51:30.033] [t=    0.00] [INFO ] [LinkStatsCollector] Bottleneck link: Switch: Denver->Switch: KansasCity (max_util=4.72%)
[23:51:30.033] [t=    0.00] [INFO ] [LinkStatsCollector] Links that exceeded 90.0% utilization: 0
[23:51:30.033] [t=    0.00] [INFO ] [LinkStatsCollector] Total congestion events: 0
[23:51:30.033] [t=    0.00] [INFO ] [LinkStatsCollector] Top 5 most utilized links:
[23:51:30.037] [t=    0.00] [INFO ] [LinkStatsCollector]   Switch: Denver->Switch: KansasCity: avg=1.55%, max=4.72%, events=0
[23:51:30.037] [t=    0.00] [INFO ] [LinkStatsCollector]   host_KansasCity->Switch: KansasCity: avg=1.31%, max=3.49%, events=0
[23:51:30.037] [t=    0.00] [INFO ] [LinkStatsCollector]   Switch: Chicago->host_Chicago: avg=1.55%, max=3.39%, events=0
[23:51:30.037] [t=    0.00] [INFO ] [LinkStatsCollector]   Switch: KansasCity->Switch: Houston: avg=1.09%, max=3.29%, events=0
[23:51:30.037] [t=    0.00] [INFO ] [LinkStatsCollector]   Switch: Houston->host_Houston: avg=1.09%, max=3.26%, events=0
[23:51:30.037] [t=    0.00] [INFO ] [TrainingRunner ] === EPISODE COMPLETE ===
[23:51:30.037] [t=    0.00] [INFO ] [TrainingRunner ] Output files:
[23:51:30.037] [t=    0.00] [INFO ] [TrainingRunner ]   debug_outputs/exp4_light_workload/episode_summary.json
[23:51:30.037] [t=    0.00] [INFO ] [TrainingRunner ]   debug_outputs/exp4_light_workload/flow_summary.csv
[23:51:30.037] [t=    0.00] [INFO ] [TrainingRunner ]   debug_outputs/exp4_light_workload/link_stats.csv
[23:51:30.038] [t=    0.00] [INFO ] [TrainingRunner ]   debug_outputs/exp4_light_workload/latency_results.csv

================================================================================
LOG ENDED: 2025-12-04 23:51:30
================================================================================
