================================================================================
CFR-RL DEBUG LOG
Started: 2025-12-05 00:26:15
Log file: C:\Users\saifk\CS370\Code\round2\cloudsimsdn\training_fixed\episodes\ep_0000\episode.log
================================================================================

Format: [WallClock] [SimTime] [Level] [Component] Message

[00:26:15.622] [t=    0.00] [INFO ] [TrainingRunner ] === EPISODE START ===
[00:26:15.626] [t=    0.00] [INFO ] [TrainingRunner ] Workload: training_fixed\episodes\ep_0000\workload.csv
[00:26:15.626] [t=    0.00] [INFO ] [TrainingRunner ] Critical flows: training_fixed\episodes\ep_0000\critical_flows.txt
[00:26:15.626] [t=    0.00] [INFO ] [TrainingRunner ] Output dir: training_fixed\episodes\ep_0000/
[00:26:15.626] [t=    0.00] [INFO ] [TrainingRunner ] Loaded 8 critical flows: [2, 130, 83, 67, 120, 124, 29, 15]
[00:26:15.626] [t=    0.00] [INFO ] [LatencyCollector] Initialized
[00:26:15.632] [t=    0.00] [INFO ] [LatencyCollector] Reset for new simulation
[00:26:15.632] [t=    0.00] [INFO ] [LinkStatsCollector] Reset for new episode
[00:26:15.632] [t=    0.00] [INFO ] [LatencyCollector] CSV export initialized: training_fixed\episodes\ep_0000/latency_results.csv
[00:26:15.632] [t=    0.00] [INFO ] [LatencyCollector] Critical flows updated: 8 flows
[00:26:15.726] [t=    0.00] [INFO ] [TrainingRunner ] Physical topology loaded: 12 hosts
[00:26:15.726] [t=    0.00] [INFO ] [LinkPolicy     ] Created with K=8
[00:26:15.726] [t=    0.00] [INFO ] [LinkPolicy     ] Verbose logging: false
[00:26:15.726] [t=    0.00] [INFO ] [LinkPolicy     ] Updated critical flows: 8 total (added: [2, 130, 83, 67, 120, 124, 29, 15], removed: [])
[00:26:15.726] [t=    0.00] [INFO ] [TrainingRunner ] Critical flows set on policy
[00:26:15.736] [t=    0.00] [INFO ] [TrainingRunner ] Virtual topology deployed
[00:26:15.736] [t=    0.00] [INFO ] [TrainingRunner ] Submitting workload: training_fixed\episodes\ep_0000\workload.csv
[00:26:15.736] [t=    0.00] [INFO ] [TrainingRunner ] Starting simulation...
[00:26:15.844] [t=    3.51] [DEBUG] [LatencyCollector] High queuing: flow=17, queue=0.1000s, serve=1.6117s, path=5 hops
[00:26:15.851] [t=    5.00] [WARN ] [LinkStatsCollector] Auto-registering unknown link: Switch: Indianapolis->Switch: KansasCity
[00:26:15.852] [t=    5.00] [WARN ] [LinkStatsCollector] Auto-registering unknown link: Switch: KansasCity->Switch: Indianapolis
[00:26:15.852] [t=    5.00] [WARN ] [LinkStatsCollector] Auto-registering unknown link: host_Atlanta->Switch: Atlanta
[00:26:15.852] [t=    5.00] [WARN ] [LinkStatsCollector] Auto-registering unknown link: Switch: Atlanta->host_Atlanta
[00:26:15.852] [t=    5.00] [WARN ] [LinkStatsCollector] Auto-registering unknown link: Switch: Washington->Switch: Indianapolis
[00:26:15.852] [t=    5.00] [WARN ] [LinkStatsCollector] Auto-registering unknown link: Switch: Indianapolis->Switch: Washington
[00:26:15.852] [t=    5.00] [WARN ] [LinkStatsCollector] Auto-registering unknown link: host_NewYork->Switch: NewYork
[00:26:15.852] [t=    5.00] [WARN ] [LinkStatsCollector] Auto-registering unknown link: Switch: NewYork->host_NewYork
[00:26:15.852] [t=    5.00] [WARN ] [LinkStatsCollector] Auto-registering unknown link: Switch: KansasCity->Switch: Denver
[00:26:15.852] [t=    5.00] [WARN ] [LinkStatsCollector] Auto-registering unknown link: Switch: Denver->Switch: KansasCity
[00:26:15.852] [t=    5.00] [WARN ] [LinkStatsCollector] Auto-registering unknown link: host_Seattle->Switch: Seattle
[00:26:15.852] [t=    5.00] [WARN ] [LinkStatsCollector] Auto-registering unknown link: Switch: Seattle->host_Seattle
[00:26:15.855] [t=    5.00] [WARN ] [LinkStatsCollector] Auto-registering unknown link: Switch: Atlanta->Switch: Indianapolis
[00:26:15.855] [t=    5.00] [WARN ] [LinkStatsCollector] Auto-registering unknown link: Switch: Indianapolis->Switch: Atlanta
[00:26:15.855] [t=    5.00] [WARN ] [LinkStatsCollector] Auto-registering unknown link: Switch: Houston->Switch: KansasCity
[00:26:15.855] [t=    5.00] [WARN ] [LinkStatsCollector] Auto-registering unknown link: Switch: KansasCity->Switch: Houston
[00:26:15.855] [t=    5.00] [WARN ] [LinkStatsCollector] Auto-registering unknown link: Switch: Chicago->Switch: KansasCity
[00:26:15.855] [t=    5.00] [WARN ] [LinkStatsCollector] Auto-registering unknown link: Switch: KansasCity->Switch: Chicago
[00:26:15.855] [t=    5.00] [WARN ] [LinkStatsCollector] Auto-registering unknown link: host_Chicago->Switch: Chicago
[00:26:15.855] [t=    5.00] [WARN ] [LinkStatsCollector] Auto-registering unknown link: Switch: Chicago->host_Chicago
[00:26:15.855] [t=    5.00] [WARN ] [LinkStatsCollector] Auto-registering unknown link: Switch: Denver->Switch: Sunnyvale
[00:26:15.855] [t=    5.00] [WARN ] [LinkStatsCollector] Auto-registering unknown link: Switch: Sunnyvale->Switch: Denver
[00:26:15.855] [t=    5.00] [WARN ] [LinkStatsCollector] Auto-registering unknown link: Switch: Houston->Switch: LosAngeles
[00:26:15.855] [t=    5.00] [WARN ] [LinkStatsCollector] Auto-registering unknown link: Switch: LosAngeles->Switch: Houston
[00:26:15.855] [t=    5.00] [WARN ] [LinkStatsCollector] Auto-registering unknown link: Switch: Jacksonville->Switch: Atlanta
[00:26:15.855] [t=    5.00] [WARN ] [LinkStatsCollector] Auto-registering unknown link: Switch: Atlanta->Switch: Jacksonville
[00:26:15.855] [t=    5.00] [WARN ] [LinkStatsCollector] Auto-registering unknown link: host_Sunnyvale->Switch: Sunnyvale
[00:26:15.855] [t=    5.00] [WARN ] [LinkStatsCollector] Auto-registering unknown link: Switch: Sunnyvale->host_Sunnyvale
[00:26:15.855] [t=    5.00] [WARN ] [LinkStatsCollector] Auto-registering unknown link: Switch: NewYork->Switch: Chicago
[00:26:15.855] [t=    5.00] [WARN ] [LinkStatsCollector] Auto-registering unknown link: Switch: Chicago->Switch: NewYork
[00:26:15.855] [t=    5.00] [WARN ] [LinkStatsCollector] Auto-registering unknown link: host_Jacksonville->Switch: Jacksonville
[00:26:15.855] [t=    5.00] [WARN ] [LinkStatsCollector] Auto-registering unknown link: Switch: Jacksonville->host_Jacksonville
[00:26:15.855] [t=    5.00] [WARN ] [LinkStatsCollector] Auto-registering unknown link: Switch: Denver->Switch: Seattle
[00:26:15.855] [t=    5.00] [WARN ] [LinkStatsCollector] Auto-registering unknown link: Switch: Seattle->Switch: Denver
[00:26:15.855] [t=    5.00] [WARN ] [LinkStatsCollector] Auto-registering unknown link: Switch: Atlanta->Switch: Houston
[00:26:15.858] [t=    5.00] [WARN ] [LinkStatsCollector] Auto-registering unknown link: Switch: Houston->Switch: Atlanta
[00:26:15.858] [t=    5.00] [WARN ] [LinkStatsCollector] Auto-registering unknown link: host_Washington->Switch: Washington
[00:26:15.858] [t=    5.00] [WARN ] [LinkStatsCollector] Auto-registering unknown link: Switch: Washington->host_Washington
[00:26:15.858] [t=    5.00] [WARN ] [LinkStatsCollector] Auto-registering unknown link: Switch: Sunnyvale->Switch: Seattle
[00:26:15.858] [t=    5.00] [WARN ] [LinkStatsCollector] Auto-registering unknown link: Switch: Seattle->Switch: Sunnyvale
[00:26:15.858] [t=    5.00] [WARN ] [LinkStatsCollector] Auto-registering unknown link: host_Denver->Switch: Denver
[00:26:15.858] [t=    5.00] [WARN ] [LinkStatsCollector] Auto-registering unknown link: Switch: Denver->host_Denver
[00:26:15.858] [t=    5.00] [WARN ] [LinkStatsCollector] Auto-registering unknown link: Switch: Indianapolis->Switch: Chicago
[00:26:15.858] [t=    5.00] [WARN ] [LinkStatsCollector] Auto-registering unknown link: Switch: Chicago->Switch: Indianapolis
[00:26:15.858] [t=    5.00] [WARN ] [LinkStatsCollector] Auto-registering unknown link: Switch: Washington->Switch: Atlanta
[00:26:15.858] [t=    5.00] [WARN ] [LinkStatsCollector] Auto-registering unknown link: Switch: Atlanta->Switch: Washington
[00:26:15.858] [t=    5.00] [WARN ] [LinkStatsCollector] Auto-registering unknown link: host_KansasCity->Switch: KansasCity
[00:26:15.858] [t=    5.00] [WARN ] [LinkStatsCollector] Auto-registering unknown link: Switch: KansasCity->host_KansasCity
[00:26:15.858] [t=    5.00] [WARN ] [LinkStatsCollector] Auto-registering unknown link: host_LosAngeles->Switch: LosAngeles
[00:26:15.858] [t=    5.00] [WARN ] [LinkStatsCollector] Auto-registering unknown link: Switch: LosAngeles->host_LosAngeles
[00:26:15.858] [t=    5.00] [WARN ] [LinkStatsCollector] Auto-registering unknown link: Switch: LosAngeles->Switch: Sunnyvale
[00:26:15.858] [t=    5.00] [WARN ] [LinkStatsCollector] Auto-registering unknown link: Switch: Sunnyvale->Switch: LosAngeles
[00:26:15.858] [t=    5.00] [WARN ] [LinkStatsCollector] Auto-registering unknown link: host_Houston->Switch: Houston
[00:26:15.858] [t=    5.00] [WARN ] [LinkStatsCollector] Auto-registering unknown link: Switch: Houston->host_Houston
[00:26:15.858] [t=    5.00] [WARN ] [LinkStatsCollector] Auto-registering unknown link: host_Indianapolis->Switch: Indianapolis
[00:26:15.860] [t=    5.00] [WARN ] [LinkStatsCollector] Auto-registering unknown link: Switch: Indianapolis->host_Indianapolis
[00:26:15.860] [t=    5.00] [WARN ] [LinkStatsCollector] Auto-registering unknown link: Switch: NewYork->Switch: Washington
[00:26:15.860] [t=    5.00] [WARN ] [LinkStatsCollector] Auto-registering unknown link: Switch: Washington->Switch: NewYork
[00:26:15.860] [t=    5.00] [WARN ] [LinkStatsCollector] Auto-registering unknown link: Switch: Jacksonville->Switch: Houston
[00:26:15.860] [t=    5.00] [WARN ] [LinkStatsCollector] Auto-registering unknown link: Switch: Houston->Switch: Jacksonville
[00:26:15.883] [t=   10.40] [WARN ] [LatencyCollector] Packet FAILED: flow=77, src=7->dst=0, waited=10.0000s
[00:26:15.888] [t=   12.79] [WARN ] [LatencyCollector] Packet FAILED: flow=50, src=4->dst=7, waited=10.0903s
[00:26:15.890] [t=   13.59] [WARN ] [LatencyCollector] Packet FAILED: flow=109, src=9->dst=11, waited=10.0754s
[00:26:15.890] [t=   13.82] [WARN ] [LatencyCollector] Packet FAILED: flow=12, src=1->dst=2, waited=10.2223s
[00:26:15.894] [t=   16.40] [WARN ] [LatencyCollector] Packet FAILED: flow=74, src=6->dst=9, waited=10.1000s
[00:26:15.900] [t=   22.87] [WARN ] [LatencyCollector] Packet FAILED: flow=22, src=2->dst=0, waited=11.5666s
[00:26:15.904] [t=   25.00] [WARN ] [LatencyCollector] Packet FAILED: flow=62, src=5->dst=8, waited=10.2849s
[00:26:15.908] [t=    0.00] [INFO ] [TrainingRunner ] Simulation complete: 35.00 sim seconds, 286 ms wall clock
[00:26:15.908] [t=    0.00] [INFO ] [TrainingRunner ] Exporting results...
[00:26:15.912] [t=    0.00] [INFO ] [LatencyCollector] Exported episode summary to training_fixed\episodes\ep_0000/episode_summary.json
[00:26:15.917] [t=    0.00] [INFO ] [LatencyCollector] Exported flow summary to training_fixed\episodes\ep_0000/flow_summary.csv
[00:26:15.922] [t=    0.00] [INFO ] [LinkStatsCollector] Exported 60 link stats to training_fixed\episodes\ep_0000/link_stats.csv
[00:26:15.922] [t=    0.00] [INFO ] [SECTION        ] ======================================================================
[00:26:15.922] [t=    0.00] [INFO ] [SECTION        ]   LATENCY STATISTICS SUMMARY
[00:26:15.922] [t=    0.00] [INFO ] [SECTION        ] ======================================================================
[00:26:15.922] [t=    0.00] [INFO ] [LatencyCollector] === Global Statistics ===
[00:26:15.922] [t=    0.00] [INFO ] [LatencyCollector]   Total packets: 43
[00:26:15.922] [t=    0.00] [INFO ] [LatencyCollector]   Failed packets: 7
[00:26:15.922] [t=    0.00] [INFO ] [LatencyCollector]   Avg queuing delay: 0.011401 s
[00:26:15.922] [t=    0.00] [INFO ] [LatencyCollector]   Max queuing delay: 0.100000 s
[00:26:15.922] [t=    0.00] [INFO ] [LatencyCollector] === Critical vs Background ===
[00:26:15.922] [t=    0.00] [INFO ] [LatencyCollector]   Critical flows: 3 packets, avg queuing = 0.026552 s
[00:26:15.922] [t=    0.00] [INFO ] [LatencyCollector]   Background flows: 40 packets, avg queuing = 0.010264 s
[00:26:15.922] [t=    0.00] [INFO ] [LinkStatsCollector] ========== Link Statistics Summary ==========
[00:26:15.922] [t=    0.00] [INFO ] [LinkStatsCollector] Total links tracked: 60
[00:26:15.922] [t=    0.00] [INFO ] [LinkStatsCollector] Episode duration: 30.00s
[00:26:15.922] [t=    0.00] [INFO ] [LinkStatsCollector] Bottleneck link: Switch: Denver->Switch: KansasCity (max_util=12.82%)
[00:26:15.922] [t=    0.00] [INFO ] [LinkStatsCollector] Links that exceeded 90.0% utilization: 0
[00:26:15.922] [t=    0.00] [INFO ] [LinkStatsCollector] Total congestion events: 0
[00:26:15.922] [t=    0.00] [INFO ] [LinkStatsCollector] Top 5 most utilized links:
[00:26:15.926] [t=    0.00] [INFO ] [LinkStatsCollector]   Switch: Denver->Switch: KansasCity: avg=3.24%, max=12.82%, events=0
[00:26:15.926] [t=    0.00] [INFO ] [LinkStatsCollector]   Switch: Sunnyvale->Switch: Denver: avg=2.49%, max=10.24%, events=0
[00:26:15.926] [t=    0.00] [INFO ] [LinkStatsCollector]   Switch: KansasCity->Switch: Houston: avg=2.22%, max=9.48%, events=0
[00:26:15.926] [t=    0.00] [INFO ] [LinkStatsCollector]   host_Sunnyvale->Switch: Sunnyvale: avg=2.56%, max=8.51%, events=0
[00:26:15.926] [t=    0.00] [INFO ] [LinkStatsCollector]   Switch: Atlanta->Switch: Indianapolis: avg=2.55%, max=8.40%, events=0
[00:26:15.927] [t=    0.00] [INFO ] [TrainingRunner ] === EPISODE COMPLETE ===
[00:26:15.927] [t=    0.00] [INFO ] [TrainingRunner ] Output files:
[00:26:15.927] [t=    0.00] [INFO ] [TrainingRunner ]   training_fixed\episodes\ep_0000/episode_summary.json
[00:26:15.927] [t=    0.00] [INFO ] [TrainingRunner ]   training_fixed\episodes\ep_0000/flow_summary.csv
[00:26:15.927] [t=    0.00] [INFO ] [TrainingRunner ]   training_fixed\episodes\ep_0000/link_stats.csv
[00:26:15.927] [t=    0.00] [INFO ] [TrainingRunner ]   training_fixed\episodes\ep_0000/latency_results.csv

================================================================================
LOG ENDED: 2025-12-05 00:26:15
================================================================================
