================================================================================
CFR-RL DEBUG LOG
Started: 2025-12-07 00:13:28
Log file: C:\Users\saifk\CS370\Code\round2\cloudsimsdn\training_run1\episodes\ep_0004\episode.log
================================================================================

Format: [WallClock] [SimTime] [Level] [Component] Message

[00:13:28.883] [t=    0.00] [INFO ] [TrainingRunner ] === EPISODE START (Fat-Tree k=4) ===
[00:13:28.887] [t=    0.00] [INFO ] [TrainingRunner ] Workload: training_run1\episodes\ep_0004\workload.csv
[00:13:28.889] [t=    0.00] [INFO ] [TrainingRunner ] Critical flows: training_run1\episodes\ep_0004\critical_flows.txt
[00:13:28.889] [t=    0.00] [INFO ] [TrainingRunner ] Output dir: training_run1\episodes\ep_0004/
[00:13:28.891] [t=    0.00] [INFO ] [TrainingRunner ] Loaded 12 critical flows: [208, 49, 114, 163, 117, 54, 152, 10, 203, 60, 46, 223]
[00:13:28.894] [t=    0.00] [INFO ] [LatencyCollector] Initialized
[00:13:28.896] [t=    0.00] [INFO ] [LatencyCollector] Reset for new simulation
[00:13:28.898] [t=    0.00] [INFO ] [LinkStatsCollector] Reset for new episode
[00:13:28.900] [t=    0.00] [INFO ] [LatencyCollector] CSV export initialized: training_run1\episodes\ep_0004/latency_results.csv
[00:13:28.900] [t=    0.00] [INFO ] [LatencyCollector] Critical flows updated: 12 flows
[00:13:28.936] [t=    0.00] [INFO ] [TrainingRunner ] Loading Fat-Tree topology: dataset-fattree/fattree-physical.json
[00:13:29.019] [t=    0.00] [INFO ] [TrainingRunner ] Physical topology loaded: 16 hosts
[00:13:29.021] [t=    0.00] [INFO ] [LinkPolicy     ] Created with K=12
[00:13:29.021] [t=    0.00] [INFO ] [LinkPolicy     ] Verbose logging: false
[00:13:29.021] [t=    0.00] [INFO ] [LinkPolicy     ] Updated critical flows: 12 total (added: [163, 10, 203, 46, 208, 49, 114, 117, 54, 152, 60, 223], removed: [])
[00:13:29.022] [t=    0.00] [INFO ] [TrainingRunner ] Critical flows set on policy
[00:13:29.030] [t=    0.00] [INFO ] [TrainingRunner ] Virtual topology deployed
[00:13:29.030] [t=    0.00] [INFO ] [TrainingRunner ] Submitting workload: training_run1\episodes\ep_0004\workload.csv
[00:13:29.030] [t=    0.00] [INFO ] [TrainingRunner ] Starting simulation...
[00:13:29.231] [t=    5.00] [WARN ] [LinkStatsCollector] Auto-registering unknown link: Switch: e_2_0->Switch: a_2_1
[00:13:29.233] [t=    5.00] [WARN ] [LinkStatsCollector] Auto-registering unknown link: Switch: a_2_1->Switch: e_2_0
[00:13:29.233] [t=    5.00] [WARN ] [LinkStatsCollector] Auto-registering unknown link: Switch: e_0_0->Switch: a_0_0
[00:13:29.233] [t=    5.00] [WARN ] [LinkStatsCollector] Auto-registering unknown link: Switch: a_0_0->Switch: e_0_0
[00:13:29.233] [t=    5.00] [WARN ] [LinkStatsCollector] Auto-registering unknown link: Switch: a_1_0->Switch: c_0_0
[00:13:29.233] [t=    5.00] [WARN ] [LinkStatsCollector] Auto-registering unknown link: Switch: c_0_0->Switch: a_1_0
[00:13:29.233] [t=    5.00] [WARN ] [LinkStatsCollector] Auto-registering unknown link: h_2_1_0->Switch: e_2_1
[00:13:29.233] [t=    5.00] [WARN ] [LinkStatsCollector] Auto-registering unknown link: Switch: e_2_1->h_2_1_0
[00:13:29.235] [t=    5.00] [WARN ] [LinkStatsCollector] Auto-registering unknown link: h_2_1_1->Switch: e_2_1
[00:13:29.235] [t=    5.00] [WARN ] [LinkStatsCollector] Auto-registering unknown link: Switch: e_2_1->h_2_1_1
[00:13:29.235] [t=    5.00] [WARN ] [LinkStatsCollector] Auto-registering unknown link: Switch: e_1_1->Switch: a_1_0
[00:13:29.235] [t=    5.00] [WARN ] [LinkStatsCollector] Auto-registering unknown link: Switch: a_1_0->Switch: e_1_1
[00:13:29.235] [t=    5.00] [WARN ] [LinkStatsCollector] Auto-registering unknown link: h_3_1_0->Switch: e_3_1
[00:13:29.235] [t=    5.00] [WARN ] [LinkStatsCollector] Auto-registering unknown link: Switch: e_3_1->h_3_1_0
[00:13:29.235] [t=    5.00] [WARN ] [LinkStatsCollector] Auto-registering unknown link: Switch: a_2_1->Switch: c_1_1
[00:13:29.235] [t=    5.00] [WARN ] [LinkStatsCollector] Auto-registering unknown link: Switch: c_1_1->Switch: a_2_1
[00:13:29.235] [t=    5.00] [WARN ] [LinkStatsCollector] Auto-registering unknown link: Switch: a_0_0->Switch: c_0_0
[00:13:29.235] [t=    5.00] [WARN ] [LinkStatsCollector] Auto-registering unknown link: Switch: c_0_0->Switch: a_0_0
[00:13:29.237] [t=    5.00] [WARN ] [LinkStatsCollector] Auto-registering unknown link: Switch: e_3_0->Switch: a_3_1
[00:13:29.237] [t=    5.00] [WARN ] [LinkStatsCollector] Auto-registering unknown link: Switch: a_3_1->Switch: e_3_0
[00:13:29.237] [t=    5.00] [WARN ] [LinkStatsCollector] Auto-registering unknown link: h_0_0_0->Switch: e_0_0
[00:13:29.237] [t=    5.00] [WARN ] [LinkStatsCollector] Auto-registering unknown link: Switch: e_0_0->h_0_0_0
[00:13:29.237] [t=    5.00] [WARN ] [LinkStatsCollector] Auto-registering unknown link: h_3_1_1->Switch: e_3_1
[00:13:29.237] [t=    5.00] [WARN ] [LinkStatsCollector] Auto-registering unknown link: Switch: e_3_1->h_3_1_1
[00:13:29.237] [t=    5.00] [WARN ] [LinkStatsCollector] Auto-registering unknown link: h_2_0_1->Switch: e_2_0
[00:13:29.237] [t=    5.00] [WARN ] [LinkStatsCollector] Auto-registering unknown link: Switch: e_2_0->h_2_0_1
[00:13:29.237] [t=    5.00] [WARN ] [LinkStatsCollector] Auto-registering unknown link: Switch: a_1_0->Switch: c_0_1
[00:13:29.239] [t=    5.00] [WARN ] [LinkStatsCollector] Auto-registering unknown link: Switch: c_0_1->Switch: a_1_0
[00:13:29.239] [t=    5.00] [WARN ] [LinkStatsCollector] Auto-registering unknown link: Switch: a_2_0->Switch: c_0_1
[00:13:29.239] [t=    5.00] [WARN ] [LinkStatsCollector] Auto-registering unknown link: Switch: c_0_1->Switch: a_2_0
[00:13:29.239] [t=    5.00] [WARN ] [LinkStatsCollector] Auto-registering unknown link: h_1_1_0->Switch: e_1_1
[00:13:29.239] [t=    5.00] [WARN ] [LinkStatsCollector] Auto-registering unknown link: Switch: e_1_1->h_1_1_0
[00:13:29.239] [t=    5.00] [WARN ] [LinkStatsCollector] Auto-registering unknown link: Switch: e_0_1->Switch: a_0_1
[00:13:29.239] [t=    5.00] [WARN ] [LinkStatsCollector] Auto-registering unknown link: Switch: a_0_1->Switch: e_0_1
[00:13:29.239] [t=    5.00] [WARN ] [LinkStatsCollector] Auto-registering unknown link: Switch: e_2_1->Switch: a_2_0
[00:13:29.239] [t=    5.00] [WARN ] [LinkStatsCollector] Auto-registering unknown link: Switch: a_2_0->Switch: e_2_1
[00:13:29.239] [t=    5.00] [WARN ] [LinkStatsCollector] Auto-registering unknown link: Switch: e_1_0->Switch: a_1_1
[00:13:29.239] [t=    5.00] [WARN ] [LinkStatsCollector] Auto-registering unknown link: Switch: a_1_1->Switch: e_1_0
[00:13:29.239] [t=    5.00] [WARN ] [LinkStatsCollector] Auto-registering unknown link: Switch: e_3_1->Switch: a_3_0
[00:13:29.239] [t=    5.00] [WARN ] [LinkStatsCollector] Auto-registering unknown link: Switch: a_3_0->Switch: e_3_1
[00:13:29.239] [t=    5.00] [WARN ] [LinkStatsCollector] Auto-registering unknown link: Switch: a_3_0->Switch: c_0_0
[00:13:29.241] [t=    5.00] [WARN ] [LinkStatsCollector] Auto-registering unknown link: Switch: c_0_0->Switch: a_3_0
[00:13:29.241] [t=    5.00] [WARN ] [LinkStatsCollector] Auto-registering unknown link: Switch: a_3_1->Switch: c_1_1
[00:13:29.241] [t=    5.00] [WARN ] [LinkStatsCollector] Auto-registering unknown link: Switch: c_1_1->Switch: a_3_1
[00:13:29.241] [t=    5.00] [WARN ] [LinkStatsCollector] Auto-registering unknown link: Switch: a_1_1->Switch: c_1_0
[00:13:29.241] [t=    5.00] [WARN ] [LinkStatsCollector] Auto-registering unknown link: Switch: c_1_0->Switch: a_1_1
[00:13:29.243] [t=    5.00] [WARN ] [LinkStatsCollector] Auto-registering unknown link: Switch: a_3_1->Switch: c_1_0
[00:13:29.243] [t=    5.00] [WARN ] [LinkStatsCollector] Auto-registering unknown link: Switch: c_1_0->Switch: a_3_1
[00:13:29.243] [t=    5.00] [WARN ] [LinkStatsCollector] Auto-registering unknown link: h_3_0_1->Switch: e_3_0
[00:13:29.243] [t=    5.00] [WARN ] [LinkStatsCollector] Auto-registering unknown link: Switch: e_3_0->h_3_0_1
[00:13:29.244] [t=    5.00] [WARN ] [LinkStatsCollector] Auto-registering unknown link: Switch: a_0_1->Switch: c_1_0
[00:13:29.244] [t=    5.00] [WARN ] [LinkStatsCollector] Auto-registering unknown link: Switch: c_1_0->Switch: a_0_1
[00:13:29.244] [t=    5.00] [WARN ] [LinkStatsCollector] Auto-registering unknown link: h_0_1_0->Switch: e_0_1
[00:13:29.244] [t=    5.00] [WARN ] [LinkStatsCollector] Auto-registering unknown link: Switch: e_0_1->h_0_1_0
[00:13:29.245] [t=    5.00] [WARN ] [LinkStatsCollector] Auto-registering unknown link: Switch: e_1_1->Switch: a_1_1
[00:13:29.245] [t=    5.00] [WARN ] [LinkStatsCollector] Auto-registering unknown link: Switch: a_1_1->Switch: e_1_1
[00:13:29.245] [t=    5.00] [WARN ] [LinkStatsCollector] Auto-registering unknown link: Switch: a_1_1->Switch: c_1_1
[00:13:29.245] [t=    5.00] [WARN ] [LinkStatsCollector] Auto-registering unknown link: Switch: c_1_1->Switch: a_1_1
[00:13:29.245] [t=    5.00] [WARN ] [LinkStatsCollector] Auto-registering unknown link: Switch: e_3_1->Switch: a_3_1
[00:13:29.245] [t=    5.00] [WARN ] [LinkStatsCollector] Auto-registering unknown link: Switch: a_3_1->Switch: e_3_1
[00:13:29.246] [t=    5.00] [WARN ] [LinkStatsCollector] Auto-registering unknown link: h_1_1_1->Switch: e_1_1
[00:13:29.246] [t=    5.00] [WARN ] [LinkStatsCollector] Auto-registering unknown link: Switch: e_1_1->h_1_1_1
[00:13:29.246] [t=    5.00] [WARN ] [LinkStatsCollector] Auto-registering unknown link: Switch: e_1_0->Switch: a_1_0
[00:13:29.246] [t=    5.00] [WARN ] [LinkStatsCollector] Auto-registering unknown link: Switch: a_1_0->Switch: e_1_0
[00:13:29.246] [t=    5.00] [WARN ] [LinkStatsCollector] Auto-registering unknown link: Switch: e_0_0->Switch: a_0_1
[00:13:29.246] [t=    5.00] [WARN ] [LinkStatsCollector] Auto-registering unknown link: Switch: a_0_1->Switch: e_0_0
[00:13:29.247] [t=    5.00] [WARN ] [LinkStatsCollector] Auto-registering unknown link: h_2_0_0->Switch: e_2_0
[00:13:29.247] [t=    5.00] [WARN ] [LinkStatsCollector] Auto-registering unknown link: Switch: e_2_0->h_2_0_0
[00:13:29.248] [t=    5.00] [WARN ] [LinkStatsCollector] Auto-registering unknown link: h_0_1_1->Switch: e_0_1
[00:13:29.248] [t=    5.00] [WARN ] [LinkStatsCollector] Auto-registering unknown link: Switch: e_0_1->h_0_1_1
[00:13:29.248] [t=    5.00] [WARN ] [LinkStatsCollector] Auto-registering unknown link: Switch: a_2_0->Switch: c_0_0
[00:13:29.248] [t=    5.00] [WARN ] [LinkStatsCollector] Auto-registering unknown link: Switch: c_0_0->Switch: a_2_0
[00:13:29.248] [t=    5.00] [WARN ] [LinkStatsCollector] Auto-registering unknown link: Switch: e_2_1->Switch: a_2_1
[00:13:29.248] [t=    5.00] [WARN ] [LinkStatsCollector] Auto-registering unknown link: Switch: a_2_1->Switch: e_2_1
[00:13:29.249] [t=    5.00] [WARN ] [LinkStatsCollector] Auto-registering unknown link: Switch: e_2_0->Switch: a_2_0
[00:13:29.249] [t=    5.00] [WARN ] [LinkStatsCollector] Auto-registering unknown link: Switch: a_2_0->Switch: e_2_0
[00:13:29.249] [t=    5.00] [WARN ] [LinkStatsCollector] Auto-registering unknown link: Switch: e_3_0->Switch: a_3_0
[00:13:29.249] [t=    5.00] [WARN ] [LinkStatsCollector] Auto-registering unknown link: Switch: a_3_0->Switch: e_3_0
[00:13:29.249] [t=    5.00] [WARN ] [LinkStatsCollector] Auto-registering unknown link: Switch: a_2_1->Switch: c_1_0
[00:13:29.249] [t=    5.00] [WARN ] [LinkStatsCollector] Auto-registering unknown link: Switch: c_1_0->Switch: a_2_1
[00:13:29.249] [t=    5.00] [WARN ] [LinkStatsCollector] Auto-registering unknown link: Switch: e_0_1->Switch: a_0_0
[00:13:29.250] [t=    5.00] [WARN ] [LinkStatsCollector] Auto-registering unknown link: Switch: a_0_0->Switch: e_0_1
[00:13:29.250] [t=    5.00] [WARN ] [LinkStatsCollector] Auto-registering unknown link: h_0_0_1->Switch: e_0_0
[00:13:29.250] [t=    5.00] [WARN ] [LinkStatsCollector] Auto-registering unknown link: Switch: e_0_0->h_0_0_1
[00:13:29.250] [t=    5.00] [WARN ] [LinkStatsCollector] Auto-registering unknown link: Switch: a_3_0->Switch: c_0_1
[00:13:29.250] [t=    5.00] [WARN ] [LinkStatsCollector] Auto-registering unknown link: Switch: c_0_1->Switch: a_3_0
[00:13:29.250] [t=    5.00] [WARN ] [LinkStatsCollector] Auto-registering unknown link: Switch: a_0_1->Switch: c_1_1
[00:13:29.251] [t=    5.00] [WARN ] [LinkStatsCollector] Auto-registering unknown link: Switch: c_1_1->Switch: a_0_1
[00:13:29.251] [t=    5.00] [WARN ] [LinkStatsCollector] Auto-registering unknown link: h_1_0_0->Switch: e_1_0
[00:13:29.251] [t=    5.00] [WARN ] [LinkStatsCollector] Auto-registering unknown link: Switch: e_1_0->h_1_0_0
[00:13:29.251] [t=    5.00] [WARN ] [LinkStatsCollector] Auto-registering unknown link: h_3_0_0->Switch: e_3_0
[00:13:29.251] [t=    5.00] [WARN ] [LinkStatsCollector] Auto-registering unknown link: Switch: e_3_0->h_3_0_0
[00:13:29.252] [t=    5.00] [WARN ] [LinkStatsCollector] Auto-registering unknown link: Switch: a_0_0->Switch: c_0_1
[00:13:29.252] [t=    5.00] [WARN ] [LinkStatsCollector] Auto-registering unknown link: Switch: c_0_1->Switch: a_0_0
[00:13:29.252] [t=    5.00] [WARN ] [LinkStatsCollector] Auto-registering unknown link: h_1_0_1->Switch: e_1_0
[00:13:29.252] [t=    5.00] [WARN ] [LinkStatsCollector] Auto-registering unknown link: Switch: e_1_0->h_1_0_1
[00:13:29.309] [t=    0.00] [INFO ] [TrainingRunner ] Simulation complete: 20.00 sim seconds, 428 ms wall clock
[00:13:29.309] [t=    0.00] [INFO ] [TrainingRunner ] Exporting results...
[00:13:29.314] [t=    0.00] [INFO ] [LatencyCollector] Exported episode summary to training_run1\episodes\ep_0004/episode_summary.json
[00:13:29.323] [t=    0.00] [INFO ] [LatencyCollector] Exported flow summary to training_run1\episodes\ep_0004/flow_summary.csv
[00:13:29.333] [t=    0.00] [INFO ] [LinkStatsCollector] Exported 96 link stats to training_run1\episodes\ep_0004/link_stats.csv
[00:13:29.334] [t=    0.00] [INFO ] [SECTION        ] ======================================================================
[00:13:29.334] [t=    0.00] [INFO ] [SECTION        ]   LATENCY STATISTICS SUMMARY
[00:13:29.334] [t=    0.00] [INFO ] [SECTION        ] ======================================================================
[00:13:29.334] [t=    0.00] [INFO ] [LatencyCollector] === Global Statistics ===
[00:13:29.335] [t=    0.00] [INFO ] [LatencyCollector]   Total packets: 60
[00:13:29.335] [t=    0.00] [INFO ] [LatencyCollector]   Failed packets: 0
[00:13:29.335] [t=    0.00] [INFO ] [LatencyCollector]   Avg queuing delay: 0.035635 s
[00:13:29.335] [t=    0.00] [INFO ] [LatencyCollector]   Max queuing delay: 0.089394 s
[00:13:29.335] [t=    0.00] [INFO ] [LatencyCollector] === Critical vs Background ===
[00:13:29.336] [t=    0.00] [INFO ] [LatencyCollector]   Critical flows: 5 packets, avg queuing = 0.041997 s
[00:13:29.336] [t=    0.00] [INFO ] [LatencyCollector]   Background flows: 55 packets, avg queuing = 0.035057 s
[00:13:29.336] [t=    0.00] [INFO ] [LinkStatsCollector] ========== Link Statistics Summary ==========
[00:13:29.336] [t=    0.00] [INFO ] [LinkStatsCollector] Total links tracked: 96
[00:13:29.336] [t=    0.00] [INFO ] [LinkStatsCollector] Episode duration: 15.00s
[00:13:29.336] [t=    0.00] [INFO ] [LinkStatsCollector] Bottleneck link: Switch: e_3_0->h_3_0_1 (max_util=0.01%)
[00:13:29.337] [t=    0.00] [INFO ] [LinkStatsCollector] Links that exceeded 90.0% utilization: 0
[00:13:29.337] [t=    0.00] [INFO ] [LinkStatsCollector] Total congestion events: 0
[00:13:29.337] [t=    0.00] [INFO ] [LinkStatsCollector] Top 5 most utilized links:
[00:13:29.339] [t=    0.00] [INFO ] [LinkStatsCollector]   Switch: e_3_0->h_3_0_1: avg=0.00%, max=0.01%, events=0
[00:13:29.339] [t=    0.00] [INFO ] [LinkStatsCollector]   Switch: e_1_0->Switch: a_1_1: avg=0.00%, max=0.01%, events=0
[00:13:29.339] [t=    0.00] [INFO ] [LinkStatsCollector]   Switch: a_3_0->Switch: e_3_0: avg=0.00%, max=0.01%, events=0
[00:13:29.340] [t=    0.00] [INFO ] [LinkStatsCollector]   h_1_0_1->Switch: e_1_0: avg=0.00%, max=0.01%, events=0
[00:13:29.340] [t=    0.00] [INFO ] [LinkStatsCollector]   Switch: a_2_1->Switch: e_2_0: avg=0.00%, max=0.01%, events=0
[00:13:29.340] [t=    0.00] [INFO ] [TrainingRunner ] === EPISODE COMPLETE ===
[00:13:29.340] [t=    0.00] [INFO ] [TrainingRunner ] Output files:
[00:13:29.340] [t=    0.00] [INFO ] [TrainingRunner ]   training_run1\episodes\ep_0004/episode_summary.json
[00:13:29.340] [t=    0.00] [INFO ] [TrainingRunner ]   training_run1\episodes\ep_0004/flow_summary.csv
[00:13:29.340] [t=    0.00] [INFO ] [TrainingRunner ]   training_run1\episodes\ep_0004/link_stats.csv
[00:13:29.340] [t=    0.00] [INFO ] [TrainingRunner ]   training_run1\episodes\ep_0004/latency_results.csv

================================================================================
LOG ENDED: 2025-12-07 00:13:29
================================================================================
