================================================================================
CFR-RL DEBUG LOG
Started: 2025-12-05 00:29:02
Log file: C:\Users\saifk\CS370\Code\round2\cloudsimsdn\training_check\episodes\ep_0000\episode.log
================================================================================

Format: [WallClock] [SimTime] [Level] [Component] Message

[00:29:02.951] [t=    0.00] [INFO ] [TrainingRunner ] === EPISODE START ===
[00:29:02.955] [t=    0.00] [INFO ] [TrainingRunner ] Workload: training_check\episodes\ep_0000\workload.csv
[00:29:02.957] [t=    0.00] [INFO ] [TrainingRunner ] Critical flows: training_check\episodes\ep_0000\critical_flows.txt
[00:29:02.957] [t=    0.00] [INFO ] [TrainingRunner ] Output dir: training_check\episodes\ep_0000/
[00:29:02.959] [t=    0.00] [INFO ] [TrainingRunner ] Loaded 8 critical flows: [130, 34, 19, 68, 104, 9, 46, 15]
[00:29:02.961] [t=    0.00] [INFO ] [LatencyCollector] Initialized
[00:29:02.964] [t=    0.00] [INFO ] [LatencyCollector] Reset for new simulation
[00:29:02.965] [t=    0.00] [INFO ] [LinkStatsCollector] Reset for new episode
[00:29:02.967] [t=    0.00] [INFO ] [LatencyCollector] CSV export initialized: training_check\episodes\ep_0000/latency_results.csv
[00:29:02.967] [t=    0.00] [INFO ] [LatencyCollector] Critical flows updated: 8 flows
[00:29:03.075] [t=    0.00] [INFO ] [TrainingRunner ] Physical topology loaded: 12 hosts
[00:29:03.078] [t=    0.00] [INFO ] [LinkPolicy     ] Created with K=8
[00:29:03.078] [t=    0.00] [INFO ] [LinkPolicy     ] Verbose logging: false
[00:29:03.078] [t=    0.00] [INFO ] [LinkPolicy     ] Updated critical flows: 8 total (added: [130, 34, 19, 68, 104, 9, 46, 15], removed: [])
[00:29:03.080] [t=    0.00] [INFO ] [TrainingRunner ] Critical flows set on policy
[00:29:03.088] [t=    0.00] [INFO ] [TrainingRunner ] Virtual topology deployed
[00:29:03.089] [t=    0.00] [INFO ] [TrainingRunner ] Submitting workload: training_check\episodes\ep_0000\workload.csv
[00:29:03.089] [t=    0.00] [INFO ] [TrainingRunner ] Starting simulation...
[00:29:03.212] [t=    5.00] [WARN ] [LinkStatsCollector] Auto-registering unknown link: host_Sunnyvale->Switch: Sunnyvale
[00:29:03.214] [t=    5.00] [WARN ] [LinkStatsCollector] Auto-registering unknown link: Switch: Sunnyvale->host_Sunnyvale
[00:29:03.214] [t=    5.00] [WARN ] [LinkStatsCollector] Auto-registering unknown link: Switch: Atlanta->Switch: Houston
[00:29:03.216] [t=    5.00] [WARN ] [LinkStatsCollector] Auto-registering unknown link: Switch: Houston->Switch: Atlanta
[00:29:03.216] [t=    5.00] [WARN ] [LinkStatsCollector] Auto-registering unknown link: Switch: Houston->Switch: KansasCity
[00:29:03.216] [t=    5.00] [WARN ] [LinkStatsCollector] Auto-registering unknown link: Switch: KansasCity->Switch: Houston
[00:29:03.216] [t=    5.00] [WARN ] [LinkStatsCollector] Auto-registering unknown link: Switch: Sunnyvale->Switch: Seattle
[00:29:03.216] [t=    5.00] [WARN ] [LinkStatsCollector] Auto-registering unknown link: Switch: Seattle->Switch: Sunnyvale
[00:29:03.216] [t=    5.00] [WARN ] [LinkStatsCollector] Auto-registering unknown link: Switch: LosAngeles->Switch: Sunnyvale
[00:29:03.216] [t=    5.00] [WARN ] [LinkStatsCollector] Auto-registering unknown link: Switch: Sunnyvale->Switch: LosAngeles
[00:29:03.218] [t=    5.00] [WARN ] [LinkStatsCollector] Auto-registering unknown link: host_NewYork->Switch: NewYork
[00:29:03.218] [t=    5.00] [WARN ] [LinkStatsCollector] Auto-registering unknown link: Switch: NewYork->host_NewYork
[00:29:03.218] [t=    5.00] [WARN ] [LinkStatsCollector] Auto-registering unknown link: host_Denver->Switch: Denver
[00:29:03.218] [t=    5.00] [WARN ] [LinkStatsCollector] Auto-registering unknown link: Switch: Denver->host_Denver
[00:29:03.220] [t=    5.00] [WARN ] [LinkStatsCollector] Auto-registering unknown link: Switch: Atlanta->Switch: Indianapolis
[00:29:03.220] [t=    5.00] [WARN ] [LinkStatsCollector] Auto-registering unknown link: Switch: Indianapolis->Switch: Atlanta
[00:29:03.220] [t=    5.00] [WARN ] [LinkStatsCollector] Auto-registering unknown link: host_Jacksonville->Switch: Jacksonville
[00:29:03.220] [t=    5.00] [WARN ] [LinkStatsCollector] Auto-registering unknown link: Switch: Jacksonville->host_Jacksonville
[00:29:03.220] [t=    5.00] [WARN ] [LinkStatsCollector] Auto-registering unknown link: host_Houston->Switch: Houston
[00:29:03.220] [t=    5.00] [WARN ] [LinkStatsCollector] Auto-registering unknown link: Switch: Houston->host_Houston
[00:29:03.220] [t=    5.00] [WARN ] [LinkStatsCollector] Auto-registering unknown link: host_LosAngeles->Switch: LosAngeles
[00:29:03.220] [t=    5.00] [WARN ] [LinkStatsCollector] Auto-registering unknown link: Switch: LosAngeles->host_LosAngeles
[00:29:03.220] [t=    5.00] [WARN ] [LinkStatsCollector] Auto-registering unknown link: Switch: NewYork->Switch: Washington
[00:29:03.220] [t=    5.00] [WARN ] [LinkStatsCollector] Auto-registering unknown link: Switch: Washington->Switch: NewYork
[00:29:03.220] [t=    5.00] [WARN ] [LinkStatsCollector] Auto-registering unknown link: Switch: Jacksonville->Switch: Houston
[00:29:03.222] [t=    5.00] [WARN ] [LinkStatsCollector] Auto-registering unknown link: Switch: Houston->Switch: Jacksonville
[00:29:03.222] [t=    5.00] [WARN ] [LinkStatsCollector] Auto-registering unknown link: host_Indianapolis->Switch: Indianapolis
[00:29:03.222] [t=    5.00] [WARN ] [LinkStatsCollector] Auto-registering unknown link: Switch: Indianapolis->host_Indianapolis
[00:29:03.222] [t=    5.00] [WARN ] [LinkStatsCollector] Auto-registering unknown link: Switch: Indianapolis->Switch: Chicago
[00:29:03.222] [t=    5.00] [WARN ] [LinkStatsCollector] Auto-registering unknown link: Switch: Chicago->Switch: Indianapolis
[00:29:03.222] [t=    5.00] [WARN ] [LinkStatsCollector] Auto-registering unknown link: host_Atlanta->Switch: Atlanta
[00:29:03.222] [t=    5.00] [WARN ] [LinkStatsCollector] Auto-registering unknown link: Switch: Atlanta->host_Atlanta
[00:29:03.222] [t=    5.00] [WARN ] [LinkStatsCollector] Auto-registering unknown link: Switch: Jacksonville->Switch: Atlanta
[00:29:03.222] [t=    5.00] [WARN ] [LinkStatsCollector] Auto-registering unknown link: Switch: Atlanta->Switch: Jacksonville
[00:29:03.224] [t=    5.00] [WARN ] [LinkStatsCollector] Auto-registering unknown link: Switch: Washington->Switch: Indianapolis
[00:29:03.224] [t=    5.00] [WARN ] [LinkStatsCollector] Auto-registering unknown link: Switch: Indianapolis->Switch: Washington
[00:29:03.224] [t=    5.00] [WARN ] [LinkStatsCollector] Auto-registering unknown link: Switch: Denver->Switch: Seattle
[00:29:03.224] [t=    5.00] [WARN ] [LinkStatsCollector] Auto-registering unknown link: Switch: Seattle->Switch: Denver
[00:29:03.224] [t=    5.00] [WARN ] [LinkStatsCollector] Auto-registering unknown link: host_Chicago->Switch: Chicago
[00:29:03.224] [t=    5.00] [WARN ] [LinkStatsCollector] Auto-registering unknown link: Switch: Chicago->host_Chicago
[00:29:03.224] [t=    5.00] [WARN ] [LinkStatsCollector] Auto-registering unknown link: host_Washington->Switch: Washington
[00:29:03.224] [t=    5.00] [WARN ] [LinkStatsCollector] Auto-registering unknown link: Switch: Washington->host_Washington
[00:29:03.224] [t=    5.00] [WARN ] [LinkStatsCollector] Auto-registering unknown link: host_Seattle->Switch: Seattle
[00:29:03.226] [t=    5.00] [WARN ] [LinkStatsCollector] Auto-registering unknown link: Switch: Seattle->host_Seattle
[00:29:03.226] [t=    5.00] [WARN ] [LinkStatsCollector] Auto-registering unknown link: Switch: Washington->Switch: Atlanta
[00:29:03.226] [t=    5.00] [WARN ] [LinkStatsCollector] Auto-registering unknown link: Switch: Atlanta->Switch: Washington
[00:29:03.226] [t=    5.00] [WARN ] [LinkStatsCollector] Auto-registering unknown link: Switch: Chicago->Switch: KansasCity
[00:29:03.226] [t=    5.00] [WARN ] [LinkStatsCollector] Auto-registering unknown link: Switch: KansasCity->Switch: Chicago
[00:29:03.229] [t=    5.00] [WARN ] [LinkStatsCollector] Auto-registering unknown link: Switch: KansasCity->Switch: Denver
[00:29:03.229] [t=    5.00] [WARN ] [LinkStatsCollector] Auto-registering unknown link: Switch: Denver->Switch: KansasCity
[00:29:03.229] [t=    5.00] [WARN ] [LinkStatsCollector] Auto-registering unknown link: Switch: Houston->Switch: LosAngeles
[00:29:03.229] [t=    5.00] [WARN ] [LinkStatsCollector] Auto-registering unknown link: Switch: LosAngeles->Switch: Houston
[00:29:03.230] [t=    5.00] [WARN ] [LinkStatsCollector] Auto-registering unknown link: Switch: NewYork->Switch: Chicago
[00:29:03.230] [t=    5.00] [WARN ] [LinkStatsCollector] Auto-registering unknown link: Switch: Chicago->Switch: NewYork
[00:29:03.230] [t=    5.00] [WARN ] [LinkStatsCollector] Auto-registering unknown link: Switch: Indianapolis->Switch: KansasCity
[00:29:03.230] [t=    5.00] [WARN ] [LinkStatsCollector] Auto-registering unknown link: Switch: KansasCity->Switch: Indianapolis
[00:29:03.231] [t=    5.00] [WARN ] [LinkStatsCollector] Auto-registering unknown link: Switch: Denver->Switch: Sunnyvale
[00:29:03.231] [t=    5.00] [WARN ] [LinkStatsCollector] Auto-registering unknown link: Switch: Sunnyvale->Switch: Denver
[00:29:03.231] [t=    5.00] [WARN ] [LinkStatsCollector] Auto-registering unknown link: host_KansasCity->Switch: KansasCity
[00:29:03.231] [t=    5.00] [WARN ] [LinkStatsCollector] Auto-registering unknown link: Switch: KansasCity->host_KansasCity
[00:29:03.288] [t=   12.01] [WARN ] [LatencyCollector] Packet FAILED: flow=50, src=4->dst=7, waited=10.0086s
[00:29:03.299] [t=   13.84] [WARN ] [LatencyCollector] Packet FAILED: flow=74, src=6->dst=9, waited=10.0917s
[00:29:03.318] [t=   20.68] [WARN ] [LatencyCollector] Packet FAILED: flow=81, src=7->dst=4, waited=10.2986s
[00:29:03.320] [t=   24.25] [WARN ] [LatencyCollector] Packet FAILED: flow=62, src=5->dst=8, waited=11.4244s
[00:29:03.320] [t=   24.25] [WARN ] [LatencyCollector] Packet FAILED: flow=22, src=2->dst=0, waited=10.7534s
[00:29:03.328] [t=    0.00] [INFO ] [TrainingRunner ] Simulation complete: 30.00 sim seconds, 380 ms wall clock
[00:29:03.329] [t=    0.00] [INFO ] [TrainingRunner ] Exporting results...
[00:29:03.332] [t=    0.00] [INFO ] [LatencyCollector] Exported episode summary to training_check\episodes\ep_0000/episode_summary.json
[00:29:03.339] [t=    0.00] [INFO ] [LatencyCollector] Exported flow summary to training_check\episodes\ep_0000/flow_summary.csv
[00:29:03.346] [t=    0.00] [INFO ] [LinkStatsCollector] Exported 60 link stats to training_check\episodes\ep_0000/link_stats.csv
[00:29:03.346] [t=    0.00] [INFO ] [SECTION        ] ======================================================================
[00:29:03.346] [t=    0.00] [INFO ] [SECTION        ]   LATENCY STATISTICS SUMMARY
[00:29:03.346] [t=    0.00] [INFO ] [SECTION        ] ======================================================================
[00:29:03.346] [t=    0.00] [INFO ] [LatencyCollector] === Global Statistics ===
[00:29:03.346] [t=    0.00] [INFO ] [LatencyCollector]   Total packets: 45
[00:29:03.346] [t=    0.00] [INFO ] [LatencyCollector]   Failed packets: 5
[00:29:03.346] [t=    0.00] [INFO ] [LatencyCollector]   Avg queuing delay: 0.009461 s
[00:29:03.346] [t=    0.00] [INFO ] [LatencyCollector]   Max queuing delay: 0.083888 s
[00:29:03.346] [t=    0.00] [INFO ] [LatencyCollector] === Critical vs Background ===
[00:29:03.346] [t=    0.00] [INFO ] [LatencyCollector]   Critical flows: 3 packets, avg queuing = 0.021252 s
[00:29:03.348] [t=    0.00] [INFO ] [LatencyCollector]   Background flows: 42 packets, avg queuing = 0.008619 s
[00:29:03.348] [t=    0.00] [INFO ] [LinkStatsCollector] ========== Link Statistics Summary ==========
[00:29:03.348] [t=    0.00] [INFO ] [LinkStatsCollector] Total links tracked: 60
[00:29:03.348] [t=    0.00] [INFO ] [LinkStatsCollector] Episode duration: 25.00s
[00:29:03.348] [t=    0.00] [INFO ] [LinkStatsCollector] Bottleneck link: Switch: KansasCity->Switch: Denver (max_util=14.32%)
[00:29:03.348] [t=    0.00] [INFO ] [LinkStatsCollector] Links that exceeded 90.0% utilization: 0
[00:29:03.348] [t=    0.00] [INFO ] [LinkStatsCollector] Total congestion events: 0
[00:29:03.348] [t=    0.00] [INFO ] [LinkStatsCollector] Top 5 most utilized links:
[00:29:03.352] [t=    0.00] [INFO ] [LinkStatsCollector]   Switch: KansasCity->Switch: Denver: avg=4.60%, max=14.32%, events=0
[00:29:03.352] [t=    0.00] [INFO ] [LinkStatsCollector]   Switch: Houston->Switch: KansasCity: avg=2.50%, max=13.35%, events=0
[00:29:03.352] [t=    0.00] [INFO ] [LinkStatsCollector]   Switch: Denver->Switch: KansasCity: avg=3.74%, max=11.57%, events=0
[00:29:03.352] [t=    0.00] [INFO ] [LinkStatsCollector]   Switch: Seattle->Switch: Sunnyvale: avg=1.90%, max=11.38%, events=0
[00:29:03.352] [t=    0.00] [INFO ] [LinkStatsCollector]   host_Atlanta->Switch: Atlanta: avg=3.35%, max=11.25%, events=0
[00:29:03.352] [t=    0.00] [INFO ] [TrainingRunner ] === EPISODE COMPLETE ===
[00:29:03.352] [t=    0.00] [INFO ] [TrainingRunner ] Output files:
[00:29:03.352] [t=    0.00] [INFO ] [TrainingRunner ]   training_check\episodes\ep_0000/episode_summary.json
[00:29:03.352] [t=    0.00] [INFO ] [TrainingRunner ]   training_check\episodes\ep_0000/flow_summary.csv
[00:29:03.352] [t=    0.00] [INFO ] [TrainingRunner ]   training_check\episodes\ep_0000/link_stats.csv
[00:29:03.352] [t=    0.00] [INFO ] [TrainingRunner ]   training_check\episodes\ep_0000/latency_results.csv

================================================================================
LOG ENDED: 2025-12-05 00:29:03
================================================================================
