================================================================================
CFR-RL DEBUG LOG
Started: 2025-12-07 02:26:12
Log file: C:\Users\saifk\CS370\Code\round2\cloudsimsdn\training_run6_0223_1272025_10mbps_frthistime\episodes\ep_0050\episode.log
================================================================================

Format: [WallClock] [SimTime] [Level] [Component] Message

[02:26:12.216] [t=    0.00] [INFO ] [TrainingRunner ] === EPISODE START (Fat-Tree k=4) ===
[02:26:12.221] [t=    0.00] [INFO ] [TrainingRunner ] Workload: training_run6_0223_1272025_10mbps_frthistime\episodes\ep_0050\workload.csv
[02:26:12.221] [t=    0.00] [INFO ] [TrainingRunner ] Critical flows: training_run6_0223_1272025_10mbps_frthistime\episodes\ep_0050\critical_flows.txt
[02:26:12.223] [t=    0.00] [INFO ] [TrainingRunner ] Output dir: training_run6_0223_1272025_10mbps_frthistime\episodes\ep_0050/
[02:26:12.224] [t=    0.00] [INFO ] [TrainingRunner ] Loaded 12 critical flows: [225, 67, 211, 164, 52, 168, 217, 73, 58, 109, 93, 158]
[02:26:12.225] [t=    0.00] [INFO ] [LatencyCollector] Initialized
[02:26:12.227] [t=    0.00] [INFO ] [LatencyCollector] Reset for new simulation
[02:26:12.228] [t=    0.00] [INFO ] [LinkStatsCollector] Reset for new episode
[02:26:12.229] [t=    0.00] [INFO ] [LatencyCollector] CSV export initialized: training_run6_0223_1272025_10mbps_frthistime\episodes\ep_0050/latency_results.csv
[02:26:12.229] [t=    0.00] [INFO ] [LatencyCollector] Critical flows updated: 12 flows
[02:26:12.259] [t=    0.00] [INFO ] [TrainingRunner ] Loading Fat-Tree topology: dataset-fattree/fattree-physical.json
[02:26:12.319] [t=    0.00] [INFO ] [TrainingRunner ] Physical topology loaded: 16 hosts
[02:26:12.322] [t=    0.00] [INFO ] [LinkPolicy     ] Created with K=12
[02:26:12.322] [t=    0.00] [INFO ] [LinkPolicy     ] Verbose logging: false
[02:26:12.322] [t=    0.00] [INFO ] [LinkPolicy     ] Updated critical flows: 12 total (added: [225, 67, 164, 168, 73, 109, 211, 52, 217, 58, 93, 158], removed: [])
[02:26:12.323] [t=    0.00] [INFO ] [TrainingRunner ] Critical flows set on policy
[02:26:12.331] [t=    0.00] [INFO ] [TrainingRunner ] Virtual topology deployed
[02:26:12.331] [t=    0.00] [INFO ] [TrainingRunner ] Submitting workload: training_run6_0223_1272025_10mbps_frthistime\episodes\ep_0050\workload.csv
[02:26:12.331] [t=    0.00] [INFO ] [TrainingRunner ] Starting simulation...
[02:26:12.496] [t=    1.30] [DEBUG] [LatencyCollector] High queuing: flow=105, queue=0.2478s, serve=0.3104s, path=6 hops
[02:26:12.503] [t=    1.80] [DEBUG] [LatencyCollector] High queuing: flow=99, queue=0.1423s, serve=0.6406s, path=6 hops
[02:26:12.514] [t=    2.41] [DEBUG] [LatencyCollector] High queuing: flow=9, queue=0.2448s, serve=1.1889s, path=6 hops
[02:26:12.523] [t=    2.53] [DEBUG] [LatencyCollector] High queuing: flow=231, queue=0.4422s, serve=1.1385s, path=6 hops
[02:26:12.526] [t=    2.59] [DEBUG] [LatencyCollector] High queuing: flow=9, queue=0.2788s, serve=0.4268s, path=6 hops
[02:26:12.530] [t=    2.85] [DEBUG] [LatencyCollector] High queuing: flow=23, queue=0.1369s, serve=0.3722s, path=6 hops
[02:26:12.533] [t=    3.10] [DEBUG] [LatencyCollector] High queuing: flow=11, queue=0.2388s, serve=0.3497s, path=6 hops
[02:26:12.539] [t=    3.40] [DEBUG] [LatencyCollector] High queuing: flow=148, queue=0.7954s, serve=1.0653s, path=6 hops
[02:26:12.544] [t=    3.64] [DEBUG] [LatencyCollector] High queuing: flow=42, queue=0.5906s, serve=1.2275s, path=6 hops
[02:26:12.549] [t=    3.70] [DEBUG] [SDNDatacenter  ] Pkt #100: flow=119, serve=0.0590s, prop=0.0000s, tx=0.0573s, queue=0.0017s, path=6
[02:26:12.550] [t=    3.80] [DEBUG] [LatencyCollector] High queuing: flow=54, queue=0.1598s, serve=0.5399s, path=6 hops
[02:26:12.550] [t=    3.80] [DEBUG] [LatencyCollector] High queuing: flow=10, queue=0.1891s, serve=0.2667s, path=6 hops
[02:26:12.553] [t=    3.98] [DEBUG] [LatencyCollector] High queuing: flow=54, queue=0.1801s, serve=0.3538s, path=6 hops
[02:26:12.553] [t=    3.98] [DEBUG] [LatencyCollector] High queuing: flow=112, queue=0.1917s, serve=1.0738s, path=6 hops
[02:26:12.555] [t=    4.44] [DEBUG] [LatencyCollector] High queuing: flow=12, queue=0.4625s, serve=0.8026s, path=6 hops
[02:26:12.555] [t=    4.44] [DEBUG] [LatencyCollector] High queuing: flow=187, queue=0.2520s, serve=1.0021s, path=6 hops
[02:26:12.563] [t=    5.00] [WARN ] [LinkStatsCollector] Auto-registering unknown link: Switch: e_2_0->Switch: a_2_1
[02:26:12.563] [t=    5.00] [WARN ] [LinkStatsCollector] Auto-registering unknown link: Switch: a_2_1->Switch: e_2_0
[02:26:12.563] [t=    5.00] [WARN ] [LinkStatsCollector] Auto-registering unknown link: Switch: e_0_0->Switch: a_0_0
[02:26:12.563] [t=    5.00] [WARN ] [LinkStatsCollector] Auto-registering unknown link: Switch: a_0_0->Switch: e_0_0
[02:26:12.563] [t=    5.00] [WARN ] [LinkStatsCollector] Auto-registering unknown link: h_2_1_0->Switch: e_2_1
[02:26:12.563] [t=    5.00] [WARN ] [LinkStatsCollector] Auto-registering unknown link: Switch: e_2_1->h_2_1_0
[02:26:12.568] [t=    5.00] [WARN ] [LinkStatsCollector] Auto-registering unknown link: Switch: a_1_0->Switch: c_0_0
[02:26:12.570] [t=    5.00] [WARN ] [LinkStatsCollector] Auto-registering unknown link: Switch: c_0_0->Switch: a_1_0
[02:26:12.570] [t=    5.00] [WARN ] [LinkStatsCollector] Auto-registering unknown link: h_2_1_1->Switch: e_2_1
[02:26:12.570] [t=    5.00] [WARN ] [LinkStatsCollector] Auto-registering unknown link: Switch: e_2_1->h_2_1_1
[02:26:12.570] [t=    5.00] [WARN ] [LinkStatsCollector] Auto-registering unknown link: h_3_1_0->Switch: e_3_1
[02:26:12.571] [t=    5.00] [WARN ] [LinkStatsCollector] Auto-registering unknown link: Switch: e_3_1->h_3_1_0
[02:26:12.571] [t=    5.00] [WARN ] [LinkStatsCollector] Auto-registering unknown link: Switch: e_1_1->Switch: a_1_0
[02:26:12.571] [t=    5.00] [WARN ] [LinkStatsCollector] Auto-registering unknown link: Switch: a_1_0->Switch: e_1_1
[02:26:12.571] [t=    5.00] [WARN ] [LinkStatsCollector] Auto-registering unknown link: Switch: a_2_1->Switch: c_1_1
[02:26:12.571] [t=    5.00] [WARN ] [LinkStatsCollector] Auto-registering unknown link: Switch: c_1_1->Switch: a_2_1
[02:26:12.571] [t=    5.00] [WARN ] [LinkStatsCollector] Auto-registering unknown link: Switch: a_0_0->Switch: c_0_0
[02:26:12.571] [t=    5.00] [WARN ] [LinkStatsCollector] Auto-registering unknown link: Switch: c_0_0->Switch: a_0_0
[02:26:12.573] [t=    5.00] [WARN ] [LinkStatsCollector] Auto-registering unknown link: Switch: e_3_0->Switch: a_3_1
[02:26:12.573] [t=    5.00] [WARN ] [LinkStatsCollector] Auto-registering unknown link: Switch: a_3_1->Switch: e_3_0
[02:26:12.573] [t=    5.00] [WARN ] [LinkStatsCollector] Auto-registering unknown link: h_0_0_0->Switch: e_0_0
[02:26:12.573] [t=    5.00] [WARN ] [LinkStatsCollector] Auto-registering unknown link: Switch: e_0_0->h_0_0_0
[02:26:12.573] [t=    5.00] [WARN ] [LinkStatsCollector] Auto-registering unknown link: h_3_1_1->Switch: e_3_1
[02:26:12.573] [t=    5.00] [WARN ] [LinkStatsCollector] Auto-registering unknown link: Switch: e_3_1->h_3_1_1
[02:26:12.573] [t=    5.00] [WARN ] [LinkStatsCollector] Auto-registering unknown link: h_2_0_1->Switch: e_2_0
[02:26:12.574] [t=    5.00] [WARN ] [LinkStatsCollector] Auto-registering unknown link: Switch: e_2_0->h_2_0_1
[02:26:12.574] [t=    5.00] [WARN ] [LinkStatsCollector] Auto-registering unknown link: Switch: a_1_0->Switch: c_0_1
[02:26:12.574] [t=    5.00] [WARN ] [LinkStatsCollector] Auto-registering unknown link: Switch: c_0_1->Switch: a_1_0
[02:26:12.574] [t=    5.00] [WARN ] [LinkStatsCollector] Auto-registering unknown link: Switch: a_2_0->Switch: c_0_1
[02:26:12.574] [t=    5.00] [WARN ] [LinkStatsCollector] Auto-registering unknown link: Switch: c_0_1->Switch: a_2_0
[02:26:12.574] [t=    5.00] [WARN ] [LinkStatsCollector] Auto-registering unknown link: h_1_1_0->Switch: e_1_1
[02:26:12.574] [t=    5.00] [WARN ] [LinkStatsCollector] Auto-registering unknown link: Switch: e_1_1->h_1_1_0
[02:26:12.574] [t=    5.00] [WARN ] [LinkStatsCollector] Auto-registering unknown link: Switch: e_0_1->Switch: a_0_1
[02:26:12.574] [t=    5.00] [WARN ] [LinkStatsCollector] Auto-registering unknown link: Switch: a_0_1->Switch: e_0_1
[02:26:12.575] [t=    5.00] [WARN ] [LinkStatsCollector] Auto-registering unknown link: Switch: e_2_1->Switch: a_2_0
[02:26:12.575] [t=    5.00] [WARN ] [LinkStatsCollector] Auto-registering unknown link: Switch: a_2_0->Switch: e_2_1
[02:26:12.575] [t=    5.00] [WARN ] [LinkStatsCollector] Auto-registering unknown link: Switch: e_1_0->Switch: a_1_1
[02:26:12.575] [t=    5.00] [WARN ] [LinkStatsCollector] Auto-registering unknown link: Switch: a_1_1->Switch: e_1_0
[02:26:12.576] [t=    5.00] [WARN ] [LinkStatsCollector] Auto-registering unknown link: Switch: e_3_1->Switch: a_3_0
[02:26:12.576] [t=    5.00] [WARN ] [LinkStatsCollector] Auto-registering unknown link: Switch: a_3_0->Switch: e_3_1
[02:26:12.576] [t=    5.00] [WARN ] [LinkStatsCollector] Auto-registering unknown link: Switch: a_3_0->Switch: c_0_0
[02:26:12.576] [t=    5.00] [WARN ] [LinkStatsCollector] Auto-registering unknown link: Switch: c_0_0->Switch: a_3_0
[02:26:12.576] [t=    5.00] [WARN ] [LinkStatsCollector] Auto-registering unknown link: Switch: a_3_1->Switch: c_1_1
[02:26:12.576] [t=    5.00] [WARN ] [LinkStatsCollector] Auto-registering unknown link: Switch: c_1_1->Switch: a_3_1
[02:26:12.576] [t=    5.00] [WARN ] [LinkStatsCollector] Auto-registering unknown link: Switch: a_1_1->Switch: c_1_0
[02:26:12.576] [t=    5.00] [WARN ] [LinkStatsCollector] Auto-registering unknown link: Switch: c_1_0->Switch: a_1_1
[02:26:12.576] [t=    5.00] [WARN ] [LinkStatsCollector] Auto-registering unknown link: h_3_0_1->Switch: e_3_0
[02:26:12.576] [t=    5.00] [WARN ] [LinkStatsCollector] Auto-registering unknown link: Switch: e_3_0->h_3_0_1
[02:26:12.576] [t=    5.00] [WARN ] [LinkStatsCollector] Auto-registering unknown link: Switch: a_3_1->Switch: c_1_0
[02:26:12.576] [t=    5.00] [WARN ] [LinkStatsCollector] Auto-registering unknown link: Switch: c_1_0->Switch: a_3_1
[02:26:12.576] [t=    5.00] [WARN ] [LinkStatsCollector] Auto-registering unknown link: Switch: a_0_1->Switch: c_1_0
[02:26:12.576] [t=    5.00] [WARN ] [LinkStatsCollector] Auto-registering unknown link: Switch: c_1_0->Switch: a_0_1
[02:26:12.576] [t=    5.00] [WARN ] [LinkStatsCollector] Auto-registering unknown link: h_0_1_0->Switch: e_0_1
[02:26:12.576] [t=    5.00] [WARN ] [LinkStatsCollector] Auto-registering unknown link: Switch: e_0_1->h_0_1_0
[02:26:12.576] [t=    5.00] [WARN ] [LinkStatsCollector] Auto-registering unknown link: Switch: e_1_1->Switch: a_1_1
[02:26:12.578] [t=    5.00] [WARN ] [LinkStatsCollector] Auto-registering unknown link: Switch: a_1_1->Switch: e_1_1
[02:26:12.578] [t=    5.00] [WARN ] [LinkStatsCollector] Auto-registering unknown link: Switch: a_1_1->Switch: c_1_1
[02:26:12.578] [t=    5.00] [WARN ] [LinkStatsCollector] Auto-registering unknown link: Switch: c_1_1->Switch: a_1_1
[02:26:12.578] [t=    5.00] [WARN ] [LinkStatsCollector] Auto-registering unknown link: Switch: e_3_1->Switch: a_3_1
[02:26:12.578] [t=    5.00] [WARN ] [LinkStatsCollector] Auto-registering unknown link: Switch: a_3_1->Switch: e_3_1
[02:26:12.578] [t=    5.00] [WARN ] [LinkStatsCollector] Auto-registering unknown link: h_1_1_1->Switch: e_1_1
[02:26:12.578] [t=    5.00] [WARN ] [LinkStatsCollector] Auto-registering unknown link: Switch: e_1_1->h_1_1_1
[02:26:12.578] [t=    5.00] [WARN ] [LinkStatsCollector] Auto-registering unknown link: Switch: e_0_0->Switch: a_0_1
[02:26:12.578] [t=    5.00] [WARN ] [LinkStatsCollector] Auto-registering unknown link: Switch: a_0_1->Switch: e_0_0
[02:26:12.578] [t=    5.00] [WARN ] [LinkStatsCollector] Auto-registering unknown link: Switch: e_1_0->Switch: a_1_0
[02:26:12.578] [t=    5.00] [WARN ] [LinkStatsCollector] Auto-registering unknown link: Switch: a_1_0->Switch: e_1_0
[02:26:12.578] [t=    5.00] [WARN ] [LinkStatsCollector] Auto-registering unknown link: h_2_0_0->Switch: e_2_0
[02:26:12.578] [t=    5.00] [WARN ] [LinkStatsCollector] Auto-registering unknown link: Switch: e_2_0->h_2_0_0
[02:26:12.578] [t=    5.00] [WARN ] [LinkStatsCollector] Auto-registering unknown link: h_0_1_1->Switch: e_0_1
[02:26:12.580] [t=    5.00] [WARN ] [LinkStatsCollector] Auto-registering unknown link: Switch: e_0_1->h_0_1_1
[02:26:12.580] [t=    5.00] [WARN ] [LinkStatsCollector] Auto-registering unknown link: Switch: e_2_1->Switch: a_2_1
[02:26:12.580] [t=    5.00] [WARN ] [LinkStatsCollector] Auto-registering unknown link: Switch: a_2_1->Switch: e_2_1
[02:26:12.580] [t=    5.00] [WARN ] [LinkStatsCollector] Auto-registering unknown link: Switch: a_2_0->Switch: c_0_0
[02:26:12.580] [t=    5.00] [WARN ] [LinkStatsCollector] Auto-registering unknown link: Switch: c_0_0->Switch: a_2_0
[02:26:12.580] [t=    5.00] [WARN ] [LinkStatsCollector] Auto-registering unknown link: Switch: e_3_0->Switch: a_3_0
[02:26:12.580] [t=    5.00] [WARN ] [LinkStatsCollector] Auto-registering unknown link: Switch: a_3_0->Switch: e_3_0
[02:26:12.580] [t=    5.00] [WARN ] [LinkStatsCollector] Auto-registering unknown link: Switch: e_2_0->Switch: a_2_0
[02:26:12.580] [t=    5.00] [WARN ] [LinkStatsCollector] Auto-registering unknown link: Switch: a_2_0->Switch: e_2_0
[02:26:12.580] [t=    5.00] [WARN ] [LinkStatsCollector] Auto-registering unknown link: Switch: a_2_1->Switch: c_1_0
[02:26:12.580] [t=    5.00] [WARN ] [LinkStatsCollector] Auto-registering unknown link: Switch: c_1_0->Switch: a_2_1
[02:26:12.580] [t=    5.00] [WARN ] [LinkStatsCollector] Auto-registering unknown link: Switch: e_0_1->Switch: a_0_0
[02:26:12.580] [t=    5.00] [WARN ] [LinkStatsCollector] Auto-registering unknown link: Switch: a_0_0->Switch: e_0_1
[02:26:12.580] [t=    5.00] [WARN ] [LinkStatsCollector] Auto-registering unknown link: h_0_0_1->Switch: e_0_0
[02:26:12.580] [t=    5.00] [WARN ] [LinkStatsCollector] Auto-registering unknown link: Switch: e_0_0->h_0_0_1
[02:26:12.580] [t=    5.00] [WARN ] [LinkStatsCollector] Auto-registering unknown link: Switch: a_3_0->Switch: c_0_1
[02:26:12.580] [t=    5.00] [WARN ] [LinkStatsCollector] Auto-registering unknown link: Switch: c_0_1->Switch: a_3_0
[02:26:12.582] [t=    5.00] [WARN ] [LinkStatsCollector] Auto-registering unknown link: Switch: a_0_1->Switch: c_1_1
[02:26:12.582] [t=    5.00] [WARN ] [LinkStatsCollector] Auto-registering unknown link: Switch: c_1_1->Switch: a_0_1
[02:26:12.582] [t=    5.00] [WARN ] [LinkStatsCollector] Auto-registering unknown link: h_1_0_0->Switch: e_1_0
[02:26:12.582] [t=    5.00] [WARN ] [LinkStatsCollector] Auto-registering unknown link: Switch: e_1_0->h_1_0_0
[02:26:12.582] [t=    5.00] [WARN ] [LinkStatsCollector] Auto-registering unknown link: h_3_0_0->Switch: e_3_0
[02:26:12.582] [t=    5.00] [WARN ] [LinkStatsCollector] Auto-registering unknown link: Switch: e_3_0->h_3_0_0
[02:26:12.582] [t=    5.00] [WARN ] [LinkStatsCollector] Auto-registering unknown link: h_1_0_1->Switch: e_1_0
[02:26:12.582] [t=    5.00] [WARN ] [LinkStatsCollector] Auto-registering unknown link: Switch: e_1_0->h_1_0_1
[02:26:12.582] [t=    5.00] [WARN ] [LinkStatsCollector] Auto-registering unknown link: Switch: a_0_0->Switch: c_0_1
[02:26:12.582] [t=    5.00] [WARN ] [LinkStatsCollector] Auto-registering unknown link: Switch: c_0_1->Switch: a_0_0
[02:26:12.609] [t=    6.79] [DEBUG] [SDNDatacenter  ] Pkt #200: flow=164, serve=0.5242s, prop=0.0000s, tx=0.5160s, queue=0.0082s, path=6
[02:26:12.611] [t=    7.13] [DEBUG] [LatencyCollector] High queuing: flow=9, queue=0.1508s, serve=0.7766s, path=6 hops
[02:26:12.611] [t=    7.17] [DEBUG] [LatencyCollector] High queuing: flow=164, queue=0.2214s, serve=0.5913s, path=6 hops
[02:26:12.620] [t=    7.98] [DEBUG] [LatencyCollector] High queuing: flow=194, queue=0.1254s, serve=0.4763s, path=4 hops
[02:26:12.629] [t=    8.98] [DEBUG] [LatencyCollector] High queuing: flow=126, queue=0.3157s, serve=0.4520s, path=6 hops
[02:26:12.635] [t=    9.78] [DEBUG] [LatencyCollector] High queuing: flow=9, queue=0.3642s, serve=0.4509s, path=6 hops
[02:26:12.647] [t=    0.00] [INFO ] [TrainingRunner ] Simulation complete: 20.00 sim seconds, 433 ms wall clock
[02:26:12.647] [t=    0.00] [INFO ] [TrainingRunner ] Exporting results...
[02:26:12.650] [t=    0.00] [INFO ] [LatencyCollector] Exported episode summary to training_run6_0223_1272025_10mbps_frthistime\episodes\ep_0050/episode_summary.json
[02:26:12.658] [t=    0.00] [INFO ] [LatencyCollector] Exported flow summary to training_run6_0223_1272025_10mbps_frthistime\episodes\ep_0050/flow_summary.csv
[02:26:12.663] [t=    0.00] [INFO ] [LinkStatsCollector] Exported 96 link stats to training_run6_0223_1272025_10mbps_frthistime\episodes\ep_0050/link_stats.csv
[02:26:12.663] [t=    0.00] [INFO ] [SECTION        ] ======================================================================
[02:26:12.663] [t=    0.00] [INFO ] [SECTION        ]   LATENCY STATISTICS SUMMARY
[02:26:12.663] [t=    0.00] [INFO ] [SECTION        ] ======================================================================
[02:26:12.663] [t=    0.00] [INFO ] [LatencyCollector] === Global Statistics ===
[02:26:12.663] [t=    0.00] [INFO ] [LatencyCollector]   Total packets: 299
[02:26:12.663] [t=    0.00] [INFO ] [LatencyCollector]   Failed packets: 0
[02:26:12.663] [t=    0.00] [INFO ] [LatencyCollector]   Avg queuing delay: 0.041029 s
[02:26:12.663] [t=    0.00] [INFO ] [LatencyCollector]   Max queuing delay: 0.795425 s
[02:26:12.663] [t=    0.00] [INFO ] [LatencyCollector] === Critical vs Background ===
[02:26:12.663] [t=    0.00] [INFO ] [LatencyCollector]   Critical flows: 23 packets, avg queuing = 0.032055 s
[02:26:12.663] [t=    0.00] [INFO ] [LatencyCollector]   Background flows: 276 packets, avg queuing = 0.041777 s
[02:26:12.663] [t=    0.00] [INFO ] [LinkStatsCollector] ========== Link Statistics Summary ==========
[02:26:12.663] [t=    0.00] [INFO ] [LinkStatsCollector] Total links tracked: 96
[02:26:12.663] [t=    0.00] [INFO ] [LinkStatsCollector] Episode duration: 15.00s
[02:26:12.663] [t=    0.00] [INFO ] [LinkStatsCollector] Bottleneck link: Switch: e_2_1->h_2_1_0 (max_util=17.34%)
[02:26:12.663] [t=    0.00] [INFO ] [LinkStatsCollector] Links that exceeded 90.0% utilization: 0
[02:26:12.663] [t=    0.00] [INFO ] [LinkStatsCollector] Total congestion events: 0
[02:26:12.663] [t=    0.00] [INFO ] [LinkStatsCollector] Top 5 most utilized links:
[02:26:12.663] [t=    0.00] [INFO ] [LinkStatsCollector]   Switch: e_2_1->h_2_1_0: avg=7.46%, max=17.34%, events=0
[02:26:12.663] [t=    0.00] [INFO ] [LinkStatsCollector]   h_0_0_0->Switch: e_0_0: avg=8.24%, max=17.02%, events=0
[02:26:12.663] [t=    0.00] [INFO ] [LinkStatsCollector]   Switch: e_1_1->h_1_1_0: avg=6.95%, max=14.54%, events=0
[02:26:12.663] [t=    0.00] [INFO ] [LinkStatsCollector]   Switch: a_2_0->Switch: e_2_1: avg=5.61%, max=13.95%, events=0
[02:26:12.663] [t=    0.00] [INFO ] [LinkStatsCollector]   Switch: c_0_0->Switch: a_2_0: avg=5.39%, max=13.80%, events=0
[02:26:12.663] [t=    0.00] [INFO ] [LinkPolicy     ] === ROUTING STATISTICS ===
[02:26:12.663] [t=    0.00] [INFO ] [LinkPolicy     ] Total selectLink() calls: 43490
[02:26:12.663] [t=    0.00] [INFO ] [LinkPolicy     ] Critical flow routings:   741
[02:26:12.663] [t=    0.00] [INFO ] [LinkPolicy     ] Background flow routings: 13052
[02:26:12.663] [t=    0.00] [INFO ] [LinkPolicy     ] Current critical flows:   [225, 67, 164, 168, 73, 109, 211, 52, 217, 58, 93, 158]
[02:26:12.663] [t=    0.00] [INFO ] [LinkPolicy     ] ==========================
[02:26:12.663] [t=    0.00] [INFO ] [TrainingRunner ] === EPISODE COMPLETE ===
[02:26:12.663] [t=    0.00] [INFO ] [TrainingRunner ] Output files:
[02:26:12.663] [t=    0.00] [INFO ] [TrainingRunner ]   training_run6_0223_1272025_10mbps_frthistime\episodes\ep_0050/episode_summary.json
[02:26:12.663] [t=    0.00] [INFO ] [TrainingRunner ]   training_run6_0223_1272025_10mbps_frthistime\episodes\ep_0050/flow_summary.csv
[02:26:12.663] [t=    0.00] [INFO ] [TrainingRunner ]   training_run6_0223_1272025_10mbps_frthistime\episodes\ep_0050/link_stats.csv
[02:26:12.663] [t=    0.00] [INFO ] [TrainingRunner ]   training_run6_0223_1272025_10mbps_frthistime\episodes\ep_0050/latency_results.csv

================================================================================
LOG ENDED: 2025-12-07 02:26:12
================================================================================
