================================================================================
CFR-RL DEBUG LOG
Started: 2025-12-04 23:51:25
Log file: C:\Users\saifk\CS370\Code\round2\cloudsimsdn\debug_outputs\exp3_gen_all_critical\episode.log
================================================================================

Format: [WallClock] [SimTime] [Level] [Component] Message

[23:51:25.706] [t=    0.00] [INFO ] [TrainingRunner ] === EPISODE START ===
[23:51:25.709] [t=    0.00] [INFO ] [TrainingRunner ] Workload: test_duration_fixed\episodes\ep_0000\workload.csv
[23:51:25.709] [t=    0.00] [INFO ] [TrainingRunner ] Critical flows: debug_all_critical.txt
[23:51:25.711] [t=    0.00] [INFO ] [TrainingRunner ] Output dir: debug_outputs/exp3_gen_all_critical/
[23:51:25.712] [t=    0.00] [WARN ] [TrainingRunner ] Expected 8 critical flows, got 50
[23:51:25.712] [t=    0.00] [INFO ] [TrainingRunner ] Loaded 50 critical flows: [1, 129, 130, 2, 4, 5, 7, 11, 18, 20, 24, 27, 30, 31, 33, 35, 37, 38, 39, 41, 47, 49, 51, 54, 55, 57, 59, 60, 63, 65, 66, 70, 72, 78, 81, 85, 90, 92, 99, 108, 110, 116, 118, 119, 121, 123, 124, 125, 126, 127]
[23:51:25.716] [t=    0.00] [INFO ] [LatencyCollector] Initialized
[23:51:25.716] [t=    0.00] [INFO ] [LatencyCollector] Reset for new simulation
[23:51:25.716] [t=    0.00] [INFO ] [LinkStatsCollector] Reset for new episode
[23:51:25.716] [t=    0.00] [INFO ] [LatencyCollector] CSV export initialized: debug_outputs/exp3_gen_all_critical/latency_results.csv
[23:51:25.716] [t=    0.00] [INFO ] [LatencyCollector] Critical flows updated: 50 flows
[23:51:25.852] [t=    0.00] [INFO ] [TrainingRunner ] Physical topology loaded: 12 hosts
[23:51:25.855] [t=    0.00] [INFO ] [LinkPolicy     ] Created with K=8
[23:51:25.855] [t=    0.00] [INFO ] [LinkPolicy     ] Verbose logging: false
[23:51:25.857] [t=    0.00] [INFO ] [LinkPolicy     ] Updated critical flows: 50 total (added: [1, 129, 130, 2, 4, 5, 7, 11, 18, 20, 24, 27, 30, 31, 33, 35, 37, 38, 39, 41, 47, 49, 51, 54, 55, 57, 59, 60, 63, 65, 66, 70, 72, 78, 81, 85, 90, 92, 99, 108, 110, 116, 118, 119, 121, 123, 124, 125, 126, 127], removed: [])
[23:51:25.857] [t=    0.00] [INFO ] [TrainingRunner ] Critical flows set on policy
[23:51:25.866] [t=    0.00] [INFO ] [TrainingRunner ] Virtual topology deployed
[23:51:25.866] [t=    0.00] [INFO ] [TrainingRunner ] Submitting workload: test_duration_fixed\episodes\ep_0000\workload.csv
[23:51:25.866] [t=    0.00] [INFO ] [TrainingRunner ] Starting simulation...
[23:51:26.023] [t=    5.00] [WARN ] [LinkStatsCollector] Auto-registering unknown link: Switch: Washington->Switch: Indianapolis
[23:51:26.028] [t=    5.00] [WARN ] [LinkStatsCollector] Auto-registering unknown link: Switch: Indianapolis->Switch: Washington
[23:51:26.028] [t=    5.00] [WARN ] [LinkStatsCollector] Auto-registering unknown link: Switch: Sunnyvale->Switch: Seattle
[23:51:26.028] [t=    5.00] [WARN ] [LinkStatsCollector] Auto-registering unknown link: Switch: Seattle->Switch: Sunnyvale
[23:51:26.028] [t=    5.00] [WARN ] [LinkStatsCollector] Auto-registering unknown link: host_Jacksonville->Switch: Jacksonville
[23:51:26.030] [t=    5.00] [WARN ] [LinkStatsCollector] Auto-registering unknown link: Switch: Jacksonville->host_Jacksonville
[23:51:26.030] [t=    5.00] [WARN ] [LinkStatsCollector] Auto-registering unknown link: Switch: NewYork->Switch: Chicago
[23:51:26.030] [t=    5.00] [WARN ] [LinkStatsCollector] Auto-registering unknown link: Switch: Chicago->Switch: NewYork
[23:51:26.030] [t=    5.00] [WARN ] [LinkStatsCollector] Auto-registering unknown link: Switch: LosAngeles->Switch: Sunnyvale
[23:51:26.030] [t=    5.00] [WARN ] [LinkStatsCollector] Auto-registering unknown link: Switch: Sunnyvale->Switch: LosAngeles
[23:51:26.030] [t=    5.00] [WARN ] [LinkStatsCollector] Auto-registering unknown link: Switch: NewYork->Switch: Washington
[23:51:26.031] [t=    5.00] [WARN ] [LinkStatsCollector] Auto-registering unknown link: Switch: Washington->Switch: NewYork
[23:51:26.031] [t=    5.00] [WARN ] [LinkStatsCollector] Auto-registering unknown link: Switch: Atlanta->Switch: Houston
[23:51:26.031] [t=    5.00] [WARN ] [LinkStatsCollector] Auto-registering unknown link: Switch: Houston->Switch: Atlanta
[23:51:26.032] [t=    5.00] [WARN ] [LinkStatsCollector] Auto-registering unknown link: Switch: Denver->Switch: Seattle
[23:51:26.032] [t=    5.00] [WARN ] [LinkStatsCollector] Auto-registering unknown link: Switch: Seattle->Switch: Denver
[23:51:26.032] [t=    5.00] [WARN ] [LinkStatsCollector] Auto-registering unknown link: Switch: Jacksonville->Switch: Houston
[23:51:26.032] [t=    5.00] [WARN ] [LinkStatsCollector] Auto-registering unknown link: Switch: Houston->Switch: Jacksonville
[23:51:26.032] [t=    5.00] [WARN ] [LinkStatsCollector] Auto-registering unknown link: Switch: Jacksonville->Switch: Atlanta
[23:51:26.032] [t=    5.00] [WARN ] [LinkStatsCollector] Auto-registering unknown link: Switch: Atlanta->Switch: Jacksonville
[23:51:26.033] [t=    5.00] [WARN ] [LinkStatsCollector] Auto-registering unknown link: host_Seattle->Switch: Seattle
[23:51:26.033] [t=    5.00] [WARN ] [LinkStatsCollector] Auto-registering unknown link: Switch: Seattle->host_Seattle
[23:51:26.033] [t=    5.00] [WARN ] [LinkStatsCollector] Auto-registering unknown link: host_NewYork->Switch: NewYork
[23:51:26.033] [t=    5.00] [WARN ] [LinkStatsCollector] Auto-registering unknown link: Switch: NewYork->host_NewYork
[23:51:26.033] [t=    5.00] [WARN ] [LinkStatsCollector] Auto-registering unknown link: host_Washington->Switch: Washington
[23:51:26.034] [t=    5.00] [WARN ] [LinkStatsCollector] Auto-registering unknown link: Switch: Washington->host_Washington
[23:51:26.034] [t=    5.00] [WARN ] [LinkStatsCollector] Auto-registering unknown link: host_LosAngeles->Switch: LosAngeles
[23:51:26.034] [t=    5.00] [WARN ] [LinkStatsCollector] Auto-registering unknown link: Switch: LosAngeles->host_LosAngeles
[23:51:26.034] [t=    5.00] [WARN ] [LinkStatsCollector] Auto-registering unknown link: Switch: Houston->Switch: KansasCity
[23:51:26.034] [t=    5.00] [WARN ] [LinkStatsCollector] Auto-registering unknown link: Switch: KansasCity->Switch: Houston
[23:51:26.034] [t=    5.00] [WARN ] [LinkStatsCollector] Auto-registering unknown link: Switch: Houston->Switch: LosAngeles
[23:51:26.034] [t=    5.00] [WARN ] [LinkStatsCollector] Auto-registering unknown link: Switch: LosAngeles->Switch: Houston
[23:51:26.034] [t=    5.00] [WARN ] [LinkStatsCollector] Auto-registering unknown link: Switch: Washington->Switch: Atlanta
[23:51:26.034] [t=    5.00] [WARN ] [LinkStatsCollector] Auto-registering unknown link: Switch: Atlanta->Switch: Washington
[23:51:26.034] [t=    5.00] [WARN ] [LinkStatsCollector] Auto-registering unknown link: Switch: Denver->Switch: Sunnyvale
[23:51:26.036] [t=    5.00] [WARN ] [LinkStatsCollector] Auto-registering unknown link: Switch: Sunnyvale->Switch: Denver
[23:51:26.036] [t=    5.00] [WARN ] [LinkStatsCollector] Auto-registering unknown link: host_Indianapolis->Switch: Indianapolis
[23:51:26.036] [t=    5.00] [WARN ] [LinkStatsCollector] Auto-registering unknown link: Switch: Indianapolis->host_Indianapolis
[23:51:26.036] [t=    5.00] [WARN ] [LinkStatsCollector] Auto-registering unknown link: Switch: KansasCity->Switch: Denver
[23:51:26.036] [t=    5.00] [WARN ] [LinkStatsCollector] Auto-registering unknown link: Switch: Denver->Switch: KansasCity
[23:51:26.036] [t=    5.00] [WARN ] [LinkStatsCollector] Auto-registering unknown link: Switch: Chicago->Switch: KansasCity
[23:51:26.037] [t=    5.00] [WARN ] [LinkStatsCollector] Auto-registering unknown link: Switch: KansasCity->Switch: Chicago
[23:51:26.038] [t=    5.00] [WARN ] [LinkStatsCollector] Auto-registering unknown link: host_Denver->Switch: Denver
[23:51:26.038] [t=    5.00] [WARN ] [LinkStatsCollector] Auto-registering unknown link: Switch: Denver->host_Denver
[23:51:26.038] [t=    5.00] [WARN ] [LinkStatsCollector] Auto-registering unknown link: host_Atlanta->Switch: Atlanta
[23:51:26.038] [t=    5.00] [WARN ] [LinkStatsCollector] Auto-registering unknown link: Switch: Atlanta->host_Atlanta
[23:51:26.038] [t=    5.00] [WARN ] [LinkStatsCollector] Auto-registering unknown link: host_Sunnyvale->Switch: Sunnyvale
[23:51:26.040] [t=    5.00] [WARN ] [LinkStatsCollector] Auto-registering unknown link: Switch: Sunnyvale->host_Sunnyvale
[23:51:26.040] [t=    5.00] [WARN ] [LinkStatsCollector] Auto-registering unknown link: Switch: Atlanta->Switch: Indianapolis
[23:51:26.040] [t=    5.00] [WARN ] [LinkStatsCollector] Auto-registering unknown link: Switch: Indianapolis->Switch: Atlanta
[23:51:26.040] [t=    5.00] [WARN ] [LinkStatsCollector] Auto-registering unknown link: Switch: Indianapolis->Switch: KansasCity
[23:51:26.040] [t=    5.00] [WARN ] [LinkStatsCollector] Auto-registering unknown link: Switch: KansasCity->Switch: Indianapolis
[23:51:26.040] [t=    5.00] [WARN ] [LinkStatsCollector] Auto-registering unknown link: Switch: Indianapolis->Switch: Chicago
[23:51:26.040] [t=    5.00] [WARN ] [LinkStatsCollector] Auto-registering unknown link: Switch: Chicago->Switch: Indianapolis
[23:51:26.040] [t=    5.00] [WARN ] [LinkStatsCollector] Auto-registering unknown link: host_KansasCity->Switch: KansasCity
[23:51:26.040] [t=    5.00] [WARN ] [LinkStatsCollector] Auto-registering unknown link: Switch: KansasCity->host_KansasCity
[23:51:26.040] [t=    5.00] [WARN ] [LinkStatsCollector] Auto-registering unknown link: host_Chicago->Switch: Chicago
[23:51:26.040] [t=    5.00] [WARN ] [LinkStatsCollector] Auto-registering unknown link: Switch: Chicago->host_Chicago
[23:51:26.040] [t=    5.00] [WARN ] [LinkStatsCollector] Auto-registering unknown link: host_Houston->Switch: Houston
[23:51:26.042] [t=    5.00] [WARN ] [LinkStatsCollector] Auto-registering unknown link: Switch: Houston->host_Houston
[23:51:26.081] [t=   11.70] [WARN ] [LatencyCollector] Packet FAILED: flow=126, src=11->dst=5, waited=10.6000s
[23:51:26.081] [t=   11.70] [WARN ] [LatencyCollector] Packet FAILED: flow=90, src=8->dst=2, waited=10.9000s
[23:51:26.082] [t=   11.90] [WARN ] [LatencyCollector] Packet FAILED: flow=1, src=0->dst=2, waited=10.0000s
[23:51:26.082] [t=   12.50] [WARN ] [LatencyCollector] Packet FAILED: flow=35, src=3->dst=2, waited=10.3000s
[23:51:26.082] [t=   12.50] [WARN ] [LatencyCollector] Packet FAILED: flow=125, src=11->dst=4, waited=10.3450s
[23:51:26.082] [t=   13.00] [WARN ] [LatencyCollector] Packet FAILED: flow=124, src=11->dst=3, waited=10.1000s
[23:51:26.095] [t=   15.00] [WARN ] [LatencyCollector] Packet FAILED: flow=20, src=1->dst=10, waited=10.5000s
[23:51:26.100] [t=   16.10] [WARN ] [LatencyCollector] Packet FAILED: flow=55, src=5->dst=0, waited=10.3000s
[23:51:26.102] [t=   16.50] [WARN ] [LatencyCollector] Packet FAILED: flow=11, src=1->dst=0, waited=10.0444s
[23:51:26.102] [t=   17.50] [WARN ] [LatencyCollector] Packet FAILED: flow=81, src=7->dst=4, waited=10.4000s
[23:51:26.102] [t=   17.50] [WARN ] [LatencyCollector] Packet FAILED: flow=54, src=4->dst=11, waited=10.4000s
[23:51:26.104] [t=   17.94] [WARN ] [LatencyCollector] Packet FAILED: flow=92, src=8->dst=4, waited=10.4411s
[23:51:26.105] [t=   18.72] [WARN ] [LatencyCollector] Packet FAILED: flow=70, src=6->dst=4, waited=10.0207s
[23:51:26.106] [t=   18.82] [WARN ] [LatencyCollector] Packet FAILED: flow=49, src=4->dst=6, waited=10.0207s
[23:51:26.107] [t=   18.82] [WARN ] [LatencyCollector] Packet FAILED: flow=123, src=11->dst=2, waited=10.0208s
[23:51:26.110] [t=   20.00] [WARN ] [LatencyCollector] Packet FAILED: flow=119, src=10->dst=9, waited=10.0472s
[23:51:26.110] [t=   20.00] [WARN ] [LatencyCollector] Packet FAILED: flow=78, src=7->dst=1, waited=10.3000s
[23:51:26.110] [t=   20.00] [WARN ] [LatencyCollector] Packet FAILED: flow=59, src=5->dst=4, waited=10.6000s
[23:51:26.113] [t=   25.00] [WARN ] [LatencyCollector] Packet FAILED: flow=129, src=11->dst=8, waited=12.0000s
[23:51:26.113] [t=   25.00] [WARN ] [LatencyCollector] Packet FAILED: flow=65, src=5->dst=11, waited=12.4000s
[23:51:26.114] [t=   25.00] [WARN ] [LatencyCollector] Packet FAILED: flow=118, src=10->dst=8, waited=12.9000s
[23:51:26.114] [t=   25.00] [WARN ] [LatencyCollector] Packet FAILED: flow=127, src=11->dst=6, waited=13.3000s
[23:51:26.114] [t=   25.00] [WARN ] [LatencyCollector] Packet FAILED: flow=4, src=0->dst=5, waited=11.8000s
[23:51:26.114] [t=   25.00] [WARN ] [LatencyCollector] Packet FAILED: flow=66, src=6->dst=0, waited=10.6000s
[23:51:26.114] [t=   25.00] [WARN ] [LatencyCollector] Packet FAILED: flow=57, src=5->dst=2, waited=10.5730s
[23:51:26.114] [t=   25.00] [WARN ] [LatencyCollector] Packet FAILED: flow=121, src=11->dst=0, waited=10.6000s
[23:51:26.116] [t=   30.00] [WARN ] [LatencyCollector] Packet FAILED: flow=2, src=0->dst=3, waited=11.9589s
[23:51:26.116] [t=   30.00] [WARN ] [LatencyCollector] Packet FAILED: flow=38, src=3->dst=6, waited=12.5000s
[23:51:26.118] [t=   30.00] [WARN ] [LatencyCollector] Packet FAILED: flow=51, src=4->dst=8, waited=14.5000s
[23:51:26.118] [t=   30.00] [WARN ] [LatencyCollector] Packet FAILED: flow=63, src=5->dst=9, waited=11.2000s
[23:51:26.118] [t=   30.00] [WARN ] [LatencyCollector] Packet FAILED: flow=24, src=2->dst=3, waited=15.0000s
[23:51:26.118] [t=   30.00] [WARN ] [LatencyCollector] Packet FAILED: flow=99, src=9->dst=0, waited=13.9000s
[23:51:26.118] [t=   30.00] [WARN ] [LatencyCollector] Packet FAILED: flow=60, src=5->dst=6, waited=11.2793s
[23:51:26.123] [t=    0.00] [INFO ] [TrainingRunner ] Simulation complete: 35.00 sim seconds, 422 ms wall clock
[23:51:26.123] [t=    0.00] [INFO ] [TrainingRunner ] Exporting results...
[23:51:26.126] [t=    0.00] [INFO ] [LatencyCollector] Exported episode summary to debug_outputs/exp3_gen_all_critical/episode_summary.json
[23:51:26.132] [t=    0.00] [INFO ] [LatencyCollector] Exported flow summary to debug_outputs/exp3_gen_all_critical/flow_summary.csv
[23:51:26.137] [t=    0.00] [INFO ] [LinkStatsCollector] Exported 60 link stats to debug_outputs/exp3_gen_all_critical/link_stats.csv
[23:51:26.139] [t=    0.00] [INFO ] [SECTION        ] ======================================================================
[23:51:26.139] [t=    0.00] [INFO ] [SECTION        ]   LATENCY STATISTICS SUMMARY
[23:51:26.140] [t=    0.00] [INFO ] [SECTION        ] ======================================================================
[23:51:26.140] [t=    0.00] [INFO ] [LatencyCollector] === Global Statistics ===
[23:51:26.140] [t=    0.00] [INFO ] [LatencyCollector]   Total packets: 17
[23:51:26.140] [t=    0.00] [INFO ] [LatencyCollector]   Failed packets: 33
[23:51:26.140] [t=    0.00] [INFO ] [LatencyCollector]   Avg queuing delay: 0.017298 s
[23:51:26.140] [t=    0.00] [INFO ] [LatencyCollector]   Max queuing delay: 0.100000 s
[23:51:26.140] [t=    0.00] [INFO ] [LatencyCollector] === Critical vs Background ===
[23:51:26.140] [t=    0.00] [INFO ] [LatencyCollector]   Critical flows: 17 packets, avg queuing = 0.017298 s
[23:51:26.140] [t=    0.00] [INFO ] [LinkStatsCollector] ========== Link Statistics Summary ==========
[23:51:26.140] [t=    0.00] [INFO ] [LinkStatsCollector] Total links tracked: 60
[23:51:26.140] [t=    0.00] [INFO ] [LinkStatsCollector] Episode duration: 30.00s
[23:51:26.140] [t=    0.00] [INFO ] [LinkStatsCollector] Bottleneck link: Switch: Denver->Switch: KansasCity (max_util=7.97%)
[23:51:26.140] [t=    0.00] [INFO ] [LinkStatsCollector] Links that exceeded 90.0% utilization: 0
[23:51:26.140] [t=    0.00] [INFO ] [LinkStatsCollector] Total congestion events: 0
[23:51:26.140] [t=    0.00] [INFO ] [LinkStatsCollector] Top 5 most utilized links:
[23:51:26.144] [t=    0.00] [INFO ] [LinkStatsCollector]   Switch: Denver->Switch: KansasCity: avg=2.44%, max=7.97%, events=0
[23:51:26.144] [t=    0.00] [INFO ] [LinkStatsCollector]   host_Denver->Switch: Denver: avg=1.96%, max=7.62%, events=0
[23:51:26.144] [t=    0.00] [INFO ] [LinkStatsCollector]   Switch: Houston->Switch: Atlanta: avg=1.53%, max=7.05%, events=0
[23:51:26.144] [t=    0.00] [INFO ] [LinkStatsCollector]   Switch: LosAngeles->Switch: Houston: avg=1.50%, max=7.03%, events=0
[23:51:26.145] [t=    0.00] [INFO ] [LinkStatsCollector]   Switch: Sunnyvale->Switch: LosAngeles: avg=1.38%, max=6.82%, events=0
[23:51:26.145] [t=    0.00] [INFO ] [TrainingRunner ] === EPISODE COMPLETE ===
[23:51:26.145] [t=    0.00] [INFO ] [TrainingRunner ] Output files:
[23:51:26.145] [t=    0.00] [INFO ] [TrainingRunner ]   debug_outputs/exp3_gen_all_critical/episode_summary.json
[23:51:26.145] [t=    0.00] [INFO ] [TrainingRunner ]   debug_outputs/exp3_gen_all_critical/flow_summary.csv
[23:51:26.145] [t=    0.00] [INFO ] [TrainingRunner ]   debug_outputs/exp3_gen_all_critical/link_stats.csv
[23:51:26.145] [t=    0.00] [INFO ] [TrainingRunner ]   debug_outputs/exp3_gen_all_critical/latency_results.csv

================================================================================
LOG ENDED: 2025-12-04 23:51:26
================================================================================
