================================================================================
CFR-RL DEBUG LOG
Started: 2025-12-07 00:13:21
Log file: C:\Users\saifk\CS370\Code\round2\cloudsimsdn\training_run1\episodes\ep_0001\episode.log
================================================================================

Format: [WallClock] [SimTime] [Level] [Component] Message

[00:13:21.527] [t=    0.00] [INFO ] [TrainingRunner ] === EPISODE START (Fat-Tree k=4) ===
[00:13:21.532] [t=    0.00] [INFO ] [TrainingRunner ] Workload: training_run1\episodes\ep_0001\workload.csv
[00:13:21.532] [t=    0.00] [INFO ] [TrainingRunner ] Critical flows: training_run1\episodes\ep_0001\critical_flows.txt
[00:13:21.532] [t=    0.00] [INFO ] [TrainingRunner ] Output dir: training_run1\episodes\ep_0001/
[00:13:21.532] [t=    0.00] [INFO ] [TrainingRunner ] Loaded 12 critical flows: [177, 114, 101, 54, 56, 24, 202, 235, 75, 29, 191, 159]
[00:13:21.536] [t=    0.00] [INFO ] [LatencyCollector] Initialized
[00:13:21.536] [t=    0.00] [INFO ] [LatencyCollector] Reset for new simulation
[00:13:21.538] [t=    0.00] [INFO ] [LinkStatsCollector] Reset for new episode
[00:13:21.538] [t=    0.00] [INFO ] [LatencyCollector] CSV export initialized: training_run1\episodes\ep_0001/latency_results.csv
[00:13:21.538] [t=    0.00] [INFO ] [LatencyCollector] Critical flows updated: 12 flows
[00:13:21.569] [t=    0.00] [INFO ] [TrainingRunner ] Loading Fat-Tree topology: dataset-fattree/fattree-physical.json
[00:13:21.598] [t=    0.00] [INFO ] [TrainingRunner ] Physical topology loaded: 16 hosts
[00:13:21.614] [t=    0.00] [INFO ] [LinkPolicy     ] Created with K=12
[00:13:21.614] [t=    0.00] [INFO ] [LinkPolicy     ] Verbose logging: false
[00:13:21.614] [t=    0.00] [INFO ] [LinkPolicy     ] Updated critical flows: 12 total (added: [101, 202, 235, 75, 177, 114, 54, 56, 24, 29, 191, 159], removed: [])
[00:13:21.614] [t=    0.00] [INFO ] [TrainingRunner ] Critical flows set on policy
[00:13:21.618] [t=    0.00] [INFO ] [TrainingRunner ] Virtual topology deployed
[00:13:21.618] [t=    0.00] [INFO ] [TrainingRunner ] Submitting workload: training_run1\episodes\ep_0001\workload.csv
[00:13:21.618] [t=    0.00] [INFO ] [TrainingRunner ] Starting simulation...
[00:13:21.751] [t=    5.00] [WARN ] [LinkStatsCollector] Auto-registering unknown link: Switch: a_1_1->Switch: c_1_0
[00:13:21.752] [t=    5.00] [WARN ] [LinkStatsCollector] Auto-registering unknown link: Switch: c_1_0->Switch: a_1_1
[00:13:21.753] [t=    5.00] [WARN ] [LinkStatsCollector] Auto-registering unknown link: Switch: a_3_1->Switch: c_1_1
[00:13:21.753] [t=    5.00] [WARN ] [LinkStatsCollector] Auto-registering unknown link: Switch: c_1_1->Switch: a_3_1
[00:13:21.753] [t=    5.00] [WARN ] [LinkStatsCollector] Auto-registering unknown link: Switch: a_0_0->Switch: c_0_0
[00:13:21.753] [t=    5.00] [WARN ] [LinkStatsCollector] Auto-registering unknown link: Switch: c_0_0->Switch: a_0_0
[00:13:21.753] [t=    5.00] [WARN ] [LinkStatsCollector] Auto-registering unknown link: Switch: a_0_0->Switch: c_0_1
[00:13:21.753] [t=    5.00] [WARN ] [LinkStatsCollector] Auto-registering unknown link: Switch: c_0_1->Switch: a_0_0
[00:13:21.753] [t=    5.00] [WARN ] [LinkStatsCollector] Auto-registering unknown link: Switch: a_2_1->Switch: c_1_1
[00:13:21.753] [t=    5.00] [WARN ] [LinkStatsCollector] Auto-registering unknown link: Switch: c_1_1->Switch: a_2_1
[00:13:21.754] [t=    5.00] [WARN ] [LinkStatsCollector] Auto-registering unknown link: h_2_1_1->Switch: e_2_1
[00:13:21.754] [t=    5.00] [WARN ] [LinkStatsCollector] Auto-registering unknown link: Switch: e_2_1->h_2_1_1
[00:13:21.754] [t=    5.00] [WARN ] [LinkStatsCollector] Auto-registering unknown link: h_1_0_1->Switch: e_1_0
[00:13:21.754] [t=    5.00] [WARN ] [LinkStatsCollector] Auto-registering unknown link: Switch: e_1_0->h_1_0_1
[00:13:21.754] [t=    5.00] [WARN ] [LinkStatsCollector] Auto-registering unknown link: h_3_0_1->Switch: e_3_0
[00:13:21.754] [t=    5.00] [WARN ] [LinkStatsCollector] Auto-registering unknown link: Switch: e_3_0->h_3_0_1
[00:13:21.754] [t=    5.00] [WARN ] [LinkStatsCollector] Auto-registering unknown link: h_1_1_0->Switch: e_1_1
[00:13:21.755] [t=    5.00] [WARN ] [LinkStatsCollector] Auto-registering unknown link: Switch: e_1_1->h_1_1_0
[00:13:21.755] [t=    5.00] [WARN ] [LinkStatsCollector] Auto-registering unknown link: Switch: e_0_0->Switch: a_0_1
[00:13:21.755] [t=    5.00] [WARN ] [LinkStatsCollector] Auto-registering unknown link: Switch: a_0_1->Switch: e_0_0
[00:13:21.755] [t=    5.00] [WARN ] [LinkStatsCollector] Auto-registering unknown link: h_0_0_1->Switch: e_0_0
[00:13:21.755] [t=    5.00] [WARN ] [LinkStatsCollector] Auto-registering unknown link: Switch: e_0_0->h_0_0_1
[00:13:21.755] [t=    5.00] [WARN ] [LinkStatsCollector] Auto-registering unknown link: Switch: a_1_1->Switch: c_1_1
[00:13:21.756] [t=    5.00] [WARN ] [LinkStatsCollector] Auto-registering unknown link: Switch: c_1_1->Switch: a_1_1
[00:13:21.756] [t=    5.00] [WARN ] [LinkStatsCollector] Auto-registering unknown link: Switch: e_1_0->Switch: a_1_0
[00:13:21.756] [t=    5.00] [WARN ] [LinkStatsCollector] Auto-registering unknown link: Switch: a_1_0->Switch: e_1_0
[00:13:21.756] [t=    5.00] [WARN ] [LinkStatsCollector] Auto-registering unknown link: h_2_1_0->Switch: e_2_1
[00:13:21.756] [t=    5.00] [WARN ] [LinkStatsCollector] Auto-registering unknown link: Switch: e_2_1->h_2_1_0
[00:13:21.756] [t=    5.00] [WARN ] [LinkStatsCollector] Auto-registering unknown link: h_2_0_1->Switch: e_2_0
[00:13:21.756] [t=    5.00] [WARN ] [LinkStatsCollector] Auto-registering unknown link: Switch: e_2_0->h_2_0_1
[00:13:21.757] [t=    5.00] [WARN ] [LinkStatsCollector] Auto-registering unknown link: Switch: a_3_1->Switch: c_1_0
[00:13:21.757] [t=    5.00] [WARN ] [LinkStatsCollector] Auto-registering unknown link: Switch: c_1_0->Switch: a_3_1
[00:13:21.757] [t=    5.00] [WARN ] [LinkStatsCollector] Auto-registering unknown link: Switch: e_2_1->Switch: a_2_1
[00:13:21.757] [t=    5.00] [WARN ] [LinkStatsCollector] Auto-registering unknown link: Switch: a_2_1->Switch: e_2_1
[00:13:21.757] [t=    5.00] [WARN ] [LinkStatsCollector] Auto-registering unknown link: h_3_1_0->Switch: e_3_1
[00:13:21.757] [t=    5.00] [WARN ] [LinkStatsCollector] Auto-registering unknown link: Switch: e_3_1->h_3_1_0
[00:13:21.757] [t=    5.00] [WARN ] [LinkStatsCollector] Auto-registering unknown link: Switch: e_3_1->Switch: a_3_0
[00:13:21.757] [t=    5.00] [WARN ] [LinkStatsCollector] Auto-registering unknown link: Switch: a_3_0->Switch: e_3_1
[00:13:21.758] [t=    5.00] [WARN ] [LinkStatsCollector] Auto-registering unknown link: Switch: e_1_0->Switch: a_1_1
[00:13:21.758] [t=    5.00] [WARN ] [LinkStatsCollector] Auto-registering unknown link: Switch: a_1_1->Switch: e_1_0
[00:13:21.758] [t=    5.00] [WARN ] [LinkStatsCollector] Auto-registering unknown link: Switch: e_3_0->Switch: a_3_0
[00:13:21.758] [t=    5.00] [WARN ] [LinkStatsCollector] Auto-registering unknown link: Switch: a_3_0->Switch: e_3_0
[00:13:21.758] [t=    5.00] [WARN ] [LinkStatsCollector] Auto-registering unknown link: Switch: a_3_0->Switch: c_0_1
[00:13:21.758] [t=    5.00] [WARN ] [LinkStatsCollector] Auto-registering unknown link: Switch: c_0_1->Switch: a_3_0
[00:13:21.758] [t=    5.00] [WARN ] [LinkStatsCollector] Auto-registering unknown link: Switch: a_0_1->Switch: c_1_0
[00:13:21.758] [t=    5.00] [WARN ] [LinkStatsCollector] Auto-registering unknown link: Switch: c_1_0->Switch: a_0_1
[00:13:21.759] [t=    5.00] [WARN ] [LinkStatsCollector] Auto-registering unknown link: h_1_0_0->Switch: e_1_0
[00:13:21.759] [t=    5.00] [WARN ] [LinkStatsCollector] Auto-registering unknown link: Switch: e_1_0->h_1_0_0
[00:13:21.759] [t=    5.00] [WARN ] [LinkStatsCollector] Auto-registering unknown link: Switch: e_0_0->Switch: a_0_0
[00:13:21.759] [t=    5.00] [WARN ] [LinkStatsCollector] Auto-registering unknown link: Switch: a_0_0->Switch: e_0_0
[00:13:21.759] [t=    5.00] [WARN ] [LinkStatsCollector] Auto-registering unknown link: Switch: a_1_0->Switch: c_0_1
[00:13:21.759] [t=    5.00] [WARN ] [LinkStatsCollector] Auto-registering unknown link: Switch: c_0_1->Switch: a_1_0
[00:13:21.759] [t=    5.00] [WARN ] [LinkStatsCollector] Auto-registering unknown link: Switch: a_1_0->Switch: c_0_0
[00:13:21.759] [t=    5.00] [WARN ] [LinkStatsCollector] Auto-registering unknown link: Switch: c_0_0->Switch: a_1_0
[00:13:21.759] [t=    5.00] [WARN ] [LinkStatsCollector] Auto-registering unknown link: h_0_1_1->Switch: e_0_1
[00:13:21.759] [t=    5.00] [WARN ] [LinkStatsCollector] Auto-registering unknown link: Switch: e_0_1->h_0_1_1
[00:13:21.759] [t=    5.00] [WARN ] [LinkStatsCollector] Auto-registering unknown link: Switch: e_3_0->Switch: a_3_1
[00:13:21.759] [t=    5.00] [WARN ] [LinkStatsCollector] Auto-registering unknown link: Switch: a_3_1->Switch: e_3_0
[00:13:21.759] [t=    5.00] [WARN ] [LinkStatsCollector] Auto-registering unknown link: Switch: e_1_1->Switch: a_1_1
[00:13:21.761] [t=    5.00] [WARN ] [LinkStatsCollector] Auto-registering unknown link: Switch: a_1_1->Switch: e_1_1
[00:13:21.761] [t=    5.00] [WARN ] [LinkStatsCollector] Auto-registering unknown link: Switch: e_3_1->Switch: a_3_1
[00:13:21.761] [t=    5.00] [WARN ] [LinkStatsCollector] Auto-registering unknown link: Switch: a_3_1->Switch: e_3_1
[00:13:21.761] [t=    5.00] [WARN ] [LinkStatsCollector] Auto-registering unknown link: Switch: e_2_1->Switch: a_2_0
[00:13:21.761] [t=    5.00] [WARN ] [LinkStatsCollector] Auto-registering unknown link: Switch: a_2_0->Switch: e_2_1
[00:13:21.761] [t=    5.00] [WARN ] [LinkStatsCollector] Auto-registering unknown link: Switch: e_2_0->Switch: a_2_1
[00:13:21.761] [t=    5.00] [WARN ] [LinkStatsCollector] Auto-registering unknown link: Switch: a_2_1->Switch: e_2_0
[00:13:21.761] [t=    5.00] [WARN ] [LinkStatsCollector] Auto-registering unknown link: h_3_0_0->Switch: e_3_0
[00:13:21.761] [t=    5.00] [WARN ] [LinkStatsCollector] Auto-registering unknown link: Switch: e_3_0->h_3_0_0
[00:13:21.762] [t=    5.00] [WARN ] [LinkStatsCollector] Auto-registering unknown link: Switch: a_2_1->Switch: c_1_0
[00:13:21.762] [t=    5.00] [WARN ] [LinkStatsCollector] Auto-registering unknown link: Switch: c_1_0->Switch: a_2_1
[00:13:21.762] [t=    5.00] [WARN ] [LinkStatsCollector] Auto-registering unknown link: h_0_0_0->Switch: e_0_0
[00:13:21.762] [t=    5.00] [WARN ] [LinkStatsCollector] Auto-registering unknown link: Switch: e_0_0->h_0_0_0
[00:13:21.762] [t=    5.00] [WARN ] [LinkStatsCollector] Auto-registering unknown link: Switch: a_3_0->Switch: c_0_0
[00:13:21.762] [t=    5.00] [WARN ] [LinkStatsCollector] Auto-registering unknown link: Switch: c_0_0->Switch: a_3_0
[00:13:21.763] [t=    5.00] [WARN ] [LinkStatsCollector] Auto-registering unknown link: Switch: a_2_0->Switch: c_0_1
[00:13:21.763] [t=    5.00] [WARN ] [LinkStatsCollector] Auto-registering unknown link: Switch: c_0_1->Switch: a_2_0
[00:13:21.763] [t=    5.00] [WARN ] [LinkStatsCollector] Auto-registering unknown link: Switch: e_0_1->Switch: a_0_1
[00:13:21.763] [t=    5.00] [WARN ] [LinkStatsCollector] Auto-registering unknown link: Switch: a_0_1->Switch: e_0_1
[00:13:21.763] [t=    5.00] [WARN ] [LinkStatsCollector] Auto-registering unknown link: Switch: e_0_1->Switch: a_0_0
[00:13:21.763] [t=    5.00] [WARN ] [LinkStatsCollector] Auto-registering unknown link: Switch: a_0_0->Switch: e_0_1
[00:13:21.763] [t=    5.00] [WARN ] [LinkStatsCollector] Auto-registering unknown link: Switch: e_1_1->Switch: a_1_0
[00:13:21.763] [t=    5.00] [WARN ] [LinkStatsCollector] Auto-registering unknown link: Switch: a_1_0->Switch: e_1_1
[00:13:21.763] [t=    5.00] [WARN ] [LinkStatsCollector] Auto-registering unknown link: h_3_1_1->Switch: e_3_1
[00:13:21.763] [t=    5.00] [WARN ] [LinkStatsCollector] Auto-registering unknown link: Switch: e_3_1->h_3_1_1
[00:13:21.764] [t=    5.00] [WARN ] [LinkStatsCollector] Auto-registering unknown link: h_2_0_0->Switch: e_2_0
[00:13:21.764] [t=    5.00] [WARN ] [LinkStatsCollector] Auto-registering unknown link: Switch: e_2_0->h_2_0_0
[00:13:21.764] [t=    5.00] [WARN ] [LinkStatsCollector] Auto-registering unknown link: h_0_1_0->Switch: e_0_1
[00:13:21.764] [t=    5.00] [WARN ] [LinkStatsCollector] Auto-registering unknown link: Switch: e_0_1->h_0_1_0
[00:13:21.765] [t=    5.00] [WARN ] [LinkStatsCollector] Auto-registering unknown link: h_1_1_1->Switch: e_1_1
[00:13:21.765] [t=    5.00] [WARN ] [LinkStatsCollector] Auto-registering unknown link: Switch: e_1_1->h_1_1_1
[00:13:21.765] [t=    5.00] [WARN ] [LinkStatsCollector] Auto-registering unknown link: Switch: e_2_0->Switch: a_2_0
[00:13:21.765] [t=    5.00] [WARN ] [LinkStatsCollector] Auto-registering unknown link: Switch: a_2_0->Switch: e_2_0
[00:13:21.765] [t=    5.00] [WARN ] [LinkStatsCollector] Auto-registering unknown link: Switch: a_0_1->Switch: c_1_1
[00:13:21.765] [t=    5.00] [WARN ] [LinkStatsCollector] Auto-registering unknown link: Switch: c_1_1->Switch: a_0_1
[00:13:21.765] [t=    5.00] [WARN ] [LinkStatsCollector] Auto-registering unknown link: Switch: a_2_0->Switch: c_0_0
[00:13:21.765] [t=    5.00] [WARN ] [LinkStatsCollector] Auto-registering unknown link: Switch: c_0_0->Switch: a_2_0
[00:13:21.802] [t=    0.00] [INFO ] [TrainingRunner ] Simulation complete: 25.00 sim seconds, 276 ms wall clock
[00:13:21.802] [t=    0.00] [INFO ] [TrainingRunner ] Exporting results...
[00:13:21.802] [t=    0.00] [INFO ] [LatencyCollector] Exported episode summary to training_run1\episodes\ep_0001/episode_summary.json
[00:13:21.818] [t=    0.00] [INFO ] [LatencyCollector] Exported flow summary to training_run1\episodes\ep_0001/flow_summary.csv
[00:13:21.821] [t=    0.00] [INFO ] [LinkStatsCollector] Exported 96 link stats to training_run1\episodes\ep_0001/link_stats.csv
[00:13:21.823] [t=    0.00] [INFO ] [SECTION        ] ======================================================================
[00:13:21.823] [t=    0.00] [INFO ] [SECTION        ]   LATENCY STATISTICS SUMMARY
[00:13:21.823] [t=    0.00] [INFO ] [SECTION        ] ======================================================================
[00:13:21.823] [t=    0.00] [INFO ] [LatencyCollector] === Global Statistics ===
[00:13:21.823] [t=    0.00] [INFO ] [LatencyCollector]   Total packets: 60
[00:13:21.823] [t=    0.00] [INFO ] [LatencyCollector]   Failed packets: 0
[00:13:21.823] [t=    0.00] [INFO ] [LatencyCollector]   Avg queuing delay: 0.028414 s
[00:13:21.823] [t=    0.00] [INFO ] [LatencyCollector]   Max queuing delay: 0.094982 s
[00:13:21.823] [t=    0.00] [INFO ] [LatencyCollector] === Critical vs Background ===
[00:13:21.823] [t=    0.00] [INFO ] [LatencyCollector]   Critical flows: 2 packets, avg queuing = 0.021340 s
[00:13:21.823] [t=    0.00] [INFO ] [LatencyCollector]   Background flows: 58 packets, avg queuing = 0.028658 s
[00:13:21.823] [t=    0.00] [INFO ] [LinkStatsCollector] ========== Link Statistics Summary ==========
[00:13:21.823] [t=    0.00] [INFO ] [LinkStatsCollector] Total links tracked: 96
[00:13:21.823] [t=    0.00] [INFO ] [LinkStatsCollector] Episode duration: 20.00s
[00:13:21.823] [t=    0.00] [INFO ] [LinkStatsCollector] Bottleneck link: Switch: e_1_0->Switch: a_1_1 (max_util=0.02%)
[00:13:21.823] [t=    0.00] [INFO ] [LinkStatsCollector] Links that exceeded 90.0% utilization: 0
[00:13:21.823] [t=    0.00] [INFO ] [LinkStatsCollector] Total congestion events: 0
[00:13:21.823] [t=    0.00] [INFO ] [LinkStatsCollector] Top 5 most utilized links:
[00:13:21.830] [t=    0.00] [INFO ] [LinkStatsCollector]   Switch: e_1_0->Switch: a_1_1: avg=0.01%, max=0.02%, events=0
[00:13:21.830] [t=    0.00] [INFO ] [LinkStatsCollector]   h_1_0_0->Switch: e_1_0: avg=0.00%, max=0.02%, events=0
[00:13:21.830] [t=    0.00] [INFO ] [LinkStatsCollector]   h_2_1_1->Switch: e_2_1: avg=0.01%, max=0.02%, events=0
[00:13:21.830] [t=    0.00] [INFO ] [LinkStatsCollector]   h_3_0_0->Switch: e_3_0: avg=0.01%, max=0.02%, events=0
[00:13:21.830] [t=    0.00] [INFO ] [LinkStatsCollector]   h_1_1_1->Switch: e_1_1: avg=0.01%, max=0.02%, events=0
[00:13:21.830] [t=    0.00] [INFO ] [TrainingRunner ] === EPISODE COMPLETE ===
[00:13:21.830] [t=    0.00] [INFO ] [TrainingRunner ] Output files:
[00:13:21.831] [t=    0.00] [INFO ] [TrainingRunner ]   training_run1\episodes\ep_0001/episode_summary.json
[00:13:21.831] [t=    0.00] [INFO ] [TrainingRunner ]   training_run1\episodes\ep_0001/flow_summary.csv
[00:13:21.831] [t=    0.00] [INFO ] [TrainingRunner ]   training_run1\episodes\ep_0001/link_stats.csv
[00:13:21.831] [t=    0.00] [INFO ] [TrainingRunner ]   training_run1\episodes\ep_0001/latency_results.csv

================================================================================
LOG ENDED: 2025-12-07 00:13:21
================================================================================
