================================================================================
CFR-RL DEBUG LOG
Started: 2025-12-07 00:24:05
Log file: C:\Users\saifk\CS370\Code\round2\cloudsimsdn\training_run1_fattree_0022_1272025\episodes\ep_0037\episode.log
================================================================================

Format: [WallClock] [SimTime] [Level] [Component] Message

[00:24:05.168] [t=    0.00] [INFO ] [TrainingRunner ] === EPISODE START (Fat-Tree k=4) ===
[00:24:05.177] [t=    0.00] [INFO ] [TrainingRunner ] Workload: training_run1_fattree_0022_1272025\episodes\ep_0037\workload.csv
[00:24:05.180] [t=    0.00] [INFO ] [TrainingRunner ] Critical flows: training_run1_fattree_0022_1272025\episodes\ep_0037\critical_flows.txt
[00:24:05.182] [t=    0.00] [INFO ] [TrainingRunner ] Output dir: training_run1_fattree_0022_1272025\episodes\ep_0037/
[00:24:05.182] [t=    0.00] [INFO ] [TrainingRunner ] Loaded 12 critical flows: [96, 114, 115, 117, 101, 53, 72, 201, 153, 139, 236, 207]
[00:24:05.184] [t=    0.00] [INFO ] [LatencyCollector] Initialized
[00:24:05.184] [t=    0.00] [INFO ] [LatencyCollector] Reset for new simulation
[00:24:05.187] [t=    0.00] [INFO ] [LinkStatsCollector] Reset for new episode
[00:24:05.190] [t=    0.00] [INFO ] [LatencyCollector] CSV export initialized: training_run1_fattree_0022_1272025\episodes\ep_0037/latency_results.csv
[00:24:05.190] [t=    0.00] [INFO ] [LatencyCollector] Critical flows updated: 12 flows
[00:24:05.233] [t=    0.00] [INFO ] [TrainingRunner ] Loading Fat-Tree topology: dataset-fattree/fattree-physical.json
[00:24:05.299] [t=    0.00] [INFO ] [TrainingRunner ] Physical topology loaded: 16 hosts
[00:24:05.301] [t=    0.00] [INFO ] [LinkPolicy     ] Created with K=12
[00:24:05.302] [t=    0.00] [INFO ] [LinkPolicy     ] Verbose logging: false
[00:24:05.302] [t=    0.00] [INFO ] [LinkPolicy     ] Updated critical flows: 12 total (added: [96, 101, 72, 201, 139, 236, 207, 114, 115, 117, 53, 153], removed: [])
[00:24:05.302] [t=    0.00] [INFO ] [TrainingRunner ] Critical flows set on policy
[00:24:05.312] [t=    0.00] [INFO ] [TrainingRunner ] Virtual topology deployed
[00:24:05.312] [t=    0.00] [INFO ] [TrainingRunner ] Submitting workload: training_run1_fattree_0022_1272025\episodes\ep_0037\workload.csv
[00:24:05.312] [t=    0.00] [INFO ] [TrainingRunner ] Starting simulation...
[00:24:05.480] [t=    5.00] [WARN ] [LinkStatsCollector] Auto-registering unknown link: Switch: a_1_1->Switch: c_1_0
[00:24:05.481] [t=    5.00] [WARN ] [LinkStatsCollector] Auto-registering unknown link: Switch: c_1_0->Switch: a_1_1
[00:24:05.481] [t=    5.00] [WARN ] [LinkStatsCollector] Auto-registering unknown link: Switch: a_3_1->Switch: c_1_1
[00:24:05.481] [t=    5.00] [WARN ] [LinkStatsCollector] Auto-registering unknown link: Switch: c_1_1->Switch: a_3_1
[00:24:05.482] [t=    5.00] [WARN ] [LinkStatsCollector] Auto-registering unknown link: Switch: a_0_0->Switch: c_0_0
[00:24:05.482] [t=    5.00] [WARN ] [LinkStatsCollector] Auto-registering unknown link: Switch: c_0_0->Switch: a_0_0
[00:24:05.482] [t=    5.00] [WARN ] [LinkStatsCollector] Auto-registering unknown link: Switch: a_0_0->Switch: c_0_1
[00:24:05.482] [t=    5.00] [WARN ] [LinkStatsCollector] Auto-registering unknown link: Switch: c_0_1->Switch: a_0_0
[00:24:05.482] [t=    5.00] [WARN ] [LinkStatsCollector] Auto-registering unknown link: Switch: a_2_1->Switch: c_1_1
[00:24:05.482] [t=    5.00] [WARN ] [LinkStatsCollector] Auto-registering unknown link: Switch: c_1_1->Switch: a_2_1
[00:24:05.483] [t=    5.00] [WARN ] [LinkStatsCollector] Auto-registering unknown link: h_2_1_1->Switch: e_2_1
[00:24:05.483] [t=    5.00] [WARN ] [LinkStatsCollector] Auto-registering unknown link: Switch: e_2_1->h_2_1_1
[00:24:05.483] [t=    5.00] [WARN ] [LinkStatsCollector] Auto-registering unknown link: h_1_0_1->Switch: e_1_0
[00:24:05.483] [t=    5.00] [WARN ] [LinkStatsCollector] Auto-registering unknown link: Switch: e_1_0->h_1_0_1
[00:24:05.483] [t=    5.00] [WARN ] [LinkStatsCollector] Auto-registering unknown link: h_3_0_1->Switch: e_3_0
[00:24:05.483] [t=    5.00] [WARN ] [LinkStatsCollector] Auto-registering unknown link: Switch: e_3_0->h_3_0_1
[00:24:05.483] [t=    5.00] [WARN ] [LinkStatsCollector] Auto-registering unknown link: h_1_1_0->Switch: e_1_1
[00:24:05.484] [t=    5.00] [WARN ] [LinkStatsCollector] Auto-registering unknown link: Switch: e_1_1->h_1_1_0
[00:24:05.484] [t=    5.00] [WARN ] [LinkStatsCollector] Auto-registering unknown link: Switch: e_0_0->Switch: a_0_1
[00:24:05.484] [t=    5.00] [WARN ] [LinkStatsCollector] Auto-registering unknown link: Switch: a_0_1->Switch: e_0_0
[00:24:05.484] [t=    5.00] [WARN ] [LinkStatsCollector] Auto-registering unknown link: h_0_0_1->Switch: e_0_0
[00:24:05.484] [t=    5.00] [WARN ] [LinkStatsCollector] Auto-registering unknown link: Switch: e_0_0->h_0_0_1
[00:24:05.484] [t=    5.00] [WARN ] [LinkStatsCollector] Auto-registering unknown link: Switch: a_1_1->Switch: c_1_1
[00:24:05.484] [t=    5.00] [WARN ] [LinkStatsCollector] Auto-registering unknown link: Switch: c_1_1->Switch: a_1_1
[00:24:05.485] [t=    5.00] [WARN ] [LinkStatsCollector] Auto-registering unknown link: Switch: e_1_0->Switch: a_1_0
[00:24:05.485] [t=    5.00] [WARN ] [LinkStatsCollector] Auto-registering unknown link: Switch: a_1_0->Switch: e_1_0
[00:24:05.485] [t=    5.00] [WARN ] [LinkStatsCollector] Auto-registering unknown link: h_2_1_0->Switch: e_2_1
[00:24:05.485] [t=    5.00] [WARN ] [LinkStatsCollector] Auto-registering unknown link: Switch: e_2_1->h_2_1_0
[00:24:05.485] [t=    5.00] [WARN ] [LinkStatsCollector] Auto-registering unknown link: h_2_0_1->Switch: e_2_0
[00:24:05.485] [t=    5.00] [WARN ] [LinkStatsCollector] Auto-registering unknown link: Switch: e_2_0->h_2_0_1
[00:24:05.485] [t=    5.00] [WARN ] [LinkStatsCollector] Auto-registering unknown link: Switch: a_3_1->Switch: c_1_0
[00:24:05.485] [t=    5.00] [WARN ] [LinkStatsCollector] Auto-registering unknown link: Switch: c_1_0->Switch: a_3_1
[00:24:05.485] [t=    5.00] [WARN ] [LinkStatsCollector] Auto-registering unknown link: Switch: e_2_1->Switch: a_2_1
[00:24:05.486] [t=    5.00] [WARN ] [LinkStatsCollector] Auto-registering unknown link: Switch: a_2_1->Switch: e_2_1
[00:24:05.486] [t=    5.00] [WARN ] [LinkStatsCollector] Auto-registering unknown link: h_3_1_0->Switch: e_3_1
[00:24:05.486] [t=    5.00] [WARN ] [LinkStatsCollector] Auto-registering unknown link: Switch: e_3_1->h_3_1_0
[00:24:05.486] [t=    5.00] [WARN ] [LinkStatsCollector] Auto-registering unknown link: Switch: e_3_1->Switch: a_3_0
[00:24:05.486] [t=    5.00] [WARN ] [LinkStatsCollector] Auto-registering unknown link: Switch: a_3_0->Switch: e_3_1
[00:24:05.486] [t=    5.00] [WARN ] [LinkStatsCollector] Auto-registering unknown link: Switch: e_1_0->Switch: a_1_1
[00:24:05.486] [t=    5.00] [WARN ] [LinkStatsCollector] Auto-registering unknown link: Switch: a_1_1->Switch: e_1_0
[00:24:05.487] [t=    5.00] [WARN ] [LinkStatsCollector] Auto-registering unknown link: Switch: e_3_0->Switch: a_3_0
[00:24:05.487] [t=    5.00] [WARN ] [LinkStatsCollector] Auto-registering unknown link: Switch: a_3_0->Switch: e_3_0
[00:24:05.487] [t=    5.00] [WARN ] [LinkStatsCollector] Auto-registering unknown link: Switch: a_3_0->Switch: c_0_1
[00:24:05.487] [t=    5.00] [WARN ] [LinkStatsCollector] Auto-registering unknown link: Switch: c_0_1->Switch: a_3_0
[00:24:05.487] [t=    5.00] [WARN ] [LinkStatsCollector] Auto-registering unknown link: Switch: a_0_1->Switch: c_1_0
[00:24:05.487] [t=    5.00] [WARN ] [LinkStatsCollector] Auto-registering unknown link: Switch: c_1_0->Switch: a_0_1
[00:24:05.487] [t=    5.00] [WARN ] [LinkStatsCollector] Auto-registering unknown link: h_1_0_0->Switch: e_1_0
[00:24:05.487] [t=    5.00] [WARN ] [LinkStatsCollector] Auto-registering unknown link: Switch: e_1_0->h_1_0_0
[00:24:05.487] [t=    5.00] [WARN ] [LinkStatsCollector] Auto-registering unknown link: Switch: e_0_0->Switch: a_0_0
[00:24:05.488] [t=    5.00] [WARN ] [LinkStatsCollector] Auto-registering unknown link: Switch: a_0_0->Switch: e_0_0
[00:24:05.489] [t=    5.00] [WARN ] [LinkStatsCollector] Auto-registering unknown link: Switch: a_1_0->Switch: c_0_1
[00:24:05.489] [t=    5.00] [WARN ] [LinkStatsCollector] Auto-registering unknown link: Switch: c_0_1->Switch: a_1_0
[00:24:05.490] [t=    5.00] [WARN ] [LinkStatsCollector] Auto-registering unknown link: Switch: a_1_0->Switch: c_0_0
[00:24:05.490] [t=    5.00] [WARN ] [LinkStatsCollector] Auto-registering unknown link: Switch: c_0_0->Switch: a_1_0
[00:24:05.490] [t=    5.00] [WARN ] [LinkStatsCollector] Auto-registering unknown link: h_0_1_1->Switch: e_0_1
[00:24:05.490] [t=    5.00] [WARN ] [LinkStatsCollector] Auto-registering unknown link: Switch: e_0_1->h_0_1_1
[00:24:05.490] [t=    5.00] [WARN ] [LinkStatsCollector] Auto-registering unknown link: Switch: e_3_0->Switch: a_3_1
[00:24:05.490] [t=    5.00] [WARN ] [LinkStatsCollector] Auto-registering unknown link: Switch: a_3_1->Switch: e_3_0
[00:24:05.491] [t=    5.00] [WARN ] [LinkStatsCollector] Auto-registering unknown link: Switch: e_1_1->Switch: a_1_1
[00:24:05.491] [t=    5.00] [WARN ] [LinkStatsCollector] Auto-registering unknown link: Switch: a_1_1->Switch: e_1_1
[00:24:05.491] [t=    5.00] [WARN ] [LinkStatsCollector] Auto-registering unknown link: Switch: e_3_1->Switch: a_3_1
[00:24:05.491] [t=    5.00] [WARN ] [LinkStatsCollector] Auto-registering unknown link: Switch: a_3_1->Switch: e_3_1
[00:24:05.491] [t=    5.00] [WARN ] [LinkStatsCollector] Auto-registering unknown link: Switch: e_2_1->Switch: a_2_0
[00:24:05.491] [t=    5.00] [WARN ] [LinkStatsCollector] Auto-registering unknown link: Switch: a_2_0->Switch: e_2_1
[00:24:05.491] [t=    5.00] [WARN ] [LinkStatsCollector] Auto-registering unknown link: Switch: e_2_0->Switch: a_2_1
[00:24:05.491] [t=    5.00] [WARN ] [LinkStatsCollector] Auto-registering unknown link: Switch: a_2_1->Switch: e_2_0
[00:24:05.491] [t=    5.00] [WARN ] [LinkStatsCollector] Auto-registering unknown link: h_3_0_0->Switch: e_3_0
[00:24:05.491] [t=    5.00] [WARN ] [LinkStatsCollector] Auto-registering unknown link: Switch: e_3_0->h_3_0_0
[00:24:05.491] [t=    5.00] [WARN ] [LinkStatsCollector] Auto-registering unknown link: Switch: a_2_1->Switch: c_1_0
[00:24:05.491] [t=    5.00] [WARN ] [LinkStatsCollector] Auto-registering unknown link: Switch: c_1_0->Switch: a_2_1
[00:24:05.491] [t=    5.00] [WARN ] [LinkStatsCollector] Auto-registering unknown link: h_0_0_0->Switch: e_0_0
[00:24:05.491] [t=    5.00] [WARN ] [LinkStatsCollector] Auto-registering unknown link: Switch: e_0_0->h_0_0_0
[00:24:05.491] [t=    5.00] [WARN ] [LinkStatsCollector] Auto-registering unknown link: Switch: a_3_0->Switch: c_0_0
[00:24:05.491] [t=    5.00] [WARN ] [LinkStatsCollector] Auto-registering unknown link: Switch: c_0_0->Switch: a_3_0
[00:24:05.491] [t=    5.00] [WARN ] [LinkStatsCollector] Auto-registering unknown link: Switch: a_2_0->Switch: c_0_1
[00:24:05.491] [t=    5.00] [WARN ] [LinkStatsCollector] Auto-registering unknown link: Switch: c_0_1->Switch: a_2_0
[00:24:05.493] [t=    5.00] [WARN ] [LinkStatsCollector] Auto-registering unknown link: Switch: e_0_1->Switch: a_0_1
[00:24:05.493] [t=    5.00] [WARN ] [LinkStatsCollector] Auto-registering unknown link: Switch: a_0_1->Switch: e_0_1
[00:24:05.493] [t=    5.00] [WARN ] [LinkStatsCollector] Auto-registering unknown link: Switch: e_0_1->Switch: a_0_0
[00:24:05.493] [t=    5.00] [WARN ] [LinkStatsCollector] Auto-registering unknown link: Switch: a_0_0->Switch: e_0_1
[00:24:05.493] [t=    5.00] [WARN ] [LinkStatsCollector] Auto-registering unknown link: Switch: e_1_1->Switch: a_1_0
[00:24:05.493] [t=    5.00] [WARN ] [LinkStatsCollector] Auto-registering unknown link: Switch: a_1_0->Switch: e_1_1
[00:24:05.493] [t=    5.00] [WARN ] [LinkStatsCollector] Auto-registering unknown link: h_3_1_1->Switch: e_3_1
[00:24:05.493] [t=    5.00] [WARN ] [LinkStatsCollector] Auto-registering unknown link: Switch: e_3_1->h_3_1_1
[00:24:05.493] [t=    5.00] [WARN ] [LinkStatsCollector] Auto-registering unknown link: h_2_0_0->Switch: e_2_0
[00:24:05.493] [t=    5.00] [WARN ] [LinkStatsCollector] Auto-registering unknown link: Switch: e_2_0->h_2_0_0
[00:24:05.493] [t=    5.00] [WARN ] [LinkStatsCollector] Auto-registering unknown link: h_0_1_0->Switch: e_0_1
[00:24:05.493] [t=    5.00] [WARN ] [LinkStatsCollector] Auto-registering unknown link: Switch: e_0_1->h_0_1_0
[00:24:05.493] [t=    5.00] [WARN ] [LinkStatsCollector] Auto-registering unknown link: h_1_1_1->Switch: e_1_1
[00:24:05.493] [t=    5.00] [WARN ] [LinkStatsCollector] Auto-registering unknown link: Switch: e_1_1->h_1_1_1
[00:24:05.493] [t=    5.00] [WARN ] [LinkStatsCollector] Auto-registering unknown link: Switch: e_2_0->Switch: a_2_0
[00:24:05.493] [t=    5.00] [WARN ] [LinkStatsCollector] Auto-registering unknown link: Switch: a_2_0->Switch: e_2_0
[00:24:05.493] [t=    5.00] [WARN ] [LinkStatsCollector] Auto-registering unknown link: Switch: a_0_1->Switch: c_1_1
[00:24:05.493] [t=    5.00] [WARN ] [LinkStatsCollector] Auto-registering unknown link: Switch: c_1_1->Switch: a_0_1
[00:24:05.493] [t=    5.00] [WARN ] [LinkStatsCollector] Auto-registering unknown link: Switch: a_2_0->Switch: c_0_0
[00:24:05.493] [t=    5.00] [WARN ] [LinkStatsCollector] Auto-registering unknown link: Switch: c_0_0->Switch: a_2_0
[00:24:05.542] [t=    0.00] [INFO ] [TrainingRunner ] Simulation complete: 25.00 sim seconds, 374 ms wall clock
[00:24:05.542] [t=    0.00] [INFO ] [TrainingRunner ] Exporting results...
[00:24:05.542] [t=    0.00] [INFO ] [LatencyCollector] Exported episode summary to training_run1_fattree_0022_1272025\episodes\ep_0037/episode_summary.json
[00:24:05.553] [t=    0.00] [INFO ] [LatencyCollector] Exported flow summary to training_run1_fattree_0022_1272025\episodes\ep_0037/flow_summary.csv
[00:24:05.560] [t=    0.00] [INFO ] [LinkStatsCollector] Exported 96 link stats to training_run1_fattree_0022_1272025\episodes\ep_0037/link_stats.csv
[00:24:05.562] [t=    0.00] [INFO ] [SECTION        ] ======================================================================
[00:24:05.562] [t=    0.00] [INFO ] [SECTION        ]   LATENCY STATISTICS SUMMARY
[00:24:05.562] [t=    0.00] [INFO ] [SECTION        ] ======================================================================
[00:24:05.562] [t=    0.00] [INFO ] [LatencyCollector] === Global Statistics ===
[00:24:05.562] [t=    0.00] [INFO ] [LatencyCollector]   Total packets: 60
[00:24:05.562] [t=    0.00] [INFO ] [LatencyCollector]   Failed packets: 0
[00:24:05.562] [t=    0.00] [INFO ] [LatencyCollector]   Avg queuing delay: 0.037426 s
[00:24:05.562] [t=    0.00] [INFO ] [LatencyCollector]   Max queuing delay: 0.096858 s
[00:24:05.562] [t=    0.00] [INFO ] [LatencyCollector] === Critical vs Background ===
[00:24:05.562] [t=    0.00] [INFO ] [LatencyCollector]   Critical flows: 2 packets, avg queuing = 0.032062 s
[00:24:05.562] [t=    0.00] [INFO ] [LatencyCollector]   Background flows: 58 packets, avg queuing = 0.037611 s
[00:24:05.562] [t=    0.00] [INFO ] [LinkStatsCollector] ========== Link Statistics Summary ==========
[00:24:05.562] [t=    0.00] [INFO ] [LinkStatsCollector] Total links tracked: 96
[00:24:05.562] [t=    0.00] [INFO ] [LinkStatsCollector] Episode duration: 20.00s
[00:24:05.562] [t=    0.00] [INFO ] [LinkStatsCollector] Bottleneck link: Switch: e_2_1->Switch: a_2_1 (max_util=0.02%)
[00:24:05.562] [t=    0.00] [INFO ] [LinkStatsCollector] Links that exceeded 90.0% utilization: 0
[00:24:05.562] [t=    0.00] [INFO ] [LinkStatsCollector] Total congestion events: 0
[00:24:05.562] [t=    0.00] [INFO ] [LinkStatsCollector] Top 5 most utilized links:
[00:24:05.564] [t=    0.00] [INFO ] [LinkStatsCollector]   Switch: e_2_1->Switch: a_2_1: avg=0.00%, max=0.02%, events=0
[00:24:05.564] [t=    0.00] [INFO ] [LinkStatsCollector]   Switch: e_3_1->h_3_1_1: avg=0.00%, max=0.01%, events=0
[00:24:05.564] [t=    0.00] [INFO ] [LinkStatsCollector]   Switch: c_1_1->Switch: a_3_1: avg=0.00%, max=0.01%, events=0
[00:24:05.564] [t=    0.00] [INFO ] [LinkStatsCollector]   Switch: a_3_1->Switch: e_3_1: avg=0.00%, max=0.01%, events=0
[00:24:05.564] [t=    0.00] [INFO ] [LinkStatsCollector]   h_3_1_0->Switch: e_3_1: avg=0.00%, max=0.01%, events=0
[00:24:05.564] [t=    0.00] [INFO ] [TrainingRunner ] === EPISODE COMPLETE ===
[00:24:05.564] [t=    0.00] [INFO ] [TrainingRunner ] Output files:
[00:24:05.564] [t=    0.00] [INFO ] [TrainingRunner ]   training_run1_fattree_0022_1272025\episodes\ep_0037/episode_summary.json
[00:24:05.564] [t=    0.00] [INFO ] [TrainingRunner ]   training_run1_fattree_0022_1272025\episodes\ep_0037/flow_summary.csv
[00:24:05.564] [t=    0.00] [INFO ] [TrainingRunner ]   training_run1_fattree_0022_1272025\episodes\ep_0037/link_stats.csv
[00:24:05.564] [t=    0.00] [INFO ] [TrainingRunner ]   training_run1_fattree_0022_1272025\episodes\ep_0037/latency_results.csv

================================================================================
LOG ENDED: 2025-12-07 00:24:05
================================================================================
