================================================================================
CFR-RL DEBUG LOG
Started: 2025-12-07 01:11:26
Log file: C:\Users\saifk\CS370\Code\round2\cloudsimsdn\training_run3_0110_1272025_newmodel\episodes\ep_0000\episode.log
================================================================================

Format: [WallClock] [SimTime] [Level] [Component] Message

[01:11:26.318] [t=    0.00] [INFO ] [TrainingRunner ] === EPISODE START (Fat-Tree k=4) ===
[01:11:26.318] [t=    0.00] [INFO ] [TrainingRunner ] Workload: training_run3_0110_1272025_newmodel\episodes\ep_0000\workload.csv
[01:11:26.318] [t=    0.00] [INFO ] [TrainingRunner ] Critical flows: training_run3_0110_1272025_newmodel\episodes\ep_0000\critical_flows.txt
[01:11:26.318] [t=    0.00] [INFO ] [TrainingRunner ] Output dir: training_run3_0110_1272025_newmodel\episodes\ep_0000/
[01:11:26.334] [t=    0.00] [INFO ] [TrainingRunner ] Loaded 12 critical flows: [145, 81, 194, 131, 149, 199, 168, 41, 74, 109, 15, 191]
[01:11:26.335] [t=    0.00] [INFO ] [LatencyCollector] Initialized
[01:11:26.336] [t=    0.00] [INFO ] [LatencyCollector] Reset for new simulation
[01:11:26.337] [t=    0.00] [INFO ] [LinkStatsCollector] Reset for new episode
[01:11:26.338] [t=    0.00] [INFO ] [LatencyCollector] CSV export initialized: training_run3_0110_1272025_newmodel\episodes\ep_0000/latency_results.csv
[01:11:26.338] [t=    0.00] [INFO ] [LatencyCollector] Critical flows updated: 12 flows
[01:11:26.357] [t=    0.00] [INFO ] [TrainingRunner ] Loading Fat-Tree topology: dataset-fattree/fattree-physical.json
[01:11:26.402] [t=    0.00] [INFO ] [TrainingRunner ] Physical topology loaded: 16 hosts
[01:11:26.404] [t=    0.00] [INFO ] [LinkPolicy     ] Created with K=12
[01:11:26.404] [t=    0.00] [INFO ] [LinkPolicy     ] Verbose logging: false
[01:11:26.404] [t=    0.00] [INFO ] [LinkPolicy     ] Updated critical flows: 12 total (added: [194, 131, 199, 168, 41, 74, 109, 15, 145, 81, 149, 191], removed: [])
[01:11:26.404] [t=    0.00] [INFO ] [TrainingRunner ] Critical flows set on policy
[01:11:26.407] [t=    0.00] [INFO ] [TrainingRunner ] Virtual topology deployed
[01:11:26.407] [t=    0.00] [INFO ] [TrainingRunner ] Submitting workload: training_run3_0110_1272025_newmodel\episodes\ep_0000\workload.csv
[01:11:26.407] [t=    0.00] [INFO ] [TrainingRunner ] Starting simulation...
[01:11:26.512] [t=    0.69] [DEBUG] [LatencyCollector] High queuing: flow=101, queue=0.2507s, serve=0.5623s, path=6 hops
[01:11:26.513] [t=    0.99] [DEBUG] [LatencyCollector] High queuing: flow=101, queue=0.5305s, serve=0.8325s, path=6 hops
[01:11:26.515] [t=    1.25] [DEBUG] [LatencyCollector] High queuing: flow=119, queue=0.3683s, serve=1.1421s, path=6 hops
[01:11:26.516] [t=    1.35] [DEBUG] [LatencyCollector] High queuing: flow=119, queue=0.9204s, serve=0.9953s, path=6 hops
[01:11:26.517] [t=    1.75] [DEBUG] [LatencyCollector] High queuing: flow=101, queue=0.8353s, serve=1.5811s, path=6 hops
[01:11:26.519] [t=    1.95] [DEBUG] [LatencyCollector] High queuing: flow=119, queue=0.1442s, serve=0.2000s, path=6 hops
[01:11:26.521] [t=    2.48] [DEBUG] [LatencyCollector] High queuing: flow=101, queue=1.5698s, serve=2.3001s, path=6 hops
[01:11:26.521] [t=    2.93] [DEBUG] [LatencyCollector] High queuing: flow=101, queue=2.2578s, serve=2.7049s, path=6 hops
[01:11:26.521] [t=    3.04] [DEBUG] [LatencyCollector] High queuing: flow=101, queue=2.4542s, serve=2.5650s, path=6 hops
[01:11:26.521] [t=    3.14] [DEBUG] [LatencyCollector] High queuing: flow=101, queue=2.5644s, serve=2.6374s, path=6 hops
[01:11:26.521] [t=    3.24] [DEBUG] [LatencyCollector] High queuing: flow=101, queue=2.2016s, serve=2.2532s, path=6 hops
[01:11:26.526] [t=    3.57] [DEBUG] [LatencyCollector] High queuing: flow=101, queue=2.1532s, serve=2.4837s, path=6 hops
[01:11:26.526] [t=    3.72] [DEBUG] [LatencyCollector] High queuing: flow=101, queue=2.4766s, serve=2.6220s, path=6 hops
[01:11:26.528] [t=    4.29] [DEBUG] [LatencyCollector] High queuing: flow=101, queue=2.5697s, serve=3.1418s, path=6 hops
[01:11:26.530] [t=    4.40] [DEBUG] [LatencyCollector] High queuing: flow=101, queue=3.0603s, serve=3.1730s, path=6 hops
[01:11:26.530] [t=    4.68] [DEBUG] [LatencyCollector] High queuing: flow=119, queue=0.3269s, serve=1.1895s, path=6 hops
[01:11:26.531] [t=    4.78] [DEBUG] [LatencyCollector] High queuing: flow=119, queue=0.7268s, serve=0.7799s, path=6 hops
[01:11:26.531] [t=    4.97] [DEBUG] [LatencyCollector] High queuing: flow=119, queue=0.7469s, serve=0.9360s, path=6 hops
[01:11:26.535] [t=    5.00] [WARN ] [LinkStatsCollector] Auto-registering unknown link: h_2_1_1->Switch: e_2_1
[01:11:26.536] [t=    5.00] [WARN ] [LinkStatsCollector] Auto-registering unknown link: Switch: e_2_1->h_2_1_1
[01:11:26.536] [t=    5.00] [WARN ] [LinkStatsCollector] Auto-registering unknown link: Switch: e_0_0->Switch: a_0_1
[01:11:26.536] [t=    5.00] [WARN ] [LinkStatsCollector] Auto-registering unknown link: Switch: a_0_1->Switch: e_0_0
[01:11:26.536] [t=    5.00] [WARN ] [LinkStatsCollector] Auto-registering unknown link: h_1_0_1->Switch: e_1_0
[01:11:26.536] [t=    5.00] [WARN ] [LinkStatsCollector] Auto-registering unknown link: Switch: e_1_0->h_1_0_1
[01:11:26.536] [t=    5.00] [WARN ] [LinkStatsCollector] Auto-registering unknown link: Switch: a_3_0->Switch: c_0_1
[01:11:26.536] [t=    5.00] [WARN ] [LinkStatsCollector] Auto-registering unknown link: Switch: c_0_1->Switch: a_3_0
[01:11:26.536] [t=    5.00] [WARN ] [LinkStatsCollector] Auto-registering unknown link: Switch: a_2_1->Switch: c_1_0
[01:11:26.538] [t=    5.00] [WARN ] [LinkStatsCollector] Auto-registering unknown link: Switch: c_1_0->Switch: a_2_1
[01:11:26.538] [t=    5.00] [WARN ] [LinkStatsCollector] Auto-registering unknown link: h_3_0_0->Switch: e_3_0
[01:11:26.538] [t=    5.00] [WARN ] [LinkStatsCollector] Auto-registering unknown link: Switch: e_3_0->h_3_0_0
[01:11:26.538] [t=    5.00] [WARN ] [LinkStatsCollector] Auto-registering unknown link: Switch: e_1_1->Switch: a_1_1
[01:11:26.538] [t=    5.00] [WARN ] [LinkStatsCollector] Auto-registering unknown link: Switch: a_1_1->Switch: e_1_1
[01:11:26.538] [t=    5.00] [WARN ] [LinkStatsCollector] Auto-registering unknown link: h_1_1_1->Switch: e_1_1
[01:11:26.538] [t=    5.00] [WARN ] [LinkStatsCollector] Auto-registering unknown link: Switch: e_1_1->h_1_1_1
[01:11:26.538] [t=    5.00] [WARN ] [LinkStatsCollector] Auto-registering unknown link: Switch: e_2_0->Switch: a_2_1
[01:11:26.538] [t=    5.00] [WARN ] [LinkStatsCollector] Auto-registering unknown link: Switch: a_2_1->Switch: e_2_0
[01:11:26.538] [t=    5.00] [WARN ] [LinkStatsCollector] Auto-registering unknown link: Switch: e_1_0->Switch: a_1_0
[01:11:26.538] [t=    5.00] [WARN ] [LinkStatsCollector] Auto-registering unknown link: Switch: a_1_0->Switch: e_1_0
[01:11:26.538] [t=    5.00] [WARN ] [LinkStatsCollector] Auto-registering unknown link: h_2_0_1->Switch: e_2_0
[01:11:26.538] [t=    5.00] [WARN ] [LinkStatsCollector] Auto-registering unknown link: Switch: e_2_0->h_2_0_1
[01:11:26.538] [t=    5.00] [WARN ] [LinkStatsCollector] Auto-registering unknown link: Switch: a_2_1->Switch: c_1_1
[01:11:26.538] [t=    5.00] [WARN ] [LinkStatsCollector] Auto-registering unknown link: Switch: c_1_1->Switch: a_2_1
[01:11:26.538] [t=    5.00] [WARN ] [LinkStatsCollector] Auto-registering unknown link: h_3_1_1->Switch: e_3_1
[01:11:26.538] [t=    5.00] [WARN ] [LinkStatsCollector] Auto-registering unknown link: Switch: e_3_1->h_3_1_1
[01:11:26.538] [t=    5.00] [WARN ] [LinkStatsCollector] Auto-registering unknown link: h_0_0_0->Switch: e_0_0
[01:11:26.538] [t=    5.00] [WARN ] [LinkStatsCollector] Auto-registering unknown link: Switch: e_0_0->h_0_0_0
[01:11:26.538] [t=    5.00] [WARN ] [LinkStatsCollector] Auto-registering unknown link: h_3_1_0->Switch: e_3_1
[01:11:26.538] [t=    5.00] [WARN ] [LinkStatsCollector] Auto-registering unknown link: Switch: e_3_1->h_3_1_0
[01:11:26.538] [t=    5.00] [WARN ] [LinkStatsCollector] Auto-registering unknown link: h_2_0_0->Switch: e_2_0
[01:11:26.538] [t=    5.00] [WARN ] [LinkStatsCollector] Auto-registering unknown link: Switch: e_2_0->h_2_0_0
[01:11:26.540] [t=    5.00] [WARN ] [LinkStatsCollector] Auto-registering unknown link: Switch: a_3_1->Switch: c_1_1
[01:11:26.540] [t=    5.00] [WARN ] [LinkStatsCollector] Auto-registering unknown link: Switch: c_1_1->Switch: a_3_1
[01:11:26.540] [t=    5.00] [WARN ] [LinkStatsCollector] Auto-registering unknown link: Switch: e_0_1->Switch: a_0_0
[01:11:26.540] [t=    5.00] [WARN ] [LinkStatsCollector] Auto-registering unknown link: Switch: a_0_0->Switch: e_0_1
[01:11:26.540] [t=    5.00] [WARN ] [LinkStatsCollector] Auto-registering unknown link: Switch: a_0_1->Switch: c_1_1
[01:11:26.540] [t=    5.00] [WARN ] [LinkStatsCollector] Auto-registering unknown link: Switch: c_1_1->Switch: a_0_1
[01:11:26.540] [t=    5.00] [WARN ] [LinkStatsCollector] Auto-registering unknown link: h_1_0_0->Switch: e_1_0
[01:11:26.540] [t=    5.00] [WARN ] [LinkStatsCollector] Auto-registering unknown link: Switch: e_1_0->h_1_0_0
[01:11:26.540] [t=    5.00] [WARN ] [LinkStatsCollector] Auto-registering unknown link: h_3_0_1->Switch: e_3_0
[01:11:26.540] [t=    5.00] [WARN ] [LinkStatsCollector] Auto-registering unknown link: Switch: e_3_0->h_3_0_1
[01:11:26.540] [t=    5.00] [WARN ] [LinkStatsCollector] Auto-registering unknown link: Switch: a_2_0->Switch: c_0_0
[01:11:26.540] [t=    5.00] [WARN ] [LinkStatsCollector] Auto-registering unknown link: Switch: c_0_0->Switch: a_2_0
[01:11:26.540] [t=    5.00] [WARN ] [LinkStatsCollector] Auto-registering unknown link: Switch: e_3_0->Switch: a_3_1
[01:11:26.540] [t=    5.00] [WARN ] [LinkStatsCollector] Auto-registering unknown link: Switch: a_3_1->Switch: e_3_0
[01:11:26.540] [t=    5.00] [WARN ] [LinkStatsCollector] Auto-registering unknown link: Switch: e_3_0->Switch: a_3_0
[01:11:26.540] [t=    5.00] [WARN ] [LinkStatsCollector] Auto-registering unknown link: Switch: a_3_0->Switch: e_3_0
[01:11:26.540] [t=    5.00] [WARN ] [LinkStatsCollector] Auto-registering unknown link: h_0_1_1->Switch: e_0_1
[01:11:26.540] [t=    5.00] [WARN ] [LinkStatsCollector] Auto-registering unknown link: Switch: e_0_1->h_0_1_1
[01:11:26.540] [t=    5.00] [WARN ] [LinkStatsCollector] Auto-registering unknown link: Switch: e_2_1->Switch: a_2_0
[01:11:26.540] [t=    5.00] [WARN ] [LinkStatsCollector] Auto-registering unknown link: Switch: a_2_0->Switch: e_2_1
[01:11:26.540] [t=    5.00] [WARN ] [LinkStatsCollector] Auto-registering unknown link: Switch: a_2_0->Switch: c_0_1
[01:11:26.540] [t=    5.00] [WARN ] [LinkStatsCollector] Auto-registering unknown link: Switch: c_0_1->Switch: a_2_0
[01:11:26.540] [t=    5.00] [WARN ] [LinkStatsCollector] Auto-registering unknown link: Switch: e_3_1->Switch: a_3_0
[01:11:26.542] [t=    5.00] [WARN ] [LinkStatsCollector] Auto-registering unknown link: Switch: a_3_0->Switch: e_3_1
[01:11:26.542] [t=    5.00] [WARN ] [LinkStatsCollector] Auto-registering unknown link: Switch: a_0_0->Switch: c_0_1
[01:11:26.542] [t=    5.00] [WARN ] [LinkStatsCollector] Auto-registering unknown link: Switch: c_0_1->Switch: a_0_0
[01:11:26.542] [t=    5.00] [WARN ] [LinkStatsCollector] Auto-registering unknown link: Switch: a_1_1->Switch: c_1_1
[01:11:26.542] [t=    5.00] [WARN ] [LinkStatsCollector] Auto-registering unknown link: Switch: c_1_1->Switch: a_1_1
[01:11:26.542] [t=    5.00] [WARN ] [LinkStatsCollector] Auto-registering unknown link: Switch: e_2_0->Switch: a_2_0
[01:11:26.542] [t=    5.00] [WARN ] [LinkStatsCollector] Auto-registering unknown link: Switch: a_2_0->Switch: e_2_0
[01:11:26.542] [t=    5.00] [WARN ] [LinkStatsCollector] Auto-registering unknown link: Switch: e_0_1->Switch: a_0_1
[01:11:26.542] [t=    5.00] [WARN ] [LinkStatsCollector] Auto-registering unknown link: Switch: a_0_1->Switch: e_0_1
[01:11:26.542] [t=    5.00] [WARN ] [LinkStatsCollector] Auto-registering unknown link: Switch: a_0_1->Switch: c_1_0
[01:11:26.542] [t=    5.00] [WARN ] [LinkStatsCollector] Auto-registering unknown link: Switch: c_1_0->Switch: a_0_1
[01:11:26.542] [t=    5.00] [WARN ] [LinkStatsCollector] Auto-registering unknown link: Switch: e_1_0->Switch: a_1_1
[01:11:26.542] [t=    5.00] [WARN ] [LinkStatsCollector] Auto-registering unknown link: Switch: a_1_1->Switch: e_1_0
[01:11:26.542] [t=    5.00] [WARN ] [LinkStatsCollector] Auto-registering unknown link: h_0_0_1->Switch: e_0_0
[01:11:26.542] [t=    5.00] [WARN ] [LinkStatsCollector] Auto-registering unknown link: Switch: e_0_0->h_0_0_1
[01:11:26.542] [t=    5.00] [WARN ] [LinkStatsCollector] Auto-registering unknown link: Switch: a_3_0->Switch: c_0_0
[01:11:26.542] [t=    5.00] [WARN ] [LinkStatsCollector] Auto-registering unknown link: Switch: c_0_0->Switch: a_3_0
[01:11:26.542] [t=    5.00] [WARN ] [LinkStatsCollector] Auto-registering unknown link: Switch: a_1_0->Switch: c_0_1
[01:11:26.542] [t=    5.00] [WARN ] [LinkStatsCollector] Auto-registering unknown link: Switch: c_0_1->Switch: a_1_0
[01:11:26.542] [t=    5.00] [WARN ] [LinkStatsCollector] Auto-registering unknown link: Switch: a_3_1->Switch: c_1_0
[01:11:26.542] [t=    5.00] [WARN ] [LinkStatsCollector] Auto-registering unknown link: Switch: c_1_0->Switch: a_3_1
[01:11:26.542] [t=    5.00] [WARN ] [LinkStatsCollector] Auto-registering unknown link: Switch: a_0_0->Switch: c_0_0
[01:11:26.544] [t=    5.00] [WARN ] [LinkStatsCollector] Auto-registering unknown link: Switch: c_0_0->Switch: a_0_0
[01:11:26.544] [t=    5.00] [WARN ] [LinkStatsCollector] Auto-registering unknown link: Switch: e_2_1->Switch: a_2_1
[01:11:26.544] [t=    5.00] [WARN ] [LinkStatsCollector] Auto-registering unknown link: Switch: a_2_1->Switch: e_2_1
[01:11:26.544] [t=    5.00] [WARN ] [LinkStatsCollector] Auto-registering unknown link: h_2_1_0->Switch: e_2_1
[01:11:26.544] [t=    5.00] [WARN ] [LinkStatsCollector] Auto-registering unknown link: Switch: e_2_1->h_2_1_0
[01:11:26.544] [t=    5.00] [WARN ] [LinkStatsCollector] Auto-registering unknown link: Switch: a_1_1->Switch: c_1_0
[01:11:26.544] [t=    5.00] [WARN ] [LinkStatsCollector] Auto-registering unknown link: Switch: c_1_0->Switch: a_1_1
[01:11:26.544] [t=    5.00] [WARN ] [LinkStatsCollector] Auto-registering unknown link: h_1_1_0->Switch: e_1_1
[01:11:26.544] [t=    5.00] [WARN ] [LinkStatsCollector] Auto-registering unknown link: Switch: e_1_1->h_1_1_0
[01:11:26.544] [t=    5.00] [WARN ] [LinkStatsCollector] Auto-registering unknown link: Switch: a_1_0->Switch: c_0_0
[01:11:26.544] [t=    5.00] [WARN ] [LinkStatsCollector] Auto-registering unknown link: Switch: c_0_0->Switch: a_1_0
[01:11:26.544] [t=    5.00] [WARN ] [LinkStatsCollector] Auto-registering unknown link: Switch: e_3_1->Switch: a_3_1
[01:11:26.544] [t=    5.00] [WARN ] [LinkStatsCollector] Auto-registering unknown link: Switch: a_3_1->Switch: e_3_1
[01:11:26.544] [t=    5.00] [WARN ] [LinkStatsCollector] Auto-registering unknown link: Switch: e_1_1->Switch: a_1_0
[01:11:26.544] [t=    5.00] [WARN ] [LinkStatsCollector] Auto-registering unknown link: Switch: a_1_0->Switch: e_1_1
[01:11:26.544] [t=    5.00] [WARN ] [LinkStatsCollector] Auto-registering unknown link: h_0_1_0->Switch: e_0_1
[01:11:26.544] [t=    5.00] [WARN ] [LinkStatsCollector] Auto-registering unknown link: Switch: e_0_1->h_0_1_0
[01:11:26.544] [t=    5.00] [WARN ] [LinkStatsCollector] Auto-registering unknown link: Switch: e_0_0->Switch: a_0_0
[01:11:26.544] [t=    5.00] [WARN ] [LinkStatsCollector] Auto-registering unknown link: Switch: a_0_0->Switch: e_0_0
[01:11:26.554] [t=    5.12] [DEBUG] [LatencyCollector] High queuing: flow=101, queue=3.0899s, serve=3.8077s, path=6 hops
[01:11:26.554] [t=    5.41] [DEBUG] [LatencyCollector] High queuing: flow=101, queue=3.7290s, serve=4.0164s, path=6 hops
[01:11:26.554] [t=    5.51] [DEBUG] [LatencyCollector] High queuing: flow=119, queue=0.9288s, serve=1.4173s, path=6 hops
[01:11:26.556] [t=    5.74] [DEBUG] [LatencyCollector] High queuing: flow=101, queue=3.6829s, serve=4.0111s, path=6 hops
[01:11:26.556] [t=    5.80] [DEBUG] [LatencyCollector] High queuing: flow=101, queue=3.7360s, serve=3.7900s, path=6 hops
[01:11:26.556] [t=    5.94] [DEBUG] [LatencyCollector] High queuing: flow=101, queue=3.3877s, serve=3.4503s, path=6 hops
[01:11:26.556] [t=    6.13] [DEBUG] [LatencyCollector] High queuing: flow=101, queue=3.3503s, serve=3.5469s, path=6 hops
[01:11:26.556] [t=    6.39] [DEBUG] [LatencyCollector] High queuing: flow=119, queue=1.1239s, serve=1.9766s, path=6 hops
[01:11:26.556] [t=    6.51] [DEBUG] [LatencyCollector] High queuing: flow=101, queue=3.5382s, serve=3.9134s, path=6 hops
[01:11:26.556] [t=    6.61] [DEBUG] [LatencyCollector] High queuing: flow=119, queue=0.5764s, serve=0.7506s, path=6 hops
[01:11:26.556] [t=    6.71] [DEBUG] [LatencyCollector] High queuing: flow=101, queue=3.7764s, serve=3.9272s, path=6 hops
[01:11:26.560] [t=    6.84] [DEBUG] [LatencyCollector] High queuing: flow=119, queue=0.3189s, serve=0.5479s, path=6 hops
[01:11:26.560] [t=    7.50] [DEBUG] [LatencyCollector] High queuing: flow=101, queue=3.9139s, serve=4.7046s, path=6 hops
[01:11:26.562] [t=    7.76] [DEBUG] [LatencyCollector] High queuing: flow=101, queue=4.6937s, serve=4.9504s, path=6 hops
[01:11:26.562] [t=    8.10] [DEBUG] [LatencyCollector] High queuing: flow=101, queue=4.7032s, serve=5.0495s, path=6 hops
[01:11:26.564] [t=    8.46] [DEBUG] [LatencyCollector] High queuing: flow=101, queue=5.0458s, serve=5.4074s, path=6 hops
[01:11:26.564] [t=    8.56] [DEBUG] [LatencyCollector] High queuing: flow=101, queue=5.2577s, serve=5.3196s, path=6 hops
[01:11:26.568] [t=    8.91] [DEBUG] [LatencyCollector] High queuing: flow=101, queue=5.1181s, serve=5.4588s, path=6 hops
[01:11:26.568] [t=    9.01] [DEBUG] [LatencyCollector] High queuing: flow=119, queue=0.4891s, serve=0.6687s, path=6 hops
[01:11:26.568] [t=    9.11] [DEBUG] [LatencyCollector] High queuing: flow=119, queue=0.2198s, serve=0.3173s, path=6 hops
[01:11:26.568] [t=    9.23] [DEBUG] [LatencyCollector] High queuing: flow=101, queue=5.4166s, serve=5.7381s, path=6 hops
[01:11:26.568] [t=    9.78] [DEBUG] [LatencyCollector] High queuing: flow=101, queue=5.6803s, serve=6.2377s, path=6 hops
[01:11:26.571] [t=   10.00] [DEBUG] [LatencyCollector] High queuing: flow=101, queue=5.7949s, serve=6.0128s, path=6 hops
[01:11:26.573] [t=   10.68] [DEBUG] [LatencyCollector] High queuing: flow=101, queue=5.9128s, serve=6.5919s, path=6 hops
[01:11:26.573] [t=   10.78] [DEBUG] [LatencyCollector] High queuing: flow=101, queue=6.2633s, serve=6.3170s, path=6 hops
[01:11:26.573] [t=   10.88] [DEBUG] [LatencyCollector] High queuing: flow=101, queue=6.3499s, serve=6.4132s, path=6 hops
[01:11:26.573] [t=   10.99] [DEBUG] [LatencyCollector] High queuing: flow=101, queue=6.1747s, serve=6.2827s, path=6 hops
[01:11:26.573] [t=   11.26] [DEBUG] [LatencyCollector] High queuing: flow=101, queue=6.0377s, serve=6.3120s, path=6 hops
[01:11:26.573] [t=   11.39] [DEBUG] [LatencyCollector] High queuing: flow=101, queue=6.2990s, serve=6.4205s, path=6 hops
[01:11:26.573] [t=   12.19] [DEBUG] [LatencyCollector] High queuing: flow=101, queue=6.4037s, serve=7.2076s, path=6 hops
[01:11:26.573] [t=   12.47] [DEBUG] [LatencyCollector] High queuing: flow=101, queue=7.1244s, serve=7.4097s, path=6 hops
[01:11:26.573] [t=   12.62] [DEBUG] [LatencyCollector] High queuing: flow=101, queue=7.3524s, serve=7.4973s, path=6 hops
[01:11:26.573] [t=   13.04] [DEBUG] [LatencyCollector] High queuing: flow=101, queue=7.4736s, serve=7.8907s, path=6 hops
[01:11:26.573] [t=   13.15] [DEBUG] [LatencyCollector] High queuing: flow=101, queue=7.8766s, serve=7.9875s, path=6 hops
[01:11:26.573] [t=   13.25] [DEBUG] [LatencyCollector] High queuing: flow=101, queue=7.8447s, serve=7.9304s, path=6 hops
[01:11:26.573] [t=   13.48] [DEBUG] [LatencyCollector] High queuing: flow=101, queue=7.8380s, serve=8.0673s, path=6 hops
[01:11:26.573] [t=   14.07] [DEBUG] [LatencyCollector] High queuing: flow=101, queue=7.7439s, serve=8.3400s, path=6 hops
[01:11:26.573] [t=   14.17] [DEBUG] [LatencyCollector] High queuing: flow=101, queue=8.3497s, serve=8.4254s, path=6 hops
[01:11:26.573] [t=   14.60] [DEBUG] [LatencyCollector] High queuing: flow=101, queue=8.3704s, serve=8.7942s, path=6 hops
[01:11:26.577] [t=   15.06] [DEBUG] [LatencyCollector] High queuing: flow=101, queue=8.4628s, serve=8.9220s, path=6 hops
[01:11:26.577] [t=   15.16] [DEBUG] [LatencyCollector] High queuing: flow=101, queue=8.7900s, serve=8.8589s, path=6 hops
[01:11:26.577] [t=   15.32] [DEBUG] [LatencyCollector] High queuing: flow=101, queue=8.6400s, serve=8.7996s, path=6 hops
[01:11:26.577] [t=   15.45] [DEBUG] [LatencyCollector] High queuing: flow=101, queue=8.7061s, serve=8.8431s, path=6 hops
[01:11:26.577] [t=   15.55] [DEBUG] [LatencyCollector] High queuing: flow=101, queue=8.8426s, serve=8.9245s, path=6 hops
[01:11:26.577] [t=   15.65] [DEBUG] [LatencyCollector] High queuing: flow=101, queue=8.6152s, serve=8.6932s, path=6 hops
[01:11:26.577] [t=   16.09] [DEBUG] [LatencyCollector] High queuing: flow=101, queue=8.4023s, serve=8.8389s, path=6 hops
[01:11:26.577] [t=   16.54] [DEBUG] [LatencyCollector] High queuing: flow=101, queue=8.7839s, serve=9.2337s, path=6 hops
[01:11:26.577] [t=   16.64] [DEBUG] [LatencyCollector] High queuing: flow=101, queue=9.1180s, serve=9.1920s, path=6 hops
[01:11:26.577] [t=   16.74] [DEBUG] [LatencyCollector] High queuing: flow=101, queue=9.1305s, serve=9.1920s, path=6 hops
[01:11:26.577] [t=   17.25] [DEBUG] [LatencyCollector] High queuing: flow=101, queue=8.7430s, serve=9.2526s, path=6 hops
[01:11:26.577] [t=   17.44] [DEBUG] [LatencyCollector] High queuing: flow=101, queue=9.1581s, serve=9.3483s, path=6 hops
[01:11:26.577] [t=   17.66] [DEBUG] [LatencyCollector] High queuing: flow=101, queue=9.3356s, serve=9.5529s, path=6 hops
[01:11:26.577] [t=   17.76] [DEBUG] [LatencyCollector] High queuing: flow=101, queue=9.5449s, serve=9.6500s, path=6 hops
[01:11:26.577] [t=   17.86] [DEBUG] [LatencyCollector] High queuing: flow=101, queue=9.4026s, serve=9.4543s, path=6 hops
[01:11:26.577] [t=   18.14] [DEBUG] [LatencyCollector] High queuing: flow=101, queue=9.4487s, serve=9.7261s, path=6 hops
[01:11:26.577] [t=   18.33] [DEBUG] [LatencyCollector] High queuing: flow=101, queue=9.6317s, serve=9.8202s, path=6 hops
[01:11:26.577] [t=   18.76] [DEBUG] [LatencyCollector] High queuing: flow=101, queue=9.7607s, serve=10.1957s, path=6 hops
[01:11:26.577] [t=   18.76] [WARN ] [LatencyCollector] Packet FAILED: flow=101, src=6->dst=12, waited=10.1390s
[01:11:26.577] [t=   18.90] [DEBUG] [LatencyCollector] High queuing: flow=101, queue=9.6183s, serve=9.7565s, path=6 hops
[01:11:26.577] [t=   19.00] [DEBUG] [LatencyCollector] High queuing: flow=101, queue=9.7060s, serve=9.7732s, path=6 hops
[01:11:26.577] [t=   19.83] [DEBUG] [LatencyCollector] High queuing: flow=101, queue=9.7686s, serve=10.6000s, path=6 hops
[01:11:26.588] [t=    0.00] [INFO ] [TrainingRunner ] Simulation complete: 25.00 sim seconds, 270 ms wall clock
[01:11:26.589] [t=    0.00] [INFO ] [TrainingRunner ] Exporting results...
[01:11:26.591] [t=    0.00] [INFO ] [LatencyCollector] Exported episode summary to training_run3_0110_1272025_newmodel\episodes\ep_0000/episode_summary.json
[01:11:26.592] [t=    0.00] [INFO ] [LatencyCollector] Exported flow summary to training_run3_0110_1272025_newmodel\episodes\ep_0000/flow_summary.csv
[01:11:26.596] [t=    0.00] [INFO ] [LinkStatsCollector] Exported 96 link stats to training_run3_0110_1272025_newmodel\episodes\ep_0000/link_stats.csv
[01:11:26.597] [t=    0.00] [INFO ] [SECTION        ] ======================================================================
[01:11:26.597] [t=    0.00] [INFO ] [SECTION        ]   LATENCY STATISTICS SUMMARY
[01:11:26.597] [t=    0.00] [INFO ] [SECTION        ] ======================================================================
[01:11:26.597] [t=    0.00] [INFO ] [LatencyCollector] === Global Statistics ===
[01:11:26.597] [t=    0.00] [INFO ] [LatencyCollector]   Total packets: 99
[01:11:26.597] [t=    0.00] [INFO ] [LatencyCollector]   Failed packets: 1
[01:11:26.597] [t=    0.00] [INFO ] [LatencyCollector]   Avg queuing delay: 4.133932 s
[01:11:26.597] [t=    0.00] [INFO ] [LatencyCollector]   Max queuing delay: 9.768602 s
[01:11:26.597] [t=    0.00] [INFO ] [LatencyCollector] === Critical vs Background ===
[01:11:26.597] [t=    0.00] [INFO ] [LatencyCollector]   Background flows: 99 packets, avg queuing = 4.133932 s
[01:11:26.597] [t=    0.00] [INFO ] [LinkStatsCollector] ========== Link Statistics Summary ==========
[01:11:26.597] [t=    0.00] [INFO ] [LinkStatsCollector] Total links tracked: 96
[01:11:26.597] [t=    0.00] [INFO ] [LinkStatsCollector] Episode duration: 20.00s
[01:11:26.598] [t=    0.00] [INFO ] [LinkStatsCollector] Bottleneck link: h_1_1_0->Switch: e_1_1 (max_util=1.00%)
[01:11:26.598] [t=    0.00] [INFO ] [LinkStatsCollector] Links that exceeded 90.0% utilization: 0
[01:11:26.598] [t=    0.00] [INFO ] [LinkStatsCollector] Total congestion events: 0
[01:11:26.598] [t=    0.00] [INFO ] [LinkStatsCollector] Top 5 most utilized links:
[01:11:26.600] [t=    0.00] [INFO ] [LinkStatsCollector]   h_1_1_0->Switch: e_1_1: avg=0.79%, max=1.00%, events=0
[01:11:26.600] [t=    0.00] [INFO ] [LinkStatsCollector]   Switch: c_1_0->Switch: a_3_1: avg=0.79%, max=1.00%, events=0
[01:11:26.600] [t=    0.00] [INFO ] [LinkStatsCollector]   Switch: e_3_0->h_3_0_0: avg=0.79%, max=1.00%, events=0
[01:11:26.600] [t=    0.00] [INFO ] [LinkStatsCollector]   Switch: e_1_1->Switch: a_1_1: avg=0.79%, max=1.00%, events=0
[01:11:26.600] [t=    0.00] [INFO ] [LinkStatsCollector]   Switch: a_1_1->Switch: c_1_0: avg=0.79%, max=1.00%, events=0
[01:11:26.601] [t=    0.00] [INFO ] [TrainingRunner ] === EPISODE COMPLETE ===
[01:11:26.601] [t=    0.00] [INFO ] [TrainingRunner ] Output files:
[01:11:26.601] [t=    0.00] [INFO ] [TrainingRunner ]   training_run3_0110_1272025_newmodel\episodes\ep_0000/episode_summary.json
[01:11:26.601] [t=    0.00] [INFO ] [TrainingRunner ]   training_run3_0110_1272025_newmodel\episodes\ep_0000/flow_summary.csv
[01:11:26.601] [t=    0.00] [INFO ] [TrainingRunner ]   training_run3_0110_1272025_newmodel\episodes\ep_0000/link_stats.csv
[01:11:26.601] [t=    0.00] [INFO ] [TrainingRunner ]   training_run3_0110_1272025_newmodel\episodes\ep_0000/latency_results.csv

================================================================================
LOG ENDED: 2025-12-07 01:11:26
================================================================================
