================================================================================
CFR-RL DEBUG LOG
Started: 2025-12-05 00:59:34
Log file: C:\Users\saifk\CS370\Code\round2\cloudsimsdn\training_0058_1252025_easy200\episodes\ep_0000\episode.log
================================================================================

Format: [WallClock] [SimTime] [Level] [Component] Message

[00:59:34.155] [t=    0.00] [INFO ] [TrainingRunner ] === EPISODE START ===
[00:59:34.155] [t=    0.00] [INFO ] [TrainingRunner ] Workload: training_0058_1252025_easy200\episodes\ep_0000\workload.csv
[00:59:34.155] [t=    0.00] [INFO ] [TrainingRunner ] Critical flows: training_0058_1252025_easy200\episodes\ep_0000\critical_flows.txt
[00:59:34.155] [t=    0.00] [INFO ] [TrainingRunner ] Output dir: training_0058_1252025_easy200\episodes\ep_0000/
[00:59:34.155] [t=    0.00] [INFO ] [TrainingRunner ] Loaded 8 critical flows: [80, 50, 116, 22, 39, 8, 124, 78]
[00:59:34.155] [t=    0.00] [INFO ] [LatencyCollector] Initialized
[00:59:34.166] [t=    0.00] [INFO ] [LatencyCollector] Reset for new simulation
[00:59:34.166] [t=    0.00] [INFO ] [LinkStatsCollector] Reset for new episode
[00:59:34.166] [t=    0.00] [INFO ] [LatencyCollector] CSV export initialized: training_0058_1252025_easy200\episodes\ep_0000/latency_results.csv
[00:59:34.166] [t=    0.00] [INFO ] [LatencyCollector] Critical flows updated: 8 flows
[00:59:34.233] [t=    0.00] [INFO ] [TrainingRunner ] Physical topology loaded: 12 hosts
[00:59:34.233] [t=    0.00] [INFO ] [LinkPolicy     ] Created with K=8
[00:59:34.233] [t=    0.00] [INFO ] [LinkPolicy     ] Verbose logging: false
[00:59:34.233] [t=    0.00] [INFO ] [LinkPolicy     ] Updated critical flows: 8 total (added: [80, 50, 116, 22, 39, 8, 124, 78], removed: [])
[00:59:34.233] [t=    0.00] [INFO ] [TrainingRunner ] Critical flows set on policy
[00:59:34.238] [t=    0.00] [INFO ] [TrainingRunner ] Virtual topology deployed
[00:59:34.238] [t=    0.00] [INFO ] [TrainingRunner ] Submitting workload: training_0058_1252025_easy200\episodes\ep_0000\workload.csv
[00:59:34.238] [t=    0.00] [INFO ] [TrainingRunner ] Starting simulation...
[00:59:34.334] [t=    5.00] [WARN ] [LinkStatsCollector] Auto-registering unknown link: Switch: Washington->Switch: Indianapolis
[00:59:34.336] [t=    5.00] [WARN ] [LinkStatsCollector] Auto-registering unknown link: Switch: Indianapolis->Switch: Washington
[00:59:34.336] [t=    5.00] [WARN ] [LinkStatsCollector] Auto-registering unknown link: Switch: Atlanta->Switch: Houston
[00:59:34.336] [t=    5.00] [WARN ] [LinkStatsCollector] Auto-registering unknown link: Switch: Houston->Switch: Atlanta
[00:59:34.336] [t=    5.00] [WARN ] [LinkStatsCollector] Auto-registering unknown link: Switch: Indianapolis->Switch: Chicago
[00:59:34.336] [t=    5.00] [WARN ] [LinkStatsCollector] Auto-registering unknown link: Switch: Chicago->Switch: Indianapolis
[00:59:34.336] [t=    5.00] [WARN ] [LinkStatsCollector] Auto-registering unknown link: Switch: Jacksonville->Switch: Houston
[00:59:34.336] [t=    5.00] [WARN ] [LinkStatsCollector] Auto-registering unknown link: Switch: Houston->Switch: Jacksonville
[00:59:34.336] [t=    5.00] [WARN ] [LinkStatsCollector] Auto-registering unknown link: host_Sunnyvale->Switch: Sunnyvale
[00:59:34.336] [t=    5.00] [WARN ] [LinkStatsCollector] Auto-registering unknown link: Switch: Sunnyvale->host_Sunnyvale
[00:59:34.336] [t=    5.00] [WARN ] [LinkStatsCollector] Auto-registering unknown link: Switch: Jacksonville->Switch: Atlanta
[00:59:34.336] [t=    5.00] [WARN ] [LinkStatsCollector] Auto-registering unknown link: Switch: Atlanta->Switch: Jacksonville
[00:59:34.336] [t=    5.00] [WARN ] [LinkStatsCollector] Auto-registering unknown link: Switch: KansasCity->Switch: Denver
[00:59:34.336] [t=    5.00] [WARN ] [LinkStatsCollector] Auto-registering unknown link: Switch: Denver->Switch: KansasCity
[00:59:34.336] [t=    5.00] [WARN ] [LinkStatsCollector] Auto-registering unknown link: Switch: Washington->Switch: Atlanta
[00:59:34.336] [t=    5.00] [WARN ] [LinkStatsCollector] Auto-registering unknown link: Switch: Atlanta->Switch: Washington
[00:59:34.339] [t=    5.00] [WARN ] [LinkStatsCollector] Auto-registering unknown link: host_Washington->Switch: Washington
[00:59:34.339] [t=    5.00] [WARN ] [LinkStatsCollector] Auto-registering unknown link: Switch: Washington->host_Washington
[00:59:34.339] [t=    5.00] [WARN ] [LinkStatsCollector] Auto-registering unknown link: Switch: LosAngeles->Switch: Sunnyvale
[00:59:34.339] [t=    5.00] [WARN ] [LinkStatsCollector] Auto-registering unknown link: Switch: Sunnyvale->Switch: LosAngeles
[00:59:34.339] [t=    5.00] [WARN ] [LinkStatsCollector] Auto-registering unknown link: Switch: Houston->Switch: KansasCity
[00:59:34.339] [t=    5.00] [WARN ] [LinkStatsCollector] Auto-registering unknown link: Switch: KansasCity->Switch: Houston
[00:59:34.339] [t=    5.00] [WARN ] [LinkStatsCollector] Auto-registering unknown link: Switch: Indianapolis->Switch: KansasCity
[00:59:34.339] [t=    5.00] [WARN ] [LinkStatsCollector] Auto-registering unknown link: Switch: KansasCity->Switch: Indianapolis
[00:59:34.339] [t=    5.00] [WARN ] [LinkStatsCollector] Auto-registering unknown link: host_Indianapolis->Switch: Indianapolis
[00:59:34.339] [t=    5.00] [WARN ] [LinkStatsCollector] Auto-registering unknown link: Switch: Indianapolis->host_Indianapolis
[00:59:34.339] [t=    5.00] [WARN ] [LinkStatsCollector] Auto-registering unknown link: Switch: Houston->Switch: LosAngeles
[00:59:34.339] [t=    5.00] [WARN ] [LinkStatsCollector] Auto-registering unknown link: Switch: LosAngeles->Switch: Houston
[00:59:34.339] [t=    5.00] [WARN ] [LinkStatsCollector] Auto-registering unknown link: Switch: Chicago->Switch: KansasCity
[00:59:34.339] [t=    5.00] [WARN ] [LinkStatsCollector] Auto-registering unknown link: Switch: KansasCity->Switch: Chicago
[00:59:34.339] [t=    5.00] [WARN ] [LinkStatsCollector] Auto-registering unknown link: host_KansasCity->Switch: KansasCity
[00:59:34.341] [t=    5.00] [WARN ] [LinkStatsCollector] Auto-registering unknown link: Switch: KansasCity->host_KansasCity
[00:59:34.341] [t=    5.00] [WARN ] [LinkStatsCollector] Auto-registering unknown link: host_Chicago->Switch: Chicago
[00:59:34.341] [t=    5.00] [WARN ] [LinkStatsCollector] Auto-registering unknown link: Switch: Chicago->host_Chicago
[00:59:34.341] [t=    5.00] [WARN ] [LinkStatsCollector] Auto-registering unknown link: host_Seattle->Switch: Seattle
[00:59:34.341] [t=    5.00] [WARN ] [LinkStatsCollector] Auto-registering unknown link: Switch: Seattle->host_Seattle
[00:59:34.341] [t=    5.00] [WARN ] [LinkStatsCollector] Auto-registering unknown link: host_Atlanta->Switch: Atlanta
[00:59:34.341] [t=    5.00] [WARN ] [LinkStatsCollector] Auto-registering unknown link: Switch: Atlanta->host_Atlanta
[00:59:34.341] [t=    5.00] [WARN ] [LinkStatsCollector] Auto-registering unknown link: host_Houston->Switch: Houston
[00:59:34.341] [t=    5.00] [WARN ] [LinkStatsCollector] Auto-registering unknown link: Switch: Houston->host_Houston
[00:59:34.341] [t=    5.00] [WARN ] [LinkStatsCollector] Auto-registering unknown link: Switch: NewYork->Switch: Washington
[00:59:34.341] [t=    5.00] [WARN ] [LinkStatsCollector] Auto-registering unknown link: Switch: Washington->Switch: NewYork
[00:59:34.341] [t=    5.00] [WARN ] [LinkStatsCollector] Auto-registering unknown link: Switch: Denver->Switch: Sunnyvale
[00:59:34.341] [t=    5.00] [WARN ] [LinkStatsCollector] Auto-registering unknown link: Switch: Sunnyvale->Switch: Denver
[00:59:34.341] [t=    5.00] [WARN ] [LinkStatsCollector] Auto-registering unknown link: host_Jacksonville->Switch: Jacksonville
[00:59:34.343] [t=    5.00] [WARN ] [LinkStatsCollector] Auto-registering unknown link: Switch: Jacksonville->host_Jacksonville
[00:59:34.343] [t=    5.00] [WARN ] [LinkStatsCollector] Auto-registering unknown link: host_Denver->Switch: Denver
[00:59:34.343] [t=    5.00] [WARN ] [LinkStatsCollector] Auto-registering unknown link: Switch: Denver->host_Denver
[00:59:34.343] [t=    5.00] [WARN ] [LinkStatsCollector] Auto-registering unknown link: Switch: Atlanta->Switch: Indianapolis
[00:59:34.343] [t=    5.00] [WARN ] [LinkStatsCollector] Auto-registering unknown link: Switch: Indianapolis->Switch: Atlanta
[00:59:34.343] [t=    5.00] [WARN ] [LinkStatsCollector] Auto-registering unknown link: Switch: Denver->Switch: Seattle
[00:59:34.343] [t=    5.00] [WARN ] [LinkStatsCollector] Auto-registering unknown link: Switch: Seattle->Switch: Denver
[00:59:34.343] [t=    5.00] [WARN ] [LinkStatsCollector] Auto-registering unknown link: Switch: NewYork->Switch: Chicago
[00:59:34.343] [t=    5.00] [WARN ] [LinkStatsCollector] Auto-registering unknown link: Switch: Chicago->Switch: NewYork
[00:59:34.343] [t=    5.00] [WARN ] [LinkStatsCollector] Auto-registering unknown link: Switch: Sunnyvale->Switch: Seattle
[00:59:34.343] [t=    5.00] [WARN ] [LinkStatsCollector] Auto-registering unknown link: Switch: Seattle->Switch: Sunnyvale
[00:59:34.343] [t=    5.00] [WARN ] [LinkStatsCollector] Auto-registering unknown link: host_NewYork->Switch: NewYork
[00:59:34.343] [t=    5.00] [WARN ] [LinkStatsCollector] Auto-registering unknown link: Switch: NewYork->host_NewYork
[00:59:34.343] [t=    5.00] [WARN ] [LinkStatsCollector] Auto-registering unknown link: host_LosAngeles->Switch: LosAngeles
[00:59:34.343] [t=    5.00] [WARN ] [LinkStatsCollector] Auto-registering unknown link: Switch: LosAngeles->host_LosAngeles
[00:59:34.367] [t=   10.80] [WARN ] [LatencyCollector] Packet FAILED: flow=49, src=4->dst=6, waited=10.3000s
[00:59:34.367] [t=   11.11] [WARN ] [LatencyCollector] Packet FAILED: flow=15, src=1->dst=5, waited=10.0117s
[00:59:34.372] [t=   12.28] [WARN ] [LatencyCollector] Packet FAILED: flow=77, src=7->dst=0, waited=10.0759s
[00:59:34.388] [t=   25.00] [WARN ] [LatencyCollector] Packet FAILED: flow=50, src=4->dst=7, waited=10.1000s
[00:59:34.393] [t=    0.00] [INFO ] [TrainingRunner ] Simulation complete: 35.00 sim seconds, 238 ms wall clock
[00:59:34.393] [t=    0.00] [INFO ] [TrainingRunner ] Exporting results...
[00:59:34.397] [t=    0.00] [INFO ] [LatencyCollector] Exported episode summary to training_0058_1252025_easy200\episodes\ep_0000/episode_summary.json
[00:59:34.401] [t=    0.00] [INFO ] [LatencyCollector] Exported flow summary to training_0058_1252025_easy200\episodes\ep_0000/flow_summary.csv
[00:59:34.404] [t=    0.00] [INFO ] [LinkStatsCollector] Exported 60 link stats to training_0058_1252025_easy200\episodes\ep_0000/link_stats.csv
[00:59:34.406] [t=    0.00] [INFO ] [SECTION        ] ======================================================================
[00:59:34.406] [t=    0.00] [INFO ] [SECTION        ]   LATENCY STATISTICS SUMMARY
[00:59:34.406] [t=    0.00] [INFO ] [SECTION        ] ======================================================================
[00:59:34.406] [t=    0.00] [INFO ] [LatencyCollector] === Global Statistics ===
[00:59:34.406] [t=    0.00] [INFO ] [LatencyCollector]   Total packets: 46
[00:59:34.406] [t=    0.00] [INFO ] [LatencyCollector]   Failed packets: 4
[00:59:34.406] [t=    0.00] [INFO ] [LatencyCollector]   Avg queuing delay: 0.009374 s
[00:59:34.406] [t=    0.00] [INFO ] [LatencyCollector]   Max queuing delay: 0.100000 s
[00:59:34.406] [t=    0.00] [INFO ] [LatencyCollector] === Critical vs Background ===
[00:59:34.406] [t=    0.00] [INFO ] [LatencyCollector]   Critical flows: 3 packets, avg queuing = 0.010714 s
[00:59:34.406] [t=    0.00] [INFO ] [LatencyCollector]   Background flows: 43 packets, avg queuing = 0.009280 s
[00:59:34.406] [t=    0.00] [INFO ] [LinkStatsCollector] ========== Link Statistics Summary ==========
[00:59:34.406] [t=    0.00] [INFO ] [LinkStatsCollector] Total links tracked: 60
[00:59:34.406] [t=    0.00] [INFO ] [LinkStatsCollector] Episode duration: 30.00s
[00:59:34.406] [t=    0.00] [INFO ] [LinkStatsCollector] Bottleneck link: Switch: Denver->Switch: KansasCity (max_util=17.22%)
[00:59:34.408] [t=    0.00] [INFO ] [LinkStatsCollector] Links that exceeded 90.0% utilization: 0
[00:59:34.408] [t=    0.00] [INFO ] [LinkStatsCollector] Total congestion events: 0
[00:59:34.408] [t=    0.00] [INFO ] [LinkStatsCollector] Top 5 most utilized links:
[00:59:34.408] [t=    0.00] [INFO ] [LinkStatsCollector]   Switch: Denver->Switch: KansasCity: avg=5.51%, max=17.22%, events=0
[00:59:34.408] [t=    0.00] [INFO ] [LinkStatsCollector]   Switch: KansasCity->Switch: Chicago: avg=2.83%, max=11.24%, events=0
[00:59:34.408] [t=    0.00] [INFO ] [LinkStatsCollector]   Switch: Houston->Switch: Atlanta: avg=2.20%, max=10.03%, events=0
[00:59:34.408] [t=    0.00] [INFO ] [LinkStatsCollector]   host_Denver->Switch: Denver: avg=2.70%, max=9.64%, events=0
[00:59:34.408] [t=    0.00] [INFO ] [LinkStatsCollector]   Switch: Atlanta->Switch: Washington: avg=1.75%, max=8.74%, events=0
[00:59:34.408] [t=    0.00] [INFO ] [TrainingRunner ] === EPISODE COMPLETE ===
[00:59:34.408] [t=    0.00] [INFO ] [TrainingRunner ] Output files:
[00:59:34.408] [t=    0.00] [INFO ] [TrainingRunner ]   training_0058_1252025_easy200\episodes\ep_0000/episode_summary.json
[00:59:34.408] [t=    0.00] [INFO ] [TrainingRunner ]   training_0058_1252025_easy200\episodes\ep_0000/flow_summary.csv
[00:59:34.408] [t=    0.00] [INFO ] [TrainingRunner ]   training_0058_1252025_easy200\episodes\ep_0000/link_stats.csv
[00:59:34.408] [t=    0.00] [INFO ] [TrainingRunner ]   training_0058_1252025_easy200\episodes\ep_0000/latency_results.csv

================================================================================
LOG ENDED: 2025-12-05 00:59:34
================================================================================
