================================================================================
CFR-RL DEBUG LOG
Started: 2025-12-07 00:24:49
Log file: C:\Users\saifk\CS370\Code\round2\cloudsimsdn\training_run1_fattree_0022_1272025\episodes\ep_0052\episode.log
================================================================================

Format: [WallClock] [SimTime] [Level] [Component] Message

[00:24:49.164] [t=    0.00] [INFO ] [TrainingRunner ] === EPISODE START (Fat-Tree k=4) ===
[00:24:49.169] [t=    0.00] [INFO ] [TrainingRunner ] Workload: training_run1_fattree_0022_1272025\episodes\ep_0052\workload.csv
[00:24:49.170] [t=    0.00] [INFO ] [TrainingRunner ] Critical flows: training_run1_fattree_0022_1272025\episodes\ep_0052\critical_flows.txt
[00:24:49.171] [t=    0.00] [INFO ] [TrainingRunner ] Output dir: training_run1_fattree_0022_1272025\episodes\ep_0052/
[00:24:49.172] [t=    0.00] [INFO ] [TrainingRunner ] Loaded 12 critical flows: [113, 99, 179, 180, 197, 39, 233, 11, 91, 156, 93, 61]
[00:24:49.174] [t=    0.00] [INFO ] [LatencyCollector] Initialized
[00:24:49.177] [t=    0.00] [INFO ] [LatencyCollector] Reset for new simulation
[00:24:49.179] [t=    0.00] [INFO ] [LinkStatsCollector] Reset for new episode
[00:24:49.180] [t=    0.00] [INFO ] [LatencyCollector] CSV export initialized: training_run1_fattree_0022_1272025\episodes\ep_0052/latency_results.csv
[00:24:49.180] [t=    0.00] [INFO ] [LatencyCollector] Critical flows updated: 12 flows
[00:24:49.218] [t=    0.00] [INFO ] [TrainingRunner ] Loading Fat-Tree topology: dataset-fattree/fattree-physical.json
[00:24:49.273] [t=    0.00] [INFO ] [TrainingRunner ] Physical topology loaded: 16 hosts
[00:24:49.275] [t=    0.00] [INFO ] [LinkPolicy     ] Created with K=12
[00:24:49.275] [t=    0.00] [INFO ] [LinkPolicy     ] Verbose logging: false
[00:24:49.275] [t=    0.00] [INFO ] [LinkPolicy     ] Updated critical flows: 12 total (added: [99, 197, 39, 233, 11, 113, 179, 180, 91, 156, 93, 61], removed: [])
[00:24:49.275] [t=    0.00] [INFO ] [TrainingRunner ] Critical flows set on policy
[00:24:49.281] [t=    0.00] [INFO ] [TrainingRunner ] Virtual topology deployed
[00:24:49.281] [t=    0.00] [INFO ] [TrainingRunner ] Submitting workload: training_run1_fattree_0022_1272025\episodes\ep_0052\workload.csv
[00:24:49.281] [t=    0.00] [INFO ] [TrainingRunner ] Starting simulation...
[00:24:49.439] [t=    5.00] [WARN ] [LinkStatsCollector] Auto-registering unknown link: h_1_0_0->Switch: e_1_0
[00:24:49.441] [t=    5.00] [WARN ] [LinkStatsCollector] Auto-registering unknown link: Switch: e_1_0->h_1_0_0
[00:24:49.441] [t=    5.00] [WARN ] [LinkStatsCollector] Auto-registering unknown link: Switch: a_3_0->Switch: c_0_1
[00:24:49.441] [t=    5.00] [WARN ] [LinkStatsCollector] Auto-registering unknown link: Switch: c_0_1->Switch: a_3_0
[00:24:49.441] [t=    5.00] [WARN ] [LinkStatsCollector] Auto-registering unknown link: Switch: e_3_1->Switch: a_3_1
[00:24:49.441] [t=    5.00] [WARN ] [LinkStatsCollector] Auto-registering unknown link: Switch: a_3_1->Switch: e_3_1
[00:24:49.441] [t=    5.00] [WARN ] [LinkStatsCollector] Auto-registering unknown link: h_2_0_1->Switch: e_2_0
[00:24:49.441] [t=    5.00] [WARN ] [LinkStatsCollector] Auto-registering unknown link: Switch: e_2_0->h_2_0_1
[00:24:49.441] [t=    5.00] [WARN ] [LinkStatsCollector] Auto-registering unknown link: Switch: a_0_1->Switch: c_1_1
[00:24:49.443] [t=    5.00] [WARN ] [LinkStatsCollector] Auto-registering unknown link: Switch: c_1_1->Switch: a_0_1
[00:24:49.443] [t=    5.00] [WARN ] [LinkStatsCollector] Auto-registering unknown link: Switch: e_2_1->Switch: a_2_1
[00:24:49.443] [t=    5.00] [WARN ] [LinkStatsCollector] Auto-registering unknown link: Switch: a_2_1->Switch: e_2_1
[00:24:49.443] [t=    5.00] [WARN ] [LinkStatsCollector] Auto-registering unknown link: h_3_1_1->Switch: e_3_1
[00:24:49.443] [t=    5.00] [WARN ] [LinkStatsCollector] Auto-registering unknown link: Switch: e_3_1->h_3_1_1
[00:24:49.443] [t=    5.00] [WARN ] [LinkStatsCollector] Auto-registering unknown link: h_1_1_1->Switch: e_1_1
[00:24:49.443] [t=    5.00] [WARN ] [LinkStatsCollector] Auto-registering unknown link: Switch: e_1_1->h_1_1_1
[00:24:49.443] [t=    5.00] [WARN ] [LinkStatsCollector] Auto-registering unknown link: h_1_0_1->Switch: e_1_0
[00:24:49.443] [t=    5.00] [WARN ] [LinkStatsCollector] Auto-registering unknown link: Switch: e_1_0->h_1_0_1
[00:24:49.443] [t=    5.00] [WARN ] [LinkStatsCollector] Auto-registering unknown link: Switch: e_0_1->Switch: a_0_1
[00:24:49.443] [t=    5.00] [WARN ] [LinkStatsCollector] Auto-registering unknown link: Switch: a_0_1->Switch: e_0_1
[00:24:49.443] [t=    5.00] [WARN ] [LinkStatsCollector] Auto-registering unknown link: Switch: e_1_0->Switch: a_1_0
[00:24:49.443] [t=    5.00] [WARN ] [LinkStatsCollector] Auto-registering unknown link: Switch: a_1_0->Switch: e_1_0
[00:24:49.443] [t=    5.00] [WARN ] [LinkStatsCollector] Auto-registering unknown link: h_2_1_1->Switch: e_2_1
[00:24:49.443] [t=    5.00] [WARN ] [LinkStatsCollector] Auto-registering unknown link: Switch: e_2_1->h_2_1_1
[00:24:49.445] [t=    5.00] [WARN ] [LinkStatsCollector] Auto-registering unknown link: Switch: a_0_1->Switch: c_1_0
[00:24:49.445] [t=    5.00] [WARN ] [LinkStatsCollector] Auto-registering unknown link: Switch: c_1_0->Switch: a_0_1
[00:24:49.445] [t=    5.00] [WARN ] [LinkStatsCollector] Auto-registering unknown link: Switch: a_3_0->Switch: c_0_0
[00:24:49.445] [t=    5.00] [WARN ] [LinkStatsCollector] Auto-registering unknown link: Switch: c_0_0->Switch: a_3_0
[00:24:49.445] [t=    5.00] [WARN ] [LinkStatsCollector] Auto-registering unknown link: Switch: e_0_1->Switch: a_0_0
[00:24:49.445] [t=    5.00] [WARN ] [LinkStatsCollector] Auto-registering unknown link: Switch: a_0_0->Switch: e_0_1
[00:24:49.445] [t=    5.00] [WARN ] [LinkStatsCollector] Auto-registering unknown link: Switch: e_3_0->Switch: a_3_0
[00:24:49.445] [t=    5.00] [WARN ] [LinkStatsCollector] Auto-registering unknown link: Switch: a_3_0->Switch: e_3_0
[00:24:49.445] [t=    5.00] [WARN ] [LinkStatsCollector] Auto-registering unknown link: Switch: a_2_0->Switch: c_0_1
[00:24:49.447] [t=    5.00] [WARN ] [LinkStatsCollector] Auto-registering unknown link: Switch: c_0_1->Switch: a_2_0
[00:24:49.447] [t=    5.00] [WARN ] [LinkStatsCollector] Auto-registering unknown link: Switch: a_1_0->Switch: c_0_0
[00:24:49.447] [t=    5.00] [WARN ] [LinkStatsCollector] Auto-registering unknown link: Switch: c_0_0->Switch: a_1_0
[00:24:49.447] [t=    5.00] [WARN ] [LinkStatsCollector] Auto-registering unknown link: h_1_1_0->Switch: e_1_1
[00:24:49.447] [t=    5.00] [WARN ] [LinkStatsCollector] Auto-registering unknown link: Switch: e_1_1->h_1_1_0
[00:24:49.447] [t=    5.00] [WARN ] [LinkStatsCollector] Auto-registering unknown link: Switch: a_3_1->Switch: c_1_1
[00:24:49.447] [t=    5.00] [WARN ] [LinkStatsCollector] Auto-registering unknown link: Switch: c_1_1->Switch: a_3_1
[00:24:49.449] [t=    5.00] [WARN ] [LinkStatsCollector] Auto-registering unknown link: h_0_1_0->Switch: e_0_1
[00:24:49.449] [t=    5.00] [WARN ] [LinkStatsCollector] Auto-registering unknown link: Switch: e_0_1->h_0_1_0
[00:24:49.449] [t=    5.00] [WARN ] [LinkStatsCollector] Auto-registering unknown link: Switch: a_0_0->Switch: c_0_1
[00:24:49.449] [t=    5.00] [WARN ] [LinkStatsCollector] Auto-registering unknown link: Switch: c_0_1->Switch: a_0_0
[00:24:49.449] [t=    5.00] [WARN ] [LinkStatsCollector] Auto-registering unknown link: Switch: e_0_0->Switch: a_0_0
[00:24:49.449] [t=    5.00] [WARN ] [LinkStatsCollector] Auto-registering unknown link: Switch: a_0_0->Switch: e_0_0
[00:24:49.449] [t=    5.00] [WARN ] [LinkStatsCollector] Auto-registering unknown link: h_2_1_0->Switch: e_2_1
[00:24:49.449] [t=    5.00] [WARN ] [LinkStatsCollector] Auto-registering unknown link: Switch: e_2_1->h_2_1_0
[00:24:49.449] [t=    5.00] [WARN ] [LinkStatsCollector] Auto-registering unknown link: Switch: a_2_0->Switch: c_0_0
[00:24:49.449] [t=    5.00] [WARN ] [LinkStatsCollector] Auto-registering unknown link: Switch: c_0_0->Switch: a_2_0
[00:24:49.449] [t=    5.00] [WARN ] [LinkStatsCollector] Auto-registering unknown link: h_0_1_1->Switch: e_0_1
[00:24:49.449] [t=    5.00] [WARN ] [LinkStatsCollector] Auto-registering unknown link: Switch: e_0_1->h_0_1_1
[00:24:49.449] [t=    5.00] [WARN ] [LinkStatsCollector] Auto-registering unknown link: Switch: e_1_1->Switch: a_1_1
[00:24:49.451] [t=    5.00] [WARN ] [LinkStatsCollector] Auto-registering unknown link: Switch: a_1_1->Switch: e_1_1
[00:24:49.451] [t=    5.00] [WARN ] [LinkStatsCollector] Auto-registering unknown link: Switch: e_1_0->Switch: a_1_1
[00:24:49.452] [t=    5.00] [WARN ] [LinkStatsCollector] Auto-registering unknown link: Switch: a_1_1->Switch: e_1_0
[00:24:49.453] [t=    5.00] [WARN ] [LinkStatsCollector] Auto-registering unknown link: Switch: e_2_0->Switch: a_2_0
[00:24:49.453] [t=    5.00] [WARN ] [LinkStatsCollector] Auto-registering unknown link: Switch: a_2_0->Switch: e_2_0
[00:24:49.453] [t=    5.00] [WARN ] [LinkStatsCollector] Auto-registering unknown link: Switch: e_3_1->Switch: a_3_0
[00:24:49.454] [t=    5.00] [WARN ] [LinkStatsCollector] Auto-registering unknown link: Switch: a_3_0->Switch: e_3_1
[00:24:49.454] [t=    5.00] [WARN ] [LinkStatsCollector] Auto-registering unknown link: Switch: e_2_0->Switch: a_2_1
[00:24:49.454] [t=    5.00] [WARN ] [LinkStatsCollector] Auto-registering unknown link: Switch: a_2_1->Switch: e_2_0
[00:24:49.454] [t=    5.00] [WARN ] [LinkStatsCollector] Auto-registering unknown link: Switch: e_2_1->Switch: a_2_0
[00:24:49.455] [t=    5.00] [WARN ] [LinkStatsCollector] Auto-registering unknown link: Switch: a_2_0->Switch: e_2_1
[00:24:49.455] [t=    5.00] [WARN ] [LinkStatsCollector] Auto-registering unknown link: Switch: e_3_0->Switch: a_3_1
[00:24:49.457] [t=    5.00] [WARN ] [LinkStatsCollector] Auto-registering unknown link: Switch: a_3_1->Switch: e_3_0
[00:24:49.457] [t=    5.00] [WARN ] [LinkStatsCollector] Auto-registering unknown link: Switch: a_2_1->Switch: c_1_0
[00:24:49.457] [t=    5.00] [WARN ] [LinkStatsCollector] Auto-registering unknown link: Switch: c_1_0->Switch: a_2_1
[00:24:49.457] [t=    5.00] [WARN ] [LinkStatsCollector] Auto-registering unknown link: Switch: a_0_0->Switch: c_0_0
[00:24:49.457] [t=    5.00] [WARN ] [LinkStatsCollector] Auto-registering unknown link: Switch: c_0_0->Switch: a_0_0
[00:24:49.457] [t=    5.00] [WARN ] [LinkStatsCollector] Auto-registering unknown link: Switch: e_0_0->Switch: a_0_1
[00:24:49.457] [t=    5.00] [WARN ] [LinkStatsCollector] Auto-registering unknown link: Switch: a_0_1->Switch: e_0_0
[00:24:49.459] [t=    5.00] [WARN ] [LinkStatsCollector] Auto-registering unknown link: Switch: a_1_1->Switch: c_1_1
[00:24:49.459] [t=    5.00] [WARN ] [LinkStatsCollector] Auto-registering unknown link: Switch: c_1_1->Switch: a_1_1
[00:24:49.459] [t=    5.00] [WARN ] [LinkStatsCollector] Auto-registering unknown link: h_0_0_1->Switch: e_0_0
[00:24:49.459] [t=    5.00] [WARN ] [LinkStatsCollector] Auto-registering unknown link: Switch: e_0_0->h_0_0_1
[00:24:49.459] [t=    5.00] [WARN ] [LinkStatsCollector] Auto-registering unknown link: Switch: a_1_1->Switch: c_1_0
[00:24:49.459] [t=    5.00] [WARN ] [LinkStatsCollector] Auto-registering unknown link: Switch: c_1_0->Switch: a_1_1
[00:24:49.459] [t=    5.00] [WARN ] [LinkStatsCollector] Auto-registering unknown link: h_0_0_0->Switch: e_0_0
[00:24:49.459] [t=    5.00] [WARN ] [LinkStatsCollector] Auto-registering unknown link: Switch: e_0_0->h_0_0_0
[00:24:49.459] [t=    5.00] [WARN ] [LinkStatsCollector] Auto-registering unknown link: Switch: a_3_1->Switch: c_1_0
[00:24:49.459] [t=    5.00] [WARN ] [LinkStatsCollector] Auto-registering unknown link: Switch: c_1_0->Switch: a_3_1
[00:24:49.459] [t=    5.00] [WARN ] [LinkStatsCollector] Auto-registering unknown link: h_3_1_0->Switch: e_3_1
[00:24:49.459] [t=    5.00] [WARN ] [LinkStatsCollector] Auto-registering unknown link: Switch: e_3_1->h_3_1_0
[00:24:49.459] [t=    5.00] [WARN ] [LinkStatsCollector] Auto-registering unknown link: Switch: a_1_0->Switch: c_0_1
[00:24:49.459] [t=    5.00] [WARN ] [LinkStatsCollector] Auto-registering unknown link: Switch: c_0_1->Switch: a_1_0
[00:24:49.459] [t=    5.00] [WARN ] [LinkStatsCollector] Auto-registering unknown link: h_2_0_0->Switch: e_2_0
[00:24:49.459] [t=    5.00] [WARN ] [LinkStatsCollector] Auto-registering unknown link: Switch: e_2_0->h_2_0_0
[00:24:49.461] [t=    5.00] [WARN ] [LinkStatsCollector] Auto-registering unknown link: h_3_0_0->Switch: e_3_0
[00:24:49.461] [t=    5.00] [WARN ] [LinkStatsCollector] Auto-registering unknown link: Switch: e_3_0->h_3_0_0
[00:24:49.461] [t=    5.00] [WARN ] [LinkStatsCollector] Auto-registering unknown link: Switch: a_2_1->Switch: c_1_1
[00:24:49.461] [t=    5.00] [WARN ] [LinkStatsCollector] Auto-registering unknown link: Switch: c_1_1->Switch: a_2_1
[00:24:49.461] [t=    5.00] [WARN ] [LinkStatsCollector] Auto-registering unknown link: Switch: e_1_1->Switch: a_1_0
[00:24:49.461] [t=    5.00] [WARN ] [LinkStatsCollector] Auto-registering unknown link: Switch: a_1_0->Switch: e_1_1
[00:24:49.461] [t=    5.00] [WARN ] [LinkStatsCollector] Auto-registering unknown link: h_3_0_1->Switch: e_3_0
[00:24:49.461] [t=    5.00] [WARN ] [LinkStatsCollector] Auto-registering unknown link: Switch: e_3_0->h_3_0_1
[00:24:49.513] [t=    0.00] [INFO ] [TrainingRunner ] Simulation complete: 25.00 sim seconds, 353 ms wall clock
[00:24:49.513] [t=    0.00] [INFO ] [TrainingRunner ] Exporting results...
[00:24:49.516] [t=    0.00] [INFO ] [LatencyCollector] Exported episode summary to training_run1_fattree_0022_1272025\episodes\ep_0052/episode_summary.json
[00:24:49.521] [t=    0.00] [INFO ] [LatencyCollector] Exported flow summary to training_run1_fattree_0022_1272025\episodes\ep_0052/flow_summary.csv
[00:24:49.525] [t=    0.00] [INFO ] [LinkStatsCollector] Exported 96 link stats to training_run1_fattree_0022_1272025\episodes\ep_0052/link_stats.csv
[00:24:49.525] [t=    0.00] [INFO ] [SECTION        ] ======================================================================
[00:24:49.525] [t=    0.00] [INFO ] [SECTION        ]   LATENCY STATISTICS SUMMARY
[00:24:49.525] [t=    0.00] [INFO ] [SECTION        ] ======================================================================
[00:24:49.525] [t=    0.00] [INFO ] [LatencyCollector] === Global Statistics ===
[00:24:49.525] [t=    0.00] [INFO ] [LatencyCollector]   Total packets: 60
[00:24:49.525] [t=    0.00] [INFO ] [LatencyCollector]   Failed packets: 0
[00:24:49.525] [t=    0.00] [INFO ] [LatencyCollector]   Avg queuing delay: 0.034894 s
[00:24:49.525] [t=    0.00] [INFO ] [LatencyCollector]   Max queuing delay: 0.097072 s
[00:24:49.529] [t=    0.00] [INFO ] [LatencyCollector] === Critical vs Background ===
[00:24:49.529] [t=    0.00] [INFO ] [LatencyCollector]   Critical flows: 4 packets, avg queuing = 0.026523 s
[00:24:49.529] [t=    0.00] [INFO ] [LatencyCollector]   Background flows: 56 packets, avg queuing = 0.035492 s
[00:24:49.529] [t=    0.00] [INFO ] [LinkStatsCollector] ========== Link Statistics Summary ==========
[00:24:49.529] [t=    0.00] [INFO ] [LinkStatsCollector] Total links tracked: 96
[00:24:49.529] [t=    0.00] [INFO ] [LinkStatsCollector] Episode duration: 20.00s
[00:24:49.529] [t=    0.00] [INFO ] [LinkStatsCollector] Bottleneck link: Switch: a_1_0->Switch: e_1_1 (max_util=0.02%)
[00:24:49.529] [t=    0.00] [INFO ] [LinkStatsCollector] Links that exceeded 90.0% utilization: 0
[00:24:49.529] [t=    0.00] [INFO ] [LinkStatsCollector] Total congestion events: 0
[00:24:49.529] [t=    0.00] [INFO ] [LinkStatsCollector] Top 5 most utilized links:
[00:24:49.531] [t=    0.00] [INFO ] [LinkStatsCollector]   Switch: a_1_0->Switch: e_1_1: avg=0.01%, max=0.02%, events=0
[00:24:49.531] [t=    0.00] [INFO ] [LinkStatsCollector]   Switch: e_1_0->Switch: a_1_0: avg=0.01%, max=0.02%, events=0
[00:24:49.531] [t=    0.00] [INFO ] [LinkStatsCollector]   h_2_1_0->Switch: e_2_1: avg=0.01%, max=0.01%, events=0
[00:24:49.531] [t=    0.00] [INFO ] [LinkStatsCollector]   Switch: e_2_1->Switch: a_2_0: avg=0.01%, max=0.01%, events=0
[00:24:49.531] [t=    0.00] [INFO ] [LinkStatsCollector]   Switch: a_2_0->Switch: c_0_1: avg=0.01%, max=0.01%, events=0
[00:24:49.531] [t=    0.00] [INFO ] [TrainingRunner ] === EPISODE COMPLETE ===
[00:24:49.531] [t=    0.00] [INFO ] [TrainingRunner ] Output files:
[00:24:49.531] [t=    0.00] [INFO ] [TrainingRunner ]   training_run1_fattree_0022_1272025\episodes\ep_0052/episode_summary.json
[00:24:49.531] [t=    0.00] [INFO ] [TrainingRunner ]   training_run1_fattree_0022_1272025\episodes\ep_0052/flow_summary.csv
[00:24:49.531] [t=    0.00] [INFO ] [TrainingRunner ]   training_run1_fattree_0022_1272025\episodes\ep_0052/link_stats.csv
[00:24:49.531] [t=    0.00] [INFO ] [TrainingRunner ]   training_run1_fattree_0022_1272025\episodes\ep_0052/latency_results.csv

================================================================================
LOG ENDED: 2025-12-07 00:24:49
================================================================================
