================================================================================
CFR-RL DEBUG LOG
Started: 2025-12-07 00:25:55
Log file: C:\Users\saifk\CS370\Code\round2\cloudsimsdn\training_run1_fattree_0022_1272025\episodes\ep_0076\episode.log
================================================================================

Format: [WallClock] [SimTime] [Level] [Component] Message

[00:25:55.448] [t=    0.00] [INFO ] [TrainingRunner ] === EPISODE START (Fat-Tree k=4) ===
[00:25:55.453] [t=    0.00] [INFO ] [TrainingRunner ] Workload: training_run1_fattree_0022_1272025\episodes\ep_0076\workload.csv
[00:25:55.455] [t=    0.00] [INFO ] [TrainingRunner ] Critical flows: training_run1_fattree_0022_1272025\episodes\ep_0076\critical_flows.txt
[00:25:55.458] [t=    0.00] [INFO ] [TrainingRunner ] Output dir: training_run1_fattree_0022_1272025\episodes\ep_0076/
[00:25:55.460] [t=    0.00] [INFO ] [TrainingRunner ] Loaded 12 critical flows: [192, 225, 97, 34, 2, 228, 102, 40, 89, 93, 62, 223]
[00:25:55.462] [t=    0.00] [INFO ] [LatencyCollector] Initialized
[00:25:55.462] [t=    0.00] [INFO ] [LatencyCollector] Reset for new simulation
[00:25:55.462] [t=    0.00] [INFO ] [LinkStatsCollector] Reset for new episode
[00:25:55.469] [t=    0.00] [INFO ] [LatencyCollector] CSV export initialized: training_run1_fattree_0022_1272025\episodes\ep_0076/latency_results.csv
[00:25:55.469] [t=    0.00] [INFO ] [LatencyCollector] Critical flows updated: 12 flows
[00:25:55.506] [t=    0.00] [INFO ] [TrainingRunner ] Loading Fat-Tree topology: dataset-fattree/fattree-physical.json
[00:25:55.576] [t=    0.00] [INFO ] [TrainingRunner ] Physical topology loaded: 16 hosts
[00:25:55.578] [t=    0.00] [INFO ] [LinkPolicy     ] Created with K=12
[00:25:55.578] [t=    0.00] [INFO ] [LinkPolicy     ] Verbose logging: false
[00:25:55.578] [t=    0.00] [INFO ] [LinkPolicy     ] Updated critical flows: 12 total (added: [192, 225, 97, 34, 2, 228, 102, 40, 89, 93, 62, 223], removed: [])
[00:25:55.578] [t=    0.00] [INFO ] [TrainingRunner ] Critical flows set on policy
[00:25:55.586] [t=    0.00] [INFO ] [TrainingRunner ] Virtual topology deployed
[00:25:55.586] [t=    0.00] [INFO ] [TrainingRunner ] Submitting workload: training_run1_fattree_0022_1272025\episodes\ep_0076\workload.csv
[00:25:55.586] [t=    0.00] [INFO ] [TrainingRunner ] Starting simulation...
[00:25:55.796] [t=    5.00] [WARN ] [LinkStatsCollector] Auto-registering unknown link: Switch: a_1_1->Switch: c_1_0
[00:25:55.796] [t=    5.00] [WARN ] [LinkStatsCollector] Auto-registering unknown link: Switch: c_1_0->Switch: a_1_1
[00:25:55.796] [t=    5.00] [WARN ] [LinkStatsCollector] Auto-registering unknown link: Switch: a_3_1->Switch: c_1_1
[00:25:55.796] [t=    5.00] [WARN ] [LinkStatsCollector] Auto-registering unknown link: Switch: c_1_1->Switch: a_3_1
[00:25:55.796] [t=    5.00] [WARN ] [LinkStatsCollector] Auto-registering unknown link: Switch: a_0_0->Switch: c_0_0
[00:25:55.796] [t=    5.00] [WARN ] [LinkStatsCollector] Auto-registering unknown link: Switch: c_0_0->Switch: a_0_0
[00:25:55.799] [t=    5.00] [WARN ] [LinkStatsCollector] Auto-registering unknown link: Switch: a_0_0->Switch: c_0_1
[00:25:55.799] [t=    5.00] [WARN ] [LinkStatsCollector] Auto-registering unknown link: Switch: c_0_1->Switch: a_0_0
[00:25:55.799] [t=    5.00] [WARN ] [LinkStatsCollector] Auto-registering unknown link: Switch: a_2_1->Switch: c_1_1
[00:25:55.799] [t=    5.00] [WARN ] [LinkStatsCollector] Auto-registering unknown link: Switch: c_1_1->Switch: a_2_1
[00:25:55.799] [t=    5.00] [WARN ] [LinkStatsCollector] Auto-registering unknown link: h_2_1_1->Switch: e_2_1
[00:25:55.799] [t=    5.00] [WARN ] [LinkStatsCollector] Auto-registering unknown link: Switch: e_2_1->h_2_1_1
[00:25:55.799] [t=    5.00] [WARN ] [LinkStatsCollector] Auto-registering unknown link: h_1_0_1->Switch: e_1_0
[00:25:55.799] [t=    5.00] [WARN ] [LinkStatsCollector] Auto-registering unknown link: Switch: e_1_0->h_1_0_1
[00:25:55.799] [t=    5.00] [WARN ] [LinkStatsCollector] Auto-registering unknown link: h_3_0_1->Switch: e_3_0
[00:25:55.799] [t=    5.00] [WARN ] [LinkStatsCollector] Auto-registering unknown link: Switch: e_3_0->h_3_0_1
[00:25:55.799] [t=    5.00] [WARN ] [LinkStatsCollector] Auto-registering unknown link: h_1_1_0->Switch: e_1_1
[00:25:55.799] [t=    5.00] [WARN ] [LinkStatsCollector] Auto-registering unknown link: Switch: e_1_1->h_1_1_0
[00:25:55.799] [t=    5.00] [WARN ] [LinkStatsCollector] Auto-registering unknown link: Switch: e_0_0->Switch: a_0_1
[00:25:55.799] [t=    5.00] [WARN ] [LinkStatsCollector] Auto-registering unknown link: Switch: a_0_1->Switch: e_0_0
[00:25:55.799] [t=    5.00] [WARN ] [LinkStatsCollector] Auto-registering unknown link: h_0_0_1->Switch: e_0_0
[00:25:55.799] [t=    5.00] [WARN ] [LinkStatsCollector] Auto-registering unknown link: Switch: e_0_0->h_0_0_1
[00:25:55.801] [t=    5.00] [WARN ] [LinkStatsCollector] Auto-registering unknown link: Switch: a_1_1->Switch: c_1_1
[00:25:55.801] [t=    5.00] [WARN ] [LinkStatsCollector] Auto-registering unknown link: Switch: c_1_1->Switch: a_1_1
[00:25:55.801] [t=    5.00] [WARN ] [LinkStatsCollector] Auto-registering unknown link: Switch: e_1_0->Switch: a_1_0
[00:25:55.801] [t=    5.00] [WARN ] [LinkStatsCollector] Auto-registering unknown link: Switch: a_1_0->Switch: e_1_0
[00:25:55.801] [t=    5.00] [WARN ] [LinkStatsCollector] Auto-registering unknown link: h_2_1_0->Switch: e_2_1
[00:25:55.801] [t=    5.00] [WARN ] [LinkStatsCollector] Auto-registering unknown link: Switch: e_2_1->h_2_1_0
[00:25:55.801] [t=    5.00] [WARN ] [LinkStatsCollector] Auto-registering unknown link: h_2_0_1->Switch: e_2_0
[00:25:55.801] [t=    5.00] [WARN ] [LinkStatsCollector] Auto-registering unknown link: Switch: e_2_0->h_2_0_1
[00:25:55.801] [t=    5.00] [WARN ] [LinkStatsCollector] Auto-registering unknown link: Switch: a_3_1->Switch: c_1_0
[00:25:55.801] [t=    5.00] [WARN ] [LinkStatsCollector] Auto-registering unknown link: Switch: c_1_0->Switch: a_3_1
[00:25:55.801] [t=    5.00] [WARN ] [LinkStatsCollector] Auto-registering unknown link: Switch: e_2_1->Switch: a_2_1
[00:25:55.801] [t=    5.00] [WARN ] [LinkStatsCollector] Auto-registering unknown link: Switch: a_2_1->Switch: e_2_1
[00:25:55.801] [t=    5.00] [WARN ] [LinkStatsCollector] Auto-registering unknown link: h_3_1_0->Switch: e_3_1
[00:25:55.801] [t=    5.00] [WARN ] [LinkStatsCollector] Auto-registering unknown link: Switch: e_3_1->h_3_1_0
[00:25:55.801] [t=    5.00] [WARN ] [LinkStatsCollector] Auto-registering unknown link: Switch: e_3_1->Switch: a_3_0
[00:25:55.801] [t=    5.00] [WARN ] [LinkStatsCollector] Auto-registering unknown link: Switch: a_3_0->Switch: e_3_1
[00:25:55.801] [t=    5.00] [WARN ] [LinkStatsCollector] Auto-registering unknown link: Switch: e_1_0->Switch: a_1_1
[00:25:55.801] [t=    5.00] [WARN ] [LinkStatsCollector] Auto-registering unknown link: Switch: a_1_1->Switch: e_1_0
[00:25:55.801] [t=    5.00] [WARN ] [LinkStatsCollector] Auto-registering unknown link: Switch: e_3_0->Switch: a_3_0
[00:25:55.801] [t=    5.00] [WARN ] [LinkStatsCollector] Auto-registering unknown link: Switch: a_3_0->Switch: e_3_0
[00:25:55.801] [t=    5.00] [WARN ] [LinkStatsCollector] Auto-registering unknown link: Switch: a_3_0->Switch: c_0_1
[00:25:55.803] [t=    5.00] [WARN ] [LinkStatsCollector] Auto-registering unknown link: Switch: c_0_1->Switch: a_3_0
[00:25:55.803] [t=    5.00] [WARN ] [LinkStatsCollector] Auto-registering unknown link: Switch: a_0_1->Switch: c_1_0
[00:25:55.803] [t=    5.00] [WARN ] [LinkStatsCollector] Auto-registering unknown link: Switch: c_1_0->Switch: a_0_1
[00:25:55.803] [t=    5.00] [WARN ] [LinkStatsCollector] Auto-registering unknown link: h_1_0_0->Switch: e_1_0
[00:25:55.803] [t=    5.00] [WARN ] [LinkStatsCollector] Auto-registering unknown link: Switch: e_1_0->h_1_0_0
[00:25:55.803] [t=    5.00] [WARN ] [LinkStatsCollector] Auto-registering unknown link: Switch: e_0_0->Switch: a_0_0
[00:25:55.803] [t=    5.00] [WARN ] [LinkStatsCollector] Auto-registering unknown link: Switch: a_0_0->Switch: e_0_0
[00:25:55.803] [t=    5.00] [WARN ] [LinkStatsCollector] Auto-registering unknown link: Switch: a_1_0->Switch: c_0_1
[00:25:55.803] [t=    5.00] [WARN ] [LinkStatsCollector] Auto-registering unknown link: Switch: c_0_1->Switch: a_1_0
[00:25:55.804] [t=    5.00] [WARN ] [LinkStatsCollector] Auto-registering unknown link: Switch: a_1_0->Switch: c_0_0
[00:25:55.806] [t=    5.00] [WARN ] [LinkStatsCollector] Auto-registering unknown link: Switch: c_0_0->Switch: a_1_0
[00:25:55.807] [t=    5.00] [WARN ] [LinkStatsCollector] Auto-registering unknown link: h_0_1_1->Switch: e_0_1
[00:25:55.807] [t=    5.00] [WARN ] [LinkStatsCollector] Auto-registering unknown link: Switch: e_0_1->h_0_1_1
[00:25:55.807] [t=    5.00] [WARN ] [LinkStatsCollector] Auto-registering unknown link: Switch: e_3_0->Switch: a_3_1
[00:25:55.807] [t=    5.00] [WARN ] [LinkStatsCollector] Auto-registering unknown link: Switch: a_3_1->Switch: e_3_0
[00:25:55.808] [t=    5.00] [WARN ] [LinkStatsCollector] Auto-registering unknown link: Switch: e_1_1->Switch: a_1_1
[00:25:55.808] [t=    5.00] [WARN ] [LinkStatsCollector] Auto-registering unknown link: Switch: a_1_1->Switch: e_1_1
[00:25:55.808] [t=    5.00] [WARN ] [LinkStatsCollector] Auto-registering unknown link: Switch: e_3_1->Switch: a_3_1
[00:25:55.809] [t=    5.00] [WARN ] [LinkStatsCollector] Auto-registering unknown link: Switch: a_3_1->Switch: e_3_1
[00:25:55.810] [t=    5.00] [WARN ] [LinkStatsCollector] Auto-registering unknown link: Switch: e_2_1->Switch: a_2_0
[00:25:55.810] [t=    5.00] [WARN ] [LinkStatsCollector] Auto-registering unknown link: Switch: a_2_0->Switch: e_2_1
[00:25:55.810] [t=    5.00] [WARN ] [LinkStatsCollector] Auto-registering unknown link: Switch: e_2_0->Switch: a_2_1
[00:25:55.810] [t=    5.00] [WARN ] [LinkStatsCollector] Auto-registering unknown link: Switch: a_2_1->Switch: e_2_0
[00:25:55.810] [t=    5.00] [WARN ] [LinkStatsCollector] Auto-registering unknown link: h_3_0_0->Switch: e_3_0
[00:25:55.811] [t=    5.00] [WARN ] [LinkStatsCollector] Auto-registering unknown link: Switch: e_3_0->h_3_0_0
[00:25:55.811] [t=    5.00] [WARN ] [LinkStatsCollector] Auto-registering unknown link: Switch: a_2_1->Switch: c_1_0
[00:25:55.811] [t=    5.00] [WARN ] [LinkStatsCollector] Auto-registering unknown link: Switch: c_1_0->Switch: a_2_1
[00:25:55.811] [t=    5.00] [WARN ] [LinkStatsCollector] Auto-registering unknown link: h_0_0_0->Switch: e_0_0
[00:25:55.811] [t=    5.00] [WARN ] [LinkStatsCollector] Auto-registering unknown link: Switch: e_0_0->h_0_0_0
[00:25:55.811] [t=    5.00] [WARN ] [LinkStatsCollector] Auto-registering unknown link: Switch: a_3_0->Switch: c_0_0
[00:25:55.812] [t=    5.00] [WARN ] [LinkStatsCollector] Auto-registering unknown link: Switch: c_0_0->Switch: a_3_0
[00:25:55.812] [t=    5.00] [WARN ] [LinkStatsCollector] Auto-registering unknown link: Switch: a_2_0->Switch: c_0_1
[00:25:55.812] [t=    5.00] [WARN ] [LinkStatsCollector] Auto-registering unknown link: Switch: c_0_1->Switch: a_2_0
[00:25:55.812] [t=    5.00] [WARN ] [LinkStatsCollector] Auto-registering unknown link: Switch: e_0_1->Switch: a_0_1
[00:25:55.812] [t=    5.00] [WARN ] [LinkStatsCollector] Auto-registering unknown link: Switch: a_0_1->Switch: e_0_1
[00:25:55.812] [t=    5.00] [WARN ] [LinkStatsCollector] Auto-registering unknown link: Switch: e_0_1->Switch: a_0_0
[00:25:55.812] [t=    5.00] [WARN ] [LinkStatsCollector] Auto-registering unknown link: Switch: a_0_0->Switch: e_0_1
[00:25:55.812] [t=    5.00] [WARN ] [LinkStatsCollector] Auto-registering unknown link: Switch: e_1_1->Switch: a_1_0
[00:25:55.813] [t=    5.00] [WARN ] [LinkStatsCollector] Auto-registering unknown link: Switch: a_1_0->Switch: e_1_1
[00:25:55.813] [t=    5.00] [WARN ] [LinkStatsCollector] Auto-registering unknown link: h_3_1_1->Switch: e_3_1
[00:25:55.813] [t=    5.00] [WARN ] [LinkStatsCollector] Auto-registering unknown link: Switch: e_3_1->h_3_1_1
[00:25:55.813] [t=    5.00] [WARN ] [LinkStatsCollector] Auto-registering unknown link: h_2_0_0->Switch: e_2_0
[00:25:55.813] [t=    5.00] [WARN ] [LinkStatsCollector] Auto-registering unknown link: Switch: e_2_0->h_2_0_0
[00:25:55.813] [t=    5.00] [WARN ] [LinkStatsCollector] Auto-registering unknown link: h_0_1_0->Switch: e_0_1
[00:25:55.813] [t=    5.00] [WARN ] [LinkStatsCollector] Auto-registering unknown link: Switch: e_0_1->h_0_1_0
[00:25:55.813] [t=    5.00] [WARN ] [LinkStatsCollector] Auto-registering unknown link: h_1_1_1->Switch: e_1_1
[00:25:55.814] [t=    5.00] [WARN ] [LinkStatsCollector] Auto-registering unknown link: Switch: e_1_1->h_1_1_1
[00:25:55.814] [t=    5.00] [WARN ] [LinkStatsCollector] Auto-registering unknown link: Switch: e_2_0->Switch: a_2_0
[00:25:55.814] [t=    5.00] [WARN ] [LinkStatsCollector] Auto-registering unknown link: Switch: a_2_0->Switch: e_2_0
[00:25:55.814] [t=    5.00] [WARN ] [LinkStatsCollector] Auto-registering unknown link: Switch: a_0_1->Switch: c_1_1
[00:25:55.814] [t=    5.00] [WARN ] [LinkStatsCollector] Auto-registering unknown link: Switch: c_1_1->Switch: a_0_1
[00:25:55.814] [t=    5.00] [WARN ] [LinkStatsCollector] Auto-registering unknown link: Switch: a_2_0->Switch: c_0_0
[00:25:55.815] [t=    5.00] [WARN ] [LinkStatsCollector] Auto-registering unknown link: Switch: c_0_0->Switch: a_2_0
[00:25:55.864] [t=    0.00] [INFO ] [TrainingRunner ] Simulation complete: 25.00 sim seconds, 421 ms wall clock
[00:25:55.865] [t=    0.00] [INFO ] [TrainingRunner ] Exporting results...
[00:25:55.868] [t=    0.00] [INFO ] [LatencyCollector] Exported episode summary to training_run1_fattree_0022_1272025\episodes\ep_0076/episode_summary.json
[00:25:55.876] [t=    0.00] [INFO ] [LatencyCollector] Exported flow summary to training_run1_fattree_0022_1272025\episodes\ep_0076/flow_summary.csv
[00:25:55.885] [t=    0.00] [INFO ] [LinkStatsCollector] Exported 96 link stats to training_run1_fattree_0022_1272025\episodes\ep_0076/link_stats.csv
[00:25:55.885] [t=    0.00] [INFO ] [SECTION        ] ======================================================================
[00:25:55.886] [t=    0.00] [INFO ] [SECTION        ]   LATENCY STATISTICS SUMMARY
[00:25:55.886] [t=    0.00] [INFO ] [SECTION        ] ======================================================================
[00:25:55.886] [t=    0.00] [INFO ] [LatencyCollector] === Global Statistics ===
[00:25:55.886] [t=    0.00] [INFO ] [LatencyCollector]   Total packets: 60
[00:25:55.886] [t=    0.00] [INFO ] [LatencyCollector]   Failed packets: 0
[00:25:55.886] [t=    0.00] [INFO ] [LatencyCollector]   Avg queuing delay: 0.043376 s
[00:25:55.886] [t=    0.00] [INFO ] [LatencyCollector]   Max queuing delay: 0.088975 s
[00:25:55.886] [t=    0.00] [INFO ] [LatencyCollector] === Critical vs Background ===
[00:25:55.886] [t=    0.00] [INFO ] [LatencyCollector]   Critical flows: 6 packets, avg queuing = 0.032310 s
[00:25:55.886] [t=    0.00] [INFO ] [LatencyCollector]   Background flows: 54 packets, avg queuing = 0.044606 s
[00:25:55.887] [t=    0.00] [INFO ] [LinkStatsCollector] ========== Link Statistics Summary ==========
[00:25:55.887] [t=    0.00] [INFO ] [LinkStatsCollector] Total links tracked: 96
[00:25:55.888] [t=    0.00] [INFO ] [LinkStatsCollector] Episode duration: 20.00s
[00:25:55.888] [t=    0.00] [INFO ] [LinkStatsCollector] Bottleneck link: h_2_0_1->Switch: e_2_0 (max_util=0.01%)
[00:25:55.888] [t=    0.00] [INFO ] [LinkStatsCollector] Links that exceeded 90.0% utilization: 0
[00:25:55.888] [t=    0.00] [INFO ] [LinkStatsCollector] Total congestion events: 0
[00:25:55.888] [t=    0.00] [INFO ] [LinkStatsCollector] Top 5 most utilized links:
[00:25:55.894] [t=    0.00] [INFO ] [LinkStatsCollector]   h_2_0_1->Switch: e_2_0: avg=0.00%, max=0.01%, events=0
[00:25:55.894] [t=    0.00] [INFO ] [LinkStatsCollector]   h_0_1_0->Switch: e_0_1: avg=0.01%, max=0.01%, events=0
[00:25:55.894] [t=    0.00] [INFO ] [LinkStatsCollector]   h_3_1_0->Switch: e_3_1: avg=0.00%, max=0.01%, events=0
[00:25:55.895] [t=    0.00] [INFO ] [LinkStatsCollector]   Switch: a_0_1->Switch: e_0_0: avg=0.00%, max=0.01%, events=0
[00:25:55.895] [t=    0.00] [INFO ] [LinkStatsCollector]   Switch: c_0_0->Switch: a_3_0: avg=0.00%, max=0.01%, events=0
[00:25:55.895] [t=    0.00] [INFO ] [TrainingRunner ] === EPISODE COMPLETE ===
[00:25:55.895] [t=    0.00] [INFO ] [TrainingRunner ] Output files:
[00:25:55.895] [t=    0.00] [INFO ] [TrainingRunner ]   training_run1_fattree_0022_1272025\episodes\ep_0076/episode_summary.json
[00:25:55.895] [t=    0.00] [INFO ] [TrainingRunner ]   training_run1_fattree_0022_1272025\episodes\ep_0076/flow_summary.csv
[00:25:55.895] [t=    0.00] [INFO ] [TrainingRunner ]   training_run1_fattree_0022_1272025\episodes\ep_0076/link_stats.csv
[00:25:55.895] [t=    0.00] [INFO ] [TrainingRunner ]   training_run1_fattree_0022_1272025\episodes\ep_0076/latency_results.csv

================================================================================
LOG ENDED: 2025-12-07 00:25:55
================================================================================
