================================================================================
CFR-RL DEBUG LOG
Started: 2025-12-04 23:51:23
Log file: C:\Users\saifk\CS370\Code\round2\cloudsimsdn\debug_outputs\exp2_orig_random_critical\episode.log
================================================================================

Format: [WallClock] [SimTime] [Level] [Component] Message

[23:51:23.244] [t=    0.00] [INFO ] [TrainingRunner ] === EPISODE START ===
[23:51:23.251] [t=    0.00] [INFO ] [TrainingRunner ] Workload: dataset-abilene/abilene-workload.csv
[23:51:23.251] [t=    0.00] [INFO ] [TrainingRunner ] Critical flows: debug_random_critical.txt
[23:51:23.251] [t=    0.00] [INFO ] [TrainingRunner ] Output dir: debug_outputs/exp2_orig_random_critical/
[23:51:23.251] [t=    0.00] [INFO ] [TrainingRunner ] Loaded 8 critical flows: [17, 50, 130, 83, 85, 74, 106, 12]
[23:51:23.251] [t=    0.00] [INFO ] [LatencyCollector] Initialized
[23:51:23.256] [t=    0.00] [INFO ] [LatencyCollector] Reset for new simulation
[23:51:23.258] [t=    0.00] [INFO ] [LinkStatsCollector] Reset for new episode
[23:51:23.258] [t=    0.00] [INFO ] [LatencyCollector] CSV export initialized: debug_outputs/exp2_orig_random_critical/latency_results.csv
[23:51:23.258] [t=    0.00] [INFO ] [LatencyCollector] Critical flows updated: 8 flows
[23:51:23.369] [t=    0.00] [INFO ] [TrainingRunner ] Physical topology loaded: 12 hosts
[23:51:23.375] [t=    0.00] [INFO ] [LinkPolicy     ] Created with K=8
[23:51:23.375] [t=    0.00] [INFO ] [LinkPolicy     ] Verbose logging: false
[23:51:23.375] [t=    0.00] [INFO ] [LinkPolicy     ] Updated critical flows: 8 total (added: [17, 50, 130, 83, 85, 74, 106, 12], removed: [])
[23:51:23.375] [t=    0.00] [INFO ] [TrainingRunner ] Critical flows set on policy
[23:51:23.386] [t=    0.00] [INFO ] [TrainingRunner ] Virtual topology deployed
[23:51:23.386] [t=    0.00] [INFO ] [TrainingRunner ] Submitting workload: dataset-abilene/abilene-workload.csv
[23:51:23.388] [t=    0.00] [INFO ] [TrainingRunner ] Starting simulation...
[23:51:23.489] [t=    5.00] [WARN ] [LinkStatsCollector] Auto-registering unknown link: Switch: Washington->Switch: Indianapolis
[23:51:23.500] [t=    5.00] [WARN ] [LinkStatsCollector] Auto-registering unknown link: Switch: Indianapolis->Switch: Washington
[23:51:23.500] [t=    5.00] [WARN ] [LinkStatsCollector] Auto-registering unknown link: Switch: Atlanta->Switch: Houston
[23:51:23.500] [t=    5.00] [WARN ] [LinkStatsCollector] Auto-registering unknown link: Switch: Houston->Switch: Atlanta
[23:51:23.500] [t=    5.00] [WARN ] [LinkStatsCollector] Auto-registering unknown link: Switch: Indianapolis->Switch: Chicago
[23:51:23.502] [t=    5.00] [WARN ] [LinkStatsCollector] Auto-registering unknown link: Switch: Chicago->Switch: Indianapolis
[23:51:23.502] [t=    5.00] [WARN ] [LinkStatsCollector] Auto-registering unknown link: Switch: Jacksonville->Switch: Houston
[23:51:23.502] [t=    5.00] [WARN ] [LinkStatsCollector] Auto-registering unknown link: Switch: Houston->Switch: Jacksonville
[23:51:23.502] [t=    5.00] [WARN ] [LinkStatsCollector] Auto-registering unknown link: host_Sunnyvale->Switch: Sunnyvale
[23:51:23.502] [t=    5.00] [WARN ] [LinkStatsCollector] Auto-registering unknown link: Switch: Sunnyvale->host_Sunnyvale
[23:51:23.502] [t=    5.00] [WARN ] [LinkStatsCollector] Auto-registering unknown link: Switch: Jacksonville->Switch: Atlanta
[23:51:23.502] [t=    5.00] [WARN ] [LinkStatsCollector] Auto-registering unknown link: Switch: Atlanta->Switch: Jacksonville
[23:51:23.502] [t=    5.00] [WARN ] [LinkStatsCollector] Auto-registering unknown link: Switch: KansasCity->Switch: Denver
[23:51:23.502] [t=    5.00] [WARN ] [LinkStatsCollector] Auto-registering unknown link: Switch: Denver->Switch: KansasCity
[23:51:23.502] [t=    5.00] [WARN ] [LinkStatsCollector] Auto-registering unknown link: Switch: Washington->Switch: Atlanta
[23:51:23.502] [t=    5.00] [WARN ] [LinkStatsCollector] Auto-registering unknown link: Switch: Atlanta->Switch: Washington
[23:51:23.502] [t=    5.00] [WARN ] [LinkStatsCollector] Auto-registering unknown link: host_Washington->Switch: Washington
[23:51:23.502] [t=    5.00] [WARN ] [LinkStatsCollector] Auto-registering unknown link: Switch: Washington->host_Washington
[23:51:23.504] [t=    5.00] [WARN ] [LinkStatsCollector] Auto-registering unknown link: Switch: LosAngeles->Switch: Sunnyvale
[23:51:23.504] [t=    5.00] [WARN ] [LinkStatsCollector] Auto-registering unknown link: Switch: Sunnyvale->Switch: LosAngeles
[23:51:23.504] [t=    5.00] [WARN ] [LinkStatsCollector] Auto-registering unknown link: Switch: Houston->Switch: KansasCity
[23:51:23.504] [t=    5.00] [WARN ] [LinkStatsCollector] Auto-registering unknown link: Switch: KansasCity->Switch: Houston
[23:51:23.504] [t=    5.00] [WARN ] [LinkStatsCollector] Auto-registering unknown link: Switch: Indianapolis->Switch: KansasCity
[23:51:23.504] [t=    5.00] [WARN ] [LinkStatsCollector] Auto-registering unknown link: Switch: KansasCity->Switch: Indianapolis
[23:51:23.504] [t=    5.00] [WARN ] [LinkStatsCollector] Auto-registering unknown link: host_Indianapolis->Switch: Indianapolis
[23:51:23.504] [t=    5.00] [WARN ] [LinkStatsCollector] Auto-registering unknown link: Switch: Indianapolis->host_Indianapolis
[23:51:23.504] [t=    5.00] [WARN ] [LinkStatsCollector] Auto-registering unknown link: Switch: Houston->Switch: LosAngeles
[23:51:23.504] [t=    5.00] [WARN ] [LinkStatsCollector] Auto-registering unknown link: Switch: LosAngeles->Switch: Houston
[23:51:23.504] [t=    5.00] [WARN ] [LinkStatsCollector] Auto-registering unknown link: Switch: Chicago->Switch: KansasCity
[23:51:23.504] [t=    5.00] [WARN ] [LinkStatsCollector] Auto-registering unknown link: Switch: KansasCity->Switch: Chicago
[23:51:23.504] [t=    5.00] [WARN ] [LinkStatsCollector] Auto-registering unknown link: host_KansasCity->Switch: KansasCity
[23:51:23.504] [t=    5.00] [WARN ] [LinkStatsCollector] Auto-registering unknown link: Switch: KansasCity->host_KansasCity
[23:51:23.506] [t=    5.00] [WARN ] [LinkStatsCollector] Auto-registering unknown link: host_Chicago->Switch: Chicago
[23:51:23.506] [t=    5.00] [WARN ] [LinkStatsCollector] Auto-registering unknown link: Switch: Chicago->host_Chicago
[23:51:23.506] [t=    5.00] [WARN ] [LinkStatsCollector] Auto-registering unknown link: host_Seattle->Switch: Seattle
[23:51:23.506] [t=    5.00] [WARN ] [LinkStatsCollector] Auto-registering unknown link: Switch: Seattle->host_Seattle
[23:51:23.506] [t=    5.00] [WARN ] [LinkStatsCollector] Auto-registering unknown link: host_Atlanta->Switch: Atlanta
[23:51:23.506] [t=    5.00] [WARN ] [LinkStatsCollector] Auto-registering unknown link: Switch: Atlanta->host_Atlanta
[23:51:23.506] [t=    5.00] [WARN ] [LinkStatsCollector] Auto-registering unknown link: host_Houston->Switch: Houston
[23:51:23.506] [t=    5.00] [WARN ] [LinkStatsCollector] Auto-registering unknown link: Switch: Houston->host_Houston
[23:51:23.506] [t=    5.00] [WARN ] [LinkStatsCollector] Auto-registering unknown link: Switch: NewYork->Switch: Washington
[23:51:23.506] [t=    5.00] [WARN ] [LinkStatsCollector] Auto-registering unknown link: Switch: Washington->Switch: NewYork
[23:51:23.506] [t=    5.00] [WARN ] [LinkStatsCollector] Auto-registering unknown link: Switch: Denver->Switch: Sunnyvale
[23:51:23.506] [t=    5.00] [WARN ] [LinkStatsCollector] Auto-registering unknown link: Switch: Sunnyvale->Switch: Denver
[23:51:23.506] [t=    5.00] [WARN ] [LinkStatsCollector] Auto-registering unknown link: host_Jacksonville->Switch: Jacksonville
[23:51:23.506] [t=    5.00] [WARN ] [LinkStatsCollector] Auto-registering unknown link: Switch: Jacksonville->host_Jacksonville
[23:51:23.506] [t=    5.00] [WARN ] [LinkStatsCollector] Auto-registering unknown link: host_Denver->Switch: Denver
[23:51:23.506] [t=    5.00] [WARN ] [LinkStatsCollector] Auto-registering unknown link: Switch: Denver->host_Denver
[23:51:23.506] [t=    5.00] [WARN ] [LinkStatsCollector] Auto-registering unknown link: Switch: Atlanta->Switch: Indianapolis
[23:51:23.508] [t=    5.00] [WARN ] [LinkStatsCollector] Auto-registering unknown link: Switch: Indianapolis->Switch: Atlanta
[23:51:23.508] [t=    5.00] [WARN ] [LinkStatsCollector] Auto-registering unknown link: Switch: Denver->Switch: Seattle
[23:51:23.508] [t=    5.00] [WARN ] [LinkStatsCollector] Auto-registering unknown link: Switch: Seattle->Switch: Denver
[23:51:23.508] [t=    5.00] [WARN ] [LinkStatsCollector] Auto-registering unknown link: Switch: NewYork->Switch: Chicago
[23:51:23.508] [t=    5.00] [WARN ] [LinkStatsCollector] Auto-registering unknown link: Switch: Chicago->Switch: NewYork
[23:51:23.508] [t=    5.00] [WARN ] [LinkStatsCollector] Auto-registering unknown link: Switch: Sunnyvale->Switch: Seattle
[23:51:23.508] [t=    5.00] [WARN ] [LinkStatsCollector] Auto-registering unknown link: Switch: Seattle->Switch: Sunnyvale
[23:51:23.508] [t=    5.00] [WARN ] [LinkStatsCollector] Auto-registering unknown link: host_NewYork->Switch: NewYork
[23:51:23.508] [t=    5.00] [WARN ] [LinkStatsCollector] Auto-registering unknown link: Switch: NewYork->host_NewYork
[23:51:23.508] [t=    5.00] [WARN ] [LinkStatsCollector] Auto-registering unknown link: host_LosAngeles->Switch: LosAngeles
[23:51:23.508] [t=    5.00] [WARN ] [LinkStatsCollector] Auto-registering unknown link: Switch: LosAngeles->host_LosAngeles
[23:51:23.578] [t=    0.00] [INFO ] [TrainingRunner ] Simulation complete: 30.00 sim seconds, 338 ms wall clock
[23:51:23.578] [t=    0.00] [INFO ] [TrainingRunner ] Exporting results...
[23:51:23.582] [t=    0.00] [INFO ] [LatencyCollector] Exported episode summary to debug_outputs/exp2_orig_random_critical/episode_summary.json
[23:51:23.586] [t=    0.00] [INFO ] [LatencyCollector] Exported flow summary to debug_outputs/exp2_orig_random_critical/flow_summary.csv
[23:51:23.590] [t=    0.00] [INFO ] [LinkStatsCollector] Exported 60 link stats to debug_outputs/exp2_orig_random_critical/link_stats.csv
[23:51:23.590] [t=    0.00] [INFO ] [SECTION        ] ======================================================================
[23:51:23.590] [t=    0.00] [INFO ] [SECTION        ]   LATENCY STATISTICS SUMMARY
[23:51:23.590] [t=    0.00] [INFO ] [SECTION        ] ======================================================================
[23:51:23.590] [t=    0.00] [INFO ] [LatencyCollector] === Global Statistics ===
[23:51:23.590] [t=    0.00] [INFO ] [LatencyCollector]   Total packets: 51
[23:51:23.590] [t=    0.00] [INFO ] [LatencyCollector]   Failed packets: 0
[23:51:23.592] [t=    0.00] [INFO ] [LatencyCollector]   Avg queuing delay: 0.012811 s
[23:51:23.592] [t=    0.00] [INFO ] [LatencyCollector]   Max queuing delay: 0.086928 s
[23:51:23.592] [t=    0.00] [INFO ] [LatencyCollector] === Critical vs Background ===
[23:51:23.592] [t=    0.00] [INFO ] [LatencyCollector]   Critical flows: 8 packets, avg queuing = 0.010593 s
[23:51:23.592] [t=    0.00] [INFO ] [LatencyCollector]   Background flows: 43 packets, avg queuing = 0.013224 s
[23:51:23.592] [t=    0.00] [INFO ] [LinkStatsCollector] ========== Link Statistics Summary ==========
[23:51:23.595] [t=    0.00] [INFO ] [LinkStatsCollector] Total links tracked: 60
[23:51:23.595] [t=    0.00] [INFO ] [LinkStatsCollector] Episode duration: 25.00s
[23:51:23.595] [t=    0.00] [INFO ] [LinkStatsCollector] Bottleneck link: Switch: Houston->Switch: Atlanta (max_util=23.80%)
[23:51:23.596] [t=    0.00] [INFO ] [LinkStatsCollector] Links that exceeded 90.0% utilization: 0
[23:51:23.596] [t=    0.00] [INFO ] [LinkStatsCollector] Total congestion events: 0
[23:51:23.596] [t=    0.00] [INFO ] [LinkStatsCollector] Top 5 most utilized links:
[23:51:23.604] [t=    0.00] [INFO ] [LinkStatsCollector]   Switch: Houston->Switch: Atlanta: avg=5.39%, max=23.80%, events=0
[23:51:23.604] [t=    0.00] [INFO ] [LinkStatsCollector]   Switch: Denver->Switch: KansasCity: avg=5.14%, max=20.20%, events=0
[23:51:23.604] [t=    0.00] [INFO ] [LinkStatsCollector]   Switch: Atlanta->host_Atlanta: avg=3.25%, max=14.66%, events=0
[23:51:23.604] [t=    0.00] [INFO ] [LinkStatsCollector]   Switch: KansasCity->Switch: Houston: avg=3.16%, max=14.17%, events=0
[23:51:23.604] [t=    0.00] [INFO ] [LinkStatsCollector]   host_Seattle->Switch: Seattle: avg=3.00%, max=13.16%, events=0
[23:51:23.604] [t=    0.00] [INFO ] [TrainingRunner ] === EPISODE COMPLETE ===
[23:51:23.604] [t=    0.00] [INFO ] [TrainingRunner ] Output files:
[23:51:23.604] [t=    0.00] [INFO ] [TrainingRunner ]   debug_outputs/exp2_orig_random_critical/episode_summary.json
[23:51:23.604] [t=    0.00] [INFO ] [TrainingRunner ]   debug_outputs/exp2_orig_random_critical/flow_summary.csv
[23:51:23.604] [t=    0.00] [INFO ] [TrainingRunner ]   debug_outputs/exp2_orig_random_critical/link_stats.csv
[23:51:23.604] [t=    0.00] [INFO ] [TrainingRunner ]   debug_outputs/exp2_orig_random_critical/latency_results.csv

================================================================================
LOG ENDED: 2025-12-04 23:51:23
================================================================================
