================================================================================
CFR-RL DEBUG LOG
Started: 2025-12-05 01:04:27
Log file: C:\Users\saifk\CS370\Code\round2\cloudsimsdn\training_0058_1252025_easy200\episodes\ep_0100\episode.log
================================================================================

Format: [WallClock] [SimTime] [Level] [Component] Message

[01:04:27.975] [t=    0.00] [INFO ] [TrainingRunner ] === EPISODE START ===
[01:04:27.983] [t=    0.00] [INFO ] [TrainingRunner ] Workload: training_0058_1252025_easy200\episodes\ep_0100\workload.csv
[01:04:27.983] [t=    0.00] [INFO ] [TrainingRunner ] Critical flows: training_0058_1252025_easy200\episodes\ep_0100\critical_flows.txt
[01:04:27.983] [t=    0.00] [INFO ] [TrainingRunner ] Output dir: training_0058_1252025_easy200\episodes\ep_0100/
[01:04:27.983] [t=    0.00] [INFO ] [TrainingRunner ] Loaded 8 critical flows: [16, 32, 35, 116, 5, 40, 12, 78]
[01:04:27.987] [t=    0.00] [INFO ] [LatencyCollector] Initialized
[01:04:27.991] [t=    0.00] [INFO ] [LatencyCollector] Reset for new simulation
[01:04:27.991] [t=    0.00] [INFO ] [LinkStatsCollector] Reset for new episode
[01:04:27.993] [t=    0.00] [INFO ] [LatencyCollector] CSV export initialized: training_0058_1252025_easy200\episodes\ep_0100/latency_results.csv
[01:04:27.993] [t=    0.00] [INFO ] [LatencyCollector] Critical flows updated: 8 flows
[01:04:28.151] [t=    0.00] [INFO ] [TrainingRunner ] Physical topology loaded: 12 hosts
[01:04:28.151] [t=    0.00] [INFO ] [LinkPolicy     ] Created with K=8
[01:04:28.151] [t=    0.00] [INFO ] [LinkPolicy     ] Verbose logging: false
[01:04:28.151] [t=    0.00] [INFO ] [LinkPolicy     ] Updated critical flows: 8 total (added: [16, 32, 35, 116, 5, 40, 12, 78], removed: [])
[01:04:28.151] [t=    0.00] [INFO ] [TrainingRunner ] Critical flows set on policy
[01:04:28.173] [t=    0.00] [INFO ] [TrainingRunner ] Virtual topology deployed
[01:04:28.173] [t=    0.00] [INFO ] [TrainingRunner ] Submitting workload: training_0058_1252025_easy200\episodes\ep_0100\workload.csv
[01:04:28.173] [t=    0.00] [INFO ] [TrainingRunner ] Starting simulation...
[01:04:28.325] [t=    5.00] [WARN ] [LinkStatsCollector] Auto-registering unknown link: host_KansasCity->Switch: KansasCity
[01:04:28.328] [t=    5.00] [WARN ] [LinkStatsCollector] Auto-registering unknown link: Switch: KansasCity->host_KansasCity
[01:04:28.328] [t=    5.00] [WARN ] [LinkStatsCollector] Auto-registering unknown link: Switch: Denver->Switch: Sunnyvale
[01:04:28.328] [t=    5.00] [WARN ] [LinkStatsCollector] Auto-registering unknown link: Switch: Sunnyvale->Switch: Denver
[01:04:28.328] [t=    5.00] [WARN ] [LinkStatsCollector] Auto-registering unknown link: Switch: KansasCity->Switch: Denver
[01:04:28.331] [t=    5.00] [WARN ] [LinkStatsCollector] Auto-registering unknown link: Switch: Denver->Switch: KansasCity
[01:04:28.331] [t=    5.00] [WARN ] [LinkStatsCollector] Auto-registering unknown link: Switch: Jacksonville->Switch: Houston
[01:04:28.331] [t=    5.00] [WARN ] [LinkStatsCollector] Auto-registering unknown link: Switch: Houston->Switch: Jacksonville
[01:04:28.331] [t=    5.00] [WARN ] [LinkStatsCollector] Auto-registering unknown link: host_Houston->Switch: Houston
[01:04:28.331] [t=    5.00] [WARN ] [LinkStatsCollector] Auto-registering unknown link: Switch: Houston->host_Houston
[01:04:28.333] [t=    5.00] [WARN ] [LinkStatsCollector] Auto-registering unknown link: Switch: Houston->Switch: LosAngeles
[01:04:28.333] [t=    5.00] [WARN ] [LinkStatsCollector] Auto-registering unknown link: Switch: LosAngeles->Switch: Houston
[01:04:28.333] [t=    5.00] [WARN ] [LinkStatsCollector] Auto-registering unknown link: Switch: Washington->Switch: Atlanta
[01:04:28.333] [t=    5.00] [WARN ] [LinkStatsCollector] Auto-registering unknown link: Switch: Atlanta->Switch: Washington
[01:04:28.333] [t=    5.00] [WARN ] [LinkStatsCollector] Auto-registering unknown link: Switch: Indianapolis->Switch: Chicago
[01:04:28.333] [t=    5.00] [WARN ] [LinkStatsCollector] Auto-registering unknown link: Switch: Chicago->Switch: Indianapolis
[01:04:28.333] [t=    5.00] [WARN ] [LinkStatsCollector] Auto-registering unknown link: Switch: Indianapolis->Switch: KansasCity
[01:04:28.333] [t=    5.00] [WARN ] [LinkStatsCollector] Auto-registering unknown link: Switch: KansasCity->Switch: Indianapolis
[01:04:28.335] [t=    5.00] [WARN ] [LinkStatsCollector] Auto-registering unknown link: host_NewYork->Switch: NewYork
[01:04:28.335] [t=    5.00] [WARN ] [LinkStatsCollector] Auto-registering unknown link: Switch: NewYork->host_NewYork
[01:04:28.336] [t=    5.00] [WARN ] [LinkStatsCollector] Auto-registering unknown link: Switch: LosAngeles->Switch: Sunnyvale
[01:04:28.336] [t=    5.00] [WARN ] [LinkStatsCollector] Auto-registering unknown link: Switch: Sunnyvale->Switch: LosAngeles
[01:04:28.336] [t=    5.00] [WARN ] [LinkStatsCollector] Auto-registering unknown link: host_Jacksonville->Switch: Jacksonville
[01:04:28.336] [t=    5.00] [WARN ] [LinkStatsCollector] Auto-registering unknown link: Switch: Jacksonville->host_Jacksonville
[01:04:28.337] [t=    5.00] [WARN ] [LinkStatsCollector] Auto-registering unknown link: Switch: NewYork->Switch: Chicago
[01:04:28.337] [t=    5.00] [WARN ] [LinkStatsCollector] Auto-registering unknown link: Switch: Chicago->Switch: NewYork
[01:04:28.337] [t=    5.00] [WARN ] [LinkStatsCollector] Auto-registering unknown link: Switch: Chicago->Switch: KansasCity
[01:04:28.337] [t=    5.00] [WARN ] [LinkStatsCollector] Auto-registering unknown link: Switch: KansasCity->Switch: Chicago
[01:04:28.338] [t=    5.00] [WARN ] [LinkStatsCollector] Auto-registering unknown link: Switch: Atlanta->Switch: Houston
[01:04:28.338] [t=    5.00] [WARN ] [LinkStatsCollector] Auto-registering unknown link: Switch: Houston->Switch: Atlanta
[01:04:28.338] [t=    5.00] [WARN ] [LinkStatsCollector] Auto-registering unknown link: host_Chicago->Switch: Chicago
[01:04:28.338] [t=    5.00] [WARN ] [LinkStatsCollector] Auto-registering unknown link: Switch: Chicago->host_Chicago
[01:04:28.339] [t=    5.00] [WARN ] [LinkStatsCollector] Auto-registering unknown link: Switch: Denver->Switch: Seattle
[01:04:28.339] [t=    5.00] [WARN ] [LinkStatsCollector] Auto-registering unknown link: Switch: Seattle->Switch: Denver
[01:04:28.339] [t=    5.00] [WARN ] [LinkStatsCollector] Auto-registering unknown link: host_Sunnyvale->Switch: Sunnyvale
[01:04:28.339] [t=    5.00] [WARN ] [LinkStatsCollector] Auto-registering unknown link: Switch: Sunnyvale->host_Sunnyvale
[01:04:28.339] [t=    5.00] [WARN ] [LinkStatsCollector] Auto-registering unknown link: host_Indianapolis->Switch: Indianapolis
[01:04:28.339] [t=    5.00] [WARN ] [LinkStatsCollector] Auto-registering unknown link: Switch: Indianapolis->host_Indianapolis
[01:04:28.339] [t=    5.00] [WARN ] [LinkStatsCollector] Auto-registering unknown link: host_Atlanta->Switch: Atlanta
[01:04:28.339] [t=    5.00] [WARN ] [LinkStatsCollector] Auto-registering unknown link: Switch: Atlanta->host_Atlanta
[01:04:28.339] [t=    5.00] [WARN ] [LinkStatsCollector] Auto-registering unknown link: Switch: Atlanta->Switch: Indianapolis
[01:04:28.339] [t=    5.00] [WARN ] [LinkStatsCollector] Auto-registering unknown link: Switch: Indianapolis->Switch: Atlanta
[01:04:28.339] [t=    5.00] [WARN ] [LinkStatsCollector] Auto-registering unknown link: Switch: Sunnyvale->Switch: Seattle
[01:04:28.341] [t=    5.00] [WARN ] [LinkStatsCollector] Auto-registering unknown link: Switch: Seattle->Switch: Sunnyvale
[01:04:28.341] [t=    5.00] [WARN ] [LinkStatsCollector] Auto-registering unknown link: Switch: Washington->Switch: Indianapolis
[01:04:28.341] [t=    5.00] [WARN ] [LinkStatsCollector] Auto-registering unknown link: Switch: Indianapolis->Switch: Washington
[01:04:28.341] [t=    5.00] [WARN ] [LinkStatsCollector] Auto-registering unknown link: host_Washington->Switch: Washington
[01:04:28.341] [t=    5.00] [WARN ] [LinkStatsCollector] Auto-registering unknown link: Switch: Washington->host_Washington
[01:04:28.341] [t=    5.00] [WARN ] [LinkStatsCollector] Auto-registering unknown link: Switch: Houston->Switch: KansasCity
[01:04:28.341] [t=    5.00] [WARN ] [LinkStatsCollector] Auto-registering unknown link: Switch: KansasCity->Switch: Houston
[01:04:28.341] [t=    5.00] [WARN ] [LinkStatsCollector] Auto-registering unknown link: host_Denver->Switch: Denver
[01:04:28.341] [t=    5.00] [WARN ] [LinkStatsCollector] Auto-registering unknown link: Switch: Denver->host_Denver
[01:04:28.341] [t=    5.00] [WARN ] [LinkStatsCollector] Auto-registering unknown link: Switch: Jacksonville->Switch: Atlanta
[01:04:28.343] [t=    5.00] [WARN ] [LinkStatsCollector] Auto-registering unknown link: Switch: Atlanta->Switch: Jacksonville
[01:04:28.343] [t=    5.00] [WARN ] [LinkStatsCollector] Auto-registering unknown link: Switch: NewYork->Switch: Washington
[01:04:28.343] [t=    5.00] [WARN ] [LinkStatsCollector] Auto-registering unknown link: Switch: Washington->Switch: NewYork
[01:04:28.343] [t=    5.00] [WARN ] [LinkStatsCollector] Auto-registering unknown link: host_LosAngeles->Switch: LosAngeles
[01:04:28.343] [t=    5.00] [WARN ] [LinkStatsCollector] Auto-registering unknown link: Switch: LosAngeles->host_LosAngeles
[01:04:28.344] [t=    5.00] [WARN ] [LinkStatsCollector] Auto-registering unknown link: host_Seattle->Switch: Seattle
[01:04:28.344] [t=    5.00] [WARN ] [LinkStatsCollector] Auto-registering unknown link: Switch: Seattle->host_Seattle
[01:04:28.371] [t=   10.90] [WARN ] [LatencyCollector] Packet FAILED: flow=30, src=2->dst=9, waited=10.1000s
[01:04:28.373] [t=   11.72] [WARN ] [LatencyCollector] Packet FAILED: flow=123, src=11->dst=2, waited=10.0173s
[01:04:28.377] [t=   12.67] [WARN ] [LatencyCollector] Packet FAILED: flow=62, src=5->dst=8, waited=10.0653s
[01:04:28.379] [t=   13.04] [WARN ] [LatencyCollector] Packet FAILED: flow=74, src=6->dst=9, waited=10.1129s
[01:04:28.384] [t=   14.05] [WARN ] [LatencyCollector] Packet FAILED: flow=22, src=2->dst=0, waited=10.0502s
[01:04:28.393] [t=   15.28] [DEBUG] [LatencyCollector] High queuing: flow=9, queue=0.1000s, serve=0.7965s, path=6 hops
[01:04:28.398] [t=   17.48] [WARN ] [LatencyCollector] Packet FAILED: flow=81, src=7->dst=4, waited=10.0845s
[01:04:28.408] [t=   20.73] [WARN ] [LatencyCollector] Packet FAILED: flow=50, src=4->dst=7, waited=10.3293s
[01:04:28.421] [t=    0.00] [INFO ] [TrainingRunner ] Simulation complete: 35.00 sim seconds, 448 ms wall clock
[01:04:28.421] [t=    0.00] [INFO ] [TrainingRunner ] Exporting results...
[01:04:28.425] [t=    0.00] [INFO ] [LatencyCollector] Exported episode summary to training_0058_1252025_easy200\episodes\ep_0100/episode_summary.json
[01:04:28.432] [t=    0.00] [INFO ] [LatencyCollector] Exported flow summary to training_0058_1252025_easy200\episodes\ep_0100/flow_summary.csv
[01:04:28.436] [t=    0.00] [INFO ] [LinkStatsCollector] Exported 60 link stats to training_0058_1252025_easy200\episodes\ep_0100/link_stats.csv
[01:04:28.436] [t=    0.00] [INFO ] [SECTION        ] ======================================================================
[01:04:28.436] [t=    0.00] [INFO ] [SECTION        ]   LATENCY STATISTICS SUMMARY
[01:04:28.439] [t=    0.00] [INFO ] [SECTION        ] ======================================================================
[01:04:28.439] [t=    0.00] [INFO ] [LatencyCollector] === Global Statistics ===
[01:04:28.439] [t=    0.00] [INFO ] [LatencyCollector]   Total packets: 43
[01:04:28.439] [t=    0.00] [INFO ] [LatencyCollector]   Failed packets: 7
[01:04:28.439] [t=    0.00] [INFO ] [LatencyCollector]   Avg queuing delay: 0.017053 s
[01:04:28.440] [t=    0.00] [INFO ] [LatencyCollector]   Max queuing delay: 0.100000 s
[01:04:28.440] [t=    0.00] [INFO ] [LatencyCollector] === Critical vs Background ===
[01:04:28.440] [t=    0.00] [INFO ] [LatencyCollector]   Critical flows: 3 packets, avg queuing = 0.032626 s
[01:04:28.440] [t=    0.00] [INFO ] [LatencyCollector]   Background flows: 40 packets, avg queuing = 0.015885 s
[01:04:28.440] [t=    0.00] [INFO ] [LinkStatsCollector] ========== Link Statistics Summary ==========
[01:04:28.440] [t=    0.00] [INFO ] [LinkStatsCollector] Total links tracked: 60
[01:04:28.440] [t=    0.00] [INFO ] [LinkStatsCollector] Episode duration: 30.00s
[01:04:28.440] [t=    0.00] [INFO ] [LinkStatsCollector] Bottleneck link: Switch: Houston->Switch: Atlanta (max_util=13.72%)
[01:04:28.441] [t=    0.00] [INFO ] [LinkStatsCollector] Links that exceeded 90.0% utilization: 0
[01:04:28.441] [t=    0.00] [INFO ] [LinkStatsCollector] Total congestion events: 0
[01:04:28.441] [t=    0.00] [INFO ] [LinkStatsCollector] Top 5 most utilized links:
[01:04:28.441] [t=    0.00] [INFO ] [LinkStatsCollector]   Switch: Houston->Switch: Atlanta: avg=3.63%, max=13.72%, events=0
[01:04:28.441] [t=    0.00] [INFO ] [LinkStatsCollector]   Switch: Denver->Switch: KansasCity: avg=4.74%, max=13.07%, events=0
[01:04:28.441] [t=    0.00] [INFO ] [LinkStatsCollector]   host_Sunnyvale->Switch: Sunnyvale: avg=3.26%, max=10.95%, events=0
[01:04:28.441] [t=    0.00] [INFO ] [LinkStatsCollector]   Switch: Sunnyvale->Switch: Denver: avg=3.16%, max=10.95%, events=0
[01:04:28.441] [t=    0.00] [INFO ] [LinkStatsCollector]   Switch: Washington->host_Washington: avg=3.99%, max=10.67%, events=0
[01:04:28.441] [t=    0.00] [INFO ] [TrainingRunner ] === EPISODE COMPLETE ===
[01:04:28.441] [t=    0.00] [INFO ] [TrainingRunner ] Output files:
[01:04:28.441] [t=    0.00] [INFO ] [TrainingRunner ]   training_0058_1252025_easy200\episodes\ep_0100/episode_summary.json
[01:04:28.441] [t=    0.00] [INFO ] [TrainingRunner ]   training_0058_1252025_easy200\episodes\ep_0100/flow_summary.csv
[01:04:28.441] [t=    0.00] [INFO ] [TrainingRunner ]   training_0058_1252025_easy200\episodes\ep_0100/link_stats.csv
[01:04:28.441] [t=    0.00] [INFO ] [TrainingRunner ]   training_0058_1252025_easy200\episodes\ep_0100/latency_results.csv

================================================================================
LOG ENDED: 2025-12-05 01:04:28
================================================================================
