================================================================================
CFR-RL DEBUG LOG
Started: 2025-12-07 00:39:30
Log file: C:\Users\saifk\CS370\Code\round2\cloudsimsdn\training_run2_fattree_0038_1272025_moretraffic\episodes\ep_0000\episode.log
================================================================================

Format: [WallClock] [SimTime] [Level] [Component] Message

[00:39:30.814] [t=    0.00] [INFO ] [TrainingRunner ] === EPISODE START (Fat-Tree k=4) ===
[00:39:30.814] [t=    0.00] [INFO ] [TrainingRunner ] Workload: training_run2_fattree_0038_1272025_moretraffic\episodes\ep_0000\workload.csv
[00:39:30.814] [t=    0.00] [INFO ] [TrainingRunner ] Critical flows: training_run2_fattree_0038_1272025_moretraffic\episodes\ep_0000\critical_flows.txt
[00:39:30.814] [t=    0.00] [INFO ] [TrainingRunner ] Output dir: training_run2_fattree_0038_1272025_moretraffic\episodes\ep_0000/
[00:39:30.814] [t=    0.00] [INFO ] [TrainingRunner ] Loaded 12 critical flows: [96, 18, 210, 147, 67, 165, 182, 199, 153, 44, 220, 46]
[00:39:30.814] [t=    0.00] [INFO ] [LatencyCollector] Initialized
[00:39:30.814] [t=    0.00] [INFO ] [LatencyCollector] Reset for new simulation
[00:39:30.823] [t=    0.00] [INFO ] [LinkStatsCollector] Reset for new episode
[00:39:30.823] [t=    0.00] [INFO ] [LatencyCollector] CSV export initialized: training_run2_fattree_0038_1272025_moretraffic\episodes\ep_0000/latency_results.csv
[00:39:30.823] [t=    0.00] [INFO ] [LatencyCollector] Critical flows updated: 12 flows
[00:39:30.847] [t=    0.00] [INFO ] [TrainingRunner ] Loading Fat-Tree topology: dataset-fattree/fattree-physical.json
[00:39:30.887] [t=    0.00] [INFO ] [TrainingRunner ] Physical topology loaded: 16 hosts
[00:39:30.889] [t=    0.00] [INFO ] [LinkPolicy     ] Created with K=12
[00:39:30.889] [t=    0.00] [INFO ] [LinkPolicy     ] Verbose logging: false
[00:39:30.889] [t=    0.00] [INFO ] [LinkPolicy     ] Updated critical flows: 12 total (added: [96, 67, 165, 199, 44, 46, 18, 210, 147, 182, 153, 220], removed: [])
[00:39:30.889] [t=    0.00] [INFO ] [TrainingRunner ] Critical flows set on policy
[00:39:30.896] [t=    0.00] [INFO ] [TrainingRunner ] Virtual topology deployed
[00:39:30.896] [t=    0.00] [INFO ] [TrainingRunner ] Submitting workload: training_run2_fattree_0038_1272025_moretraffic\episodes\ep_0000\workload.csv
[00:39:30.896] [t=    0.00] [INFO ] [TrainingRunner ] Starting simulation...
[00:39:31.035] [t=    5.00] [WARN ] [LinkStatsCollector] Auto-registering unknown link: h_0_1_1->Switch: e_0_1
[00:39:31.037] [t=    5.00] [WARN ] [LinkStatsCollector] Auto-registering unknown link: Switch: e_0_1->h_0_1_1
[00:39:31.037] [t=    5.00] [WARN ] [LinkStatsCollector] Auto-registering unknown link: Switch: a_3_0->Switch: c_0_0
[00:39:31.037] [t=    5.00] [WARN ] [LinkStatsCollector] Auto-registering unknown link: Switch: c_0_0->Switch: a_3_0
[00:39:31.037] [t=    5.00] [WARN ] [LinkStatsCollector] Auto-registering unknown link: Switch: e_2_1->Switch: a_2_0
[00:39:31.037] [t=    5.00] [WARN ] [LinkStatsCollector] Auto-registering unknown link: Switch: a_2_0->Switch: e_2_1
[00:39:31.037] [t=    5.00] [WARN ] [LinkStatsCollector] Auto-registering unknown link: Switch: e_0_0->Switch: a_0_1
[00:39:31.037] [t=    5.00] [WARN ] [LinkStatsCollector] Auto-registering unknown link: Switch: a_0_1->Switch: e_0_0
[00:39:31.037] [t=    5.00] [WARN ] [LinkStatsCollector] Auto-registering unknown link: Switch: a_2_1->Switch: c_1_0
[00:39:31.037] [t=    5.00] [WARN ] [LinkStatsCollector] Auto-registering unknown link: Switch: c_1_0->Switch: a_2_1
[00:39:31.037] [t=    5.00] [WARN ] [LinkStatsCollector] Auto-registering unknown link: h_3_0_0->Switch: e_3_0
[00:39:31.037] [t=    5.00] [WARN ] [LinkStatsCollector] Auto-registering unknown link: Switch: e_3_0->h_3_0_0
[00:39:31.037] [t=    5.00] [WARN ] [LinkStatsCollector] Auto-registering unknown link: h_3_1_0->Switch: e_3_1
[00:39:31.037] [t=    5.00] [WARN ] [LinkStatsCollector] Auto-registering unknown link: Switch: e_3_1->h_3_1_0
[00:39:31.037] [t=    5.00] [WARN ] [LinkStatsCollector] Auto-registering unknown link: Switch: e_1_1->Switch: a_1_1
[00:39:31.037] [t=    5.00] [WARN ] [LinkStatsCollector] Auto-registering unknown link: Switch: a_1_1->Switch: e_1_1
[00:39:31.037] [t=    5.00] [WARN ] [LinkStatsCollector] Auto-registering unknown link: Switch: e_2_0->Switch: a_2_0
[00:39:31.037] [t=    5.00] [WARN ] [LinkStatsCollector] Auto-registering unknown link: Switch: a_2_0->Switch: e_2_0
[00:39:31.037] [t=    5.00] [WARN ] [LinkStatsCollector] Auto-registering unknown link: Switch: e_3_1->Switch: a_3_0
[00:39:31.037] [t=    5.00] [WARN ] [LinkStatsCollector] Auto-registering unknown link: Switch: a_3_0->Switch: e_3_1
[00:39:31.037] [t=    5.00] [WARN ] [LinkStatsCollector] Auto-registering unknown link: Switch: e_2_0->Switch: a_2_1
[00:39:31.037] [t=    5.00] [WARN ] [LinkStatsCollector] Auto-registering unknown link: Switch: a_2_1->Switch: e_2_0
[00:39:31.037] [t=    5.00] [WARN ] [LinkStatsCollector] Auto-registering unknown link: Switch: e_3_0->Switch: a_3_1
[00:39:31.037] [t=    5.00] [WARN ] [LinkStatsCollector] Auto-registering unknown link: Switch: a_3_1->Switch: e_3_0
[00:39:31.039] [t=    5.00] [WARN ] [LinkStatsCollector] Auto-registering unknown link: h_1_1_0->Switch: e_1_1
[00:39:31.039] [t=    5.00] [WARN ] [LinkStatsCollector] Auto-registering unknown link: Switch: e_1_1->h_1_1_0
[00:39:31.039] [t=    5.00] [WARN ] [LinkStatsCollector] Auto-registering unknown link: h_2_0_0->Switch: e_2_0
[00:39:31.039] [t=    5.00] [WARN ] [LinkStatsCollector] Auto-registering unknown link: Switch: e_2_0->h_2_0_0
[00:39:31.039] [t=    5.00] [WARN ] [LinkStatsCollector] Auto-registering unknown link: Switch: a_0_0->Switch: c_0_1
[00:39:31.039] [t=    5.00] [WARN ] [LinkStatsCollector] Auto-registering unknown link: Switch: c_0_1->Switch: a_0_0
[00:39:31.039] [t=    5.00] [WARN ] [LinkStatsCollector] Auto-registering unknown link: Switch: e_1_0->Switch: a_1_0
[00:39:31.039] [t=    5.00] [WARN ] [LinkStatsCollector] Auto-registering unknown link: Switch: a_1_0->Switch: e_1_0
[00:39:31.039] [t=    5.00] [WARN ] [LinkStatsCollector] Auto-registering unknown link: Switch: e_1_1->Switch: a_1_0
[00:39:31.039] [t=    5.00] [WARN ] [LinkStatsCollector] Auto-registering unknown link: Switch: a_1_0->Switch: e_1_1
[00:39:31.039] [t=    5.00] [WARN ] [LinkStatsCollector] Auto-registering unknown link: Switch: e_0_1->Switch: a_0_0
[00:39:31.039] [t=    5.00] [WARN ] [LinkStatsCollector] Auto-registering unknown link: Switch: a_0_0->Switch: e_0_1
[00:39:31.039] [t=    5.00] [WARN ] [LinkStatsCollector] Auto-registering unknown link: Switch: e_0_1->Switch: a_0_1
[00:39:31.039] [t=    5.00] [WARN ] [LinkStatsCollector] Auto-registering unknown link: Switch: a_0_1->Switch: e_0_1
[00:39:31.039] [t=    5.00] [WARN ] [LinkStatsCollector] Auto-registering unknown link: Switch: a_2_0->Switch: c_0_1
[00:39:31.039] [t=    5.00] [WARN ] [LinkStatsCollector] Auto-registering unknown link: Switch: c_0_1->Switch: a_2_0
[00:39:31.039] [t=    5.00] [WARN ] [LinkStatsCollector] Auto-registering unknown link: h_2_1_0->Switch: e_2_1
[00:39:31.039] [t=    5.00] [WARN ] [LinkStatsCollector] Auto-registering unknown link: Switch: e_2_1->h_2_1_0
[00:39:31.039] [t=    5.00] [WARN ] [LinkStatsCollector] Auto-registering unknown link: h_0_0_1->Switch: e_0_0
[00:39:31.039] [t=    5.00] [WARN ] [LinkStatsCollector] Auto-registering unknown link: Switch: e_0_0->h_0_0_1
[00:39:31.039] [t=    5.00] [WARN ] [LinkStatsCollector] Auto-registering unknown link: Switch: a_2_0->Switch: c_0_0
[00:39:31.039] [t=    5.00] [WARN ] [LinkStatsCollector] Auto-registering unknown link: Switch: c_0_0->Switch: a_2_0
[00:39:31.039] [t=    5.00] [WARN ] [LinkStatsCollector] Auto-registering unknown link: Switch: a_0_1->Switch: c_1_0
[00:39:31.039] [t=    5.00] [WARN ] [LinkStatsCollector] Auto-registering unknown link: Switch: c_1_0->Switch: a_0_1
[00:39:31.039] [t=    5.00] [WARN ] [LinkStatsCollector] Auto-registering unknown link: Switch: e_3_0->Switch: a_3_0
[00:39:31.039] [t=    5.00] [WARN ] [LinkStatsCollector] Auto-registering unknown link: Switch: a_3_0->Switch: e_3_0
[00:39:31.039] [t=    5.00] [WARN ] [LinkStatsCollector] Auto-registering unknown link: Switch: a_2_1->Switch: c_1_1
[00:39:31.041] [t=    5.00] [WARN ] [LinkStatsCollector] Auto-registering unknown link: Switch: c_1_1->Switch: a_2_1
[00:39:31.041] [t=    5.00] [WARN ] [LinkStatsCollector] Auto-registering unknown link: h_2_1_1->Switch: e_2_1
[00:39:31.041] [t=    5.00] [WARN ] [LinkStatsCollector] Auto-registering unknown link: Switch: e_2_1->h_2_1_1
[00:39:31.041] [t=    5.00] [WARN ] [LinkStatsCollector] Auto-registering unknown link: Switch: a_1_1->Switch: c_1_0
[00:39:31.041] [t=    5.00] [WARN ] [LinkStatsCollector] Auto-registering unknown link: Switch: c_1_0->Switch: a_1_1
[00:39:31.041] [t=    5.00] [WARN ] [LinkStatsCollector] Auto-registering unknown link: Switch: e_0_0->Switch: a_0_0
[00:39:31.041] [t=    5.00] [WARN ] [LinkStatsCollector] Auto-registering unknown link: Switch: a_0_0->Switch: e_0_0
[00:39:31.041] [t=    5.00] [WARN ] [LinkStatsCollector] Auto-registering unknown link: Switch: a_0_0->Switch: c_0_0
[00:39:31.041] [t=    5.00] [WARN ] [LinkStatsCollector] Auto-registering unknown link: Switch: c_0_0->Switch: a_0_0
[00:39:31.041] [t=    5.00] [WARN ] [LinkStatsCollector] Auto-registering unknown link: h_3_0_1->Switch: e_3_0
[00:39:31.041] [t=    5.00] [WARN ] [LinkStatsCollector] Auto-registering unknown link: Switch: e_3_0->h_3_0_1
[00:39:31.041] [t=    5.00] [WARN ] [LinkStatsCollector] Auto-registering unknown link: Switch: a_3_1->Switch: c_1_0
[00:39:31.041] [t=    5.00] [WARN ] [LinkStatsCollector] Auto-registering unknown link: Switch: c_1_0->Switch: a_3_1
[00:39:31.041] [t=    5.00] [WARN ] [LinkStatsCollector] Auto-registering unknown link: h_3_1_1->Switch: e_3_1
[00:39:31.041] [t=    5.00] [WARN ] [LinkStatsCollector] Auto-registering unknown link: Switch: e_3_1->h_3_1_1
[00:39:31.041] [t=    5.00] [WARN ] [LinkStatsCollector] Auto-registering unknown link: h_0_1_0->Switch: e_0_1
[00:39:31.041] [t=    5.00] [WARN ] [LinkStatsCollector] Auto-registering unknown link: Switch: e_0_1->h_0_1_0
[00:39:31.041] [t=    5.00] [WARN ] [LinkStatsCollector] Auto-registering unknown link: h_2_0_1->Switch: e_2_0
[00:39:31.041] [t=    5.00] [WARN ] [LinkStatsCollector] Auto-registering unknown link: Switch: e_2_0->h_2_0_1
[00:39:31.041] [t=    5.00] [WARN ] [LinkStatsCollector] Auto-registering unknown link: Switch: a_1_0->Switch: c_0_0
[00:39:31.041] [t=    5.00] [WARN ] [LinkStatsCollector] Auto-registering unknown link: Switch: c_0_0->Switch: a_1_0
[00:39:31.041] [t=    5.00] [WARN ] [LinkStatsCollector] Auto-registering unknown link: Switch: e_1_0->Switch: a_1_1
[00:39:31.041] [t=    5.00] [WARN ] [LinkStatsCollector] Auto-registering unknown link: Switch: a_1_1->Switch: e_1_0
[00:39:31.041] [t=    5.00] [WARN ] [LinkStatsCollector] Auto-registering unknown link: Switch: a_0_1->Switch: c_1_1
[00:39:31.041] [t=    5.00] [WARN ] [LinkStatsCollector] Auto-registering unknown link: Switch: c_1_1->Switch: a_0_1
[00:39:31.041] [t=    5.00] [WARN ] [LinkStatsCollector] Auto-registering unknown link: Switch: e_2_1->Switch: a_2_1
[00:39:31.041] [t=    5.00] [WARN ] [LinkStatsCollector] Auto-registering unknown link: Switch: a_2_1->Switch: e_2_1
[00:39:31.043] [t=    5.00] [WARN ] [LinkStatsCollector] Auto-registering unknown link: h_1_0_1->Switch: e_1_0
[00:39:31.043] [t=    5.00] [WARN ] [LinkStatsCollector] Auto-registering unknown link: Switch: e_1_0->h_1_0_1
[00:39:31.043] [t=    5.00] [WARN ] [LinkStatsCollector] Auto-registering unknown link: h_1_0_0->Switch: e_1_0
[00:39:31.043] [t=    5.00] [WARN ] [LinkStatsCollector] Auto-registering unknown link: Switch: e_1_0->h_1_0_0
[00:39:31.043] [t=    5.00] [WARN ] [LinkStatsCollector] Auto-registering unknown link: h_1_1_1->Switch: e_1_1
[00:39:31.043] [t=    5.00] [WARN ] [LinkStatsCollector] Auto-registering unknown link: Switch: e_1_1->h_1_1_1
[00:39:31.043] [t=    5.00] [WARN ] [LinkStatsCollector] Auto-registering unknown link: Switch: a_3_1->Switch: c_1_1
[00:39:31.043] [t=    5.00] [WARN ] [LinkStatsCollector] Auto-registering unknown link: Switch: c_1_1->Switch: a_3_1
[00:39:31.043] [t=    5.00] [WARN ] [LinkStatsCollector] Auto-registering unknown link: Switch: e_3_1->Switch: a_3_1
[00:39:31.043] [t=    5.00] [WARN ] [LinkStatsCollector] Auto-registering unknown link: Switch: a_3_1->Switch: e_3_1
[00:39:31.043] [t=    5.00] [WARN ] [LinkStatsCollector] Auto-registering unknown link: Switch: a_1_1->Switch: c_1_1
[00:39:31.043] [t=    5.00] [WARN ] [LinkStatsCollector] Auto-registering unknown link: Switch: c_1_1->Switch: a_1_1
[00:39:31.043] [t=    5.00] [WARN ] [LinkStatsCollector] Auto-registering unknown link: Switch: a_3_0->Switch: c_0_1
[00:39:31.043] [t=    5.00] [WARN ] [LinkStatsCollector] Auto-registering unknown link: Switch: c_0_1->Switch: a_3_0
[00:39:31.043] [t=    5.00] [WARN ] [LinkStatsCollector] Auto-registering unknown link: Switch: a_1_0->Switch: c_0_1
[00:39:31.043] [t=    5.00] [WARN ] [LinkStatsCollector] Auto-registering unknown link: Switch: c_0_1->Switch: a_1_0
[00:39:31.043] [t=    5.00] [WARN ] [LinkStatsCollector] Auto-registering unknown link: h_0_0_0->Switch: e_0_0
[00:39:31.043] [t=    5.00] [WARN ] [LinkStatsCollector] Auto-registering unknown link: Switch: e_0_0->h_0_0_0
[00:39:31.081] [t=    0.00] [INFO ] [TrainingRunner ] Simulation complete: 30.00 sim seconds, 267 ms wall clock
[00:39:31.081] [t=    0.00] [INFO ] [TrainingRunner ] Exporting results...
[00:39:31.081] [t=    0.00] [INFO ] [LatencyCollector] Exported episode summary to training_run2_fattree_0038_1272025_moretraffic\episodes\ep_0000/episode_summary.json
[00:39:31.089] [t=    0.00] [INFO ] [LatencyCollector] Exported flow summary to training_run2_fattree_0038_1272025_moretraffic\episodes\ep_0000/flow_summary.csv
[00:39:31.096] [t=    0.00] [INFO ] [LinkStatsCollector] Exported 96 link stats to training_run2_fattree_0038_1272025_moretraffic\episodes\ep_0000/link_stats.csv
[00:39:31.096] [t=    0.00] [INFO ] [SECTION        ] ======================================================================
[00:39:31.096] [t=    0.00] [INFO ] [SECTION        ]   LATENCY STATISTICS SUMMARY
[00:39:31.097] [t=    0.00] [INFO ] [SECTION        ] ======================================================================
[00:39:31.097] [t=    0.00] [INFO ] [LatencyCollector] === Global Statistics ===
[00:39:31.097] [t=    0.00] [INFO ] [LatencyCollector]   Total packets: 60
[00:39:31.097] [t=    0.00] [INFO ] [LatencyCollector]   Failed packets: 0
[00:39:31.097] [t=    0.00] [INFO ] [LatencyCollector]   Avg queuing delay: 0.016065 s
[00:39:31.097] [t=    0.00] [INFO ] [LatencyCollector]   Max queuing delay: 0.089698 s
[00:39:31.097] [t=    0.00] [INFO ] [LatencyCollector] === Critical vs Background ===
[00:39:31.097] [t=    0.00] [INFO ] [LatencyCollector]   Critical flows: 5 packets, avg queuing = 0.016473 s
[00:39:31.097] [t=    0.00] [INFO ] [LatencyCollector]   Background flows: 55 packets, avg queuing = 0.016028 s
[00:39:31.097] [t=    0.00] [INFO ] [LinkStatsCollector] ========== Link Statistics Summary ==========
[00:39:31.097] [t=    0.00] [INFO ] [LinkStatsCollector] Total links tracked: 96
[00:39:31.097] [t=    0.00] [INFO ] [LinkStatsCollector] Episode duration: 25.00s
[00:39:31.097] [t=    0.00] [INFO ] [LinkStatsCollector] Bottleneck link: Switch: a_2_0->Switch: e_2_0 (max_util=0.07%)
[00:39:31.097] [t=    0.00] [INFO ] [LinkStatsCollector] Links that exceeded 90.0% utilization: 0
[00:39:31.098] [t=    0.00] [INFO ] [LinkStatsCollector] Total congestion events: 0
[00:39:31.098] [t=    0.00] [INFO ] [LinkStatsCollector] Top 5 most utilized links:
[00:39:31.100] [t=    0.00] [INFO ] [LinkStatsCollector]   Switch: a_2_0->Switch: e_2_0: avg=0.01%, max=0.07%, events=0
[00:39:31.100] [t=    0.00] [INFO ] [LinkStatsCollector]   Switch: e_1_0->Switch: a_1_0: avg=0.02%, max=0.06%, events=0
[00:39:31.100] [t=    0.00] [INFO ] [LinkStatsCollector]   Switch: a_1_0->Switch: c_0_0: avg=0.01%, max=0.06%, events=0
[00:39:31.100] [t=    0.00] [INFO ] [LinkStatsCollector]   Switch: e_0_1->h_0_1_0: avg=0.01%, max=0.05%, events=0
[00:39:31.100] [t=    0.00] [INFO ] [LinkStatsCollector]   Switch: e_1_1->Switch: a_1_0: avg=0.01%, max=0.05%, events=0
[00:39:31.100] [t=    0.00] [INFO ] [TrainingRunner ] === EPISODE COMPLETE ===
[00:39:31.100] [t=    0.00] [INFO ] [TrainingRunner ] Output files:
[00:39:31.100] [t=    0.00] [INFO ] [TrainingRunner ]   training_run2_fattree_0038_1272025_moretraffic\episodes\ep_0000/episode_summary.json
[00:39:31.100] [t=    0.00] [INFO ] [TrainingRunner ]   training_run2_fattree_0038_1272025_moretraffic\episodes\ep_0000/flow_summary.csv
[00:39:31.101] [t=    0.00] [INFO ] [TrainingRunner ]   training_run2_fattree_0038_1272025_moretraffic\episodes\ep_0000/link_stats.csv
[00:39:31.101] [t=    0.00] [INFO ] [TrainingRunner ]   training_run2_fattree_0038_1272025_moretraffic\episodes\ep_0000/latency_results.csv

================================================================================
LOG ENDED: 2025-12-07 00:39:31
================================================================================
