================================================================================
CFR-RL DEBUG LOG
Started: 2025-12-07 00:24:51
Log file: C:\Users\saifk\CS370\Code\round2\cloudsimsdn\training_run1_fattree_0022_1272025\episodes\ep_0053\episode.log
================================================================================

Format: [WallClock] [SimTime] [Level] [Component] Message

[00:24:51.938] [t=    0.00] [INFO ] [TrainingRunner ] === EPISODE START (Fat-Tree k=4) ===
[00:24:51.942] [t=    0.00] [INFO ] [TrainingRunner ] Workload: training_run1_fattree_0022_1272025\episodes\ep_0053\workload.csv
[00:24:51.942] [t=    0.00] [INFO ] [TrainingRunner ] Critical flows: training_run1_fattree_0022_1272025\episodes\ep_0053\critical_flows.txt
[00:24:51.944] [t=    0.00] [INFO ] [TrainingRunner ] Output dir: training_run1_fattree_0022_1272025\episodes\ep_0053/
[00:24:51.946] [t=    0.00] [INFO ] [TrainingRunner ] Loaded 12 critical flows: [33, 129, 100, 133, 166, 55, 24, 74, 122, 91, 188, 95]
[00:24:51.947] [t=    0.00] [INFO ] [LatencyCollector] Initialized
[00:24:51.949] [t=    0.00] [INFO ] [LatencyCollector] Reset for new simulation
[00:24:51.951] [t=    0.00] [INFO ] [LinkStatsCollector] Reset for new episode
[00:24:51.951] [t=    0.00] [INFO ] [LatencyCollector] CSV export initialized: training_run1_fattree_0022_1272025\episodes\ep_0053/latency_results.csv
[00:24:51.952] [t=    0.00] [INFO ] [LatencyCollector] Critical flows updated: 12 flows
[00:24:51.988] [t=    0.00] [INFO ] [TrainingRunner ] Loading Fat-Tree topology: dataset-fattree/fattree-physical.json
[00:24:52.056] [t=    0.00] [INFO ] [TrainingRunner ] Physical topology loaded: 16 hosts
[00:24:52.058] [t=    0.00] [INFO ] [LinkPolicy     ] Created with K=12
[00:24:52.058] [t=    0.00] [INFO ] [LinkPolicy     ] Verbose logging: false
[00:24:52.058] [t=    0.00] [INFO ] [LinkPolicy     ] Updated critical flows: 12 total (added: [33, 129, 100, 133, 166, 74, 55, 24, 122, 91, 188, 95], removed: [])
[00:24:52.058] [t=    0.00] [INFO ] [TrainingRunner ] Critical flows set on policy
[00:24:52.068] [t=    0.00] [INFO ] [TrainingRunner ] Virtual topology deployed
[00:24:52.069] [t=    0.00] [INFO ] [TrainingRunner ] Submitting workload: training_run1_fattree_0022_1272025\episodes\ep_0053\workload.csv
[00:24:52.069] [t=    0.00] [INFO ] [TrainingRunner ] Starting simulation...
[00:24:52.251] [t=    5.00] [WARN ] [LinkStatsCollector] Auto-registering unknown link: h_0_0_0->Switch: e_0_0
[00:24:52.251] [t=    5.00] [WARN ] [LinkStatsCollector] Auto-registering unknown link: Switch: e_0_0->h_0_0_0
[00:24:52.251] [t=    5.00] [WARN ] [LinkStatsCollector] Auto-registering unknown link: Switch: a_2_0->Switch: c_0_1
[00:24:52.251] [t=    5.00] [WARN ] [LinkStatsCollector] Auto-registering unknown link: Switch: c_0_1->Switch: a_2_0
[00:24:52.251] [t=    5.00] [WARN ] [LinkStatsCollector] Auto-registering unknown link: Switch: a_0_0->Switch: c_0_0
[00:24:52.251] [t=    5.00] [WARN ] [LinkStatsCollector] Auto-registering unknown link: Switch: c_0_0->Switch: a_0_0
[00:24:52.255] [t=    5.00] [WARN ] [LinkStatsCollector] Auto-registering unknown link: h_1_0_0->Switch: e_1_0
[00:24:52.255] [t=    5.00] [WARN ] [LinkStatsCollector] Auto-registering unknown link: Switch: e_1_0->h_1_0_0
[00:24:52.255] [t=    5.00] [WARN ] [LinkStatsCollector] Auto-registering unknown link: Switch: e_0_0->Switch: a_0_0
[00:24:52.255] [t=    5.00] [WARN ] [LinkStatsCollector] Auto-registering unknown link: Switch: a_0_0->Switch: e_0_0
[00:24:52.255] [t=    5.00] [WARN ] [LinkStatsCollector] Auto-registering unknown link: Switch: a_0_1->Switch: c_1_1
[00:24:52.255] [t=    5.00] [WARN ] [LinkStatsCollector] Auto-registering unknown link: Switch: c_1_1->Switch: a_0_1
[00:24:52.255] [t=    5.00] [WARN ] [LinkStatsCollector] Auto-registering unknown link: Switch: e_2_0->Switch: a_2_0
[00:24:52.255] [t=    5.00] [WARN ] [LinkStatsCollector] Auto-registering unknown link: Switch: a_2_0->Switch: e_2_0
[00:24:52.255] [t=    5.00] [WARN ] [LinkStatsCollector] Auto-registering unknown link: h_3_1_0->Switch: e_3_1
[00:24:52.255] [t=    5.00] [WARN ] [LinkStatsCollector] Auto-registering unknown link: Switch: e_3_1->h_3_1_0
[00:24:52.255] [t=    5.00] [WARN ] [LinkStatsCollector] Auto-registering unknown link: h_3_0_1->Switch: e_3_0
[00:24:52.255] [t=    5.00] [WARN ] [LinkStatsCollector] Auto-registering unknown link: Switch: e_3_0->h_3_0_1
[00:24:52.255] [t=    5.00] [WARN ] [LinkStatsCollector] Auto-registering unknown link: Switch: e_2_1->Switch: a_2_1
[00:24:52.255] [t=    5.00] [WARN ] [LinkStatsCollector] Auto-registering unknown link: Switch: a_2_1->Switch: e_2_1
[00:24:52.255] [t=    5.00] [WARN ] [LinkStatsCollector] Auto-registering unknown link: h_1_0_1->Switch: e_1_0
[00:24:52.255] [t=    5.00] [WARN ] [LinkStatsCollector] Auto-registering unknown link: Switch: e_1_0->h_1_0_1
[00:24:52.255] [t=    5.00] [WARN ] [LinkStatsCollector] Auto-registering unknown link: Switch: e_1_1->Switch: a_1_1
[00:24:52.255] [t=    5.00] [WARN ] [LinkStatsCollector] Auto-registering unknown link: Switch: a_1_1->Switch: e_1_1
[00:24:52.255] [t=    5.00] [WARN ] [LinkStatsCollector] Auto-registering unknown link: Switch: e_3_1->Switch: a_3_0
[00:24:52.255] [t=    5.00] [WARN ] [LinkStatsCollector] Auto-registering unknown link: Switch: a_3_0->Switch: e_3_1
[00:24:52.255] [t=    5.00] [WARN ] [LinkStatsCollector] Auto-registering unknown link: h_3_0_0->Switch: e_3_0
[00:24:52.255] [t=    5.00] [WARN ] [LinkStatsCollector] Auto-registering unknown link: Switch: e_3_0->h_3_0_0
[00:24:52.255] [t=    5.00] [WARN ] [LinkStatsCollector] Auto-registering unknown link: h_0_1_1->Switch: e_0_1
[00:24:52.255] [t=    5.00] [WARN ] [LinkStatsCollector] Auto-registering unknown link: Switch: e_0_1->h_0_1_1
[00:24:52.255] [t=    5.00] [WARN ] [LinkStatsCollector] Auto-registering unknown link: Switch: a_3_1->Switch: c_1_1
[00:24:52.255] [t=    5.00] [WARN ] [LinkStatsCollector] Auto-registering unknown link: Switch: c_1_1->Switch: a_3_1
[00:24:52.258] [t=    5.00] [WARN ] [LinkStatsCollector] Auto-registering unknown link: Switch: e_0_0->Switch: a_0_1
[00:24:52.258] [t=    5.00] [WARN ] [LinkStatsCollector] Auto-registering unknown link: Switch: a_0_1->Switch: e_0_0
[00:24:52.258] [t=    5.00] [WARN ] [LinkStatsCollector] Auto-registering unknown link: Switch: a_0_0->Switch: c_0_1
[00:24:52.258] [t=    5.00] [WARN ] [LinkStatsCollector] Auto-registering unknown link: Switch: c_0_1->Switch: a_0_0
[00:24:52.258] [t=    5.00] [WARN ] [LinkStatsCollector] Auto-registering unknown link: Switch: a_1_0->Switch: c_0_1
[00:24:52.258] [t=    5.00] [WARN ] [LinkStatsCollector] Auto-registering unknown link: Switch: c_0_1->Switch: a_1_0
[00:24:52.258] [t=    5.00] [WARN ] [LinkStatsCollector] Auto-registering unknown link: Switch: a_1_0->Switch: c_0_0
[00:24:52.258] [t=    5.00] [WARN ] [LinkStatsCollector] Auto-registering unknown link: Switch: c_0_0->Switch: a_1_0
[00:24:52.258] [t=    5.00] [WARN ] [LinkStatsCollector] Auto-registering unknown link: h_2_1_0->Switch: e_2_1
[00:24:52.258] [t=    5.00] [WARN ] [LinkStatsCollector] Auto-registering unknown link: Switch: e_2_1->h_2_1_0
[00:24:52.258] [t=    5.00] [WARN ] [LinkStatsCollector] Auto-registering unknown link: Switch: a_2_1->Switch: c_1_1
[00:24:52.258] [t=    5.00] [WARN ] [LinkStatsCollector] Auto-registering unknown link: Switch: c_1_1->Switch: a_2_1
[00:24:52.258] [t=    5.00] [WARN ] [LinkStatsCollector] Auto-registering unknown link: h_2_0_1->Switch: e_2_0
[00:24:52.258] [t=    5.00] [WARN ] [LinkStatsCollector] Auto-registering unknown link: Switch: e_2_0->h_2_0_1
[00:24:52.258] [t=    5.00] [WARN ] [LinkStatsCollector] Auto-registering unknown link: Switch: e_1_0->Switch: a_1_1
[00:24:52.258] [t=    5.00] [WARN ] [LinkStatsCollector] Auto-registering unknown link: Switch: a_1_1->Switch: e_1_0
[00:24:52.258] [t=    5.00] [WARN ] [LinkStatsCollector] Auto-registering unknown link: h_3_1_1->Switch: e_3_1
[00:24:52.258] [t=    5.00] [WARN ] [LinkStatsCollector] Auto-registering unknown link: Switch: e_3_1->h_3_1_1
[00:24:52.258] [t=    5.00] [WARN ] [LinkStatsCollector] Auto-registering unknown link: Switch: e_3_1->Switch: a_3_1
[00:24:52.258] [t=    5.00] [WARN ] [LinkStatsCollector] Auto-registering unknown link: Switch: a_3_1->Switch: e_3_1
[00:24:52.260] [t=    5.00] [WARN ] [LinkStatsCollector] Auto-registering unknown link: h_2_0_0->Switch: e_2_0
[00:24:52.260] [t=    5.00] [WARN ] [LinkStatsCollector] Auto-registering unknown link: Switch: e_2_0->h_2_0_0
[00:24:52.260] [t=    5.00] [WARN ] [LinkStatsCollector] Auto-registering unknown link: Switch: a_2_1->Switch: c_1_0
[00:24:52.260] [t=    5.00] [WARN ] [LinkStatsCollector] Auto-registering unknown link: Switch: c_1_0->Switch: a_2_1
[00:24:52.260] [t=    5.00] [WARN ] [LinkStatsCollector] Auto-registering unknown link: Switch: e_0_1->Switch: a_0_1
[00:24:52.260] [t=    5.00] [WARN ] [LinkStatsCollector] Auto-registering unknown link: Switch: a_0_1->Switch: e_0_1
[00:24:52.261] [t=    5.00] [WARN ] [LinkStatsCollector] Auto-registering unknown link: Switch: e_3_0->Switch: a_3_0
[00:24:52.261] [t=    5.00] [WARN ] [LinkStatsCollector] Auto-registering unknown link: Switch: a_3_0->Switch: e_3_0
[00:24:52.261] [t=    5.00] [WARN ] [LinkStatsCollector] Auto-registering unknown link: h_1_1_0->Switch: e_1_1
[00:24:52.261] [t=    5.00] [WARN ] [LinkStatsCollector] Auto-registering unknown link: Switch: e_1_1->h_1_1_0
[00:24:52.262] [t=    5.00] [WARN ] [LinkStatsCollector] Auto-registering unknown link: h_0_1_0->Switch: e_0_1
[00:24:52.262] [t=    5.00] [WARN ] [LinkStatsCollector] Auto-registering unknown link: Switch: e_0_1->h_0_1_0
[00:24:52.262] [t=    5.00] [WARN ] [LinkStatsCollector] Auto-registering unknown link: Switch: e_1_0->Switch: a_1_0
[00:24:52.262] [t=    5.00] [WARN ] [LinkStatsCollector] Auto-registering unknown link: Switch: a_1_0->Switch: e_1_0
[00:24:52.262] [t=    5.00] [WARN ] [LinkStatsCollector] Auto-registering unknown link: Switch: a_1_1->Switch: c_1_1
[00:24:52.262] [t=    5.00] [WARN ] [LinkStatsCollector] Auto-registering unknown link: Switch: c_1_1->Switch: a_1_1
[00:24:52.262] [t=    5.00] [WARN ] [LinkStatsCollector] Auto-registering unknown link: h_0_0_1->Switch: e_0_0
[00:24:52.263] [t=    5.00] [WARN ] [LinkStatsCollector] Auto-registering unknown link: Switch: e_0_0->h_0_0_1
[00:24:52.263] [t=    5.00] [WARN ] [LinkStatsCollector] Auto-registering unknown link: Switch: a_3_0->Switch: c_0_1
[00:24:52.263] [t=    5.00] [WARN ] [LinkStatsCollector] Auto-registering unknown link: Switch: c_0_1->Switch: a_3_0
[00:24:52.263] [t=    5.00] [WARN ] [LinkStatsCollector] Auto-registering unknown link: Switch: e_3_0->Switch: a_3_1
[00:24:52.263] [t=    5.00] [WARN ] [LinkStatsCollector] Auto-registering unknown link: Switch: a_3_1->Switch: e_3_0
[00:24:52.263] [t=    5.00] [WARN ] [LinkStatsCollector] Auto-registering unknown link: Switch: a_3_0->Switch: c_0_0
[00:24:52.263] [t=    5.00] [WARN ] [LinkStatsCollector] Auto-registering unknown link: Switch: c_0_0->Switch: a_3_0
[00:24:52.263] [t=    5.00] [WARN ] [LinkStatsCollector] Auto-registering unknown link: Switch: a_1_1->Switch: c_1_0
[00:24:52.264] [t=    5.00] [WARN ] [LinkStatsCollector] Auto-registering unknown link: Switch: c_1_0->Switch: a_1_1
[00:24:52.264] [t=    5.00] [WARN ] [LinkStatsCollector] Auto-registering unknown link: Switch: e_1_1->Switch: a_1_0
[00:24:52.264] [t=    5.00] [WARN ] [LinkStatsCollector] Auto-registering unknown link: Switch: a_1_0->Switch: e_1_1
[00:24:52.264] [t=    5.00] [WARN ] [LinkStatsCollector] Auto-registering unknown link: Switch: a_0_1->Switch: c_1_0
[00:24:52.265] [t=    5.00] [WARN ] [LinkStatsCollector] Auto-registering unknown link: Switch: c_1_0->Switch: a_0_1
[00:24:52.265] [t=    5.00] [WARN ] [LinkStatsCollector] Auto-registering unknown link: Switch: e_0_1->Switch: a_0_0
[00:24:52.265] [t=    5.00] [WARN ] [LinkStatsCollector] Auto-registering unknown link: Switch: a_0_0->Switch: e_0_1
[00:24:52.265] [t=    5.00] [WARN ] [LinkStatsCollector] Auto-registering unknown link: h_2_1_1->Switch: e_2_1
[00:24:52.265] [t=    5.00] [WARN ] [LinkStatsCollector] Auto-registering unknown link: Switch: e_2_1->h_2_1_1
[00:24:52.265] [t=    5.00] [WARN ] [LinkStatsCollector] Auto-registering unknown link: h_1_1_1->Switch: e_1_1
[00:24:52.265] [t=    5.00] [WARN ] [LinkStatsCollector] Auto-registering unknown link: Switch: e_1_1->h_1_1_1
[00:24:52.265] [t=    5.00] [WARN ] [LinkStatsCollector] Auto-registering unknown link: Switch: e_2_0->Switch: a_2_1
[00:24:52.265] [t=    5.00] [WARN ] [LinkStatsCollector] Auto-registering unknown link: Switch: a_2_1->Switch: e_2_0
[00:24:52.265] [t=    5.00] [WARN ] [LinkStatsCollector] Auto-registering unknown link: Switch: e_2_1->Switch: a_2_0
[00:24:52.267] [t=    5.00] [WARN ] [LinkStatsCollector] Auto-registering unknown link: Switch: a_2_0->Switch: e_2_1
[00:24:52.267] [t=    5.00] [WARN ] [LinkStatsCollector] Auto-registering unknown link: Switch: a_2_0->Switch: c_0_0
[00:24:52.267] [t=    5.00] [WARN ] [LinkStatsCollector] Auto-registering unknown link: Switch: c_0_0->Switch: a_2_0
[00:24:52.267] [t=    5.00] [WARN ] [LinkStatsCollector] Auto-registering unknown link: Switch: a_3_1->Switch: c_1_0
[00:24:52.267] [t=    5.00] [WARN ] [LinkStatsCollector] Auto-registering unknown link: Switch: c_1_0->Switch: a_3_1
[00:24:52.305] [t=    0.00] [INFO ] [TrainingRunner ] Simulation complete: 25.00 sim seconds, 369 ms wall clock
[00:24:52.305] [t=    0.00] [INFO ] [TrainingRunner ] Exporting results...
[00:24:52.309] [t=    0.00] [INFO ] [LatencyCollector] Exported episode summary to training_run1_fattree_0022_1272025\episodes\ep_0053/episode_summary.json
[00:24:52.318] [t=    0.00] [INFO ] [LatencyCollector] Exported flow summary to training_run1_fattree_0022_1272025\episodes\ep_0053/flow_summary.csv
[00:24:52.324] [t=    0.00] [INFO ] [LinkStatsCollector] Exported 96 link stats to training_run1_fattree_0022_1272025\episodes\ep_0053/link_stats.csv
[00:24:52.324] [t=    0.00] [INFO ] [SECTION        ] ======================================================================
[00:24:52.325] [t=    0.00] [INFO ] [SECTION        ]   LATENCY STATISTICS SUMMARY
[00:24:52.325] [t=    0.00] [INFO ] [SECTION        ] ======================================================================
[00:24:52.325] [t=    0.00] [INFO ] [LatencyCollector] === Global Statistics ===
[00:24:52.325] [t=    0.00] [INFO ] [LatencyCollector]   Total packets: 60
[00:24:52.325] [t=    0.00] [INFO ] [LatencyCollector]   Failed packets: 0
[00:24:52.325] [t=    0.00] [INFO ] [LatencyCollector]   Avg queuing delay: 0.047519 s
[00:24:52.325] [t=    0.00] [INFO ] [LatencyCollector]   Max queuing delay: 0.098435 s
[00:24:52.325] [t=    0.00] [INFO ] [LatencyCollector] === Critical vs Background ===
[00:24:52.325] [t=    0.00] [INFO ] [LatencyCollector]   Critical flows: 2 packets, avg queuing = 0.019810 s
[00:24:52.325] [t=    0.00] [INFO ] [LatencyCollector]   Background flows: 58 packets, avg queuing = 0.048474 s
[00:24:52.326] [t=    0.00] [INFO ] [LinkStatsCollector] ========== Link Statistics Summary ==========
[00:24:52.326] [t=    0.00] [INFO ] [LinkStatsCollector] Total links tracked: 96
[00:24:52.326] [t=    0.00] [INFO ] [LinkStatsCollector] Episode duration: 20.00s
[00:24:52.326] [t=    0.00] [INFO ] [LinkStatsCollector] Bottleneck link: h_3_1_1->Switch: e_3_1 (max_util=0.02%)
[00:24:52.326] [t=    0.00] [INFO ] [LinkStatsCollector] Links that exceeded 90.0% utilization: 0
[00:24:52.326] [t=    0.00] [INFO ] [LinkStatsCollector] Total congestion events: 0
[00:24:52.326] [t=    0.00] [INFO ] [LinkStatsCollector] Top 5 most utilized links:
[00:24:52.328] [t=    0.00] [INFO ] [LinkStatsCollector]   h_3_1_1->Switch: e_3_1: avg=0.01%, max=0.02%, events=0
[00:24:52.328] [t=    0.00] [INFO ] [LinkStatsCollector]   Switch: e_3_1->Switch: a_3_0: avg=0.01%, max=0.02%, events=0
[00:24:52.328] [t=    0.00] [INFO ] [LinkStatsCollector]   Switch: a_3_0->Switch: c_0_1: avg=0.00%, max=0.02%, events=0
[00:24:52.328] [t=    0.00] [INFO ] [LinkStatsCollector]   Switch: c_0_1->Switch: a_1_0: avg=0.00%, max=0.02%, events=0
[00:24:52.328] [t=    0.00] [INFO ] [LinkStatsCollector]   Switch: a_1_1->Switch: e_1_1: avg=0.00%, max=0.01%, events=0
[00:24:52.328] [t=    0.00] [INFO ] [TrainingRunner ] === EPISODE COMPLETE ===
[00:24:52.328] [t=    0.00] [INFO ] [TrainingRunner ] Output files:
[00:24:52.328] [t=    0.00] [INFO ] [TrainingRunner ]   training_run1_fattree_0022_1272025\episodes\ep_0053/episode_summary.json
[00:24:52.330] [t=    0.00] [INFO ] [TrainingRunner ]   training_run1_fattree_0022_1272025\episodes\ep_0053/flow_summary.csv
[00:24:52.330] [t=    0.00] [INFO ] [TrainingRunner ]   training_run1_fattree_0022_1272025\episodes\ep_0053/link_stats.csv
[00:24:52.330] [t=    0.00] [INFO ] [TrainingRunner ]   training_run1_fattree_0022_1272025\episodes\ep_0053/latency_results.csv

================================================================================
LOG ENDED: 2025-12-07 00:24:52
================================================================================
