================================================================================
CFR-RL DEBUG LOG
Started: 2025-12-04 20:56:47
Log file: C:\Users\saifk\CS370\Code\round2\cloudsimsdn\outputs\verify_original\episode.log
================================================================================

Format: [WallClock] [SimTime] [Level] [Component] Message

[20:56:47.469] [t=    0.00] [INFO ] [TrainingRunner ] === EPISODE START ===
[20:56:47.479] [t=    0.00] [INFO ] [TrainingRunner ] Workload: dataset-abilene/abilene-workload.csv
[20:56:47.481] [t=    0.00] [INFO ] [TrainingRunner ] Critical flows: test_critical.txt
[20:56:47.482] [t=    0.00] [INFO ] [TrainingRunner ] Output dir: outputs/verify_original/
[20:56:47.482] [t=    0.00] [INFO ] [TrainingRunner ] Loaded 8 critical flows: [17, 50, 84, 23, 7, 42, 91, 109]
[20:56:47.487] [t=    0.00] [INFO ] [LatencyCollector] Initialized
[20:56:47.487] [t=    0.00] [INFO ] [LatencyCollector] Reset for new simulation
[20:56:47.492] [t=    0.00] [INFO ] [LinkStatsCollector] Reset for new episode
[20:56:47.494] [t=    0.00] [INFO ] [LatencyCollector] CSV export initialized: outputs/verify_original/latency_results.csv
[20:56:47.495] [t=    0.00] [INFO ] [LatencyCollector] Critical flows updated: 8 flows
[20:56:47.741] [t=    0.00] [INFO ] [TrainingRunner ] Physical topology loaded: 12 hosts
[20:56:47.745] [t=    0.00] [INFO ] [LinkPolicy     ] Created with K=8
[20:56:47.745] [t=    0.00] [INFO ] [LinkPolicy     ] Verbose logging: false
[20:56:47.748] [t=    0.00] [INFO ] [LinkPolicy     ] Updated critical flows: 8 total (added: [17, 50, 84, 23, 7, 42, 91, 109], removed: [])
[20:56:47.749] [t=    0.00] [INFO ] [TrainingRunner ] Critical flows set on policy
[20:56:47.764] [t=    0.00] [INFO ] [TrainingRunner ] Virtual topology deployed
[20:56:47.765] [t=    0.00] [INFO ] [TrainingRunner ] Submitting workload: dataset-abilene/abilene-workload.csv
[20:56:47.765] [t=    0.00] [INFO ] [TrainingRunner ] Starting simulation...
[20:56:48.673] [t=    5.00] [WARN ] [LinkStatsCollector] Auto-registering unknown link: host_Indianapolis->Switch: Indianapolis
[20:56:48.679] [t=    5.00] [WARN ] [LinkStatsCollector] Auto-registering unknown link: Switch: Indianapolis->host_Indianapolis
[20:56:48.679] [t=    5.00] [WARN ] [LinkStatsCollector] Auto-registering unknown link: Switch: Sunnyvale->Switch: Seattle
[20:56:48.679] [t=    5.00] [WARN ] [LinkStatsCollector] Auto-registering unknown link: Switch: Seattle->Switch: Sunnyvale
[20:56:48.681] [t=    5.00] [WARN ] [LinkStatsCollector] Auto-registering unknown link: Switch: LosAngeles->Switch: Sunnyvale
[20:56:48.681] [t=    5.00] [WARN ] [LinkStatsCollector] Auto-registering unknown link: Switch: Sunnyvale->Switch: LosAngeles
[20:56:48.682] [t=    5.00] [WARN ] [LinkStatsCollector] Auto-registering unknown link: host_Denver->Switch: Denver
[20:56:48.682] [t=    5.00] [WARN ] [LinkStatsCollector] Auto-registering unknown link: Switch: Denver->host_Denver
[20:56:48.682] [t=    5.00] [WARN ] [LinkStatsCollector] Auto-registering unknown link: host_Atlanta->Switch: Atlanta
[20:56:48.682] [t=    5.00] [WARN ] [LinkStatsCollector] Auto-registering unknown link: Switch: Atlanta->host_Atlanta
[20:56:48.684] [t=    5.00] [WARN ] [LinkStatsCollector] Auto-registering unknown link: Switch: Washington->Switch: Indianapolis
[20:56:48.685] [t=    5.00] [WARN ] [LinkStatsCollector] Auto-registering unknown link: Switch: Indianapolis->Switch: Washington
[20:56:48.685] [t=    5.00] [WARN ] [LinkStatsCollector] Auto-registering unknown link: host_Chicago->Switch: Chicago
[20:56:48.685] [t=    5.00] [WARN ] [LinkStatsCollector] Auto-registering unknown link: Switch: Chicago->host_Chicago
[20:56:48.687] [t=    5.00] [WARN ] [LinkStatsCollector] Auto-registering unknown link: host_Washington->Switch: Washington
[20:56:48.687] [t=    5.00] [WARN ] [LinkStatsCollector] Auto-registering unknown link: Switch: Washington->host_Washington
[20:56:48.689] [t=    5.00] [WARN ] [LinkStatsCollector] Auto-registering unknown link: Switch: KansasCity->Switch: Denver
[20:56:48.690] [t=    5.00] [WARN ] [LinkStatsCollector] Auto-registering unknown link: Switch: Denver->Switch: KansasCity
[20:56:48.690] [t=    5.00] [WARN ] [LinkStatsCollector] Auto-registering unknown link: Switch: Jacksonville->Switch: Atlanta
[20:56:48.692] [t=    5.00] [WARN ] [LinkStatsCollector] Auto-registering unknown link: Switch: Atlanta->Switch: Jacksonville
[20:56:48.692] [t=    5.00] [WARN ] [LinkStatsCollector] Auto-registering unknown link: host_KansasCity->Switch: KansasCity
[20:56:48.695] [t=    5.00] [WARN ] [LinkStatsCollector] Auto-registering unknown link: Switch: KansasCity->host_KansasCity
[20:56:48.695] [t=    5.00] [WARN ] [LinkStatsCollector] Auto-registering unknown link: host_NewYork->Switch: NewYork
[20:56:48.695] [t=    5.00] [WARN ] [LinkStatsCollector] Auto-registering unknown link: Switch: NewYork->host_NewYork
[20:56:48.697] [t=    5.00] [WARN ] [LinkStatsCollector] Auto-registering unknown link: Switch: NewYork->Switch: Chicago
[20:56:48.698] [t=    5.00] [WARN ] [LinkStatsCollector] Auto-registering unknown link: Switch: Chicago->Switch: NewYork
[20:56:48.699] [t=    5.00] [WARN ] [LinkStatsCollector] Auto-registering unknown link: host_Jacksonville->Switch: Jacksonville
[20:56:48.699] [t=    5.00] [WARN ] [LinkStatsCollector] Auto-registering unknown link: Switch: Jacksonville->host_Jacksonville
[20:56:48.700] [t=    5.00] [WARN ] [LinkStatsCollector] Auto-registering unknown link: Switch: Denver->Switch: Seattle
[20:56:48.701] [t=    5.00] [WARN ] [LinkStatsCollector] Auto-registering unknown link: Switch: Seattle->Switch: Denver
[20:56:48.701] [t=    5.00] [WARN ] [LinkStatsCollector] Auto-registering unknown link: host_LosAngeles->Switch: LosAngeles
[20:56:48.703] [t=    5.00] [WARN ] [LinkStatsCollector] Auto-registering unknown link: Switch: LosAngeles->host_LosAngeles
[20:56:48.703] [t=    5.00] [WARN ] [LinkStatsCollector] Auto-registering unknown link: Switch: NewYork->Switch: Washington
[20:56:48.704] [t=    5.00] [WARN ] [LinkStatsCollector] Auto-registering unknown link: Switch: Washington->Switch: NewYork
[20:56:48.705] [t=    5.00] [WARN ] [LinkStatsCollector] Auto-registering unknown link: Switch: Jacksonville->Switch: Houston
[20:56:48.705] [t=    5.00] [WARN ] [LinkStatsCollector] Auto-registering unknown link: Switch: Houston->Switch: Jacksonville
[20:56:48.705] [t=    5.00] [WARN ] [LinkStatsCollector] Auto-registering unknown link: Switch: Indianapolis->Switch: KansasCity
[20:56:48.705] [t=    5.00] [WARN ] [LinkStatsCollector] Auto-registering unknown link: Switch: KansasCity->Switch: Indianapolis
[20:56:48.706] [t=    5.00] [WARN ] [LinkStatsCollector] Auto-registering unknown link: host_Sunnyvale->Switch: Sunnyvale
[20:56:48.706] [t=    5.00] [WARN ] [LinkStatsCollector] Auto-registering unknown link: Switch: Sunnyvale->host_Sunnyvale
[20:56:48.706] [t=    5.00] [WARN ] [LinkStatsCollector] Auto-registering unknown link: host_Seattle->Switch: Seattle
[20:56:48.706] [t=    5.00] [WARN ] [LinkStatsCollector] Auto-registering unknown link: Switch: Seattle->host_Seattle
[20:56:48.708] [t=    5.00] [WARN ] [LinkStatsCollector] Auto-registering unknown link: host_Houston->Switch: Houston
[20:56:48.709] [t=    5.00] [WARN ] [LinkStatsCollector] Auto-registering unknown link: Switch: Houston->host_Houston
[20:56:48.711] [t=    5.00] [WARN ] [LinkStatsCollector] Auto-registering unknown link: Switch: Houston->Switch: KansasCity
[20:56:48.711] [t=    5.00] [WARN ] [LinkStatsCollector] Auto-registering unknown link: Switch: KansasCity->Switch: Houston
[20:56:48.712] [t=    5.00] [WARN ] [LinkStatsCollector] Auto-registering unknown link: Switch: Houston->Switch: LosAngeles
[20:56:48.712] [t=    5.00] [WARN ] [LinkStatsCollector] Auto-registering unknown link: Switch: LosAngeles->Switch: Houston
[20:56:48.712] [t=    5.00] [WARN ] [LinkStatsCollector] Auto-registering unknown link: Switch: Atlanta->Switch: Indianapolis
[20:56:48.715] [t=    5.00] [WARN ] [LinkStatsCollector] Auto-registering unknown link: Switch: Indianapolis->Switch: Atlanta
[20:56:48.716] [t=    5.00] [WARN ] [LinkStatsCollector] Auto-registering unknown link: Switch: Denver->Switch: Sunnyvale
[20:56:48.716] [t=    5.00] [WARN ] [LinkStatsCollector] Auto-registering unknown link: Switch: Sunnyvale->Switch: Denver
[20:56:48.717] [t=    5.00] [WARN ] [LinkStatsCollector] Auto-registering unknown link: Switch: Indianapolis->Switch: Chicago
[20:56:48.717] [t=    5.00] [WARN ] [LinkStatsCollector] Auto-registering unknown link: Switch: Chicago->Switch: Indianapolis
[20:56:48.717] [t=    5.00] [WARN ] [LinkStatsCollector] Auto-registering unknown link: Switch: Atlanta->Switch: Houston
[20:56:48.717] [t=    5.00] [WARN ] [LinkStatsCollector] Auto-registering unknown link: Switch: Houston->Switch: Atlanta
[20:56:48.719] [t=    5.00] [WARN ] [LinkStatsCollector] Auto-registering unknown link: Switch: Washington->Switch: Atlanta
[20:56:48.719] [t=    5.00] [WARN ] [LinkStatsCollector] Auto-registering unknown link: Switch: Atlanta->Switch: Washington
[20:56:48.719] [t=    5.00] [WARN ] [LinkStatsCollector] Auto-registering unknown link: Switch: Chicago->Switch: KansasCity
[20:56:48.719] [t=    5.00] [WARN ] [LinkStatsCollector] Auto-registering unknown link: Switch: KansasCity->Switch: Chicago
[20:56:48.835] [t=    0.00] [INFO ] [TrainingRunner ] Simulation complete: 30.00 sim seconds, 1371 ms wall clock
[20:56:48.835] [t=    0.00] [INFO ] [TrainingRunner ] Exporting results...
[20:56:48.840] [t=    0.00] [INFO ] [LatencyCollector] Exported episode summary to outputs/verify_original/episode_summary.json
[20:56:48.851] [t=    0.00] [INFO ] [LatencyCollector] Exported flow summary to outputs/verify_original/flow_summary.csv
[20:56:48.859] [t=    0.00] [INFO ] [LinkStatsCollector] Exported 60 link stats to outputs/verify_original/link_stats.csv
[20:56:48.861] [t=    0.00] [INFO ] [SECTION        ] ======================================================================
[20:56:48.865] [t=    0.00] [INFO ] [SECTION        ]   LATENCY STATISTICS SUMMARY
[20:56:48.865] [t=    0.00] [INFO ] [SECTION        ] ======================================================================
[20:56:48.866] [t=    0.00] [INFO ] [LatencyCollector] === Global Statistics ===
[20:56:48.867] [t=    0.00] [INFO ] [LatencyCollector]   Total packets: 51
[20:56:48.867] [t=    0.00] [INFO ] [LatencyCollector]   Failed packets: 0
[20:56:48.867] [t=    0.00] [INFO ] [LatencyCollector]   Avg queuing delay: 0.014017 s
[20:56:48.867] [t=    0.00] [INFO ] [LatencyCollector]   Max queuing delay: 0.100000 s
[20:56:48.867] [t=    0.00] [INFO ] [LatencyCollector] === Critical vs Background ===
[20:56:48.869] [t=    0.00] [INFO ] [LatencyCollector]   Critical flows: 6 packets, avg queuing = 0.008090 s
[20:56:48.870] [t=    0.00] [INFO ] [LatencyCollector]   Background flows: 45 packets, avg queuing = 0.014808 s
[20:56:48.870] [t=    0.00] [INFO ] [LinkStatsCollector] ========== Link Statistics Summary ==========
[20:56:48.871] [t=    0.00] [INFO ] [LinkStatsCollector] Total links tracked: 60
[20:56:48.872] [t=    0.00] [INFO ] [LinkStatsCollector] Episode duration: 25.00s
[20:56:48.872] [t=    0.00] [INFO ] [LinkStatsCollector] Bottleneck link: Switch: Denver->Switch: KansasCity (max_util=22.08%)
[20:56:48.872] [t=    0.00] [INFO ] [LinkStatsCollector] Links that exceeded 90.0% utilization: 0
[20:56:48.872] [t=    0.00] [INFO ] [LinkStatsCollector] Total congestion events: 0
[20:56:48.872] [t=    0.00] [INFO ] [LinkStatsCollector] Top 5 most utilized links:
[20:56:48.881] [t=    0.00] [INFO ] [LinkStatsCollector]   Switch: Denver->Switch: KansasCity: avg=5.63%, max=22.08%, events=0
[20:56:48.882] [t=    0.00] [INFO ] [LinkStatsCollector]   Switch: Atlanta->host_Atlanta: avg=3.25%, max=14.66%, events=0
[20:56:48.882] [t=    0.00] [INFO ] [LinkStatsCollector]   Switch: KansasCity->Switch: Indianapolis: avg=4.13%, max=14.47%, events=0
[20:56:48.882] [t=    0.00] [INFO ] [LinkStatsCollector]   host_Seattle->Switch: Seattle: avg=3.00%, max=13.16%, events=0
[20:56:48.882] [t=    0.00] [INFO ] [LinkStatsCollector]   Switch: Houston->Switch: Atlanta: avg=3.16%, max=13.11%, events=0
[20:56:48.882] [t=    0.00] [INFO ] [TrainingRunner ] === EPISODE COMPLETE ===
[20:56:48.882] [t=    0.00] [INFO ] [TrainingRunner ] Output files:
[20:56:48.882] [t=    0.00] [INFO ] [TrainingRunner ]   outputs/verify_original/episode_summary.json
[20:56:48.882] [t=    0.00] [INFO ] [TrainingRunner ]   outputs/verify_original/flow_summary.csv
[20:56:48.882] [t=    0.00] [INFO ] [TrainingRunner ]   outputs/verify_original/link_stats.csv
[20:56:48.882] [t=    0.00] [INFO ] [TrainingRunner ]   outputs/verify_original/latency_results.csv

================================================================================
LOG ENDED: 2025-12-04 20:56:48
================================================================================
