================================================================================
CFR-RL DEBUG LOG
Started: 2025-12-07 00:13:31
Log file: C:\Users\saifk\CS370\Code\round2\cloudsimsdn\training_run1\episodes\ep_0005\episode.log
================================================================================

Format: [WallClock] [SimTime] [Level] [Component] Message

[00:13:31.670] [t=    0.00] [INFO ] [TrainingRunner ] === EPISODE START (Fat-Tree k=4) ===
[00:13:31.686] [t=    0.00] [INFO ] [TrainingRunner ] Workload: training_run1\episodes\ep_0005\workload.csv
[00:13:31.686] [t=    0.00] [INFO ] [TrainingRunner ] Critical flows: training_run1\episodes\ep_0005\critical_flows.txt
[00:13:31.686] [t=    0.00] [INFO ] [TrainingRunner ] Output dir: training_run1\episodes\ep_0005/
[00:13:31.688] [t=    0.00] [INFO ] [TrainingRunner ] Loaded 12 critical flows: [161, 99, 83, 213, 54, 104, 58, 106, 60, 45, 61, 174]
[00:13:31.690] [t=    0.00] [INFO ] [LatencyCollector] Initialized
[00:13:31.691] [t=    0.00] [INFO ] [LatencyCollector] Reset for new simulation
[00:13:31.692] [t=    0.00] [INFO ] [LinkStatsCollector] Reset for new episode
[00:13:31.693] [t=    0.00] [INFO ] [LatencyCollector] CSV export initialized: training_run1\episodes\ep_0005/latency_results.csv
[00:13:31.693] [t=    0.00] [INFO ] [LatencyCollector] Critical flows updated: 12 flows
[00:13:31.721] [t=    0.00] [INFO ] [TrainingRunner ] Loading Fat-Tree topology: dataset-fattree/fattree-physical.json
[00:13:31.782] [t=    0.00] [INFO ] [TrainingRunner ] Physical topology loaded: 16 hosts
[00:13:31.784] [t=    0.00] [INFO ] [LinkPolicy     ] Created with K=12
[00:13:31.784] [t=    0.00] [INFO ] [LinkPolicy     ] Verbose logging: false
[00:13:31.785] [t=    0.00] [INFO ] [LinkPolicy     ] Updated critical flows: 12 total (added: [161, 99, 104, 106, 45, 174, 83, 213, 54, 58, 60, 61], removed: [])
[00:13:31.785] [t=    0.00] [INFO ] [TrainingRunner ] Critical flows set on policy
[00:13:31.793] [t=    0.00] [INFO ] [TrainingRunner ] Virtual topology deployed
[00:13:31.793] [t=    0.00] [INFO ] [TrainingRunner ] Submitting workload: training_run1\episodes\ep_0005\workload.csv
[00:13:31.793] [t=    0.00] [INFO ] [TrainingRunner ] Starting simulation...
[00:13:31.937] [t=    5.00] [WARN ] [LinkStatsCollector] Auto-registering unknown link: Switch: e_3_0->Switch: a_3_0
[00:13:31.939] [t=    5.00] [WARN ] [LinkStatsCollector] Auto-registering unknown link: Switch: a_3_0->Switch: e_3_0
[00:13:31.939] [t=    5.00] [WARN ] [LinkStatsCollector] Auto-registering unknown link: Switch: e_3_1->Switch: a_3_0
[00:13:31.939] [t=    5.00] [WARN ] [LinkStatsCollector] Auto-registering unknown link: Switch: a_3_0->Switch: e_3_1
[00:13:31.941] [t=    5.00] [WARN ] [LinkStatsCollector] Auto-registering unknown link: h_0_0_0->Switch: e_0_0
[00:13:31.941] [t=    5.00] [WARN ] [LinkStatsCollector] Auto-registering unknown link: Switch: e_0_0->h_0_0_0
[00:13:31.941] [t=    5.00] [WARN ] [LinkStatsCollector] Auto-registering unknown link: h_2_0_0->Switch: e_2_0
[00:13:31.941] [t=    5.00] [WARN ] [LinkStatsCollector] Auto-registering unknown link: Switch: e_2_0->h_2_0_0
[00:13:31.941] [t=    5.00] [WARN ] [LinkStatsCollector] Auto-registering unknown link: h_0_1_0->Switch: e_0_1
[00:13:31.941] [t=    5.00] [WARN ] [LinkStatsCollector] Auto-registering unknown link: Switch: e_0_1->h_0_1_0
[00:13:31.941] [t=    5.00] [WARN ] [LinkStatsCollector] Auto-registering unknown link: Switch: e_1_1->Switch: a_1_0
[00:13:31.941] [t=    5.00] [WARN ] [LinkStatsCollector] Auto-registering unknown link: Switch: a_1_0->Switch: e_1_1
[00:13:31.941] [t=    5.00] [WARN ] [LinkStatsCollector] Auto-registering unknown link: h_1_0_0->Switch: e_1_0
[00:13:31.941] [t=    5.00] [WARN ] [LinkStatsCollector] Auto-registering unknown link: Switch: e_1_0->h_1_0_0
[00:13:31.941] [t=    5.00] [WARN ] [LinkStatsCollector] Auto-registering unknown link: Switch: e_3_1->Switch: a_3_1
[00:13:31.943] [t=    5.00] [WARN ] [LinkStatsCollector] Auto-registering unknown link: Switch: a_3_1->Switch: e_3_1
[00:13:31.943] [t=    5.00] [WARN ] [LinkStatsCollector] Auto-registering unknown link: Switch: e_2_0->Switch: a_2_1
[00:13:31.943] [t=    5.00] [WARN ] [LinkStatsCollector] Auto-registering unknown link: Switch: a_2_1->Switch: e_2_0
[00:13:31.943] [t=    5.00] [WARN ] [LinkStatsCollector] Auto-registering unknown link: Switch: e_1_1->Switch: a_1_1
[00:13:31.943] [t=    5.00] [WARN ] [LinkStatsCollector] Auto-registering unknown link: Switch: a_1_1->Switch: e_1_1
[00:13:31.943] [t=    5.00] [WARN ] [LinkStatsCollector] Auto-registering unknown link: Switch: e_3_0->Switch: a_3_1
[00:13:31.943] [t=    5.00] [WARN ] [LinkStatsCollector] Auto-registering unknown link: Switch: a_3_1->Switch: e_3_0
[00:13:31.943] [t=    5.00] [WARN ] [LinkStatsCollector] Auto-registering unknown link: Switch: e_0_0->Switch: a_0_1
[00:13:31.943] [t=    5.00] [WARN ] [LinkStatsCollector] Auto-registering unknown link: Switch: a_0_1->Switch: e_0_0
[00:13:31.943] [t=    5.00] [WARN ] [LinkStatsCollector] Auto-registering unknown link: Switch: e_1_0->Switch: a_1_1
[00:13:31.943] [t=    5.00] [WARN ] [LinkStatsCollector] Auto-registering unknown link: Switch: a_1_1->Switch: e_1_0
[00:13:31.943] [t=    5.00] [WARN ] [LinkStatsCollector] Auto-registering unknown link: Switch: a_0_0->Switch: c_0_1
[00:13:31.943] [t=    5.00] [WARN ] [LinkStatsCollector] Auto-registering unknown link: Switch: c_0_1->Switch: a_0_0
[00:13:31.943] [t=    5.00] [WARN ] [LinkStatsCollector] Auto-registering unknown link: Switch: e_2_1->Switch: a_2_1
[00:13:31.943] [t=    5.00] [WARN ] [LinkStatsCollector] Auto-registering unknown link: Switch: a_2_1->Switch: e_2_1
[00:13:31.943] [t=    5.00] [WARN ] [LinkStatsCollector] Auto-registering unknown link: h_0_0_1->Switch: e_0_0
[00:13:31.943] [t=    5.00] [WARN ] [LinkStatsCollector] Auto-registering unknown link: Switch: e_0_0->h_0_0_1
[00:13:31.945] [t=    5.00] [WARN ] [LinkStatsCollector] Auto-registering unknown link: h_3_1_0->Switch: e_3_1
[00:13:31.945] [t=    5.00] [WARN ] [LinkStatsCollector] Auto-registering unknown link: Switch: e_3_1->h_3_1_0
[00:13:31.945] [t=    5.00] [WARN ] [LinkStatsCollector] Auto-registering unknown link: Switch: a_0_0->Switch: c_0_0
[00:13:31.945] [t=    5.00] [WARN ] [LinkStatsCollector] Auto-registering unknown link: Switch: c_0_0->Switch: a_0_0
[00:13:31.945] [t=    5.00] [WARN ] [LinkStatsCollector] Auto-registering unknown link: h_3_1_1->Switch: e_3_1
[00:13:31.945] [t=    5.00] [WARN ] [LinkStatsCollector] Auto-registering unknown link: Switch: e_3_1->h_3_1_1
[00:13:31.945] [t=    5.00] [WARN ] [LinkStatsCollector] Auto-registering unknown link: h_1_1_1->Switch: e_1_1
[00:13:31.945] [t=    5.00] [WARN ] [LinkStatsCollector] Auto-registering unknown link: Switch: e_1_1->h_1_1_1
[00:13:31.945] [t=    5.00] [WARN ] [LinkStatsCollector] Auto-registering unknown link: h_2_1_0->Switch: e_2_1
[00:13:31.945] [t=    5.00] [WARN ] [LinkStatsCollector] Auto-registering unknown link: Switch: e_2_1->h_2_1_0
[00:13:31.945] [t=    5.00] [WARN ] [LinkStatsCollector] Auto-registering unknown link: Switch: e_2_0->Switch: a_2_0
[00:13:31.945] [t=    5.00] [WARN ] [LinkStatsCollector] Auto-registering unknown link: Switch: a_2_0->Switch: e_2_0
[00:13:31.945] [t=    5.00] [WARN ] [LinkStatsCollector] Auto-registering unknown link: h_0_1_1->Switch: e_0_1
[00:13:31.945] [t=    5.00] [WARN ] [LinkStatsCollector] Auto-registering unknown link: Switch: e_0_1->h_0_1_1
[00:13:31.945] [t=    5.00] [WARN ] [LinkStatsCollector] Auto-registering unknown link: Switch: a_1_1->Switch: c_1_1
[00:13:31.945] [t=    5.00] [WARN ] [LinkStatsCollector] Auto-registering unknown link: Switch: c_1_1->Switch: a_1_1
[00:13:31.945] [t=    5.00] [WARN ] [LinkStatsCollector] Auto-registering unknown link: h_2_0_1->Switch: e_2_0
[00:13:31.945] [t=    5.00] [WARN ] [LinkStatsCollector] Auto-registering unknown link: Switch: e_2_0->h_2_0_1
[00:13:31.945] [t=    5.00] [WARN ] [LinkStatsCollector] Auto-registering unknown link: Switch: e_0_1->Switch: a_0_1
[00:13:31.947] [t=    5.00] [WARN ] [LinkStatsCollector] Auto-registering unknown link: Switch: a_0_1->Switch: e_0_1
[00:13:31.947] [t=    5.00] [WARN ] [LinkStatsCollector] Auto-registering unknown link: h_1_1_0->Switch: e_1_1
[00:13:31.947] [t=    5.00] [WARN ] [LinkStatsCollector] Auto-registering unknown link: Switch: e_1_1->h_1_1_0
[00:13:31.947] [t=    5.00] [WARN ] [LinkStatsCollector] Auto-registering unknown link: Switch: a_2_0->Switch: c_0_1
[00:13:31.947] [t=    5.00] [WARN ] [LinkStatsCollector] Auto-registering unknown link: Switch: c_0_1->Switch: a_2_0
[00:13:31.947] [t=    5.00] [WARN ] [LinkStatsCollector] Auto-registering unknown link: Switch: a_3_0->Switch: c_0_1
[00:13:31.947] [t=    5.00] [WARN ] [LinkStatsCollector] Auto-registering unknown link: Switch: c_0_1->Switch: a_3_0
[00:13:31.947] [t=    5.00] [WARN ] [LinkStatsCollector] Auto-registering unknown link: Switch: e_0_1->Switch: a_0_0
[00:13:31.947] [t=    5.00] [WARN ] [LinkStatsCollector] Auto-registering unknown link: Switch: a_0_0->Switch: e_0_1
[00:13:31.947] [t=    5.00] [WARN ] [LinkStatsCollector] Auto-registering unknown link: Switch: a_2_1->Switch: c_1_0
[00:13:31.947] [t=    5.00] [WARN ] [LinkStatsCollector] Auto-registering unknown link: Switch: c_1_0->Switch: a_2_1
[00:13:31.947] [t=    5.00] [WARN ] [LinkStatsCollector] Auto-registering unknown link: Switch: a_0_1->Switch: c_1_0
[00:13:31.947] [t=    5.00] [WARN ] [LinkStatsCollector] Auto-registering unknown link: Switch: c_1_0->Switch: a_0_1
[00:13:31.947] [t=    5.00] [WARN ] [LinkStatsCollector] Auto-registering unknown link: Switch: a_3_0->Switch: c_0_0
[00:13:31.947] [t=    5.00] [WARN ] [LinkStatsCollector] Auto-registering unknown link: Switch: c_0_0->Switch: a_3_0
[00:13:31.947] [t=    5.00] [WARN ] [LinkStatsCollector] Auto-registering unknown link: Switch: a_1_0->Switch: c_0_1
[00:13:31.947] [t=    5.00] [WARN ] [LinkStatsCollector] Auto-registering unknown link: Switch: c_0_1->Switch: a_1_0
[00:13:31.947] [t=    5.00] [WARN ] [LinkStatsCollector] Auto-registering unknown link: Switch: a_1_0->Switch: c_0_0
[00:13:31.947] [t=    5.00] [WARN ] [LinkStatsCollector] Auto-registering unknown link: Switch: c_0_0->Switch: a_1_0
[00:13:31.947] [t=    5.00] [WARN ] [LinkStatsCollector] Auto-registering unknown link: Switch: e_0_0->Switch: a_0_0
[00:13:31.947] [t=    5.00] [WARN ] [LinkStatsCollector] Auto-registering unknown link: Switch: a_0_0->Switch: e_0_0
[00:13:31.949] [t=    5.00] [WARN ] [LinkStatsCollector] Auto-registering unknown link: Switch: a_2_1->Switch: c_1_1
[00:13:31.949] [t=    5.00] [WARN ] [LinkStatsCollector] Auto-registering unknown link: Switch: c_1_1->Switch: a_2_1
[00:13:31.949] [t=    5.00] [WARN ] [LinkStatsCollector] Auto-registering unknown link: h_2_1_1->Switch: e_2_1
[00:13:31.949] [t=    5.00] [WARN ] [LinkStatsCollector] Auto-registering unknown link: Switch: e_2_1->h_2_1_1
[00:13:31.949] [t=    5.00] [WARN ] [LinkStatsCollector] Auto-registering unknown link: h_3_0_0->Switch: e_3_0
[00:13:31.949] [t=    5.00] [WARN ] [LinkStatsCollector] Auto-registering unknown link: Switch: e_3_0->h_3_0_0
[00:13:31.949] [t=    5.00] [WARN ] [LinkStatsCollector] Auto-registering unknown link: Switch: a_1_1->Switch: c_1_0
[00:13:31.949] [t=    5.00] [WARN ] [LinkStatsCollector] Auto-registering unknown link: Switch: c_1_0->Switch: a_1_1
[00:13:31.949] [t=    5.00] [WARN ] [LinkStatsCollector] Auto-registering unknown link: h_1_0_1->Switch: e_1_0
[00:13:31.949] [t=    5.00] [WARN ] [LinkStatsCollector] Auto-registering unknown link: Switch: e_1_0->h_1_0_1
[00:13:31.949] [t=    5.00] [WARN ] [LinkStatsCollector] Auto-registering unknown link: Switch: a_3_1->Switch: c_1_0
[00:13:31.949] [t=    5.00] [WARN ] [LinkStatsCollector] Auto-registering unknown link: Switch: c_1_0->Switch: a_3_1
[00:13:31.949] [t=    5.00] [WARN ] [LinkStatsCollector] Auto-registering unknown link: Switch: a_2_0->Switch: c_0_0
[00:13:31.949] [t=    5.00] [WARN ] [LinkStatsCollector] Auto-registering unknown link: Switch: c_0_0->Switch: a_2_0
[00:13:31.949] [t=    5.00] [WARN ] [LinkStatsCollector] Auto-registering unknown link: h_3_0_1->Switch: e_3_0
[00:13:31.949] [t=    5.00] [WARN ] [LinkStatsCollector] Auto-registering unknown link: Switch: e_3_0->h_3_0_1
[00:13:31.949] [t=    5.00] [WARN ] [LinkStatsCollector] Auto-registering unknown link: Switch: e_2_1->Switch: a_2_0
[00:13:31.949] [t=    5.00] [WARN ] [LinkStatsCollector] Auto-registering unknown link: Switch: a_2_0->Switch: e_2_1
[00:13:31.949] [t=    5.00] [WARN ] [LinkStatsCollector] Auto-registering unknown link: Switch: a_3_1->Switch: c_1_1
[00:13:31.949] [t=    5.00] [WARN ] [LinkStatsCollector] Auto-registering unknown link: Switch: c_1_1->Switch: a_3_1
[00:13:31.949] [t=    5.00] [WARN ] [LinkStatsCollector] Auto-registering unknown link: Switch: a_0_1->Switch: c_1_1
[00:13:31.949] [t=    5.00] [WARN ] [LinkStatsCollector] Auto-registering unknown link: Switch: c_1_1->Switch: a_0_1
[00:13:31.951] [t=    5.00] [WARN ] [LinkStatsCollector] Auto-registering unknown link: Switch: e_1_0->Switch: a_1_0
[00:13:31.951] [t=    5.00] [WARN ] [LinkStatsCollector] Auto-registering unknown link: Switch: a_1_0->Switch: e_1_0
[00:13:32.004] [t=    0.00] [INFO ] [TrainingRunner ] Simulation complete: 25.00 sim seconds, 334 ms wall clock
[00:13:32.004] [t=    0.00] [INFO ] [TrainingRunner ] Exporting results...
[00:13:32.007] [t=    0.00] [INFO ] [LatencyCollector] Exported episode summary to training_run1\episodes\ep_0005/episode_summary.json
[00:13:32.013] [t=    0.00] [INFO ] [LatencyCollector] Exported flow summary to training_run1\episodes\ep_0005/flow_summary.csv
[00:13:32.020] [t=    0.00] [INFO ] [LinkStatsCollector] Exported 96 link stats to training_run1\episodes\ep_0005/link_stats.csv
[00:13:32.020] [t=    0.00] [INFO ] [SECTION        ] ======================================================================
[00:13:32.021] [t=    0.00] [INFO ] [SECTION        ]   LATENCY STATISTICS SUMMARY
[00:13:32.021] [t=    0.00] [INFO ] [SECTION        ] ======================================================================
[00:13:32.021] [t=    0.00] [INFO ] [LatencyCollector] === Global Statistics ===
[00:13:32.021] [t=    0.00] [INFO ] [LatencyCollector]   Total packets: 60
[00:13:32.021] [t=    0.00] [INFO ] [LatencyCollector]   Failed packets: 0
[00:13:32.021] [t=    0.00] [INFO ] [LatencyCollector]   Avg queuing delay: 0.036328 s
[00:13:32.021] [t=    0.00] [INFO ] [LatencyCollector]   Max queuing delay: 0.097978 s
[00:13:32.021] [t=    0.00] [INFO ] [LatencyCollector] === Critical vs Background ===
[00:13:32.021] [t=    0.00] [INFO ] [LatencyCollector]   Critical flows: 3 packets, avg queuing = 0.052491 s
[00:13:32.021] [t=    0.00] [INFO ] [LatencyCollector]   Background flows: 57 packets, avg queuing = 0.035478 s
[00:13:32.021] [t=    0.00] [INFO ] [LinkStatsCollector] ========== Link Statistics Summary ==========
[00:13:32.022] [t=    0.00] [INFO ] [LinkStatsCollector] Total links tracked: 96
[00:13:32.022] [t=    0.00] [INFO ] [LinkStatsCollector] Episode duration: 20.00s
[00:13:32.022] [t=    0.00] [INFO ] [LinkStatsCollector] Bottleneck link: Switch: a_3_1->Switch: e_3_1 (max_util=0.02%)
[00:13:32.022] [t=    0.00] [INFO ] [LinkStatsCollector] Links that exceeded 90.0% utilization: 0
[00:13:32.022] [t=    0.00] [INFO ] [LinkStatsCollector] Total congestion events: 0
[00:13:32.022] [t=    0.00] [INFO ] [LinkStatsCollector] Top 5 most utilized links:
[00:13:32.025] [t=    0.00] [INFO ] [LinkStatsCollector]   Switch: a_3_1->Switch: e_3_1: avg=0.00%, max=0.02%, events=0
[00:13:32.025] [t=    0.00] [INFO ] [LinkStatsCollector]   Switch: c_0_0->Switch: a_2_0: avg=0.00%, max=0.01%, events=0
[00:13:32.025] [t=    0.00] [INFO ] [LinkStatsCollector]   h_2_0_0->Switch: e_2_0: avg=0.01%, max=0.01%, events=0
[00:13:32.025] [t=    0.00] [INFO ] [LinkStatsCollector]   Switch: e_2_0->Switch: a_2_1: avg=0.01%, max=0.01%, events=0
[00:13:32.025] [t=    0.00] [INFO ] [LinkStatsCollector]   h_1_1_1->Switch: e_1_1: avg=0.01%, max=0.01%, events=0
[00:13:32.025] [t=    0.00] [INFO ] [TrainingRunner ] === EPISODE COMPLETE ===
[00:13:32.025] [t=    0.00] [INFO ] [TrainingRunner ] Output files:
[00:13:32.026] [t=    0.00] [INFO ] [TrainingRunner ]   training_run1\episodes\ep_0005/episode_summary.json
[00:13:32.026] [t=    0.00] [INFO ] [TrainingRunner ]   training_run1\episodes\ep_0005/flow_summary.csv
[00:13:32.026] [t=    0.00] [INFO ] [TrainingRunner ]   training_run1\episodes\ep_0005/link_stats.csv
[00:13:32.026] [t=    0.00] [INFO ] [TrainingRunner ]   training_run1\episodes\ep_0005/latency_results.csv

================================================================================
LOG ENDED: 2025-12-07 00:13:32
================================================================================
