================================================================================
CFR-RL DEBUG LOG
Started: 2025-12-07 00:23:45
Log file: C:\Users\saifk\CS370\Code\round2\cloudsimsdn\training_run1_fattree_0022_1272025\episodes\ep_0030\episode.log
================================================================================

Format: [WallClock] [SimTime] [Level] [Component] Message

[00:23:45.961] [t=    0.00] [INFO ] [TrainingRunner ] === EPISODE START (Fat-Tree k=4) ===
[00:23:45.974] [t=    0.00] [INFO ] [TrainingRunner ] Workload: training_run1_fattree_0022_1272025\episodes\ep_0030\workload.csv
[00:23:45.974] [t=    0.00] [INFO ] [TrainingRunner ] Critical flows: training_run1_fattree_0022_1272025\episodes\ep_0030\critical_flows.txt
[00:23:45.975] [t=    0.00] [INFO ] [TrainingRunner ] Output dir: training_run1_fattree_0022_1272025\episodes\ep_0030/
[00:23:45.976] [t=    0.00] [INFO ] [TrainingRunner ] Loaded 12 critical flows: [49, 131, 132, 84, 198, 232, 154, 187, 141, 63, 159, 79]
[00:23:45.977] [t=    0.00] [INFO ] [LatencyCollector] Initialized
[00:23:45.979] [t=    0.00] [INFO ] [LatencyCollector] Reset for new simulation
[00:23:45.980] [t=    0.00] [INFO ] [LinkStatsCollector] Reset for new episode
[00:23:45.981] [t=    0.00] [INFO ] [LatencyCollector] CSV export initialized: training_run1_fattree_0022_1272025\episodes\ep_0030/latency_results.csv
[00:23:45.981] [t=    0.00] [INFO ] [LatencyCollector] Critical flows updated: 12 flows
[00:23:46.013] [t=    0.00] [INFO ] [TrainingRunner ] Loading Fat-Tree topology: dataset-fattree/fattree-physical.json
[00:23:46.065] [t=    0.00] [INFO ] [TrainingRunner ] Physical topology loaded: 16 hosts
[00:23:46.066] [t=    0.00] [INFO ] [LinkPolicy     ] Created with K=12
[00:23:46.066] [t=    0.00] [INFO ] [LinkPolicy     ] Verbose logging: false
[00:23:46.067] [t=    0.00] [INFO ] [LinkPolicy     ] Updated critical flows: 12 total (added: [131, 132, 198, 232, 141, 79, 49, 84, 154, 187, 63, 159], removed: [])
[00:23:46.067] [t=    0.00] [INFO ] [TrainingRunner ] Critical flows set on policy
[00:23:46.073] [t=    0.00] [INFO ] [TrainingRunner ] Virtual topology deployed
[00:23:46.073] [t=    0.00] [INFO ] [TrainingRunner ] Submitting workload: training_run1_fattree_0022_1272025\episodes\ep_0030\workload.csv
[00:23:46.073] [t=    0.00] [INFO ] [TrainingRunner ] Starting simulation...
[00:23:46.228] [t=    5.00] [WARN ] [LinkStatsCollector] Auto-registering unknown link: Switch: a_2_1->Switch: c_1_0
[00:23:46.229] [t=    5.00] [WARN ] [LinkStatsCollector] Auto-registering unknown link: Switch: c_1_0->Switch: a_2_1
[00:23:46.229] [t=    5.00] [WARN ] [LinkStatsCollector] Auto-registering unknown link: Switch: a_0_1->Switch: c_1_0
[00:23:46.229] [t=    5.00] [WARN ] [LinkStatsCollector] Auto-registering unknown link: Switch: c_1_0->Switch: a_0_1
[00:23:46.230] [t=    5.00] [WARN ] [LinkStatsCollector] Auto-registering unknown link: h_3_1_1->Switch: e_3_1
[00:23:46.230] [t=    5.00] [WARN ] [LinkStatsCollector] Auto-registering unknown link: Switch: e_3_1->h_3_1_1
[00:23:46.230] [t=    5.00] [WARN ] [LinkStatsCollector] Auto-registering unknown link: Switch: e_0_0->Switch: a_0_0
[00:23:46.230] [t=    5.00] [WARN ] [LinkStatsCollector] Auto-registering unknown link: Switch: a_0_0->Switch: e_0_0
[00:23:46.230] [t=    5.00] [WARN ] [LinkStatsCollector] Auto-registering unknown link: Switch: e_0_1->Switch: a_0_0
[00:23:46.230] [t=    5.00] [WARN ] [LinkStatsCollector] Auto-registering unknown link: Switch: a_0_0->Switch: e_0_1
[00:23:46.231] [t=    5.00] [WARN ] [LinkStatsCollector] Auto-registering unknown link: h_3_0_0->Switch: e_3_0
[00:23:46.231] [t=    5.00] [WARN ] [LinkStatsCollector] Auto-registering unknown link: Switch: e_3_0->h_3_0_0
[00:23:46.231] [t=    5.00] [WARN ] [LinkStatsCollector] Auto-registering unknown link: Switch: a_2_1->Switch: c_1_1
[00:23:46.231] [t=    5.00] [WARN ] [LinkStatsCollector] Auto-registering unknown link: Switch: c_1_1->Switch: a_2_1
[00:23:46.231] [t=    5.00] [WARN ] [LinkStatsCollector] Auto-registering unknown link: h_1_1_0->Switch: e_1_1
[00:23:46.231] [t=    5.00] [WARN ] [LinkStatsCollector] Auto-registering unknown link: Switch: e_1_1->h_1_1_0
[00:23:46.231] [t=    5.00] [WARN ] [LinkStatsCollector] Auto-registering unknown link: Switch: a_1_0->Switch: c_0_1
[00:23:46.232] [t=    5.00] [WARN ] [LinkStatsCollector] Auto-registering unknown link: Switch: c_0_1->Switch: a_1_0
[00:23:46.232] [t=    5.00] [WARN ] [LinkStatsCollector] Auto-registering unknown link: Switch: e_2_0->Switch: a_2_0
[00:23:46.232] [t=    5.00] [WARN ] [LinkStatsCollector] Auto-registering unknown link: Switch: a_2_0->Switch: e_2_0
[00:23:46.232] [t=    5.00] [WARN ] [LinkStatsCollector] Auto-registering unknown link: h_3_0_1->Switch: e_3_0
[00:23:46.232] [t=    5.00] [WARN ] [LinkStatsCollector] Auto-registering unknown link: Switch: e_3_0->h_3_0_1
[00:23:46.232] [t=    5.00] [WARN ] [LinkStatsCollector] Auto-registering unknown link: h_1_0_1->Switch: e_1_0
[00:23:46.232] [t=    5.00] [WARN ] [LinkStatsCollector] Auto-registering unknown link: Switch: e_1_0->h_1_0_1
[00:23:46.233] [t=    5.00] [WARN ] [LinkStatsCollector] Auto-registering unknown link: h_2_0_0->Switch: e_2_0
[00:23:46.233] [t=    5.00] [WARN ] [LinkStatsCollector] Auto-registering unknown link: Switch: e_2_0->h_2_0_0
[00:23:46.233] [t=    5.00] [WARN ] [LinkStatsCollector] Auto-registering unknown link: Switch: e_2_1->Switch: a_2_1
[00:23:46.233] [t=    5.00] [WARN ] [LinkStatsCollector] Auto-registering unknown link: Switch: a_2_1->Switch: e_2_1
[00:23:46.233] [t=    5.00] [WARN ] [LinkStatsCollector] Auto-registering unknown link: h_2_1_1->Switch: e_2_1
[00:23:46.233] [t=    5.00] [WARN ] [LinkStatsCollector] Auto-registering unknown link: Switch: e_2_1->h_2_1_1
[00:23:46.233] [t=    5.00] [WARN ] [LinkStatsCollector] Auto-registering unknown link: h_2_0_1->Switch: e_2_0
[00:23:46.234] [t=    5.00] [WARN ] [LinkStatsCollector] Auto-registering unknown link: Switch: e_2_0->h_2_0_1
[00:23:46.234] [t=    5.00] [WARN ] [LinkStatsCollector] Auto-registering unknown link: Switch: a_1_1->Switch: c_1_1
[00:23:46.234] [t=    5.00] [WARN ] [LinkStatsCollector] Auto-registering unknown link: Switch: c_1_1->Switch: a_1_1
[00:23:46.234] [t=    5.00] [WARN ] [LinkStatsCollector] Auto-registering unknown link: Switch: a_2_0->Switch: c_0_1
[00:23:46.234] [t=    5.00] [WARN ] [LinkStatsCollector] Auto-registering unknown link: Switch: c_0_1->Switch: a_2_0
[00:23:46.234] [t=    5.00] [WARN ] [LinkStatsCollector] Auto-registering unknown link: Switch: e_3_1->Switch: a_3_0
[00:23:46.234] [t=    5.00] [WARN ] [LinkStatsCollector] Auto-registering unknown link: Switch: a_3_0->Switch: e_3_1
[00:23:46.235] [t=    5.00] [WARN ] [LinkStatsCollector] Auto-registering unknown link: Switch: a_1_0->Switch: c_0_0
[00:23:46.235] [t=    5.00] [WARN ] [LinkStatsCollector] Auto-registering unknown link: Switch: c_0_0->Switch: a_1_0
[00:23:46.235] [t=    5.00] [WARN ] [LinkStatsCollector] Auto-registering unknown link: Switch: a_3_1->Switch: c_1_1
[00:23:46.235] [t=    5.00] [WARN ] [LinkStatsCollector] Auto-registering unknown link: Switch: c_1_1->Switch: a_3_1
[00:23:46.235] [t=    5.00] [WARN ] [LinkStatsCollector] Auto-registering unknown link: Switch: a_0_0->Switch: c_0_1
[00:23:46.235] [t=    5.00] [WARN ] [LinkStatsCollector] Auto-registering unknown link: Switch: c_0_1->Switch: a_0_0
[00:23:46.235] [t=    5.00] [WARN ] [LinkStatsCollector] Auto-registering unknown link: Switch: a_3_0->Switch: c_0_1
[00:23:46.239] [t=    5.00] [WARN ] [LinkStatsCollector] Auto-registering unknown link: Switch: c_0_1->Switch: a_3_0
[00:23:46.239] [t=    5.00] [WARN ] [LinkStatsCollector] Auto-registering unknown link: Switch: e_3_1->Switch: a_3_1
[00:23:46.239] [t=    5.00] [WARN ] [LinkStatsCollector] Auto-registering unknown link: Switch: a_3_1->Switch: e_3_1
[00:23:46.239] [t=    5.00] [WARN ] [LinkStatsCollector] Auto-registering unknown link: h_1_0_0->Switch: e_1_0
[00:23:46.239] [t=    5.00] [WARN ] [LinkStatsCollector] Auto-registering unknown link: Switch: e_1_0->h_1_0_0
[00:23:46.239] [t=    5.00] [WARN ] [LinkStatsCollector] Auto-registering unknown link: Switch: e_0_1->Switch: a_0_1
[00:23:46.240] [t=    5.00] [WARN ] [LinkStatsCollector] Auto-registering unknown link: Switch: a_0_1->Switch: e_0_1
[00:23:46.240] [t=    5.00] [WARN ] [LinkStatsCollector] Auto-registering unknown link: Switch: e_2_0->Switch: a_2_1
[00:23:46.240] [t=    5.00] [WARN ] [LinkStatsCollector] Auto-registering unknown link: Switch: a_2_1->Switch: e_2_0
[00:23:46.240] [t=    5.00] [WARN ] [LinkStatsCollector] Auto-registering unknown link: Switch: a_0_0->Switch: c_0_0
[00:23:46.240] [t=    5.00] [WARN ] [LinkStatsCollector] Auto-registering unknown link: Switch: c_0_0->Switch: a_0_0
[00:23:46.240] [t=    5.00] [WARN ] [LinkStatsCollector] Auto-registering unknown link: h_1_1_1->Switch: e_1_1
[00:23:46.241] [t=    5.00] [WARN ] [LinkStatsCollector] Auto-registering unknown link: Switch: e_1_1->h_1_1_1
[00:23:46.241] [t=    5.00] [WARN ] [LinkStatsCollector] Auto-registering unknown link: Switch: e_1_0->Switch: a_1_1
[00:23:46.241] [t=    5.00] [WARN ] [LinkStatsCollector] Auto-registering unknown link: Switch: a_1_1->Switch: e_1_0
[00:23:46.241] [t=    5.00] [WARN ] [LinkStatsCollector] Auto-registering unknown link: Switch: e_0_0->Switch: a_0_1
[00:23:46.241] [t=    5.00] [WARN ] [LinkStatsCollector] Auto-registering unknown link: Switch: a_0_1->Switch: e_0_0
[00:23:46.242] [t=    5.00] [WARN ] [LinkStatsCollector] Auto-registering unknown link: Switch: a_3_0->Switch: c_0_0
[00:23:46.242] [t=    5.00] [WARN ] [LinkStatsCollector] Auto-registering unknown link: Switch: c_0_0->Switch: a_3_0
[00:23:46.242] [t=    5.00] [WARN ] [LinkStatsCollector] Auto-registering unknown link: Switch: e_1_1->Switch: a_1_1
[00:23:46.242] [t=    5.00] [WARN ] [LinkStatsCollector] Auto-registering unknown link: Switch: a_1_1->Switch: e_1_1
[00:23:46.242] [t=    5.00] [WARN ] [LinkStatsCollector] Auto-registering unknown link: h_0_0_0->Switch: e_0_0
[00:23:46.243] [t=    5.00] [WARN ] [LinkStatsCollector] Auto-registering unknown link: Switch: e_0_0->h_0_0_0
[00:23:46.243] [t=    5.00] [WARN ] [LinkStatsCollector] Auto-registering unknown link: Switch: e_1_0->Switch: a_1_0
[00:23:46.243] [t=    5.00] [WARN ] [LinkStatsCollector] Auto-registering unknown link: Switch: a_1_0->Switch: e_1_0
[00:23:46.243] [t=    5.00] [WARN ] [LinkStatsCollector] Auto-registering unknown link: Switch: e_3_0->Switch: a_3_0
[00:23:46.243] [t=    5.00] [WARN ] [LinkStatsCollector] Auto-registering unknown link: Switch: a_3_0->Switch: e_3_0
[00:23:46.244] [t=    5.00] [WARN ] [LinkStatsCollector] Auto-registering unknown link: h_2_1_0->Switch: e_2_1
[00:23:46.244] [t=    5.00] [WARN ] [LinkStatsCollector] Auto-registering unknown link: Switch: e_2_1->h_2_1_0
[00:23:46.244] [t=    5.00] [WARN ] [LinkStatsCollector] Auto-registering unknown link: h_0_1_0->Switch: e_0_1
[00:23:46.244] [t=    5.00] [WARN ] [LinkStatsCollector] Auto-registering unknown link: Switch: e_0_1->h_0_1_0
[00:23:46.244] [t=    5.00] [WARN ] [LinkStatsCollector] Auto-registering unknown link: Switch: e_3_0->Switch: a_3_1
[00:23:46.245] [t=    5.00] [WARN ] [LinkStatsCollector] Auto-registering unknown link: Switch: a_3_1->Switch: e_3_0
[00:23:46.245] [t=    5.00] [WARN ] [LinkStatsCollector] Auto-registering unknown link: Switch: a_2_0->Switch: c_0_0
[00:23:46.245] [t=    5.00] [WARN ] [LinkStatsCollector] Auto-registering unknown link: Switch: c_0_0->Switch: a_2_0
[00:23:46.245] [t=    5.00] [WARN ] [LinkStatsCollector] Auto-registering unknown link: Switch: e_1_1->Switch: a_1_0
[00:23:46.245] [t=    5.00] [WARN ] [LinkStatsCollector] Auto-registering unknown link: Switch: a_1_0->Switch: e_1_1
[00:23:46.245] [t=    5.00] [WARN ] [LinkStatsCollector] Auto-registering unknown link: Switch: a_1_1->Switch: c_1_0
[00:23:46.245] [t=    5.00] [WARN ] [LinkStatsCollector] Auto-registering unknown link: Switch: c_1_0->Switch: a_1_1
[00:23:46.245] [t=    5.00] [WARN ] [LinkStatsCollector] Auto-registering unknown link: h_0_1_1->Switch: e_0_1
[00:23:46.246] [t=    5.00] [WARN ] [LinkStatsCollector] Auto-registering unknown link: Switch: e_0_1->h_0_1_1
[00:23:46.246] [t=    5.00] [WARN ] [LinkStatsCollector] Auto-registering unknown link: Switch: a_0_1->Switch: c_1_1
[00:23:46.246] [t=    5.00] [WARN ] [LinkStatsCollector] Auto-registering unknown link: Switch: c_1_1->Switch: a_0_1
[00:23:46.246] [t=    5.00] [WARN ] [LinkStatsCollector] Auto-registering unknown link: h_3_1_0->Switch: e_3_1
[00:23:46.246] [t=    5.00] [WARN ] [LinkStatsCollector] Auto-registering unknown link: Switch: e_3_1->h_3_1_0
[00:23:46.246] [t=    5.00] [WARN ] [LinkStatsCollector] Auto-registering unknown link: h_0_0_1->Switch: e_0_0
[00:23:46.246] [t=    5.00] [WARN ] [LinkStatsCollector] Auto-registering unknown link: Switch: e_0_0->h_0_0_1
[00:23:46.246] [t=    5.00] [WARN ] [LinkStatsCollector] Auto-registering unknown link: Switch: a_3_1->Switch: c_1_0
[00:23:46.247] [t=    5.00] [WARN ] [LinkStatsCollector] Auto-registering unknown link: Switch: c_1_0->Switch: a_3_1
[00:23:46.247] [t=    5.00] [WARN ] [LinkStatsCollector] Auto-registering unknown link: Switch: e_2_1->Switch: a_2_0
[00:23:46.247] [t=    5.00] [WARN ] [LinkStatsCollector] Auto-registering unknown link: Switch: a_2_0->Switch: e_2_1
[00:23:46.294] [t=    0.00] [INFO ] [TrainingRunner ] Simulation complete: 25.00 sim seconds, 333 ms wall clock
[00:23:46.294] [t=    0.00] [INFO ] [TrainingRunner ] Exporting results...
[00:23:46.299] [t=    0.00] [INFO ] [LatencyCollector] Exported episode summary to training_run1_fattree_0022_1272025\episodes\ep_0030/episode_summary.json
[00:23:46.305] [t=    0.00] [INFO ] [LatencyCollector] Exported flow summary to training_run1_fattree_0022_1272025\episodes\ep_0030/flow_summary.csv
[00:23:46.313] [t=    0.00] [INFO ] [LinkStatsCollector] Exported 96 link stats to training_run1_fattree_0022_1272025\episodes\ep_0030/link_stats.csv
[00:23:46.315] [t=    0.00] [INFO ] [SECTION        ] ======================================================================
[00:23:46.315] [t=    0.00] [INFO ] [SECTION        ]   LATENCY STATISTICS SUMMARY
[00:23:46.315] [t=    0.00] [INFO ] [SECTION        ] ======================================================================
[00:23:46.315] [t=    0.00] [INFO ] [LatencyCollector] === Global Statistics ===
[00:23:46.315] [t=    0.00] [INFO ] [LatencyCollector]   Total packets: 60
[00:23:46.315] [t=    0.00] [INFO ] [LatencyCollector]   Failed packets: 0
[00:23:46.315] [t=    0.00] [INFO ] [LatencyCollector]   Avg queuing delay: 0.035379 s
[00:23:46.315] [t=    0.00] [INFO ] [LatencyCollector]   Max queuing delay: 0.098805 s
[00:23:46.315] [t=    0.00] [INFO ] [LatencyCollector] === Critical vs Background ===
[00:23:46.315] [t=    0.00] [INFO ] [LatencyCollector]   Critical flows: 2 packets, avg queuing = 0.062899 s
[00:23:46.315] [t=    0.00] [INFO ] [LatencyCollector]   Background flows: 58 packets, avg queuing = 0.034430 s
[00:23:46.315] [t=    0.00] [INFO ] [LinkStatsCollector] ========== Link Statistics Summary ==========
[00:23:46.315] [t=    0.00] [INFO ] [LinkStatsCollector] Total links tracked: 96
[00:23:46.315] [t=    0.00] [INFO ] [LinkStatsCollector] Episode duration: 20.00s
[00:23:46.315] [t=    0.00] [INFO ] [LinkStatsCollector] Bottleneck link: h_0_0_0->Switch: e_0_0 (max_util=0.02%)
[00:23:46.317] [t=    0.00] [INFO ] [LinkStatsCollector] Links that exceeded 90.0% utilization: 0
[00:23:46.317] [t=    0.00] [INFO ] [LinkStatsCollector] Total congestion events: 0
[00:23:46.317] [t=    0.00] [INFO ] [LinkStatsCollector] Top 5 most utilized links:
[00:23:46.317] [t=    0.00] [INFO ] [LinkStatsCollector]   h_0_0_0->Switch: e_0_0: avg=0.01%, max=0.02%, events=0
[00:23:46.317] [t=    0.00] [INFO ] [LinkStatsCollector]   h_0_1_1->Switch: e_0_1: avg=0.00%, max=0.01%, events=0
[00:23:46.317] [t=    0.00] [INFO ] [LinkStatsCollector]   Switch: e_1_0->h_1_0_1: avg=0.00%, max=0.01%, events=0
[00:23:46.317] [t=    0.00] [INFO ] [LinkStatsCollector]   Switch: e_0_1->Switch: a_0_1: avg=0.00%, max=0.01%, events=0
[00:23:46.317] [t=    0.00] [INFO ] [LinkStatsCollector]   Switch: a_1_1->Switch: c_1_0: avg=0.00%, max=0.01%, events=0
[00:23:46.317] [t=    0.00] [INFO ] [TrainingRunner ] === EPISODE COMPLETE ===
[00:23:46.317] [t=    0.00] [INFO ] [TrainingRunner ] Output files:
[00:23:46.317] [t=    0.00] [INFO ] [TrainingRunner ]   training_run1_fattree_0022_1272025\episodes\ep_0030/episode_summary.json
[00:23:46.317] [t=    0.00] [INFO ] [TrainingRunner ]   training_run1_fattree_0022_1272025\episodes\ep_0030/flow_summary.csv
[00:23:46.317] [t=    0.00] [INFO ] [TrainingRunner ]   training_run1_fattree_0022_1272025\episodes\ep_0030/link_stats.csv
[00:23:46.317] [t=    0.00] [INFO ] [TrainingRunner ]   training_run1_fattree_0022_1272025\episodes\ep_0030/latency_results.csv

================================================================================
LOG ENDED: 2025-12-07 00:23:46
================================================================================
